This file contains any messages produced by compilers while
running configure, to aid debugging if configure makes a mistake.

It was created by package-unused configure version-unused, which was
generated by GNU Autoconf 2.64.  Invocation command line was

  $ /home/os161user/os161/toolbuild/gcc-4.8.3+os161-2.1/libbacktrace/configure --cache-file=./config.cache --nfp --disable-shared --disable-threads --disable-libmudflap --disable-libssp --disable-libstdcxx --disable-nls --prefix=/home/os161user/os161/tools --enable-languages=c,lto --program-transform-name=s&^&mips-harvard-os161-& --disable-option-checking --build=x86_64-unknown-linux-gnu --host=x86_64-unknown-linux-gnu --target=mips-harvard-os161 --srcdir=../../gcc-4.8.3+os161-2.1/libbacktrace

## --------- ##
## Platform. ##
## --------- ##

hostname = os161user-VirtualBox
uname -m = x86_64
uname -r = 5.8.0-45-generic
uname -s = Linux
uname -v = #51~20.04.1-Ubuntu SMP Tue Feb 23 13:46:31 UTC 2021

/usr/bin/uname -p = x86_64
/bin/uname -X     = unknown

/bin/arch              = x86_64
/usr/bin/arch -k       = unknown
/usr/convex/getsysinfo = unknown
/usr/bin/hostinfo      = unknown
/bin/machine           = unknown
/usr/bin/oslevel       = unknown
/bin/universe          = unknown

PATH: /home/os161user/os161/tools/bin
PATH: /usr/local/sbin
PATH: /usr/local/bin
PATH: /usr/sbin
PATH: /usr/bin
PATH: /sbin
PATH: /bin
PATH: /usr/games
PATH: /usr/local/games
PATH: /snap/bin


## ----------- ##
## Core tests. ##
## ----------- ##

configure:2370: creating cache ./config.cache
configure:2477: checking build system type
configure:2491: result: x86_64-unknown-linux-gnu
configure:2511: checking host system type
configure:2524: result: x86_64-unknown-linux-gnu
configure:2544: checking target system type
configure:2557: result: mips-harvard-os161
configure:2594: checking for x86_64-unknown-linux-gnu-gcc
configure:2621: result: gcc
configure:2890: checking for C compiler version
configure:2899: gcc --version >&5
gcc (Ubuntu 9.3.0-17ubuntu1~20.04) 9.3.0
Copyright (C) 2019 Free Software Foundation, Inc.
This is free software; see the source for copying conditions.  There is NO
warranty; not even for MERCHANTABILITY or FITNESS FOR A PARTICULAR PURPOSE.

configure:2910: $? = 0
configure:2899: gcc -v >&5
Using built-in specs.
COLLECT_GCC=gcc
COLLECT_LTO_WRAPPER=/usr/lib/gcc/x86_64-linux-gnu/9/lto-wrapper
OFFLOAD_TARGET_NAMES=nvptx-none:hsa
OFFLOAD_TARGET_DEFAULT=1
Target: x86_64-linux-gnu
Configured with: ../src/configure -v --with-pkgversion='Ubuntu 9.3.0-17ubuntu1~20.04' --with-bugurl=file:///usr/share/doc/gcc-9/README.Bugs --enable-languages=c,ada,c++,go,brig,d,fortran,objc,obj-c++,gm2 --prefix=/usr --with-gcc-major-version-only --program-suffix=-9 --program-prefix=x86_64-linux-gnu- --enable-shared --enable-linker-build-id --libexecdir=/usr/lib --without-included-gettext --enable-threads=posix --libdir=/usr/lib --enable-nls --enable-clocale=gnu --enable-libstdcxx-debug --enable-libstdcxx-time=yes --with-default-libstdcxx-abi=new --enable-gnu-unique-object --disable-vtable-verify --enable-plugin --enable-default-pie --with-system-zlib --with-target-system-zlib=auto --enable-objc-gc=auto --enable-multiarch --disable-werror --with-arch-32=i686 --with-abi=m64 --with-multilib-list=m32,m64,mx32 --enable-multilib --with-tune=generic --enable-offload-targets=nvptx-none=/build/gcc-9-HskZEa/gcc-9-9.3.0/debian/tmp-nvptx/usr,hsa --without-cuda-driver --enable-checking=release --build=x86_64-linux-gnu --host=x86_64-linux-gnu --target=x86_64-linux-gnu
Thread model: posix
gcc version 9.3.0 (Ubuntu 9.3.0-17ubuntu1~20.04) 
configure:2910: $? = 0
configure:2899: gcc -V >&5
gcc: error: unrecognized command line option '-V'
gcc: fatal error: no input files
compilation terminated.
configure:2910: $? = 1
configure:2899: gcc -qversion >&5
gcc: error: unrecognized command line option '-qversion'; did you mean '--version'?
gcc: fatal error: no input files
compilation terminated.
configure:2910: $? = 1
configure:2930: checking for C compiler default output file name
configure:2952: gcc -g -O2  -static-libstdc++ -static-libgcc  conftest.c  >&5
configure:2956: $? = 0
configure:2993: result: a.out
configure:3009: checking whether the C compiler works
configure:3018: ./a.out
configure:3022: $? = 0
configure:3037: result: yes
configure:3044: checking whether we are cross compiling
configure:3046: result: no
configure:3049: checking for suffix of executables
configure:3056: gcc -o conftest -g -O2  -static-libstdc++ -static-libgcc  conftest.c  >&5
configure:3060: $? = 0
configure:3082: result: 
configure:3088: checking for suffix of object files
configure:3110: gcc -c -g -O2  conftest.c >&5
configure:3114: $? = 0
configure:3135: result: o
configure:3139: checking whether we are using the GNU C compiler
configure:3158: gcc -c -g -O2  conftest.c >&5
configure:3158: $? = 0
configure:3167: result: yes
configure:3176: checking whether gcc accepts -g
configure:3196: gcc -c -g  conftest.c >&5
configure:3196: $? = 0
configure:3237: result: yes
configure:3254: checking for gcc option to accept ISO C89
configure:3318: gcc  -c -g -O2  conftest.c >&5
configure:3318: $? = 0
configure:3331: result: none needed
configure:3357: checking how to run the C preprocessor
configure:3388: gcc -E  conftest.c
configure:3388: $? = 0
configure:3402: gcc -E  conftest.c
conftest.c:9:10: fatal error: ac_nonexistent.h: No such file or directory
    9 | #include <ac_nonexistent.h>
      |          ^~~~~~~~~~~~~~~~~~
compilation terminated.
configure:3402: $? = 1
configure: failed program was:
| /* confdefs.h */
| #define PACKAGE_NAME "package-unused"
| #define PACKAGE_TARNAME "libbacktrace"
| #define PACKAGE_VERSION "version-unused"
| #define PACKAGE_STRING "package-unused version-unused"
| #define PACKAGE_BUGREPORT ""
| #define PACKAGE_URL ""
| /* end confdefs.h.  */
| #include <ac_nonexistent.h>
configure:3427: result: gcc -E
configure:3447: gcc -E  conftest.c
configure:3447: $? = 0
configure:3461: gcc -E  conftest.c
conftest.c:9:10: fatal error: ac_nonexistent.h: No such file or directory
    9 | #include <ac_nonexistent.h>
      |          ^~~~~~~~~~~~~~~~~~
compilation terminated.
configure:3461: $? = 1
configure: failed program was:
| /* confdefs.h */
| #define PACKAGE_NAME "package-unused"
| #define PACKAGE_TARNAME "libbacktrace"
| #define PACKAGE_VERSION "version-unused"
| #define PACKAGE_STRING "package-unused version-unused"
| #define PACKAGE_BUGREPORT ""
| #define PACKAGE_URL ""
| /* end confdefs.h.  */
| #include <ac_nonexistent.h>
configure:3490: checking for grep that handles long lines and -e
configure:3548: result: /usr/bin/grep
configure:3553: checking for egrep
configure:3615: result: /usr/bin/grep -E
configure:3620: checking for ANSI C header files
configure:3640: gcc -c -g -O2  conftest.c >&5
configure:3640: $? = 0
configure:3713: gcc -o conftest -g -O2  -static-libstdc++ -static-libgcc  conftest.c  >&5
configure:3713: $? = 0
configure:3713: ./conftest
configure:3713: $? = 0
configure:3724: result: yes
configure:3737: checking for sys/types.h
configure:3737: gcc -c -g -O2  conftest.c >&5
configure:3737: $? = 0
configure:3737: result: yes
configure:3737: checking for sys/stat.h
configure:3737: gcc -c -g -O2  conftest.c >&5
configure:3737: $? = 0
configure:3737: result: yes
configure:3737: checking for stdlib.h
configure:3737: gcc -c -g -O2  conftest.c >&5
configure:3737: $? = 0
configure:3737: result: yes
configure:3737: checking for string.h
configure:3737: gcc -c -g -O2  conftest.c >&5
configure:3737: $? = 0
configure:3737: result: yes
configure:3737: checking for memory.h
configure:3737: gcc -c -g -O2  conftest.c >&5
configure:3737: $? = 0
configure:3737: result: yes
configure:3737: checking for strings.h
configure:3737: gcc -c -g -O2  conftest.c >&5
configure:3737: $? = 0
configure:3737: result: yes
configure:3737: checking for inttypes.h
configure:3737: gcc -c -g -O2  conftest.c >&5
configure:3737: $? = 0
configure:3737: result: yes
configure:3737: checking for stdint.h
configure:3737: gcc -c -g -O2  conftest.c >&5
configure:3737: $? = 0
configure:3737: result: yes
configure:3737: checking for unistd.h
configure:3737: gcc -c -g -O2  conftest.c >&5
configure:3737: $? = 0
configure:3737: result: yes
configure:3751: checking minix/config.h usability
configure:3751: gcc -c -g -O2  conftest.c >&5
conftest.c:52:10: fatal error: minix/config.h: No such file or directory
   52 | #include <minix/config.h>
      |          ^~~~~~~~~~~~~~~~
compilation terminated.
configure:3751: $? = 1
configure: failed program was:
| /* confdefs.h */
| #define PACKAGE_NAME "package-unused"
| #define PACKAGE_TARNAME "libbacktrace"
| #define PACKAGE_VERSION "version-unused"
| #define PACKAGE_STRING "package-unused version-unused"
| #define PACKAGE_BUGREPORT ""
| #define PACKAGE_URL ""
| #define STDC_HEADERS 1
| #define HAVE_SYS_TYPES_H 1
| #define HAVE_SYS_STAT_H 1
| #define HAVE_STDLIB_H 1
| #define HAVE_STRING_H 1
| #define HAVE_MEMORY_H 1
| #define HAVE_STRINGS_H 1
| #define HAVE_INTTYPES_H 1
| #define HAVE_STDINT_H 1
| #define HAVE_UNISTD_H 1
| /* end confdefs.h.  */
| #include <stdio.h>
| #ifdef HAVE_SYS_TYPES_H
| # include <sys/types.h>
| #endif
| #ifdef HAVE_SYS_STAT_H
| # include <sys/stat.h>
| #endif
| #ifdef STDC_HEADERS
| # include <stdlib.h>
| # include <stddef.h>
| #else
| # ifdef HAVE_STDLIB_H
| #  include <stdlib.h>
| # endif
| #endif
| #ifdef HAVE_STRING_H
| # if !defined STDC_HEADERS && defined HAVE_MEMORY_H
| #  include <memory.h>
| # endif
| # include <string.h>
| #endif
| #ifdef HAVE_STRINGS_H
| # include <strings.h>
| #endif
| #ifdef HAVE_INTTYPES_H
| # include <inttypes.h>
| #endif
| #ifdef HAVE_STDINT_H
| # include <stdint.h>
| #endif
| #ifdef HAVE_UNISTD_H
| # include <unistd.h>
| #endif
| #include <minix/config.h>
configure:3751: result: no
configure:3751: checking minix/config.h presence
configure:3751: gcc -E  conftest.c
conftest.c:19:10: fatal error: minix/config.h: No such file or directory
   19 | #include <minix/config.h>
      |          ^~~~~~~~~~~~~~~~
compilation terminated.
configure:3751: $? = 1
configure: failed program was:
| /* confdefs.h */
| #define PACKAGE_NAME "package-unused"
| #define PACKAGE_TARNAME "libbacktrace"
| #define PACKAGE_VERSION "version-unused"
| #define PACKAGE_STRING "package-unused version-unused"
| #define PACKAGE_BUGREPORT ""
| #define PACKAGE_URL ""
| #define STDC_HEADERS 1
| #define HAVE_SYS_TYPES_H 1
| #define HAVE_SYS_STAT_H 1
| #define HAVE_STDLIB_H 1
| #define HAVE_STRING_H 1
| #define HAVE_MEMORY_H 1
| #define HAVE_STRINGS_H 1
| #define HAVE_INTTYPES_H 1
| #define HAVE_STDINT_H 1
| #define HAVE_UNISTD_H 1
| /* end confdefs.h.  */
| #include <minix/config.h>
configure:3751: result: no
configure:3751: checking for minix/config.h
configure:3751: result: no
configure:3772: checking whether it is safe to define __EXTENSIONS__
configure:3790: gcc -c -g -O2  conftest.c >&5
configure:3790: $? = 0
configure:3797: result: yes
configure:3840: checking for a BSD-compatible install
configure:3908: result: /usr/bin/install -c
configure:3919: checking whether build environment is sane
configure:3969: result: yes
configure:4110: checking for a thread-safe mkdir -p
configure:4149: result: /usr/bin/mkdir -p
configure:4162: checking for gawk
configure:4189: result: mawk
configure:4200: checking whether make sets $(MAKE)
configure:4222: result: yes
configure:4295: checking whether to enable maintainer-specific portions of Makefiles
configure:4304: result: no
configure:4338: checking for x86_64-unknown-linux-gnu-gcc
configure:4365: result: gcc
configure:4634: checking for C compiler version
configure:4643: gcc --version >&5
gcc (Ubuntu 9.3.0-17ubuntu1~20.04) 9.3.0
Copyright (C) 2019 Free Software Foundation, Inc.
This is free software; see the source for copying conditions.  There is NO
warranty; not even for MERCHANTABILITY or FITNESS FOR A PARTICULAR PURPOSE.

configure:4654: $? = 0
configure:4643: gcc -v >&5
Using built-in specs.
COLLECT_GCC=gcc
COLLECT_LTO_WRAPPER=/usr/lib/gcc/x86_64-linux-gnu/9/lto-wrapper
OFFLOAD_TARGET_NAMES=nvptx-none:hsa
OFFLOAD_TARGET_DEFAULT=1
Target: x86_64-linux-gnu
Configured with: ../src/configure -v --with-pkgversion='Ubuntu 9.3.0-17ubuntu1~20.04' --with-bugurl=file:///usr/share/doc/gcc-9/README.Bugs --enable-languages=c,ada,c++,go,brig,d,fortran,objc,obj-c++,gm2 --prefix=/usr --with-gcc-major-version-only --program-suffix=-9 --program-prefix=x86_64-linux-gnu- --enable-shared --enable-linker-build-id --libexecdir=/usr/lib --without-included-gettext --enable-threads=posix --libdir=/usr/lib --enable-nls --enable-clocale=gnu --enable-libstdcxx-debug --enable-libstdcxx-time=yes --with-default-libstdcxx-abi=new --enable-gnu-unique-object --disable-vtable-verify --enable-plugin --enable-default-pie --with-system-zlib --with-target-system-zlib=auto --enable-objc-gc=auto --enable-multiarch --disable-werror --with-arch-32=i686 --with-abi=m64 --with-multilib-list=m32,m64,mx32 --enable-multilib --with-tune=generic --enable-offload-targets=nvptx-none=/build/gcc-9-HskZEa/gcc-9-9.3.0/debian/tmp-nvptx/usr,hsa --without-cuda-driver --enable-checking=release --build=x86_64-linux-gnu --host=x86_64-linux-gnu --target=x86_64-linux-gnu
Thread model: posix
gcc version 9.3.0 (Ubuntu 9.3.0-17ubuntu1~20.04) 
configure:4654: $? = 0
configure:4643: gcc -V >&5
gcc: error: unrecognized command line option '-V'
gcc: fatal error: no input files
compilation terminated.
configure:4654: $? = 1
configure:4643: gcc -qversion >&5
gcc: error: unrecognized command line option '-qversion'; did you mean '--version'?
gcc: fatal error: no input files
compilation terminated.
configure:4654: $? = 1
configure:4658: checking whether we are using the GNU C compiler
configure:4686: result: yes
configure:4695: checking whether gcc accepts -g
configure:4756: result: yes
configure:4773: checking for gcc option to accept ISO C89
configure:4850: result: none needed
configure:4877: checking for x86_64-unknown-linux-gnu-ranlib
configure:4904: result: ranlib
configure:4971: checking for gawk
configure:4998: result: mawk
configure:5059: checking how to print strings
configure:5086: result: printf
configure:5107: checking for a sed that does not truncate output
configure:5171: result: /usr/bin/sed
configure:5189: checking for fgrep
configure:5251: result: /usr/bin/grep -F
configure:5286: checking for ld used by gcc
configure:5353: result: ld
configure:5360: checking if the linker (ld) is GNU ld
configure:5375: result: yes
configure:5387: checking for BSD- or MS-compatible name lister (nm)
configure:5436: result: nm
configure:5566: checking the name lister (nm) interface
configure:5573: gcc -c -g -O2  conftest.c >&5
configure:5576: nm "conftest.o"
configure:5579: output
0000000000000000 B some_variable
configure:5580: result: BSD nm
configure:5583: checking whether ln -s works
configure:5587: result: yes
configure:5595: checking the maximum length of command line arguments
configure:5720: result: 1572864
configure:5737: checking whether the shell understands some XSI constructs
configure:5746: result: yes
configure:5750: checking whether the shell understands "+="
configure:5754: result: yes
configure:5789: checking for ld option to reload object files
configure:5796: result: -r
configure:5825: checking for x86_64-unknown-linux-gnu-objdump
configure:5852: result: objdump
configure:5924: checking how to recognize dependent libraries
configure:6125: result: pass_all
configure:6145: checking for x86_64-unknown-linux-gnu-ar
configure:6172: result: ar
configure:6250: checking for x86_64-unknown-linux-gnu-strip
configure:6280: result: no
configure:6290: checking for strip
configure:6306: found /usr/bin/strip
configure:6317: result: strip
configure:6349: checking for x86_64-unknown-linux-gnu-ranlib
configure:6376: result: ranlib
configure:6518: checking command to parse nm output from gcc object
configure:6636: gcc -c -g -O2  conftest.c >&5
configure:6639: $? = 0
configure:6643: nm conftest.o \| sed -n -e 's/^.*[ ]\([ABCDGIRSTW][ABCDGIRSTW]*\)[ ][ ]*\([_A-Za-z][_A-Za-z0-9]*\)$/\1 \2 \2/p' \> conftest.nm
configure:6646: $? = 0
configure:6700: gcc -o conftest -g -O2  -static-libstdc++ -static-libgcc  conftest.c conftstm.o >&5
configure:6703: $? = 0
configure:6741: result: ok
configure:6836: gcc -c -g -O2  conftest.c >&5
configure:6839: $? = 0
configure:7589: checking for dlfcn.h
configure:7589: gcc -c -g -O2  conftest.c >&5
configure:7589: $? = 0
configure:7589: result: yes
configure:7775: checking for objdir
configure:7790: result: .libs
configure:8061: checking if gcc supports -fno-rtti -fno-exceptions
configure:8079: gcc -c -g -O2  -fno-rtti -fno-exceptions conftest.c >&5
cc1: warning: command line option '-fno-rtti' is valid for C++/D/ObjC++ but not for C
configure:8083: $? = 0
configure:8096: result: no
configure:8116: checking for gcc option to produce PIC
configure:8402: result: -fPIC -DPIC
configure:8414: checking if gcc PIC flag -fPIC -DPIC works
configure:8432: gcc -c -g -O2  -fPIC -DPIC -DPIC conftest.c >&5
configure:8436: $? = 0
configure:8449: result: yes
configure:8473: checking if gcc static flag -static works
configure:8501: result: yes
configure:8516: checking if gcc supports -c -o file.o
configure:8537: gcc -c -g -O2  -o out/conftest2.o conftest.c >&5
configure:8541: $? = 0
configure:8563: result: yes
configure:8571: checking if gcc supports -c -o file.o
configure:8618: result: yes
configure:8651: checking whether the gcc linker (ld -m elf_x86_64) supports shared libraries
configure:9722: result: yes
configure:9967: checking dynamic linker characteristics
configure:10418: gcc -o conftest -g -O2  -static-libstdc++ -static-libgcc  -Wl,-rpath -Wl,/foo conftest.c  >&5
configure:10418: $? = 0
configure:10640: result: GNU/Linux ld.so
configure:10747: checking how to hardcode library paths into programs
configure:10772: result: immediate
configure:11312: checking whether stripping libraries is possible
configure:11317: result: yes
configure:11352: checking if libtool supports shared libraries
configure:11354: result: yes
configure:11357: checking whether to build shared libraries
configure:11378: result: no
configure:11381: checking whether to build static libraries
configure:11385: result: yes
configure:8613: checking unwind.h usability
configure:8613: gcc -c -g -O2  conftest.c >&5
configure:8613: $? = 0
configure:8613: result: yes
configure:8613: checking unwind.h presence
configure:8613: gcc -E  conftest.c
configure:8613: $? = 0
configure:8613: result: yes
configure:8613: checking for unwind.h
configure:8613: result: yes
configure:8615: checking for _Unwind_Backtrace
configure:8615: gcc -o conftest -g -O2  -static-libstdc++ -static-libgcc  conftest.c  >&5
configure:8615: $? = 0
configure:8615: result: yes
configure:8636: checking for -funwind-tables option
configure:8654: gcc -c -g -O2 -funwind-tables  conftest.c >&5
configure:8654: $? = 0
configure:8662: result: yes
configure:8667: checking for -frandom-seed=string option
configure:8685: gcc -c -g -O2 -frandom-seed=conftest.lo  conftest.c >&5
configure:8685: $? = 0
configure:8693: result: yes
configure:8714: checking whether gcc supports -W
configure:8731: gcc -c -W  conftest.c >&5
configure:8731: $? = 0
configure:8740: result: yes
configure:8714: checking whether gcc supports -Wall
configure:8731: gcc -c -Wall  conftest.c >&5
configure:8731: $? = 0
configure:8740: result: yes
configure:8714: checking whether gcc supports -Wwrite-strings
configure:8731: gcc -c -Wwrite-strings  conftest.c >&5
configure:8731: $? = 0
configure:8740: result: yes
configure:8714: checking whether gcc supports -Wstrict-prototypes
configure:8731: gcc -c -Wstrict-prototypes  conftest.c >&5
conftest.c:28:1: warning: function declaration isn't a prototype [-Wstrict-prototypes]
   28 | main ()
      | ^~~~
configure:8731: $? = 0
configure:8740: result: yes
configure:8714: checking whether gcc supports -Wmissing-prototypes
configure:8731: gcc -c -Wmissing-prototypes  conftest.c >&5
configure:8731: $? = 0
configure:8740: result: yes
configure:8714: checking whether gcc supports -Wold-style-definition
configure:8731: gcc -c -Wold-style-definition  conftest.c >&5
conftest.c: In function 'main':
conftest.c:28:1: warning: old-style function definition [-Wold-style-definition]
   28 | main ()
      | ^~~~
configure:8731: $? = 0
configure:8740: result: yes
configure:8714: checking whether gcc supports -Wmissing-format-attribute
configure:8731: gcc -c -Wmissing-format-attribute  conftest.c >&5
configure:8731: $? = 0
configure:8740: result: yes
configure:8714: checking whether gcc supports -Wcast-qual
configure:8731: gcc -c -Wcast-qual  conftest.c >&5
configure:8731: $? = 0
configure:8740: result: yes
configure:8795: checking for _Unwind_GetIPInfo
configure:8810: gcc -o conftest -g -O2 -Werror-implicit-function-declaration  -static-libstdc++ -static-libgcc  conftest.c  >&5
configure:8810: $? = 0
configure:8818: result: yes
configure:8837: checking __sync extensions
configure:8858: gcc -o conftest -g -O2  -static-libstdc++ -static-libgcc  conftest.c  >&5
configure:8858: $? = 0
configure:8867: result: yes
configure:8881: checking output filetype
configure:8898: gcc -c -g -O2  conftest.c >&5
configure:8898: $? = 0
configure:8909: result: elf64
configure:8955: checking for uintmax_t
configure:8955: gcc -c -g -O2  conftest.c >&5
configure:8955: $? = 0
configure:8955: gcc -c -g -O2  conftest.c >&5
conftest.c: In function 'main':
conftest.c:35:24: error: expected expression before ')' token
   35 | if (sizeof ((uintmax_t)))
      |                        ^
configure:8955: $? = 1
configure: failed program was:
| /* confdefs.h */
| #define PACKAGE_NAME "package-unused"
| #define PACKAGE_TARNAME "libbacktrace"
| #define PACKAGE_VERSION "version-unused"
| #define PACKAGE_STRING "package-unused version-unused"
| #define PACKAGE_BUGREPORT ""
| #define PACKAGE_URL ""
| #define STDC_HEADERS 1
| #define HAVE_SYS_TYPES_H 1
| #define HAVE_SYS_STAT_H 1
| #define HAVE_STDLIB_H 1
| #define HAVE_STRING_H 1
| #define HAVE_MEMORY_H 1
| #define HAVE_STRINGS_H 1
| #define HAVE_INTTYPES_H 1
| #define HAVE_STDINT_H 1
| #define HAVE_UNISTD_H 1
| #define __EXTENSIONS__ 1
| #define _ALL_SOURCE 1
| #define _GNU_SOURCE 1
| #define _POSIX_PTHREAD_SEMANTICS 1
| #define _TANDEM_SOURCE 1
| #define HAVE_DLFCN_H 1
| #define LT_OBJDIR ".libs/"
| #define HAVE_GETIPINFO 1
| #define HAVE_SYNC_FUNCTIONS 1
| #define BACKTRACE_ELF_SIZE 64
| /* end confdefs.h.  */
| #include <sys/types.h>
| #include <stdint.h>
| 
| int
| main ()
| {
| if (sizeof ((uintmax_t)))
| 	    return 0;
|   ;
|   return 0;
| }
configure:8955: result: yes
configure:8964: checking for uintptr_t
configure:8964: gcc -c -g -O2  conftest.c >&5
configure:8964: $? = 0
configure:8964: gcc -c -g -O2  conftest.c >&5
conftest.c: In function 'main':
conftest.c:35:24: error: expected expression before ')' token
   35 | if (sizeof ((uintptr_t)))
      |                        ^
configure:8964: $? = 1
configure: failed program was:
| /* confdefs.h */
| #define PACKAGE_NAME "package-unused"
| #define PACKAGE_TARNAME "libbacktrace"
| #define PACKAGE_VERSION "version-unused"
| #define PACKAGE_STRING "package-unused version-unused"
| #define PACKAGE_BUGREPORT ""
| #define PACKAGE_URL ""
| #define STDC_HEADERS 1
| #define HAVE_SYS_TYPES_H 1
| #define HAVE_SYS_STAT_H 1
| #define HAVE_STDLIB_H 1
| #define HAVE_STRING_H 1
| #define HAVE_MEMORY_H 1
| #define HAVE_STRINGS_H 1
| #define HAVE_INTTYPES_H 1
| #define HAVE_STDINT_H 1
| #define HAVE_UNISTD_H 1
| #define __EXTENSIONS__ 1
| #define _ALL_SOURCE 1
| #define _GNU_SOURCE 1
| #define _POSIX_PTHREAD_SEMANTICS 1
| #define _TANDEM_SOURCE 1
| #define HAVE_DLFCN_H 1
| #define LT_OBJDIR ".libs/"
| #define HAVE_GETIPINFO 1
| #define HAVE_SYNC_FUNCTIONS 1
| #define BACKTRACE_ELF_SIZE 64
| /* end confdefs.h.  */
| #include <sys/types.h>
| #include <stdint.h>
| 
| int
| main ()
| {
| if (sizeof ((uintptr_t)))
| 	    return 0;
|   ;
|   return 0;
| }
configure:8964: result: yes
configure:8973: checking for int_least32_t
configure:8973: gcc -c -g -O2  conftest.c >&5
configure:8973: $? = 0
configure:8973: gcc -c -g -O2  conftest.c >&5
conftest.c: In function 'main':
conftest.c:35:28: error: expected expression before ')' token
   35 | if (sizeof ((int_least32_t)))
      |                            ^
configure:8973: $? = 1
configure: failed program was:
| /* confdefs.h */
| #define PACKAGE_NAME "package-unused"
| #define PACKAGE_TARNAME "libbacktrace"
| #define PACKAGE_VERSION "version-unused"
| #define PACKAGE_STRING "package-unused version-unused"
| #define PACKAGE_BUGREPORT ""
| #define PACKAGE_URL ""
| #define STDC_HEADERS 1
| #define HAVE_SYS_TYPES_H 1
| #define HAVE_SYS_STAT_H 1
| #define HAVE_STDLIB_H 1
| #define HAVE_STRING_H 1
| #define HAVE_MEMORY_H 1
| #define HAVE_STRINGS_H 1
| #define HAVE_INTTYPES_H 1
| #define HAVE_STDINT_H 1
| #define HAVE_UNISTD_H 1
| #define __EXTENSIONS__ 1
| #define _ALL_SOURCE 1
| #define _GNU_SOURCE 1
| #define _POSIX_PTHREAD_SEMANTICS 1
| #define _TANDEM_SOURCE 1
| #define HAVE_DLFCN_H 1
| #define LT_OBJDIR ".libs/"
| #define HAVE_GETIPINFO 1
| #define HAVE_SYNC_FUNCTIONS 1
| #define BACKTRACE_ELF_SIZE 64
| /* end confdefs.h.  */
| #include <sys/types.h>
| #include <stdint.h>
| 
| int
| main ()
| {
| if (sizeof ((int_least32_t)))
| 	    return 0;
|   ;
|   return 0;
| }
configure:8973: result: yes
configure:8982: checking for int_fast32_t
configure:8982: gcc -c -g -O2  conftest.c >&5
configure:8982: $? = 0
configure:8982: gcc -c -g -O2  conftest.c >&5
conftest.c: In function 'main':
conftest.c:35:27: error: expected expression before ')' token
   35 | if (sizeof ((int_fast32_t)))
      |                           ^
configure:8982: $? = 1
configure: failed program was:
| /* confdefs.h */
| #define PACKAGE_NAME "package-unused"
| #define PACKAGE_TARNAME "libbacktrace"
| #define PACKAGE_VERSION "version-unused"
| #define PACKAGE_STRING "package-unused version-unused"
| #define PACKAGE_BUGREPORT ""
| #define PACKAGE_URL ""
| #define STDC_HEADERS 1
| #define HAVE_SYS_TYPES_H 1
| #define HAVE_SYS_STAT_H 1
| #define HAVE_STDLIB_H 1
| #define HAVE_STRING_H 1
| #define HAVE_MEMORY_H 1
| #define HAVE_STRINGS_H 1
| #define HAVE_INTTYPES_H 1
| #define HAVE_STDINT_H 1
| #define HAVE_UNISTD_H 1
| #define __EXTENSIONS__ 1
| #define _ALL_SOURCE 1
| #define _GNU_SOURCE 1
| #define _POSIX_PTHREAD_SEMANTICS 1
| #define _TANDEM_SOURCE 1
| #define HAVE_DLFCN_H 1
| #define LT_OBJDIR ".libs/"
| #define HAVE_GETIPINFO 1
| #define HAVE_SYNC_FUNCTIONS 1
| #define BACKTRACE_ELF_SIZE 64
| /* end confdefs.h.  */
| #include <sys/types.h>
| #include <stdint.h>
| 
| int
| main ()
| {
| if (sizeof ((int_fast32_t)))
| 	    return 0;
|   ;
|   return 0;
| }
configure:8982: result: yes
configure:8991: checking for uint64_t
configure:8991: gcc -c -g -O2  conftest.c >&5
configure:8991: $? = 0
configure:8991: gcc -c -g -O2  conftest.c >&5
conftest.c: In function 'main':
conftest.c:35:23: error: expected expression before ')' token
   35 | if (sizeof ((uint64_t)))
      |                       ^
configure:8991: $? = 1
configure: failed program was:
| /* confdefs.h */
| #define PACKAGE_NAME "package-unused"
| #define PACKAGE_TARNAME "libbacktrace"
| #define PACKAGE_VERSION "version-unused"
| #define PACKAGE_STRING "package-unused version-unused"
| #define PACKAGE_BUGREPORT ""
| #define PACKAGE_URL ""
| #define STDC_HEADERS 1
| #define HAVE_SYS_TYPES_H 1
| #define HAVE_SYS_STAT_H 1
| #define HAVE_STDLIB_H 1
| #define HAVE_STRING_H 1
| #define HAVE_MEMORY_H 1
| #define HAVE_STRINGS_H 1
| #define HAVE_INTTYPES_H 1
| #define HAVE_STDINT_H 1
| #define HAVE_UNISTD_H 1
| #define __EXTENSIONS__ 1
| #define _ALL_SOURCE 1
| #define _GNU_SOURCE 1
| #define _POSIX_PTHREAD_SEMANTICS 1
| #define _TANDEM_SOURCE 1
| #define HAVE_DLFCN_H 1
| #define LT_OBJDIR ".libs/"
| #define HAVE_GETIPINFO 1
| #define HAVE_SYNC_FUNCTIONS 1
| #define BACKTRACE_ELF_SIZE 64
| /* end confdefs.h.  */
| #include <sys/types.h>
| #include <stdint.h>
| 
| int
| main ()
| {
| if (sizeof ((uint64_t)))
| 	    return 0;
|   ;
|   return 0;
| }
configure:8991: result: yes
configure:9072: checking what to include in gstdint.h
configure:9100: result: stdint.h (already complete)
configure:9351: checking sys/mman.h usability
configure:9351: gcc -c -g -O2  conftest.c >&5
configure:9351: $? = 0
configure:9351: result: yes
configure:9351: checking sys/mman.h presence
configure:9351: gcc -E  conftest.c
configure:9351: $? = 0
configure:9351: result: yes
configure:9351: checking for sys/mman.h
configure:9351: result: yes
configure:9369: checking for mmap
configure:9369: gcc -o conftest -g -O2  -static-libstdc++ -static-libgcc  conftest.c  >&5
configure:9369: $? = 0
configure:9369: result: yes
configure:9392: gcc -E  conftest.c
configure:9392: $? = 0
configure:9411: checking link.h usability
configure:9411: gcc -c -g -O2  conftest.c >&5
configure:9411: $? = 0
configure:9411: result: yes
configure:9411: checking link.h presence
configure:9411: gcc -E  conftest.c
configure:9411: $? = 0
configure:9411: result: yes
configure:9411: checking for link.h
configure:9411: result: yes
configure:9446: checking for dl_iterate_phdr
configure:9446: gcc -o conftest -g -O2  -static-libstdc++ -static-libgcc  conftest.c  >&5
configure:9446: $? = 0
configure:9446: result: yes
configure:9468: checking for fcntl
configure:9468: gcc -o conftest -g -O2  -static-libstdc++ -static-libgcc  conftest.c  >&5
configure:9468: $? = 0
configure:9468: result: yes
configure:9482: checking whether strnlen is declared
configure:9482: gcc -c -g -O2  conftest.c >&5
configure:9482: $? = 0
configure:9482: result: yes
configure:9501: checking for getexecname
configure:9501: gcc -o conftest -g -O2  -static-libstdc++ -static-libgcc  conftest.c  >&5
/usr/bin/ld: /tmp/ccTvpluO.o: in function `main':
/home/os161user/os161/toolbuild/buildgcc/libbacktrace/conftest.c:68: undefined reference to `getexecname'
collect2: error: ld returned 1 exit status
configure:9501: $? = 1
configure: failed program was:
| /* confdefs.h */
| #define PACKAGE_NAME "package-unused"
| #define PACKAGE_TARNAME "libbacktrace"
| #define PACKAGE_VERSION "version-unused"
| #define PACKAGE_STRING "package-unused version-unused"
| #define PACKAGE_BUGREPORT ""
| #define PACKAGE_URL ""
| #define STDC_HEADERS 1
| #define HAVE_SYS_TYPES_H 1
| #define HAVE_SYS_STAT_H 1
| #define HAVE_STDLIB_H 1
| #define HAVE_STRING_H 1
| #define HAVE_MEMORY_H 1
| #define HAVE_STRINGS_H 1
| #define HAVE_INTTYPES_H 1
| #define HAVE_STDINT_H 1
| #define HAVE_UNISTD_H 1
| #define __EXTENSIONS__ 1
| #define _ALL_SOURCE 1
| #define _GNU_SOURCE 1
| #define _POSIX_PTHREAD_SEMANTICS 1
| #define _TANDEM_SOURCE 1
| #define HAVE_DLFCN_H 1
| #define LT_OBJDIR ".libs/"
| #define HAVE_GETIPINFO 1
| #define HAVE_SYNC_FUNCTIONS 1
| #define BACKTRACE_ELF_SIZE 64
| #define HAVE_SYS_MMAN_H 1
| #define HAVE_LINK_H 1
| #define HAVE_DL_ITERATE_PHDR 1
| #define HAVE_FCNTL 1
| #define HAVE_DECL_STRNLEN 1
| /* end confdefs.h.  */
| /* Define getexecname to an innocuous variant, in case <limits.h> declares getexecname.
|    For example, HP-UX 11i <limits.h> declares gettimeofday.  */
| #define getexecname innocuous_getexecname
| 
| /* System header to define __stub macros and hopefully few prototypes,
|     which can conflict with char getexecname (); below.
|     Prefer <limits.h> to <assert.h> if __STDC__ is defined, since
|     <limits.h> exists even on freestanding compilers.  */
| 
| #ifdef __STDC__
| # include <limits.h>
| #else
| # include <assert.h>
| #endif
| 
| #undef getexecname
| 
| /* Override any GCC internal prototype to avoid an error.
|    Use char because int might match the return type of a GCC
|    builtin and then its argument prototype would still apply.  */
| #ifdef __cplusplus
| extern "C"
| #endif
| char getexecname ();
| /* The GNU C library defines this for functions which it implements
|     to always fail with ENOSYS.  Some functions are actually named
|     something starting with __ and the normal name is an alias.  */
| #if defined __stub_getexecname || defined __stub___getexecname
| choke me
| #endif
| 
| int
| main ()
| {
| return getexecname ();
|   ;
|   return 0;
| }
configure:9501: result: no
configure:9515: checking whether tests can run
configure:9534: gcc -o conftest -g -O2  -static-libstdc++ -static-libgcc  conftest.c  >&5
configure:9534: $? = 0
configure:9534: ./conftest
configure:9534: $? = 0
configure:9544: result: yes
configure:9625: updating cache ./config.cache
configure:9678: creating ./config.status

## ---------------------- ##
## Running config.status. ##
## ---------------------- ##

This file was extended by package-unused config.status version-unused, which was
generated by GNU Autoconf 2.64.  Invocation command line was

  CONFIG_FILES    = 
  CONFIG_HEADERS  = 
  CONFIG_LINKS    = 
  CONFIG_COMMANDS = 
  $ ./config.status 

on os161user-VirtualBox

config.status:1119: creating Makefile
config.status:1119: creating backtrace-supported.h
config.status:1119: creating config.h
config.status:1332: executing libtool commands
config.status:1332: executing gstdint.h commands
config.status:1332: executing default commands

## ---------------- ##
## Cache variables. ##
## ---------------- ##

ac_cv_build=x86_64-unknown-linux-gnu
ac_cv_c_compiler_gnu=yes
ac_cv_env_CC_set=set
ac_cv_env_CC_value=gcc
ac_cv_env_CFLAGS_set=set
ac_cv_env_CFLAGS_value='-g -O2'
ac_cv_env_CPPFLAGS_set=
ac_cv_env_CPPFLAGS_value=
ac_cv_env_CPP_set=
ac_cv_env_CPP_value=
ac_cv_env_LDFLAGS_set=set
ac_cv_env_LDFLAGS_value='-static-libstdc++ -static-libgcc '
ac_cv_env_LIBS_set=
ac_cv_env_LIBS_value=
ac_cv_env_build_alias_set=set
ac_cv_env_build_alias_value=x86_64-unknown-linux-gnu
ac_cv_env_host_alias_set=set
ac_cv_env_host_alias_value=x86_64-unknown-linux-gnu
ac_cv_env_target_alias_set=set
ac_cv_env_target_alias_value=mips-harvard-os161
ac_cv_func__Unwind_Backtrace=yes
ac_cv_func_dl_iterate_phdr=yes
ac_cv_func_fcntl=yes
ac_cv_func_getexecname=no
ac_cv_func_mmap=yes
ac_cv_have_decl_strnlen=yes
ac_cv_header_dlfcn_h=yes
ac_cv_header_inttypes_h=yes
ac_cv_header_link_h=yes
ac_cv_header_memory_h=yes
ac_cv_header_minix_config_h=no
ac_cv_header_stdc=yes
ac_cv_header_stdint_h=yes
ac_cv_header_stdlib_h=yes
ac_cv_header_string_h=yes
ac_cv_header_strings_h=yes
ac_cv_header_sys_mman_h=yes
ac_cv_header_sys_stat_h=yes
ac_cv_header_sys_types_h=yes
ac_cv_header_unistd_h=yes
ac_cv_header_unwind_h=yes
ac_cv_host=x86_64-unknown-linux-gnu
ac_cv_objext=o
ac_cv_path_EGREP='/usr/bin/grep -E'
ac_cv_path_FGREP='/usr/bin/grep -F'
ac_cv_path_GREP=/usr/bin/grep
ac_cv_path_SED=/usr/bin/sed
ac_cv_path_mkdir=/usr/bin/mkdir
ac_cv_prog_AR=ar
ac_cv_prog_AWK=mawk
ac_cv_prog_CC=gcc
ac_cv_prog_CPP='gcc -E'
ac_cv_prog_OBJDUMP=objdump
ac_cv_prog_RANLIB=ranlib
ac_cv_prog_ac_ct_STRIP=strip
ac_cv_prog_cc_c89=
ac_cv_prog_cc_g=yes
ac_cv_prog_make_make_set=yes
ac_cv_safe_to_define___extensions__=yes
ac_cv_target=mips-harvard-os161
ac_cv_type_int_fast32_t=yes
ac_cv_type_int_least32_t=yes
ac_cv_type_u_int64_t=no
ac_cv_type_uint64_t=yes
ac_cv_type_uintmax_t=yes
ac_cv_type_uintptr_t=yes
acx_cv_header_stdint=stdint.h
acx_cv_header_stdint_kind='(already complete)'
acx_cv_prog_cc_warning__W=yes
acx_cv_prog_cc_warning__Wall=yes
acx_cv_prog_cc_warning__Wcast_qual=yes
acx_cv_prog_cc_warning__Wmissing_format_attribute=yes
acx_cv_prog_cc_warning__Wmissing_prototypes=yes
acx_cv_prog_cc_warning__Wold_style_definition=yes
acx_cv_prog_cc_warning__Wstrict_prototypes=yes
acx_cv_prog_cc_warning__Wwrite_strings=yes
libbacktrace_cv_c_random_seed_string=yes
libbacktrace_cv_c_unwind_tables=yes
libbacktrace_cv_sys_filetype=elf64
libbacktrace_cv_sys_native=yes
libbacktrace_cv_sys_sync=yes
lt_cv_deplibs_check_method=pass_all
lt_cv_file_magic_cmd='$MAGIC_CMD'
lt_cv_file_magic_test_file=
lt_cv_ld_reload_flag=-r
lt_cv_nm_interface='BSD nm'
lt_cv_objdir=.libs
lt_cv_path_LD=ld
lt_cv_path_NM=nm
lt_cv_prog_compiler_c_o=yes
lt_cv_prog_compiler_pic_works=yes
lt_cv_prog_compiler_rtti_exceptions=no
lt_cv_prog_compiler_static_works=yes
lt_cv_prog_gnu_ld=yes
lt_cv_shlibpath_overrides_runpath=yes
lt_cv_sys_global_symbol_pipe='sed -n -e '\''s/^.*[	 ]\([ABCDGIRSTW][ABCDGIRSTW]*\)[	 ][	 ]*\([_A-Za-z][_A-Za-z0-9]*\)$/\1 \2 \2/p'\'''
lt_cv_sys_global_symbol_to_c_name_address='sed -n -e '\''s/^: \([^ ]*\) $/  {\"\1\", (void *) 0},/p'\'' -e '\''s/^[ABCDGIRSTW]* \([^ ]*\) \([^ ]*\)$/  {"\2", (void *) \&\2},/p'\'''
lt_cv_sys_global_symbol_to_c_name_address_lib_prefix='sed -n -e '\''s/^: \([^ ]*\) $/  {\"\1\", (void *) 0},/p'\'' -e '\''s/^[ABCDGIRSTW]* \([^ ]*\) \(lib[^ ]*\)$/  {"\2", (void *) \&\2},/p'\'' -e '\''s/^[ABCDGIRSTW]* \([^ ]*\) \([^ ]*\)$/  {"lib\2", (void *) \&\2},/p'\'''
lt_cv_sys_global_symbol_to_cdecl='sed -n -e '\''s/^T .* \(.*\)$/extern int \1();/p'\'' -e '\''s/^[ABCDGIRSTW]* .* \(.*\)$/extern char \1;/p'\'''
lt_cv_sys_max_cmd_len=1572864

## ----------------- ##
## Output variables. ##
## ----------------- ##

ACLOCAL='${SHELL} /home/os161user/os161/toolbuild/gcc-4.8.3+os161-2.1/missing --run aclocal-1.11'
ALLOC_FILE='mmap.lo'
AMTAR='${SHELL} /home/os161user/os161/toolbuild/gcc-4.8.3+os161-2.1/missing --run tar'
AR='ar'
AUTOCONF='${SHELL} /home/os161user/os161/toolbuild/gcc-4.8.3+os161-2.1/missing --run autoconf'
AUTOHEADER='${SHELL} /home/os161user/os161/toolbuild/gcc-4.8.3+os161-2.1/missing --run autoheader'
AUTOMAKE='${SHELL} /home/os161user/os161/toolbuild/gcc-4.8.3+os161-2.1/missing --run automake-1.11'
AWK='mawk'
BACKTRACE_FILE='backtrace.lo simple.lo'
BACKTRACE_SUPPORTED='1'
BACKTRACE_SUPPORTS_THREADS='1'
BACKTRACE_USES_MALLOC='0'
CC='gcc'
CFLAGS='-g -O2'
CPP='gcc -E'
CPPFLAGS=''
CYGPATH_W='echo'
DEFS='-DHAVE_CONFIG_H'
DSYMUTIL=''
DUMPBIN=''
ECHO_C=''
ECHO_N='-n'
ECHO_T=''
EGREP='/usr/bin/grep -E'
EXEEXT=''
EXTRA_FLAGS='-funwind-tables -frandom-seed=$@'
FGREP='/usr/bin/grep -F'
FORMAT_FILE='elf.lo'
GREP='/usr/bin/grep'
INSTALL_DATA='/usr/bin/install -c -m 644'
INSTALL_PROGRAM='/usr/bin/install -c'
INSTALL_SCRIPT='/usr/bin/install -c'
INSTALL_STRIP_PROGRAM='$(install_sh) -c -s'
LD='ld -m elf_x86_64'
LDFLAGS='-static-libstdc++ -static-libgcc '
LIBOBJS=''
LIBS=''
LIBTOOL='$(SHELL) $(top_builddir)/libtool'
LIPO=''
LN_S='ln -s'
LTLIBOBJS=''
MAINT='#'
MAINTAINER_MODE_FALSE=''
MAINTAINER_MODE_TRUE='#'
MAKEINFO='/home/os161user/os161/toolbuild/gcc-4.8.3+os161-2.1/missing makeinfo --split-size=5000000'
MKDIR_P='/usr/bin/mkdir -p'
NATIVE_FALSE='#'
NATIVE_TRUE=''
NM='nm'
NMEDIT=''
OBJDUMP='objdump'
OBJEXT='o'
OTOOL64=''
OTOOL=''
PACKAGE='libbacktrace'
PACKAGE_BUGREPORT=''
PACKAGE_NAME='package-unused'
PACKAGE_STRING='package-unused version-unused'
PACKAGE_TARNAME='libbacktrace'
PACKAGE_URL=''
PACKAGE_VERSION='version-unused'
PATH_SEPARATOR=':'
PIC_FLAG=''
RANLIB='ranlib'
SED='/usr/bin/sed'
SET_MAKE=''
SHELL='/bin/bash'
STRIP='strip'
VERSION='version-unused'
VIEW_FILE='mmapio.lo'
WARN_FLAGS='-W -Wall -Wwrite-strings -Wstrict-prototypes -Wmissing-prototypes -Wold-style-definition -Wmissing-format-attribute -Wcast-qual'
ac_ct_CC=''
ac_ct_DUMPBIN=''
am__EXEEXT_FALSE=''
am__EXEEXT_TRUE='#'
am__isrc=' -I$(srcdir)'
am__leading_dot='.'
am__tar='${AMTAR} chof - "$$tardir"'
am__untar='${AMTAR} xf -'
bindir='${exec_prefix}/bin'
build='x86_64-unknown-linux-gnu'
build_alias='x86_64-unknown-linux-gnu'
build_cpu='x86_64'
build_os='linux-gnu'
build_vendor='unknown'
datadir='${datarootdir}'
datarootdir='${prefix}/share'
docdir='${datarootdir}/doc/${PACKAGE_TARNAME}'
dvidir='${docdir}'
exec_prefix='${prefix}'
host='x86_64-unknown-linux-gnu'
host_alias='x86_64-unknown-linux-gnu'
host_cpu='x86_64'
host_os='linux-gnu'
host_vendor='unknown'
htmldir='${docdir}'
includedir='${prefix}/include'
infodir='${datarootdir}/info'
install_sh='${SHELL} /home/os161user/os161/toolbuild/gcc-4.8.3+os161-2.1/install-sh'
libdir='${exec_prefix}/lib'
libexecdir='${exec_prefix}/libexec'
libtool_VERSION='1:0:0'
localedir='${datarootdir}/locale'
localstatedir='${prefix}/var'
mandir='${datarootdir}/man'
mkdir_p='/usr/bin/mkdir -p'
multi_basedir=''
oldincludedir='/usr/include'
pdfdir='${docdir}'
prefix='/home/os161user/os161/tools'
program_transform_name='s&^&mips-harvard-os161-&'
psdir='${docdir}'
sbindir='${exec_prefix}/sbin'
sharedstatedir='${prefix}/com'
sysconfdir='${prefix}/etc'
target='mips-harvard-os161'
target_alias='mips-harvard-os161'
target_cpu='mips'
target_os='os161'
target_vendor='harvard'

## ----------- ##
## confdefs.h. ##
## ----------- ##

/* confdefs.h */
#define PACKAGE_NAME "package-unused"
#define PACKAGE_TARNAME "libbacktrace"
#define PACKAGE_VERSION "version-unused"
#define PACKAGE_STRING "package-unused version-unused"
#define PACKAGE_BUGREPORT ""
#define PACKAGE_URL ""
#define STDC_HEADERS 1
#define HAVE_SYS_TYPES_H 1
#define HAVE_SYS_STAT_H 1
#define HAVE_STDLIB_H 1
#define HAVE_STRING_H 1
#define HAVE_MEMORY_H 1
#define HAVE_STRINGS_H 1
#define HAVE_INTTYPES_H 1
#define HAVE_STDINT_H 1
#define HAVE_UNISTD_H 1
#define __EXTENSIONS__ 1
#define _ALL_SOURCE 1
#define _GNU_SOURCE 1
#define _POSIX_PTHREAD_SEMANTICS 1
#define _TANDEM_SOURCE 1
#define HAVE_DLFCN_H 1
#define LT_OBJDIR ".libs/"
#define HAVE_GETIPINFO 1
#define HAVE_SYNC_FUNCTIONS 1
#define BACKTRACE_ELF_SIZE 64
#define HAVE_SYS_MMAN_H 1
#define HAVE_LINK_H 1
#define HAVE_DL_ITERATE_PHDR 1
#define HAVE_FCNTL 1
#define HAVE_DECL_STRNLEN 1

configure: exit 0
