This file contains any messages produced by compilers while
running configure, to aid debugging if configure makes a mistake.

It was created by configure, which was
generated by GNU Autoconf 2.64.  Invocation command line was

  $ ../gcc-4.8.3+os161-2.1/configure --enable-languages=c,lto --nfp --disable-shared --disable-threads --disable-libmudflap --disable-libssp --disable-libstdcxx --disable-nls --target=mips-harvard-os161 --prefix=/home/os161user/os161/tools

## --------- ##
## Platform. ##
## --------- ##

hostname = os161user-VirtualBox
uname -m = x86_64
uname -r = 5.8.0-45-generic
uname -s = Linux
uname -v = #51~20.04.1-Ubuntu SMP Tue Feb 23 13:46:31 UTC 2021

/usr/bin/uname -p = x86_64
/bin/uname -X     = unknown

/bin/arch              = x86_64
/usr/bin/arch -k       = unknown
/usr/convex/getsysinfo = unknown
/usr/bin/hostinfo      = unknown
/bin/machine           = unknown
/usr/bin/oslevel       = unknown
/bin/universe          = unknown

PATH: /home/os161user/os161/tools/bin
PATH: /usr/local/sbin
PATH: /usr/local/bin
PATH: /usr/sbin
PATH: /usr/bin
PATH: /sbin
PATH: /bin
PATH: /usr/games
PATH: /usr/local/games
PATH: /snap/bin


## ----------- ##
## Core tests. ##
## ----------- ##

configure:2313: checking build system type
configure:2327: result: x86_64-unknown-linux-gnu
configure:2374: checking host system type
configure:2387: result: x86_64-unknown-linux-gnu
configure:2407: checking target system type
configure:2420: result: mips-harvard-os161
configure:2474: checking for a BSD-compatible install
configure:2542: result: /usr/bin/install -c
configure:2553: checking whether ln works
configure:2575: result: yes
configure:2579: checking whether ln -s works
configure:2583: result: yes
configure:2590: checking for a sed that does not truncate output
configure:2654: result: /usr/bin/sed
configure:2663: checking for gawk
configure:2693: result: no
configure:2663: checking for mawk
configure:2679: found /usr/bin/mawk
configure:2690: result: mawk
configure:3160: checking for libatomic support
configure:3166: result: no
configure:3179: checking for libitm support
configure:3185: result: no
configure:3198: checking for libsanitizer support
configure:3204: result: no
configure:3932: checking for gcc
configure:3948: found /usr/bin/gcc
configure:3959: result: gcc
configure:4188: checking for C compiler version
configure:4197: gcc --version >&5
gcc (Ubuntu 9.3.0-17ubuntu1~20.04) 9.3.0
Copyright (C) 2019 Free Software Foundation, Inc.
This is free software; see the source for copying conditions.  There is NO
warranty; not even for MERCHANTABILITY or FITNESS FOR A PARTICULAR PURPOSE.

configure:4208: $? = 0
configure:4197: gcc -v >&5
Using built-in specs.
COLLECT_GCC=gcc
COLLECT_LTO_WRAPPER=/usr/lib/gcc/x86_64-linux-gnu/9/lto-wrapper
OFFLOAD_TARGET_NAMES=nvptx-none:hsa
OFFLOAD_TARGET_DEFAULT=1
Target: x86_64-linux-gnu
Configured with: ../src/configure -v --with-pkgversion='Ubuntu 9.3.0-17ubuntu1~20.04' --with-bugurl=file:///usr/share/doc/gcc-9/README.Bugs --enable-languages=c,ada,c++,go,brig,d,fortran,objc,obj-c++,gm2 --prefix=/usr --with-gcc-major-version-only --program-suffix=-9 --program-prefix=x86_64-linux-gnu- --enable-shared --enable-linker-build-id --libexecdir=/usr/lib --without-included-gettext --enable-threads=posix --libdir=/usr/lib --enable-nls --enable-clocale=gnu --enable-libstdcxx-debug --enable-libstdcxx-time=yes --with-default-libstdcxx-abi=new --enable-gnu-unique-object --disable-vtable-verify --enable-plugin --enable-default-pie --with-system-zlib --with-target-system-zlib=auto --enable-objc-gc=auto --enable-multiarch --disable-werror --with-arch-32=i686 --with-abi=m64 --with-multilib-list=m32,m64,mx32 --enable-multilib --with-tune=generic --enable-offload-targets=nvptx-none=/build/gcc-9-HskZEa/gcc-9-9.3.0/debian/tmp-nvptx/usr,hsa --without-cuda-driver --enable-checking=release --build=x86_64-linux-gnu --host=x86_64-linux-gnu --target=x86_64-linux-gnu
Thread model: posix
gcc version 9.3.0 (Ubuntu 9.3.0-17ubuntu1~20.04) 
configure:4208: $? = 0
configure:4197: gcc -V >&5
gcc: error: unrecognized command line option '-V'
gcc: fatal error: no input files
compilation terminated.
configure:4208: $? = 1
configure:4197: gcc -qversion >&5
gcc: error: unrecognized command line option '-qversion'; did you mean '--version'?
gcc: fatal error: no input files
compilation terminated.
configure:4208: $? = 1
configure:4228: checking for C compiler default output file name
configure:4250: gcc    conftest.c  >&5
configure:4254: $? = 0
configure:4291: result: a.out
configure:4307: checking whether the C compiler works
configure:4316: ./a.out
configure:4320: $? = 0
configure:4335: result: yes
configure:4342: checking whether we are cross compiling
configure:4344: result: no
configure:4347: checking for suffix of executables
configure:4354: gcc -o conftest    conftest.c  >&5
configure:4358: $? = 0
configure:4380: result: 
configure:4386: checking for suffix of object files
configure:4408: gcc -c   conftest.c >&5
configure:4412: $? = 0
configure:4433: result: o
configure:4437: checking whether we are using the GNU C compiler
configure:4456: gcc -c   conftest.c >&5
configure:4456: $? = 0
configure:4465: result: yes
configure:4474: checking whether gcc accepts -g
configure:4494: gcc -c -g  conftest.c >&5
configure:4494: $? = 0
configure:4535: result: yes
configure:4552: checking for gcc option to accept ISO C89
configure:4616: gcc  -c -g -O2  conftest.c >&5
configure:4616: $? = 0
configure:4629: result: none needed
configure:4707: checking for g++
configure:4723: found /usr/bin/g++
configure:4734: result: g++
configure:4761: checking for C++ compiler version
configure:4770: g++ --version >&5
g++ (Ubuntu 9.3.0-17ubuntu1~20.04) 9.3.0
Copyright (C) 2019 Free Software Foundation, Inc.
This is free software; see the source for copying conditions.  There is NO
warranty; not even for MERCHANTABILITY or FITNESS FOR A PARTICULAR PURPOSE.

configure:4781: $? = 0
configure:4770: g++ -v >&5
Using built-in specs.
COLLECT_GCC=g++
COLLECT_LTO_WRAPPER=/usr/lib/gcc/x86_64-linux-gnu/9/lto-wrapper
OFFLOAD_TARGET_NAMES=nvptx-none:hsa
OFFLOAD_TARGET_DEFAULT=1
Target: x86_64-linux-gnu
Configured with: ../src/configure -v --with-pkgversion='Ubuntu 9.3.0-17ubuntu1~20.04' --with-bugurl=file:///usr/share/doc/gcc-9/README.Bugs --enable-languages=c,ada,c++,go,brig,d,fortran,objc,obj-c++,gm2 --prefix=/usr --with-gcc-major-version-only --program-suffix=-9 --program-prefix=x86_64-linux-gnu- --enable-shared --enable-linker-build-id --libexecdir=/usr/lib --without-included-gettext --enable-threads=posix --libdir=/usr/lib --enable-nls --enable-clocale=gnu --enable-libstdcxx-debug --enable-libstdcxx-time=yes --with-default-libstdcxx-abi=new --enable-gnu-unique-object --disable-vtable-verify --enable-plugin --enable-default-pie --with-system-zlib --with-target-system-zlib=auto --enable-objc-gc=auto --enable-multiarch --disable-werror --with-arch-32=i686 --with-abi=m64 --with-multilib-list=m32,m64,mx32 --enable-multilib --with-tune=generic --enable-offload-targets=nvptx-none=/build/gcc-9-HskZEa/gcc-9-9.3.0/debian/tmp-nvptx/usr,hsa --without-cuda-driver --enable-checking=release --build=x86_64-linux-gnu --host=x86_64-linux-gnu --target=x86_64-linux-gnu
Thread model: posix
gcc version 9.3.0 (Ubuntu 9.3.0-17ubuntu1~20.04) 
configure:4781: $? = 0
configure:4770: g++ -V >&5
g++: error: unrecognized command line option '-V'
g++: fatal error: no input files
compilation terminated.
configure:4781: $? = 1
configure:4770: g++ -qversion >&5
g++: error: unrecognized command line option '-qversion'; did you mean '--version'?
g++: fatal error: no input files
compilation terminated.
configure:4781: $? = 1
configure:4785: checking whether we are using the GNU C++ compiler
configure:4804: g++ -c   conftest.cpp >&5
configure:4804: $? = 0
configure:4813: result: yes
configure:4822: checking whether g++ accepts -g
configure:4842: g++ -c -g  conftest.cpp >&5
configure:4842: $? = 0
configure:4883: result: yes
configure:4932: checking whether g++ accepts -static-libstdc++ -static-libgcc
configure:4949: g++ -o conftest -g -O2   -static-libstdc++ -static-libgcc conftest.cpp  >&5
configure:4949: $? = 0
configure:4950: result: yes
configure:5014: checking for gnatbind
configure:5044: result: no
configure:5106: checking for gnatmake
configure:5136: result: no
configure:5155: checking whether compiler driver understands Ada
configure:5178: result: no
configure:5187: checking how to compare bootstrapped objects
configure:5212: result: cmp --ignore-initial=16 $$f1 $$f2
configure:5266: checking for objdir
configure:5281: result: .libs
configure:5455: checking for the correct version of gmp.h
configure:5475: gcc -c -g -O2   conftest.c >&5
configure:5475: $? = 0
configure:5493: gcc -c -g -O2   conftest.c >&5
configure:5493: $? = 0
configure:5494: result: yes
configure:5510: checking for the correct version of mpfr.h
configure:5528: gcc -c -g -O2   conftest.c >&5
configure:5528: $? = 0
configure:5545: gcc -c -g -O2   conftest.c >&5
configure:5545: $? = 0
configure:5546: result: yes
configure:5563: checking for the correct version of mpc.h
configure:5580: gcc -c -g -O2   conftest.c >&5
configure:5580: $? = 0
configure:5596: gcc -c -g -O2   conftest.c >&5
configure:5596: $? = 0
configure:5597: result: yes
configure:5615: checking for the correct version of the gmp/mpfr/mpc libraries
configure:5646: gcc -o conftest -g -O2    conftest.c  -lmpc -lmpfr -lgmp >&5
configure:5646: $? = 0
configure:5647: result: yes
configure:5853: checking for version 0.10 of ISL
configure:5872: gcc -o conftest -g -O2      conftest.c  -lisl >&5
conftest.c:10:10: fatal error: isl/version.h: No such file or directory
   10 | #include <isl/version.h>
      |          ^~~~~~~~~~~~~~~
compilation terminated.
configure:5872: $? = 1
configure: program exited with status 1
configure: failed program was:
| /* confdefs.h */
| #define PACKAGE_NAME ""
| #define PACKAGE_TARNAME ""
| #define PACKAGE_VERSION ""
| #define PACKAGE_STRING ""
| #define PACKAGE_BUGREPORT ""
| #define PACKAGE_URL ""
| #define LT_OBJDIR ".libs/"
| /* end confdefs.h.  */
| #include <isl/version.h>
|    #include <string.h>
| int
| main ()
| {
| if (strncmp (isl_version (), "isl-0.10", strlen ("isl-0.10")) != 0)
|      return 1;
| 
|   ;
|   return 0;
| }
configure:5881: result: no
configure:5901: checking for version 0.11 of ISL
configure:5920: gcc -o conftest -g -O2      conftest.c  -lisl >&5
conftest.c:10:10: fatal error: isl/version.h: No such file or directory
   10 | #include <isl/version.h>
      |          ^~~~~~~~~~~~~~~
compilation terminated.
configure:5920: $? = 1
configure: program exited with status 1
configure: failed program was:
| /* confdefs.h */
| #define PACKAGE_NAME ""
| #define PACKAGE_TARNAME ""
| #define PACKAGE_VERSION ""
| #define PACKAGE_STRING ""
| #define PACKAGE_BUGREPORT ""
| #define PACKAGE_URL ""
| #define LT_OBJDIR ".libs/"
| /* end confdefs.h.  */
| #include <isl/version.h>
|    #include <string.h>
| int
| main ()
| {
| if (strncmp (isl_version (), "isl-0.11", strlen ("isl-0.11")) != 0)
|      return 1;
| 
|   ;
|   return 0;
| }
configure:5929: result: no
configure:5949: checking for version 0.12 of ISL
configure:5968: gcc -o conftest -g -O2      conftest.c  -lisl >&5
conftest.c:10:10: fatal error: isl/version.h: No such file or directory
   10 | #include <isl/version.h>
      |          ^~~~~~~~~~~~~~~
compilation terminated.
configure:5968: $? = 1
configure: program exited with status 1
configure: failed program was:
| /* confdefs.h */
| #define PACKAGE_NAME ""
| #define PACKAGE_TARNAME ""
| #define PACKAGE_VERSION ""
| #define PACKAGE_STRING ""
| #define PACKAGE_BUGREPORT ""
| #define PACKAGE_URL ""
| #define LT_OBJDIR ".libs/"
| /* end confdefs.h.  */
| #include <isl/version.h>
|    #include <string.h>
| int
| main ()
| {
| if (strncmp (isl_version (), "isl-0.12", strlen ("isl-0.12")) != 0)
|      return 1;
| 
|   ;
|   return 0;
| }
configure:5977: result: no
configure:7135: checking for default BUILD_CONFIG
configure:7167: result: 
configure:7656: checking for bison
configure:7686: result: no
configure:7656: checking for byacc
configure:7686: result: no
configure:7656: checking for yacc
configure:7686: result: no
configure:7703: checking for bison
configure:7733: result: no
configure:7750: checking for gm4
configure:7780: result: no
configure:7750: checking for gnum4
configure:7780: result: no
configure:7750: checking for m4
configure:7780: result: no
configure:7797: checking for flex
configure:7827: result: no
configure:7797: checking for lex
configure:7827: result: no
configure:7845: checking for flex
configure:7875: result: no
configure:7892: checking for makeinfo
configure:7922: result: no
configure:7953: checking for expect
configure:7983: result: no
configure:8002: checking for runtest
configure:8032: result: no
configure:8147: checking for ar
configure:8163: found /usr/bin/ar
configure:8174: result: ar
configure:8288: checking for as
configure:8304: found /usr/bin/as
configure:8315: result: as
configure:8429: checking for dlltool
configure:8459: result: no
configure:8570: checking for ld
configure:8586: found /usr/bin/ld
configure:8597: result: ld
configure:8711: checking for lipo
configure:8741: result: no
configure:8852: checking for nm
configure:8868: found /usr/bin/nm
configure:8879: result: nm
configure:8993: checking for ranlib
configure:9009: found /usr/bin/ranlib
configure:9020: result: ranlib
configure:9129: checking for strip
configure:9145: found /usr/bin/strip
configure:9156: result: strip
configure:9265: checking for windres
configure:9295: result: no
configure:9406: checking for windmc
configure:9436: result: no
configure:9547: checking for objcopy
configure:9563: found /usr/bin/objcopy
configure:9574: result: objcopy
configure:9688: checking for objdump
configure:9704: found /usr/bin/objdump
configure:9715: result: objdump
configure:9829: checking for readelf
configure:9845: found /usr/bin/readelf
configure:9856: result: readelf
configure:9970: checking for mips-harvard-os161-cc
configure:10000: result: no
configure:9970: checking for mips-harvard-os161-gcc
configure:10000: result: no
configure:10131: checking for mips-harvard-os161-c++
configure:10161: result: no
configure:10131: checking for mips-harvard-os161-g++
configure:10161: result: no
configure:10131: checking for mips-harvard-os161-cxx
configure:10161: result: no
configure:10131: checking for mips-harvard-os161-gxx
configure:10161: result: no
configure:10292: checking for mips-harvard-os161-gcc
configure:10322: result: no
configure:10448: checking for mips-harvard-os161-gcj
configure:10478: result: no
configure:10609: checking for mips-harvard-os161-gfortran
configure:10639: result: no
configure:10770: checking for mips-harvard-os161-gccgo
configure:10800: result: no
configure:10900: checking for ar
configure:10918: found /home/os161user/os161/tools/mips-harvard-os161/bin/ar
configure:10930: result: /home/os161user/os161/tools/mips-harvard-os161/bin/ar
configure:11130: checking for as
configure:11148: found /home/os161user/os161/tools/mips-harvard-os161/bin/as
configure:11160: result: /home/os161user/os161/tools/mips-harvard-os161/bin/as
configure:11360: checking for dlltool
configure:11393: result: no
configure:11471: checking for mips-harvard-os161-dlltool
configure:11501: result: no
configure:11590: checking for ld
configure:11608: found /home/os161user/os161/tools/mips-harvard-os161/bin/ld
configure:11620: result: /home/os161user/os161/tools/mips-harvard-os161/bin/ld
configure:11820: checking for lipo
configure:11853: result: no
configure:11931: checking for mips-harvard-os161-lipo
configure:11961: result: no
configure:12050: checking for nm
configure:12068: found /home/os161user/os161/tools/mips-harvard-os161/bin/nm
configure:12080: result: /home/os161user/os161/tools/mips-harvard-os161/bin/nm
configure:12280: checking for objdump
configure:12298: found /home/os161user/os161/tools/mips-harvard-os161/bin/objdump
configure:12310: result: /home/os161user/os161/tools/mips-harvard-os161/bin/objdump
configure:12510: checking for ranlib
configure:12528: found /home/os161user/os161/tools/mips-harvard-os161/bin/ranlib
configure:12540: result: /home/os161user/os161/tools/mips-harvard-os161/bin/ranlib
configure:12740: checking for readelf
configure:12773: result: no
configure:12851: checking for mips-harvard-os161-readelf
configure:12867: found /home/os161user/os161/tools/bin/mips-harvard-os161-readelf
configure:12878: result: mips-harvard-os161-readelf
configure:12970: checking for strip
configure:12988: found /home/os161user/os161/tools/mips-harvard-os161/bin/strip
configure:13000: result: /home/os161user/os161/tools/mips-harvard-os161/bin/strip
configure:13200: checking for windres
configure:13233: result: no
configure:13311: checking for mips-harvard-os161-windres
configure:13341: result: no
configure:13430: checking for windmc
configure:13463: result: no
configure:13541: checking for mips-harvard-os161-windmc
configure:13571: result: no
configure:13638: checking where to find the target ar
configure:13666: result: pre-installed in /home/os161user/os161/tools/mips-harvard-os161/bin
configure:13680: checking where to find the target as
configure:13708: result: pre-installed in /home/os161user/os161/tools/mips-harvard-os161/bin
configure:13722: checking where to find the target cc
configure:13745: result: just compiled
configure:13764: checking where to find the target c++
configure:13804: result: pre-installed
configure:13809: checking where to find the target c++ for libstdc++
configure:13849: result: pre-installed
configure:13854: checking where to find the target dlltool
configure:13891: result: pre-installed
configure:13896: checking where to find the target gcc
configure:13919: result: just compiled
configure:13938: checking where to find the target gcj
configure:13978: result: pre-installed
configure:13983: checking where to find the target gfortran
configure:14023: result: pre-installed
configure:14028: checking where to find the target gccgo
configure:14068: result: pre-installed
configure:14073: checking where to find the target ld
configure:14101: result: pre-installed in /home/os161user/os161/tools/mips-harvard-os161/bin
configure:14115: checking where to find the target lipo
configure:14141: result: pre-installed
configure:14146: checking where to find the target nm
configure:14174: result: pre-installed in /home/os161user/os161/tools/mips-harvard-os161/bin
configure:14188: checking where to find the target objdump
configure:14216: result: pre-installed in /home/os161user/os161/tools/mips-harvard-os161/bin
configure:14230: checking where to find the target ranlib
configure:14258: result: pre-installed in /home/os161user/os161/tools/mips-harvard-os161/bin
configure:14272: checking where to find the target readelf
configure:14309: result: pre-installed
configure:14314: checking where to find the target strip
configure:14342: result: pre-installed in /home/os161user/os161/tools/mips-harvard-os161/bin
configure:14356: checking where to find the target windres
configure:14393: result: pre-installed
configure:14398: checking where to find the target windmc
configure:14435: result: pre-installed
configure:14468: checking whether to enable maintainer-specific portions of Makefiles
configure:14477: result: no
configure:14680: creating ./config.status

## ---------------------- ##
## Running config.status. ##
## ---------------------- ##

This file was extended by config.status, which was
generated by GNU Autoconf 2.64.  Invocation command line was

  CONFIG_FILES    = 
  CONFIG_HEADERS  = 
  CONFIG_LINKS    = 
  CONFIG_COMMANDS = 
  $ ./config.status 

on os161user-VirtualBox

config.status:948: creating Makefile

## ---------------- ##
## Cache variables. ##
## ---------------- ##

ac_cv_build=x86_64-unknown-linux-gnu
ac_cv_c_compiler_gnu=yes
ac_cv_cxx_compiler_gnu=yes
ac_cv_env_AR_FOR_TARGET_set=
ac_cv_env_AR_FOR_TARGET_value=
ac_cv_env_AR_set=
ac_cv_env_AR_value=
ac_cv_env_AS_FOR_TARGET_set=
ac_cv_env_AS_FOR_TARGET_value=
ac_cv_env_AS_set=
ac_cv_env_AS_value=
ac_cv_env_CCC_set=
ac_cv_env_CCC_value=
ac_cv_env_CC_FOR_TARGET_set=
ac_cv_env_CC_FOR_TARGET_value=
ac_cv_env_CC_set=
ac_cv_env_CC_value=
ac_cv_env_CFLAGS_set=
ac_cv_env_CFLAGS_value=
ac_cv_env_CPPFLAGS_set=
ac_cv_env_CPPFLAGS_value=
ac_cv_env_CXXFLAGS_set=
ac_cv_env_CXXFLAGS_value=
ac_cv_env_CXX_FOR_TARGET_set=
ac_cv_env_CXX_FOR_TARGET_value=
ac_cv_env_CXX_set=
ac_cv_env_CXX_value=
ac_cv_env_DLLTOOL_FOR_TARGET_set=
ac_cv_env_DLLTOOL_FOR_TARGET_value=
ac_cv_env_DLLTOOL_set=
ac_cv_env_DLLTOOL_value=
ac_cv_env_GCC_FOR_TARGET_set=
ac_cv_env_GCC_FOR_TARGET_value=
ac_cv_env_GCJ_FOR_TARGET_set=
ac_cv_env_GCJ_FOR_TARGET_value=
ac_cv_env_GFORTRAN_FOR_TARGET_set=
ac_cv_env_GFORTRAN_FOR_TARGET_value=
ac_cv_env_GOC_FOR_TARGET_set=
ac_cv_env_GOC_FOR_TARGET_value=
ac_cv_env_LDFLAGS_set=
ac_cv_env_LDFLAGS_value=
ac_cv_env_LD_FOR_TARGET_set=
ac_cv_env_LD_FOR_TARGET_value=
ac_cv_env_LD_set=
ac_cv_env_LD_value=
ac_cv_env_LIBS_set=
ac_cv_env_LIBS_value=
ac_cv_env_LIPO_FOR_TARGET_set=
ac_cv_env_LIPO_FOR_TARGET_value=
ac_cv_env_LIPO_set=
ac_cv_env_LIPO_value=
ac_cv_env_NM_FOR_TARGET_set=
ac_cv_env_NM_FOR_TARGET_value=
ac_cv_env_NM_set=
ac_cv_env_NM_value=
ac_cv_env_OBJCOPY_set=
ac_cv_env_OBJCOPY_value=
ac_cv_env_OBJDUMP_FOR_TARGET_set=
ac_cv_env_OBJDUMP_FOR_TARGET_value=
ac_cv_env_OBJDUMP_set=
ac_cv_env_OBJDUMP_value=
ac_cv_env_RANLIB_FOR_TARGET_set=
ac_cv_env_RANLIB_FOR_TARGET_value=
ac_cv_env_RANLIB_set=
ac_cv_env_RANLIB_value=
ac_cv_env_READELF_FOR_TARGET_set=
ac_cv_env_READELF_FOR_TARGET_value=
ac_cv_env_READELF_set=
ac_cv_env_READELF_value=
ac_cv_env_STRIP_FOR_TARGET_set=
ac_cv_env_STRIP_FOR_TARGET_value=
ac_cv_env_STRIP_set=
ac_cv_env_STRIP_value=
ac_cv_env_WINDMC_FOR_TARGET_set=
ac_cv_env_WINDMC_FOR_TARGET_value=
ac_cv_env_WINDMC_set=
ac_cv_env_WINDMC_value=
ac_cv_env_WINDRES_FOR_TARGET_set=
ac_cv_env_WINDRES_FOR_TARGET_value=
ac_cv_env_WINDRES_set=
ac_cv_env_WINDRES_value=
ac_cv_env_build_alias_set=
ac_cv_env_build_alias_value=
ac_cv_env_build_configargs_set=
ac_cv_env_build_configargs_value=
ac_cv_env_host_alias_set=
ac_cv_env_host_alias_value=
ac_cv_env_host_configargs_set=
ac_cv_env_host_configargs_value=
ac_cv_env_target_alias_set=set
ac_cv_env_target_alias_value=mips-harvard-os161
ac_cv_env_target_configargs_set=
ac_cv_env_target_configargs_value=
ac_cv_host=x86_64-unknown-linux-gnu
ac_cv_objext=o
ac_cv_path_AR_FOR_TARGET=/home/os161user/os161/tools/mips-harvard-os161/bin/ar
ac_cv_path_AS_FOR_TARGET=/home/os161user/os161/tools/mips-harvard-os161/bin/as
ac_cv_path_LD_FOR_TARGET=/home/os161user/os161/tools/mips-harvard-os161/bin/ld
ac_cv_path_NM_FOR_TARGET=/home/os161user/os161/tools/mips-harvard-os161/bin/nm
ac_cv_path_OBJDUMP_FOR_TARGET=/home/os161user/os161/tools/mips-harvard-os161/bin/objdump
ac_cv_path_RANLIB_FOR_TARGET=/home/os161user/os161/tools/mips-harvard-os161/bin/ranlib
ac_cv_path_SED=/usr/bin/sed
ac_cv_path_STRIP_FOR_TARGET=/home/os161user/os161/tools/mips-harvard-os161/bin/strip
ac_cv_path_install='/usr/bin/install -c'
ac_cv_prog_AR=ar
ac_cv_prog_AS=as
ac_cv_prog_AWK=mawk
ac_cv_prog_LD=ld
ac_cv_prog_NM=nm
ac_cv_prog_OBJCOPY=objcopy
ac_cv_prog_OBJDUMP=objdump
ac_cv_prog_RANLIB=ranlib
ac_cv_prog_READELF=readelf
ac_cv_prog_READELF_FOR_TARGET=mips-harvard-os161-readelf
ac_cv_prog_STRIP=strip
ac_cv_prog_ac_ct_CC=gcc
ac_cv_prog_ac_ct_CXX=g++
ac_cv_prog_cc_c89=
ac_cv_prog_cc_g=yes
ac_cv_prog_cxx_g=yes
ac_cv_target=mips-harvard-os161
acx_cv_cc_gcc_supports_ada=no
acx_cv_prog_LN=ln
gcc_cv_isl=no
gcc_cv_prog_cmp_skip='cmp --ignore-initial=16 $$f1 $$f2'
gcc_cv_tool_dirs=/home/os161user/os161/tools/libexec/gcc/mips-harvard-os161/4.8.3:/home/os161user/os161/tools/libexec/gcc/mips-harvard-os161:/usr/lib/gcc/mips-harvard-os161/4.8.3:/usr/lib/gcc/mips-harvard-os161:/home/os161user/os161/tools/mips-harvard-os161/bin/mips-harvard-os161/4.8.3:/home/os161user/os161/tools/mips-harvard-os161/bin:
gcc_cv_tool_prefix=/home/os161user/os161/tools
lt_cv_objdir=.libs

## ----------------- ##
## Output variables. ##
## ----------------- ##

AR='ar'
AR_FOR_BUILD='$(AR)'
AR_FOR_TARGET='/home/os161user/os161/tools/mips-harvard-os161/bin/ar'
AS='as'
AS_FOR_BUILD='$(AS)'
AS_FOR_TARGET='/home/os161user/os161/tools/mips-harvard-os161/bin/as'
AWK='mawk'
BISON='/home/os161user/os161/toolbuild/gcc-4.8.3+os161-2.1/missing bison'
BUILD_CONFIG=''
CC='gcc'
CC_FOR_BUILD='$(CC)'
CC_FOR_TARGET='$$r/$(HOST_SUBDIR)/gcc/xgcc -B$$r/$(HOST_SUBDIR)/gcc/'
CFLAGS='-g -O2'
CFLAGS_FOR_BUILD='-g -O2'
CFLAGS_FOR_TARGET='-g -O2'
COMPILER_AS_FOR_TARGET='$$r/$(HOST_SUBDIR)/gcc/as'
COMPILER_LD_FOR_TARGET='$$r/$(HOST_SUBDIR)/gcc/collect-ld'
COMPILER_NM_FOR_TARGET='$$r/$(HOST_SUBDIR)/gcc/nm'
CONFIGURE_GDB_TK=''
CPPFLAGS=''
CXX='g++'
CXXFLAGS='-g -O2'
CXXFLAGS_FOR_BUILD='-g -O2'
CXXFLAGS_FOR_TARGET='-g -O2'
CXX_FOR_BUILD='$(CXX)'
CXX_FOR_TARGET='mips-harvard-os161-c++'
DEBUG_PREFIX_CFLAGS_FOR_TARGET=''
DEFS='-DPACKAGE_NAME=\"\" -DPACKAGE_TARNAME=\"\" -DPACKAGE_VERSION=\"\" -DPACKAGE_STRING=\"\" -DPACKAGE_BUGREPORT=\"\" -DPACKAGE_URL=\"\" -DLT_OBJDIR=\".libs/\"'
DLLTOOL='dlltool'
DLLTOOL_FOR_BUILD='$(DLLTOOL)'
DLLTOOL_FOR_TARGET='mips-harvard-os161-dlltool'
ECHO_C=''
ECHO_N='-n'
ECHO_T=''
EXEEXT=''
EXPECT='expect'
EXTRA_CONFIGARGS_LIBJAVA='--disable-static'
FLAGS_FOR_TARGET=' -B$(build_tooldir)/bin/ -B$(build_tooldir)/lib/ -isystem $(build_tooldir)/include -isystem $(build_tooldir)/sys-include'
FLEX='/home/os161user/os161/toolbuild/gcc-4.8.3+os161-2.1/missing flex'
GCC_FOR_TARGET='$$r/$(HOST_SUBDIR)/gcc/xgcc -B$$r/$(HOST_SUBDIR)/gcc/'
GCC_SHLIB_SUBDIR=''
GCJ_FOR_BUILD='$(GCJ)'
GCJ_FOR_TARGET='mips-harvard-os161-gcj'
GDB_TK=''
GFORTRAN_FOR_BUILD='$(GFORTRAN)'
GFORTRAN_FOR_TARGET='mips-harvard-os161-gfortran'
GNATBIND='no'
GNATMAKE='no'
GOC_FOR_BUILD='$(GOC)'
GOC_FOR_TARGET='mips-harvard-os161-gccgo'
INSTALL_DATA='${INSTALL} -m 644'
INSTALL_GDB_TK=''
INSTALL_PROGRAM='${INSTALL}'
INSTALL_SCRIPT='${INSTALL}'
LD='ld'
LDFLAGS=''
LDFLAGS_FOR_BUILD=''
LDFLAGS_FOR_TARGET=''
LD_FOR_BUILD='$(LD)'
LD_FOR_TARGET='/home/os161user/os161/tools/mips-harvard-os161/bin/ld'
LEX='/home/os161user/os161/toolbuild/gcc-4.8.3+os161-2.1/missing flex'
LIBOBJS=''
LIBS=''
LIPO='lipo'
LIPO_FOR_TARGET='mips-harvard-os161-lipo'
LN='ln'
LN_S='ln -s'
LTLIBOBJS=''
M4='/home/os161user/os161/toolbuild/gcc-4.8.3+os161-2.1/missing m4'
MAINT='#'
MAINTAINER_MODE_FALSE=''
MAINTAINER_MODE_TRUE='#'
MAKEINFO='/home/os161user/os161/toolbuild/gcc-4.8.3+os161-2.1/missing makeinfo'
NM='nm'
NM_FOR_BUILD='$(NM)'
NM_FOR_TARGET='/home/os161user/os161/tools/mips-harvard-os161/bin/nm'
OBJCOPY='objcopy'
OBJDUMP='objdump'
OBJDUMP_FOR_TARGET='/home/os161user/os161/tools/mips-harvard-os161/bin/objdump'
OBJEXT='o'
PACKAGE_BUGREPORT=''
PACKAGE_NAME=''
PACKAGE_STRING=''
PACKAGE_TARNAME=''
PACKAGE_URL=''
PACKAGE_VERSION=''
PATH_SEPARATOR=':'
RANLIB='ranlib'
RANLIB_FOR_BUILD='$(RANLIB)'
RANLIB_FOR_TARGET='/home/os161user/os161/tools/mips-harvard-os161/bin/ranlib'
RAW_CXX_FOR_TARGET='mips-harvard-os161-c++'
READELF='readelf'
READELF_FOR_TARGET='mips-harvard-os161-readelf'
RPATH_ENVVAR='LD_LIBRARY_PATH'
RUNTEST='runtest'
SED='/usr/bin/sed'
SHELL='/bin/bash'
STRIP='strip'
STRIP_FOR_TARGET='/home/os161user/os161/tools/mips-harvard-os161/bin/strip'
SYSROOT_CFLAGS_FOR_TARGET=''
TOPLEVEL_CONFIGURE_ARGUMENTS='../gcc-4.8.3+os161-2.1/configure --enable-languages=c,lto --nfp --disable-shared --disable-threads --disable-libmudflap --disable-libssp --disable-libstdcxx --disable-nls --target=mips-harvard-os161 --prefix=/home/os161user/os161/tools'
WINDMC='windmc'
WINDMC_FOR_BUILD='$(WINDMC)'
WINDMC_FOR_TARGET='mips-harvard-os161-windmc'
WINDRES='windres'
WINDRES_FOR_BUILD='$(WINDRES)'
WINDRES_FOR_TARGET='mips-harvard-os161-windres'
YACC='/home/os161user/os161/toolbuild/gcc-4.8.3+os161-2.1/missing bison -y'
ac_ct_CC='gcc'
ac_ct_CXX='g++'
bindir='${exec_prefix}/bin'
build='x86_64-unknown-linux-gnu'
build_alias=''
build_configargs=' --cache-file=../config.cache '\''--nfp'\'' '\''--disable-shared'\'' '\''--disable-threads'\'' '\''--disable-libmudflap'\'' '\''--disable-libssp'\'' '\''--disable-libstdcxx'\'' '\''--disable-nls'\'' '\''--prefix=/home/os161user/os161/tools'\'' '\''--enable-languages=c,lto'\'' --program-transform-name='\''s&^&mips-harvard-os161-&'\'' --disable-option-checking'
build_configdirs=' libiberty fixincludes'
build_cpu='x86_64'
build_libsubdir='build-x86_64-unknown-linux-gnu'
build_noncanonical='x86_64-unknown-linux-gnu'
build_os='linux-gnu'
build_subdir='build-x86_64-unknown-linux-gnu'
build_tooldir='${exec_prefix}/mips-harvard-os161'
build_vendor='unknown'
clooginc=''
clooglibs=''
compare_exclusions='gcc/cc*-checksum$(objext) | gcc/ada/*tools/*'
configdirs=' intl libiberty zlib libbacktrace libcpp libdecnumber fixincludes gcc lto-plugin'
datadir='${datarootdir}'
datarootdir='${prefix}/share'
do_compare='cmp --ignore-initial=16 $$f1 $$f2'
docdir='${datarootdir}/doc/${PACKAGE}'
dvidir='${docdir}'
exec_prefix='${prefix}'
extra_host_libiberty_configure_flags='--enable-shared'
extra_isl_gmp_configure_flags=''
extra_mpc_gmp_configure_flags=''
extra_mpc_mpfr_configure_flags=''
extra_mpfr_configure_flags=''
gmpinc=''
gmplibs='-lmpc -lmpfr -lgmp'
host='x86_64-unknown-linux-gnu'
host_alias=''
host_configargs=' --cache-file=./config.cache  '\''--nfp'\'' '\''--disable-shared'\'' '\''--disable-threads'\'' '\''--disable-libmudflap'\'' '\''--disable-libssp'\'' '\''--disable-libstdcxx'\'' '\''--disable-nls'\'' '\''--prefix=/home/os161user/os161/tools'\'' '\''--enable-languages=c,lto'\'' --program-transform-name='\''s&^&mips-harvard-os161-&'\'' --disable-option-checking'
host_cpu='x86_64'
host_noncanonical='x86_64-unknown-linux-gnu'
host_os='linux-gnu'
host_subdir='.'
host_vendor='unknown'
htmldir='${docdir}'
includedir='${prefix}/include'
infodir='${datarootdir}/info'
islinc=''
libdir='${exec_prefix}/lib'
libexecdir='${exec_prefix}/libexec'
localedir='${datarootdir}/locale'
localstatedir='${prefix}/var'
mandir='${datarootdir}/man'
oldincludedir='/usr/include'
pdfdir='${docdir}'
poststage1_ldflags='-static-libstdc++ -static-libgcc'
poststage1_libs=''
prefix='/home/os161user/os161/tools'
program_transform_name='s&^&mips-harvard-os161-&'
psdir='${docdir}'
sbindir='${exec_prefix}/sbin'
sharedstatedir='${prefix}/com'
stage1_cflags='-g'
stage1_checking='--enable-checking=yes,types'
stage1_languages='c,lto'
stage1_ldflags='-static-libstdc++ -static-libgcc'
stage1_libs=''
stage2_werror_flag=''
sysconfdir='${prefix}/etc'
target='mips-harvard-os161'
target_alias='mips-harvard-os161'
target_configargs='--cache-file=./config.cache --enable-multilib --with-cross-host=x86_64-unknown-linux-gnu   '\''--nfp'\'' '\''--disable-shared'\'' '\''--disable-threads'\'' '\''--disable-libmudflap'\'' '\''--disable-libssp'\'' '\''--disable-libstdcxx'\'' '\''--disable-nls'\'' '\''--prefix=/home/os161user/os161/tools'\'' '\''--enable-languages=c,lto'\'' --program-transform-name='\''s&^&mips-harvard-os161-&'\'' --disable-option-checking'
target_configdirs=' libgcc libquadmath'
target_cpu='mips'
target_noncanonical='mips-harvard-os161'
target_os='os161'
target_subdir='mips-harvard-os161'
target_vendor='harvard'
tooldir='${exec_prefix}/mips-harvard-os161'

## ------------------- ##
## File substitutions. ##
## ------------------- ##

alphaieee_frag='/dev/null'
host_makefile_frag='/dev/null'
ospace_frag='/dev/null'
serialization_dependencies='serdep.tmp'
target_makefile_frag='/dev/null'

## ----------- ##
## confdefs.h. ##
## ----------- ##

/* confdefs.h */
#define PACKAGE_NAME ""
#define PACKAGE_TARNAME ""
#define PACKAGE_VERSION ""
#define PACKAGE_STRING ""
#define PACKAGE_BUGREPORT ""
#define PACKAGE_URL ""
#define LT_OBJDIR ".libs/"

configure: exit 0
