This file contains any messages produced by compilers while
running configure, to aid debugging if configure makes a mistake.

It was created by fixincludes configure  , which was
generated by GNU Autoconf 2.64.  Invocation command line was

  $ /home/os161user/os161/toolbuild/gcc-4.8.3+os161-2.1/fixincludes/configure --cache-file=./config.cache --nfp --disable-shared --disable-threads --disable-libmudflap --disable-libssp --disable-libstdcxx --disable-nls --prefix=/home/os161user/os161/tools --enable-languages=c,lto --program-transform-name=s&^&mips-harvard-os161-& --disable-option-checking --build=x86_64-unknown-linux-gnu --host=x86_64-unknown-linux-gnu --target=mips-harvard-os161 --srcdir=../../gcc-4.8.3+os161-2.1/fixincludes

## --------- ##
## Platform. ##
## --------- ##

hostname = os161user-VirtualBox
uname -m = x86_64
uname -r = 5.8.0-45-generic
uname -s = Linux
uname -v = #51~20.04.1-Ubuntu SMP Tue Feb 23 13:46:31 UTC 2021

/usr/bin/uname -p = x86_64
/bin/uname -X     = unknown

/bin/arch              = x86_64
/usr/bin/arch -k       = unknown
/usr/convex/getsysinfo = unknown
/usr/bin/hostinfo      = unknown
/bin/machine           = unknown
/usr/bin/oslevel       = unknown
/bin/universe          = unknown

PATH: /home/os161user/os161/tools/bin
PATH: /usr/local/sbin
PATH: /usr/local/bin
PATH: /usr/sbin
PATH: /usr/bin
PATH: /sbin
PATH: /bin
PATH: /usr/games
PATH: /usr/local/games
PATH: /snap/bin


## ----------- ##
## Core tests. ##
## ----------- ##

configure:2058: creating cache ./config.cache
configure:3155: checking build system type
configure:3169: result: x86_64-unknown-linux-gnu
configure:3189: checking host system type
configure:3202: result: x86_64-unknown-linux-gnu
configure:3222: checking target system type
configure:3235: result: mips-harvard-os161
configure:3270: checking for x86_64-unknown-linux-gnu-gcc
configure:3297: result: gcc
configure:3566: checking for C compiler version
configure:3575: gcc --version >&5
gcc (Ubuntu 9.3.0-17ubuntu1~20.04) 9.3.0
Copyright (C) 2019 Free Software Foundation, Inc.
This is free software; see the source for copying conditions.  There is NO
warranty; not even for MERCHANTABILITY or FITNESS FOR A PARTICULAR PURPOSE.

configure:3586: $? = 0
configure:3575: gcc -v >&5
Using built-in specs.
COLLECT_GCC=gcc
COLLECT_LTO_WRAPPER=/usr/lib/gcc/x86_64-linux-gnu/9/lto-wrapper
OFFLOAD_TARGET_NAMES=nvptx-none:hsa
OFFLOAD_TARGET_DEFAULT=1
Target: x86_64-linux-gnu
Configured with: ../src/configure -v --with-pkgversion='Ubuntu 9.3.0-17ubuntu1~20.04' --with-bugurl=file:///usr/share/doc/gcc-9/README.Bugs --enable-languages=c,ada,c++,go,brig,d,fortran,objc,obj-c++,gm2 --prefix=/usr --with-gcc-major-version-only --program-suffix=-9 --program-prefix=x86_64-linux-gnu- --enable-shared --enable-linker-build-id --libexecdir=/usr/lib --without-included-gettext --enable-threads=posix --libdir=/usr/lib --enable-nls --enable-clocale=gnu --enable-libstdcxx-debug --enable-libstdcxx-time=yes --with-default-libstdcxx-abi=new --enable-gnu-unique-object --disable-vtable-verify --enable-plugin --enable-default-pie --with-system-zlib --with-target-system-zlib=auto --enable-objc-gc=auto --enable-multiarch --disable-werror --with-arch-32=i686 --with-abi=m64 --with-multilib-list=m32,m64,mx32 --enable-multilib --with-tune=generic --enable-offload-targets=nvptx-none=/build/gcc-9-HskZEa/gcc-9-9.3.0/debian/tmp-nvptx/usr,hsa --without-cuda-driver --enable-checking=release --build=x86_64-linux-gnu --host=x86_64-linux-gnu --target=x86_64-linux-gnu
Thread model: posix
gcc version 9.3.0 (Ubuntu 9.3.0-17ubuntu1~20.04) 
configure:3586: $? = 0
configure:3575: gcc -V >&5
gcc: error: unrecognized command line option '-V'
gcc: fatal error: no input files
compilation terminated.
configure:3586: $? = 1
configure:3575: gcc -qversion >&5
gcc: error: unrecognized command line option '-qversion'; did you mean '--version'?
gcc: fatal error: no input files
compilation terminated.
configure:3586: $? = 1
configure:3606: checking for C compiler default output file name
configure:3628: gcc -g -O2  -static-libstdc++ -static-libgcc  conftest.c  >&5
configure:3632: $? = 0
configure:3669: result: a.out
configure:3685: checking whether the C compiler works
configure:3694: ./a.out
configure:3698: $? = 0
configure:3713: result: yes
configure:3720: checking whether we are cross compiling
configure:3722: result: no
configure:3725: checking for suffix of executables
configure:3732: gcc -o conftest -g -O2  -static-libstdc++ -static-libgcc  conftest.c  >&5
configure:3736: $? = 0
configure:3758: result: 
configure:3764: checking for suffix of object files
configure:3786: gcc -c -g -O2  conftest.c >&5
configure:3790: $? = 0
configure:3811: result: o
configure:3815: checking whether we are using the GNU C compiler
configure:3834: gcc -c -g -O2  conftest.c >&5
configure:3834: $? = 0
configure:3843: result: yes
configure:3852: checking whether gcc accepts -g
configure:3872: gcc -c -g  conftest.c >&5
configure:3872: $? = 0
configure:3913: result: yes
configure:3930: checking for gcc option to accept ISO C89
configure:3994: gcc  -c -g -O2  conftest.c >&5
configure:3994: $? = 0
configure:4007: result: none needed
configure:4033: checking how to run the C preprocessor
configure:4064: gcc -E  conftest.c
configure:4064: $? = 0
configure:4078: gcc -E  conftest.c
conftest.c:9:10: fatal error: ac_nonexistent.h: No such file or directory
    9 | #include <ac_nonexistent.h>
      |          ^~~~~~~~~~~~~~~~~~
compilation terminated.
configure:4078: $? = 1
configure: failed program was:
| /* confdefs.h */
| #define PACKAGE_NAME "fixincludes"
| #define PACKAGE_TARNAME "fixincludes"
| #define PACKAGE_VERSION " "
| #define PACKAGE_STRING "fixincludes  "
| #define PACKAGE_BUGREPORT ""
| #define PACKAGE_URL ""
| /* end confdefs.h.  */
| #include <ac_nonexistent.h>
configure:4103: result: gcc -E
configure:4123: gcc -E  conftest.c
configure:4123: $? = 0
configure:4137: gcc -E  conftest.c
conftest.c:9:10: fatal error: ac_nonexistent.h: No such file or directory
    9 | #include <ac_nonexistent.h>
      |          ^~~~~~~~~~~~~~~~~~
compilation terminated.
configure:4137: $? = 1
configure: failed program was:
| /* confdefs.h */
| #define PACKAGE_NAME "fixincludes"
| #define PACKAGE_TARNAME "fixincludes"
| #define PACKAGE_VERSION " "
| #define PACKAGE_STRING "fixincludes  "
| #define PACKAGE_BUGREPORT ""
| #define PACKAGE_URL ""
| /* end confdefs.h.  */
| #include <ac_nonexistent.h>
configure:4166: checking for grep that handles long lines and -e
configure:4224: result: /usr/bin/grep
configure:4229: checking for egrep
configure:4291: result: /usr/bin/grep -E
configure:4296: checking for ANSI C header files
configure:4316: gcc -c -g -O2  conftest.c >&5
configure:4316: $? = 0
configure:4389: gcc -o conftest -g -O2  -static-libstdc++ -static-libgcc  conftest.c  >&5
configure:4389: $? = 0
configure:4389: ./conftest
configure:4389: $? = 0
configure:4400: result: yes
configure:4413: checking for sys/types.h
configure:4413: gcc -c -g -O2  conftest.c >&5
configure:4413: $? = 0
configure:4413: result: yes
configure:4413: checking for sys/stat.h
configure:4413: gcc -c -g -O2  conftest.c >&5
configure:4413: $? = 0
configure:4413: result: yes
configure:4413: checking for stdlib.h
configure:4413: gcc -c -g -O2  conftest.c >&5
configure:4413: $? = 0
configure:4413: result: yes
configure:4413: checking for string.h
configure:4413: gcc -c -g -O2  conftest.c >&5
configure:4413: $? = 0
configure:4413: result: yes
configure:4413: checking for memory.h
configure:4413: gcc -c -g -O2  conftest.c >&5
configure:4413: $? = 0
configure:4413: result: yes
configure:4413: checking for strings.h
configure:4413: gcc -c -g -O2  conftest.c >&5
configure:4413: $? = 0
configure:4413: result: yes
configure:4413: checking for inttypes.h
configure:4413: gcc -c -g -O2  conftest.c >&5
configure:4413: $? = 0
configure:4413: result: yes
configure:4413: checking for stdint.h
configure:4413: gcc -c -g -O2  conftest.c >&5
configure:4413: $? = 0
configure:4413: result: yes
configure:4413: checking for unistd.h
configure:4413: gcc -c -g -O2  conftest.c >&5
configure:4413: $? = 0
configure:4413: result: yes
configure:4427: checking minix/config.h usability
configure:4427: gcc -c -g -O2  conftest.c >&5
conftest.c:52:10: fatal error: minix/config.h: No such file or directory
   52 | #include <minix/config.h>
      |          ^~~~~~~~~~~~~~~~
compilation terminated.
configure:4427: $? = 1
configure: failed program was:
| /* confdefs.h */
| #define PACKAGE_NAME "fixincludes"
| #define PACKAGE_TARNAME "fixincludes"
| #define PACKAGE_VERSION " "
| #define PACKAGE_STRING "fixincludes  "
| #define PACKAGE_BUGREPORT ""
| #define PACKAGE_URL ""
| #define STDC_HEADERS 1
| #define HAVE_SYS_TYPES_H 1
| #define HAVE_SYS_STAT_H 1
| #define HAVE_STDLIB_H 1
| #define HAVE_STRING_H 1
| #define HAVE_MEMORY_H 1
| #define HAVE_STRINGS_H 1
| #define HAVE_INTTYPES_H 1
| #define HAVE_STDINT_H 1
| #define HAVE_UNISTD_H 1
| /* end confdefs.h.  */
| #include <stdio.h>
| #ifdef HAVE_SYS_TYPES_H
| # include <sys/types.h>
| #endif
| #ifdef HAVE_SYS_STAT_H
| # include <sys/stat.h>
| #endif
| #ifdef STDC_HEADERS
| # include <stdlib.h>
| # include <stddef.h>
| #else
| # ifdef HAVE_STDLIB_H
| #  include <stdlib.h>
| # endif
| #endif
| #ifdef HAVE_STRING_H
| # if !defined STDC_HEADERS && defined HAVE_MEMORY_H
| #  include <memory.h>
| # endif
| # include <string.h>
| #endif
| #ifdef HAVE_STRINGS_H
| # include <strings.h>
| #endif
| #ifdef HAVE_INTTYPES_H
| # include <inttypes.h>
| #endif
| #ifdef HAVE_STDINT_H
| # include <stdint.h>
| #endif
| #ifdef HAVE_UNISTD_H
| # include <unistd.h>
| #endif
| #include <minix/config.h>
configure:4427: result: no
configure:4427: checking minix/config.h presence
configure:4427: gcc -E  conftest.c
conftest.c:19:10: fatal error: minix/config.h: No such file or directory
   19 | #include <minix/config.h>
      |          ^~~~~~~~~~~~~~~~
compilation terminated.
configure:4427: $? = 1
configure: failed program was:
| /* confdefs.h */
| #define PACKAGE_NAME "fixincludes"
| #define PACKAGE_TARNAME "fixincludes"
| #define PACKAGE_VERSION " "
| #define PACKAGE_STRING "fixincludes  "
| #define PACKAGE_BUGREPORT ""
| #define PACKAGE_URL ""
| #define STDC_HEADERS 1
| #define HAVE_SYS_TYPES_H 1
| #define HAVE_SYS_STAT_H 1
| #define HAVE_STDLIB_H 1
| #define HAVE_STRING_H 1
| #define HAVE_MEMORY_H 1
| #define HAVE_STRINGS_H 1
| #define HAVE_INTTYPES_H 1
| #define HAVE_STDINT_H 1
| #define HAVE_UNISTD_H 1
| /* end confdefs.h.  */
| #include <minix/config.h>
configure:4427: result: no
configure:4427: checking for minix/config.h
configure:4427: result: no
configure:4448: checking whether it is safe to define __EXTENSIONS__
configure:4466: gcc -c -g -O2  conftest.c >&5
configure:4466: $? = 0
configure:4473: result: yes
configure:4487: checking for a sed that does not truncate output
configure:4551: result: /usr/bin/sed
configure:4573: checking whether gcc supports -W
configure:4590: gcc -c -W  conftest.c >&5
configure:4590: $? = 0
configure:4599: result: yes
configure:4573: checking whether gcc supports -Wall
configure:4590: gcc -c -Wall  conftest.c >&5
configure:4590: $? = 0
configure:4599: result: yes
configure:4573: checking whether gcc supports -Wwrite-strings
configure:4590: gcc -c -Wwrite-strings  conftest.c >&5
configure:4590: $? = 0
configure:4599: result: yes
configure:4573: checking whether gcc supports -Wstrict-prototypes
configure:4590: gcc -c -Wstrict-prototypes  conftest.c >&5
conftest.c:26:1: warning: function declaration isn't a prototype [-Wstrict-prototypes]
   26 | main ()
      | ^~~~
configure:4590: $? = 0
configure:4599: result: yes
configure:4573: checking whether gcc supports -Wmissing-prototypes
configure:4590: gcc -c -Wmissing-prototypes  conftest.c >&5
configure:4590: $? = 0
configure:4599: result: yes
configure:4573: checking whether gcc supports -Wold-style-definition
configure:4590: gcc -c -Wold-style-definition  conftest.c >&5
conftest.c: In function 'main':
conftest.c:26:1: warning: old-style function definition [-Wold-style-definition]
   26 | main ()
      | ^~~~
configure:4590: $? = 0
configure:4599: result: yes
configure:4573: checking whether gcc supports -Wmissing-format-attribute
configure:4590: gcc -c -Wmissing-format-attribute  conftest.c >&5
configure:4590: $? = 0
configure:4599: result: yes
configure:4573: checking whether gcc supports -Woverlength-strings
configure:4590: gcc -c -Woverlength-strings  conftest.c >&5
configure:4590: $? = 0
configure:4599: result: yes
configure:4611: checking whether gcc supports -pedantic -Wlong-long
configure:4629: gcc -c -pedantic -Wlong-long  conftest.c >&5
configure:4629: $? = 0
configure:4637: result: yes
configure:4751: checking for ANSI C header files
configure:4855: result: yes
configure:4867: checking stddef.h usability
configure:4867: gcc -c -g -O2  conftest.c >&5
configure:4867: $? = 0
configure:4867: result: yes
configure:4867: checking stddef.h presence
configure:4867: gcc -E  conftest.c
configure:4867: $? = 0
configure:4867: result: yes
configure:4867: checking for stddef.h
configure:4867: result: yes
configure:4867: checking for stdlib.h
configure:4867: result: yes
configure:4867: checking for strings.h
configure:4867: result: yes
configure:4867: checking for unistd.h
configure:4867: result: yes
configure:4867: checking fcntl.h usability
configure:4867: gcc -c -g -O2  conftest.c >&5
configure:4867: $? = 0
configure:4867: result: yes
configure:4867: checking fcntl.h presence
configure:4867: gcc -E  conftest.c
configure:4867: $? = 0
configure:4867: result: yes
configure:4867: checking for fcntl.h
configure:4867: result: yes
configure:4867: checking sys/file.h usability
configure:4867: gcc -c -g -O2  conftest.c >&5
configure:4867: $? = 0
configure:4867: result: yes
configure:4867: checking sys/file.h presence
configure:4867: gcc -E  conftest.c
configure:4867: $? = 0
configure:4867: result: yes
configure:4867: checking for sys/file.h
configure:4867: result: yes
configure:4867: checking for sys/stat.h
configure:4867: result: yes
configure:4882: checking for clearerr_unlocked
configure:4882: gcc -o conftest -g -O2  -static-libstdc++ -static-libgcc  conftest.c  >&5
configure:4882: $? = 0
configure:4882: result: yes
configure:4882: checking for feof_unlocked
configure:4882: gcc -o conftest -g -O2  -static-libstdc++ -static-libgcc  conftest.c  >&5
configure:4882: $? = 0
configure:4882: result: yes
configure:4882: checking for ferror_unlocked
configure:4882: gcc -o conftest -g -O2  -static-libstdc++ -static-libgcc  conftest.c  >&5
configure:4882: $? = 0
configure:4882: result: yes
configure:4882: checking for fflush_unlocked
configure:4882: gcc -o conftest -g -O2  -static-libstdc++ -static-libgcc  conftest.c  >&5
configure:4882: $? = 0
configure:4882: result: yes
configure:4882: checking for fgetc_unlocked
configure:4882: gcc -o conftest -g -O2  -static-libstdc++ -static-libgcc  conftest.c  >&5
configure:4882: $? = 0
configure:4882: result: yes
configure:4882: checking for fgets_unlocked
configure:4882: gcc -o conftest -g -O2  -static-libstdc++ -static-libgcc  conftest.c  >&5
configure:4882: $? = 0
configure:4882: result: yes
configure:4882: checking for fileno_unlocked
configure:4882: gcc -o conftest -g -O2  -static-libstdc++ -static-libgcc  conftest.c  >&5
configure:4882: $? = 0
configure:4882: result: yes
configure:4882: checking for fprintf_unlocked
configure:4882: gcc -o conftest -g -O2  -static-libstdc++ -static-libgcc  conftest.c  >&5
conftest.c:63:6: warning: conflicting types for built-in function 'fprintf_unlocked'; expected 'int(void *, const char *, ...)' [-Wbuiltin-declaration-mismatch]
   63 | char fprintf_unlocked ();
      |      ^~~~~~~~~~~~~~~~
/usr/bin/ld: /tmp/ccRDcjWr.o: in function `main':
/home/os161user/os161/toolbuild/buildgcc/fixincludes/conftest.c:74: undefined reference to `fprintf_unlocked'
collect2: error: ld returned 1 exit status
configure:4882: $? = 1
configure: failed program was:
| /* confdefs.h */
| #define PACKAGE_NAME "fixincludes"
| #define PACKAGE_TARNAME "fixincludes"
| #define PACKAGE_VERSION " "
| #define PACKAGE_STRING "fixincludes  "
| #define PACKAGE_BUGREPORT ""
| #define PACKAGE_URL ""
| #define STDC_HEADERS 1
| #define HAVE_SYS_TYPES_H 1
| #define HAVE_SYS_STAT_H 1
| #define HAVE_STDLIB_H 1
| #define HAVE_STRING_H 1
| #define HAVE_MEMORY_H 1
| #define HAVE_STRINGS_H 1
| #define HAVE_INTTYPES_H 1
| #define HAVE_STDINT_H 1
| #define HAVE_UNISTD_H 1
| #define __EXTENSIONS__ 1
| #define _ALL_SOURCE 1
| #define _GNU_SOURCE 1
| #define _POSIX_PTHREAD_SEMANTICS 1
| #define _TANDEM_SOURCE 1
| #define EXE_EXT ""
| #define STDC_HEADERS 1
| #define HAVE_STDDEF_H 1
| #define HAVE_STDLIB_H 1
| #define HAVE_STRINGS_H 1
| #define HAVE_UNISTD_H 1
| #define HAVE_FCNTL_H 1
| #define HAVE_SYS_FILE_H 1
| #define HAVE_SYS_STAT_H 1
| #define HAVE_CLEARERR_UNLOCKED 1
| #define HAVE_FEOF_UNLOCKED 1
| #define HAVE_FERROR_UNLOCKED 1
| #define HAVE_FFLUSH_UNLOCKED 1
| #define HAVE_FGETC_UNLOCKED 1
| #define HAVE_FGETS_UNLOCKED 1
| #define HAVE_FILENO_UNLOCKED 1
| /* end confdefs.h.  */
| /* Define fprintf_unlocked to an innocuous variant, in case <limits.h> declares fprintf_unlocked.
|    For example, HP-UX 11i <limits.h> declares gettimeofday.  */
| #define fprintf_unlocked innocuous_fprintf_unlocked
| 
| /* System header to define __stub macros and hopefully few prototypes,
|     which can conflict with char fprintf_unlocked (); below.
|     Prefer <limits.h> to <assert.h> if __STDC__ is defined, since
|     <limits.h> exists even on freestanding compilers.  */
| 
| #ifdef __STDC__
| # include <limits.h>
| #else
| # include <assert.h>
| #endif
| 
| #undef fprintf_unlocked
| 
| /* Override any GCC internal prototype to avoid an error.
|    Use char because int might match the return type of a GCC
|    builtin and then its argument prototype would still apply.  */
| #ifdef __cplusplus
| extern "C"
| #endif
| char fprintf_unlocked ();
| /* The GNU C library defines this for functions which it implements
|     to always fail with ENOSYS.  Some functions are actually named
|     something starting with __ and the normal name is an alias.  */
| #if defined __stub_fprintf_unlocked || defined __stub___fprintf_unlocked
| choke me
| #endif
| 
| int
| main ()
| {
| return fprintf_unlocked ();
|   ;
|   return 0;
| }
configure:4882: result: no
configure:4882: checking for fputc_unlocked
configure:4882: gcc -o conftest -g -O2  -static-libstdc++ -static-libgcc  conftest.c  >&5
conftest.c:63:6: warning: conflicting types for built-in function 'fputc_unlocked'; expected 'int(int,  void *)' [-Wbuiltin-declaration-mismatch]
   63 | char fputc_unlocked ();
      |      ^~~~~~~~~~~~~~
configure:4882: $? = 0
configure:4882: result: yes
configure:4882: checking for fputs_unlocked
configure:4882: gcc -o conftest -g -O2  -static-libstdc++ -static-libgcc  conftest.c  >&5
conftest.c:64:6: warning: conflicting types for built-in function 'fputs_unlocked'; expected 'int(const char *, void *)' [-Wbuiltin-declaration-mismatch]
   64 | char fputs_unlocked ();
      |      ^~~~~~~~~~~~~~
configure:4882: $? = 0
configure:4882: result: yes
configure:4882: checking for fread_unlocked
configure:4882: gcc -o conftest -g -O2  -static-libstdc++ -static-libgcc  conftest.c  >&5
configure:4882: $? = 0
configure:4882: result: yes
configure:4882: checking for fwrite_unlocked
configure:4882: gcc -o conftest -g -O2  -static-libstdc++ -static-libgcc  conftest.c  >&5
conftest.c:66:6: warning: conflicting types for built-in function 'fwrite_unlocked'; expected 'long unsigned int(const void *, long unsigned int,  long unsigned int,  void *)' [-Wbuiltin-declaration-mismatch]
   66 | char fwrite_unlocked ();
      |      ^~~~~~~~~~~~~~~
configure:4882: $? = 0
configure:4882: result: yes
configure:4882: checking for getchar_unlocked
configure:4882: gcc -o conftest -g -O2  -static-libstdc++ -static-libgcc  conftest.c  >&5
configure:4882: $? = 0
configure:4882: result: yes
configure:4882: checking for getc_unlocked
configure:4882: gcc -o conftest -g -O2  -static-libstdc++ -static-libgcc  conftest.c  >&5
configure:4882: $? = 0
configure:4882: result: yes
configure:4882: checking for putchar_unlocked
configure:4882: gcc -o conftest -g -O2  -static-libstdc++ -static-libgcc  conftest.c  >&5
conftest.c:69:6: warning: conflicting types for built-in function 'putchar_unlocked'; expected 'int(int)' [-Wbuiltin-declaration-mismatch]
   69 | char putchar_unlocked ();
      |      ^~~~~~~~~~~~~~~~
configure:4882: $? = 0
configure:4882: result: yes
configure:4882: checking for putc_unlocked
configure:4882: gcc -o conftest -g -O2  -static-libstdc++ -static-libgcc  conftest.c  >&5
conftest.c:70:6: warning: conflicting types for built-in function 'putc_unlocked'; expected 'int(int,  void *)' [-Wbuiltin-declaration-mismatch]
   70 | char putc_unlocked ();
      |      ^~~~~~~~~~~~~
configure:4882: $? = 0
configure:4882: result: yes
configure:4892: checking whether abort is declared
configure:4892: gcc -c -g -O2  conftest.c >&5
configure:4892: $? = 0
configure:4892: result: yes
configure:4902: checking whether asprintf is declared
configure:4902: gcc -c -g -O2  conftest.c >&5
configure:4902: $? = 0
configure:4902: result: yes
configure:4912: checking whether basename is declared
configure:4912: gcc -c -g -O2  conftest.c >&5
configure:4912: $? = 0
configure:4912: result: yes
configure:4922: checking whether errno is declared
configure:4922: gcc -c -g -O2  conftest.c >&5
conftest.c: In function 'main':
conftest.c:91:10: error: 'errno' undeclared (first use in this function)
   91 |   (void) errno;
      |          ^~~~~
conftest.c:83:1: note: 'errno' is defined in header '<errno.h>'; did you forget to '#include <errno.h>'?
   82 | # include <unistd.h>
   83 | #endif
conftest.c:91:10: note: each undeclared identifier is reported only once for each function it appears in
   91 |   (void) errno;
      |          ^~~~~
configure:4922: $? = 1
configure: failed program was:
| /* confdefs.h */
| #define PACKAGE_NAME "fixincludes"
| #define PACKAGE_TARNAME "fixincludes"
| #define PACKAGE_VERSION " "
| #define PACKAGE_STRING "fixincludes  "
| #define PACKAGE_BUGREPORT ""
| #define PACKAGE_URL ""
| #define STDC_HEADERS 1
| #define HAVE_SYS_TYPES_H 1
| #define HAVE_SYS_STAT_H 1
| #define HAVE_STDLIB_H 1
| #define HAVE_STRING_H 1
| #define HAVE_MEMORY_H 1
| #define HAVE_STRINGS_H 1
| #define HAVE_INTTYPES_H 1
| #define HAVE_STDINT_H 1
| #define HAVE_UNISTD_H 1
| #define __EXTENSIONS__ 1
| #define _ALL_SOURCE 1
| #define _GNU_SOURCE 1
| #define _POSIX_PTHREAD_SEMANTICS 1
| #define _TANDEM_SOURCE 1
| #define EXE_EXT ""
| #define STDC_HEADERS 1
| #define HAVE_STDDEF_H 1
| #define HAVE_STDLIB_H 1
| #define HAVE_STRINGS_H 1
| #define HAVE_UNISTD_H 1
| #define HAVE_FCNTL_H 1
| #define HAVE_SYS_FILE_H 1
| #define HAVE_SYS_STAT_H 1
| #define HAVE_CLEARERR_UNLOCKED 1
| #define HAVE_FEOF_UNLOCKED 1
| #define HAVE_FERROR_UNLOCKED 1
| #define HAVE_FFLUSH_UNLOCKED 1
| #define HAVE_FGETC_UNLOCKED 1
| #define HAVE_FGETS_UNLOCKED 1
| #define HAVE_FILENO_UNLOCKED 1
| #define HAVE_FPUTC_UNLOCKED 1
| #define HAVE_FPUTS_UNLOCKED 1
| #define HAVE_FREAD_UNLOCKED 1
| #define HAVE_FWRITE_UNLOCKED 1
| #define HAVE_GETCHAR_UNLOCKED 1
| #define HAVE_GETC_UNLOCKED 1
| #define HAVE_PUTCHAR_UNLOCKED 1
| #define HAVE_PUTC_UNLOCKED 1
| #define HAVE_DECL_ABORT 1
| #define HAVE_DECL_ASPRINTF 1
| #define HAVE_DECL_BASENAME 1
| /* end confdefs.h.  */
| #include <stdio.h>
| #ifdef HAVE_SYS_TYPES_H
| # include <sys/types.h>
| #endif
| #ifdef HAVE_SYS_STAT_H
| # include <sys/stat.h>
| #endif
| #ifdef STDC_HEADERS
| # include <stdlib.h>
| # include <stddef.h>
| #else
| # ifdef HAVE_STDLIB_H
| #  include <stdlib.h>
| # endif
| #endif
| #ifdef HAVE_STRING_H
| # if !defined STDC_HEADERS && defined HAVE_MEMORY_H
| #  include <memory.h>
| # endif
| # include <string.h>
| #endif
| #ifdef HAVE_STRINGS_H
| # include <strings.h>
| #endif
| #ifdef HAVE_INTTYPES_H
| # include <inttypes.h>
| #endif
| #ifdef HAVE_STDINT_H
| # include <stdint.h>
| #endif
| #ifdef HAVE_UNISTD_H
| # include <unistd.h>
| #endif
| int
| main ()
| {
| #ifndef errno
| #ifdef __cplusplus
|   (void) errno;
| #else
|   (void) errno;
| #endif
| #endif
| 
|   ;
|   return 0;
| }
configure:4922: result: no
configure:4932: checking whether vasprintf is declared
configure:4932: gcc -c -g -O2  conftest.c >&5
configure:4932: $? = 0
configure:4932: result: yes
configure:4943: checking whether clearerr_unlocked is declared
configure:4943: gcc -c -g -O2  conftest.c >&5
configure:4943: $? = 0
configure:4943: result: yes
configure:4953: checking whether feof_unlocked is declared
configure:4953: gcc -c -g -O2  conftest.c >&5
configure:4953: $? = 0
configure:4953: result: yes
configure:4963: checking whether ferror_unlocked is declared
configure:4963: gcc -c -g -O2  conftest.c >&5
configure:4963: $? = 0
configure:4963: result: yes
configure:4973: checking whether fflush_unlocked is declared
configure:4973: gcc -c -g -O2  conftest.c >&5
configure:4973: $? = 0
configure:4973: result: yes
configure:4983: checking whether fgetc_unlocked is declared
configure:4983: gcc -c -g -O2  conftest.c >&5
configure:4983: $? = 0
configure:4983: result: yes
configure:4993: checking whether fgets_unlocked is declared
configure:4993: gcc -c -g -O2  conftest.c >&5
configure:4993: $? = 0
configure:4993: result: yes
configure:5003: checking whether fileno_unlocked is declared
configure:5003: gcc -c -g -O2  conftest.c >&5
configure:5003: $? = 0
configure:5003: result: yes
configure:5013: checking whether fprintf_unlocked is declared
configure:5013: gcc -c -g -O2  conftest.c >&5
conftest.c: In function 'main':
conftest.c:100:10: error: 'fprintf_unlocked' undeclared (first use in this function); did you mean 'fwrite_unlocked'?
  100 |   (void) fprintf_unlocked;
      |          ^~~~~~~~~~~~~~~~
      |          fwrite_unlocked
conftest.c:100:10: note: each undeclared identifier is reported only once for each function it appears in
configure:5013: $? = 1
configure: failed program was:
| /* confdefs.h */
| #define PACKAGE_NAME "fixincludes"
| #define PACKAGE_TARNAME "fixincludes"
| #define PACKAGE_VERSION " "
| #define PACKAGE_STRING "fixincludes  "
| #define PACKAGE_BUGREPORT ""
| #define PACKAGE_URL ""
| #define STDC_HEADERS 1
| #define HAVE_SYS_TYPES_H 1
| #define HAVE_SYS_STAT_H 1
| #define HAVE_STDLIB_H 1
| #define HAVE_STRING_H 1
| #define HAVE_MEMORY_H 1
| #define HAVE_STRINGS_H 1
| #define HAVE_INTTYPES_H 1
| #define HAVE_STDINT_H 1
| #define HAVE_UNISTD_H 1
| #define __EXTENSIONS__ 1
| #define _ALL_SOURCE 1
| #define _GNU_SOURCE 1
| #define _POSIX_PTHREAD_SEMANTICS 1
| #define _TANDEM_SOURCE 1
| #define EXE_EXT ""
| #define STDC_HEADERS 1
| #define HAVE_STDDEF_H 1
| #define HAVE_STDLIB_H 1
| #define HAVE_STRINGS_H 1
| #define HAVE_UNISTD_H 1
| #define HAVE_FCNTL_H 1
| #define HAVE_SYS_FILE_H 1
| #define HAVE_SYS_STAT_H 1
| #define HAVE_CLEARERR_UNLOCKED 1
| #define HAVE_FEOF_UNLOCKED 1
| #define HAVE_FERROR_UNLOCKED 1
| #define HAVE_FFLUSH_UNLOCKED 1
| #define HAVE_FGETC_UNLOCKED 1
| #define HAVE_FGETS_UNLOCKED 1
| #define HAVE_FILENO_UNLOCKED 1
| #define HAVE_FPUTC_UNLOCKED 1
| #define HAVE_FPUTS_UNLOCKED 1
| #define HAVE_FREAD_UNLOCKED 1
| #define HAVE_FWRITE_UNLOCKED 1
| #define HAVE_GETCHAR_UNLOCKED 1
| #define HAVE_GETC_UNLOCKED 1
| #define HAVE_PUTCHAR_UNLOCKED 1
| #define HAVE_PUTC_UNLOCKED 1
| #define HAVE_DECL_ABORT 1
| #define HAVE_DECL_ASPRINTF 1
| #define HAVE_DECL_BASENAME 1
| #define HAVE_DECL_ERRNO 0
| #define HAVE_DECL_VASPRINTF 1
| #define HAVE_DECL_CLEARERR_UNLOCKED 1
| #define HAVE_DECL_FEOF_UNLOCKED 1
| #define HAVE_DECL_FERROR_UNLOCKED 1
| #define HAVE_DECL_FFLUSH_UNLOCKED 1
| #define HAVE_DECL_FGETC_UNLOCKED 1
| #define HAVE_DECL_FGETS_UNLOCKED 1
| #define HAVE_DECL_FILENO_UNLOCKED 1
| /* end confdefs.h.  */
| #include <stdio.h>
| #ifdef HAVE_SYS_TYPES_H
| # include <sys/types.h>
| #endif
| #ifdef HAVE_SYS_STAT_H
| # include <sys/stat.h>
| #endif
| #ifdef STDC_HEADERS
| # include <stdlib.h>
| # include <stddef.h>
| #else
| # ifdef HAVE_STDLIB_H
| #  include <stdlib.h>
| # endif
| #endif
| #ifdef HAVE_STRING_H
| # if !defined STDC_HEADERS && defined HAVE_MEMORY_H
| #  include <memory.h>
| # endif
| # include <string.h>
| #endif
| #ifdef HAVE_STRINGS_H
| # include <strings.h>
| #endif
| #ifdef HAVE_INTTYPES_H
| # include <inttypes.h>
| #endif
| #ifdef HAVE_STDINT_H
| # include <stdint.h>
| #endif
| #ifdef HAVE_UNISTD_H
| # include <unistd.h>
| #endif
| int
| main ()
| {
| #ifndef fprintf_unlocked
| #ifdef __cplusplus
|   (void) fprintf_unlocked;
| #else
|   (void) fprintf_unlocked;
| #endif
| #endif
| 
|   ;
|   return 0;
| }
configure:5013: result: no
configure:5023: checking whether fputc_unlocked is declared
configure:5023: gcc -c -g -O2  conftest.c >&5
configure:5023: $? = 0
configure:5023: result: yes
configure:5033: checking whether fputs_unlocked is declared
configure:5033: gcc -c -g -O2  conftest.c >&5
configure:5033: $? = 0
configure:5033: result: yes
configure:5043: checking whether fread_unlocked is declared
configure:5043: gcc -c -g -O2  conftest.c >&5
configure:5043: $? = 0
configure:5043: result: yes
configure:5053: checking whether fwrite_unlocked is declared
configure:5053: gcc -c -g -O2  conftest.c >&5
configure:5053: $? = 0
configure:5053: result: yes
configure:5063: checking whether getchar_unlocked is declared
configure:5063: gcc -c -g -O2  conftest.c >&5
configure:5063: $? = 0
configure:5063: result: yes
configure:5073: checking whether getc_unlocked is declared
configure:5073: gcc -c -g -O2  conftest.c >&5
configure:5073: $? = 0
configure:5073: result: yes
configure:5083: checking whether putchar_unlocked is declared
configure:5083: gcc -c -g -O2  conftest.c >&5
configure:5083: $? = 0
configure:5083: result: yes
configure:5093: checking whether putc_unlocked is declared
configure:5093: gcc -c -g -O2  conftest.c >&5
configure:5093: $? = 0
configure:5093: result: yes
configure:5106: checking for an ANSI C-conforming const
configure:5171: gcc -c -g -O2  conftest.c >&5
configure:5171: $? = 0
configure:5178: result: yes
configure:5189: checking sys/mman.h usability
configure:5189: gcc -c -g -O2  conftest.c >&5
configure:5189: $? = 0
configure:5189: result: yes
configure:5189: checking sys/mman.h presence
configure:5189: gcc -E  conftest.c
configure:5189: $? = 0
configure:5189: result: yes
configure:5189: checking for sys/mman.h
configure:5189: result: yes
configure:5197: checking for mmap
configure:5197: gcc -o conftest -g -O2  -static-libstdc++ -static-libgcc  conftest.c  >&5
configure:5197: $? = 0
configure:5197: result: yes
configure:5210: checking whether read-only mmap of a plain file works
configure:5227: result: yes
configure:5229: checking whether mmap from /dev/zero works
configure:5251: result: yes
configure:5255: checking for MAP_ANON(YMOUS)
configure:5278: gcc -c -g -O2  conftest.c >&5
configure:5278: $? = 0
configure:5285: result: yes
configure:5291: checking whether mmap with MAP_ANON(YMOUS) works
configure:5308: result: yes
configure:5330: checking whether to enable maintainer-specific portions of Makefiles
configure:5339: result: no
configure:5414: updating cache ./config.cache
configure:5451: creating ./config.status

## ---------------------- ##
## Running config.status. ##
## ---------------------- ##

This file was extended by fixincludes config.status  , which was
generated by GNU Autoconf 2.64.  Invocation command line was

  CONFIG_FILES    = 
  CONFIG_HEADERS  = 
  CONFIG_LINKS    = 
  CONFIG_COMMANDS = 
  $ ./config.status 

on os161user-VirtualBox

config.status:866: creating Makefile
config.status:866: creating mkheaders.almost
config.status:866: creating config.h

## ---------------- ##
## Cache variables. ##
## ---------------- ##

ac_cv_build=x86_64-unknown-linux-gnu
ac_cv_c_compiler_gnu=yes
ac_cv_c_const=yes
ac_cv_env_CC_set=set
ac_cv_env_CC_value=gcc
ac_cv_env_CFLAGS_set=set
ac_cv_env_CFLAGS_value='-g -O2'
ac_cv_env_CPPFLAGS_set=
ac_cv_env_CPPFLAGS_value=
ac_cv_env_CPP_set=
ac_cv_env_CPP_value=
ac_cv_env_LDFLAGS_set=set
ac_cv_env_LDFLAGS_value='-static-libstdc++ -static-libgcc '
ac_cv_env_LIBS_set=
ac_cv_env_LIBS_value=
ac_cv_env_build_alias_set=set
ac_cv_env_build_alias_value=x86_64-unknown-linux-gnu
ac_cv_env_host_alias_set=set
ac_cv_env_host_alias_value=x86_64-unknown-linux-gnu
ac_cv_env_target_alias_set=set
ac_cv_env_target_alias_value=mips-harvard-os161
ac_cv_func_clearerr_unlocked=yes
ac_cv_func_feof_unlocked=yes
ac_cv_func_ferror_unlocked=yes
ac_cv_func_fflush_unlocked=yes
ac_cv_func_fgetc_unlocked=yes
ac_cv_func_fgets_unlocked=yes
ac_cv_func_fileno_unlocked=yes
ac_cv_func_fprintf_unlocked=no
ac_cv_func_fputc_unlocked=yes
ac_cv_func_fputs_unlocked=yes
ac_cv_func_fread_unlocked=yes
ac_cv_func_fwrite_unlocked=yes
ac_cv_func_getc_unlocked=yes
ac_cv_func_getchar_unlocked=yes
ac_cv_func_mmap=yes
ac_cv_func_putc_unlocked=yes
ac_cv_func_putchar_unlocked=yes
ac_cv_have_decl_abort=yes
ac_cv_have_decl_asprintf=yes
ac_cv_have_decl_basename_char_p_=yes
ac_cv_have_decl_clearerr_unlocked=yes
ac_cv_have_decl_errno=no
ac_cv_have_decl_feof_unlocked=yes
ac_cv_have_decl_ferror_unlocked=yes
ac_cv_have_decl_fflush_unlocked=yes
ac_cv_have_decl_fgetc_unlocked=yes
ac_cv_have_decl_fgets_unlocked=yes
ac_cv_have_decl_fileno_unlocked=yes
ac_cv_have_decl_fprintf_unlocked=no
ac_cv_have_decl_fputc_unlocked=yes
ac_cv_have_decl_fputs_unlocked=yes
ac_cv_have_decl_fread_unlocked=yes
ac_cv_have_decl_fwrite_unlocked=yes
ac_cv_have_decl_getc_unlocked=yes
ac_cv_have_decl_getchar_unlocked=yes
ac_cv_have_decl_putc_unlocked=yes
ac_cv_have_decl_putchar_unlocked=yes
ac_cv_have_decl_vasprintf=yes
ac_cv_header_fcntl_h=yes
ac_cv_header_inttypes_h=yes
ac_cv_header_memory_h=yes
ac_cv_header_minix_config_h=no
ac_cv_header_stdc=yes
ac_cv_header_stddef_h=yes
ac_cv_header_stdint_h=yes
ac_cv_header_stdlib_h=yes
ac_cv_header_string_h=yes
ac_cv_header_strings_h=yes
ac_cv_header_sys_file_h=yes
ac_cv_header_sys_mman_h=yes
ac_cv_header_sys_stat_h=yes
ac_cv_header_sys_types_h=yes
ac_cv_header_unistd_h=yes
ac_cv_host=x86_64-unknown-linux-gnu
ac_cv_objext=o
ac_cv_path_EGREP='/usr/bin/grep -E'
ac_cv_path_GREP=/usr/bin/grep
ac_cv_path_SED=/usr/bin/sed
ac_cv_prog_CC=gcc
ac_cv_prog_CPP='gcc -E'
ac_cv_prog_cc_c89=
ac_cv_prog_cc_g=yes
ac_cv_safe_to_define___extensions__=yes
ac_cv_target=mips-harvard-os161
acx_cv_prog_cc_pedantic__Wlong_long=yes
acx_cv_prog_cc_warning__W=yes
acx_cv_prog_cc_warning__Wall=yes
acx_cv_prog_cc_warning__Wmissing_format_attribute=yes
acx_cv_prog_cc_warning__Wmissing_prototypes=yes
acx_cv_prog_cc_warning__Wold_style_definition=yes
acx_cv_prog_cc_warning__Woverlength_strings=yes
acx_cv_prog_cc_warning__Wstrict_prototypes=yes
acx_cv_prog_cc_warning__Wwrite_strings=yes
gcc_cv_decl_map_anon=yes
gcc_cv_func_mmap_anon=yes
gcc_cv_func_mmap_dev_zero=yes
gcc_cv_func_mmap_file=yes

## ----------------- ##
## Output variables. ##
## ----------------- ##

CC='gcc'
CFLAGS='-g -O2'
CPP='gcc -E'
CPPFLAGS=''
DEFS='-DHAVE_CONFIG_H'
ECHO_C=''
ECHO_N='-n'
ECHO_T=''
EGREP='/usr/bin/grep -E'
EXEEXT=''
GREP='/usr/bin/grep'
LDFLAGS='-static-libstdc++ -static-libgcc '
LIBOBJS=''
LIBS=''
LTLIBOBJS=''
MAINT='#'
OBJEXT='o'
PACKAGE_BUGREPORT=''
PACKAGE_NAME='fixincludes'
PACKAGE_STRING='fixincludes  '
PACKAGE_TARNAME='fixincludes'
PACKAGE_URL=''
PACKAGE_VERSION=' '
PATH_SEPARATOR=':'
SED='/usr/bin/sed'
SHELL='/bin/bash'
TARGET='oneprocess'
WARN_CFLAGS='-W -Wall -Wwrite-strings -Wstrict-prototypes -Wmissing-prototypes -Wold-style-definition -Wmissing-format-attribute -Wno-overlength-strings'
WARN_PEDANTIC='-pedantic -Wno-long-long'
WERROR=''
ac_ct_CC=''
bindir='${exec_prefix}/bin'
build='x86_64-unknown-linux-gnu'
build_alias='x86_64-unknown-linux-gnu'
build_cpu='x86_64'
build_os='linux-gnu'
build_vendor='unknown'
datadir='${datarootdir}'
datarootdir='${prefix}/share'
docdir='${datarootdir}/doc/${PACKAGE_TARNAME}'
dvidir='${docdir}'
exec_prefix='${prefix}'
host='x86_64-unknown-linux-gnu'
host_alias='x86_64-unknown-linux-gnu'
host_cpu='x86_64'
host_os='linux-gnu'
host_vendor='unknown'
htmldir='${docdir}'
includedir='${prefix}/include'
infodir='${datarootdir}/info'
libdir='${exec_prefix}/lib'
libexecdir='${exec_prefix}/libexec'
localedir='${datarootdir}/locale'
localstatedir='${prefix}/var'
mandir='${datarootdir}/man'
oldincludedir='/usr/include'
pdfdir='${docdir}'
prefix='/home/os161user/os161/tools'
program_transform_name='s&^&mips-harvard-os161-&'
psdir='${docdir}'
sbindir='${exec_prefix}/sbin'
sharedstatedir='${prefix}/com'
sysconfdir='${prefix}/etc'
target='mips-harvard-os161'
target_alias='mips-harvard-os161'
target_cpu='mips'
target_noncanonical='mips-harvard-os161'
target_os='os161'
target_vendor='harvard'

## ----------- ##
## confdefs.h. ##
## ----------- ##

/* confdefs.h */
#define PACKAGE_NAME "fixincludes"
#define PACKAGE_TARNAME "fixincludes"
#define PACKAGE_VERSION " "
#define PACKAGE_STRING "fixincludes  "
#define PACKAGE_BUGREPORT ""
#define PACKAGE_URL ""
#define STDC_HEADERS 1
#define HAVE_SYS_TYPES_H 1
#define HAVE_SYS_STAT_H 1
#define HAVE_STDLIB_H 1
#define HAVE_STRING_H 1
#define HAVE_MEMORY_H 1
#define HAVE_STRINGS_H 1
#define HAVE_INTTYPES_H 1
#define HAVE_STDINT_H 1
#define HAVE_UNISTD_H 1
#define __EXTENSIONS__ 1
#define _ALL_SOURCE 1
#define _GNU_SOURCE 1
#define _POSIX_PTHREAD_SEMANTICS 1
#define _TANDEM_SOURCE 1
#define EXE_EXT ""
#define STDC_HEADERS 1
#define HAVE_STDDEF_H 1
#define HAVE_STDLIB_H 1
#define HAVE_STRINGS_H 1
#define HAVE_UNISTD_H 1
#define HAVE_FCNTL_H 1
#define HAVE_SYS_FILE_H 1
#define HAVE_SYS_STAT_H 1
#define HAVE_CLEARERR_UNLOCKED 1
#define HAVE_FEOF_UNLOCKED 1
#define HAVE_FERROR_UNLOCKED 1
#define HAVE_FFLUSH_UNLOCKED 1
#define HAVE_FGETC_UNLOCKED 1
#define HAVE_FGETS_UNLOCKED 1
#define HAVE_FILENO_UNLOCKED 1
#define HAVE_FPUTC_UNLOCKED 1
#define HAVE_FPUTS_UNLOCKED 1
#define HAVE_FREAD_UNLOCKED 1
#define HAVE_FWRITE_UNLOCKED 1
#define HAVE_GETCHAR_UNLOCKED 1
#define HAVE_GETC_UNLOCKED 1
#define HAVE_PUTCHAR_UNLOCKED 1
#define HAVE_PUTC_UNLOCKED 1
#define HAVE_DECL_ABORT 1
#define HAVE_DECL_ASPRINTF 1
#define HAVE_DECL_BASENAME 1
#define HAVE_DECL_ERRNO 0
#define HAVE_DECL_VASPRINTF 1
#define HAVE_DECL_CLEARERR_UNLOCKED 1
#define HAVE_DECL_FEOF_UNLOCKED 1
#define HAVE_DECL_FERROR_UNLOCKED 1
#define HAVE_DECL_FFLUSH_UNLOCKED 1
#define HAVE_DECL_FGETC_UNLOCKED 1
#define HAVE_DECL_FGETS_UNLOCKED 1
#define HAVE_DECL_FILENO_UNLOCKED 1
#define HAVE_DECL_FPRINTF_UNLOCKED 0
#define HAVE_DECL_FPUTC_UNLOCKED 1
#define HAVE_DECL_FPUTS_UNLOCKED 1
#define HAVE_DECL_FREAD_UNLOCKED 1
#define HAVE_DECL_FWRITE_UNLOCKED 1
#define HAVE_DECL_GETCHAR_UNLOCKED 1
#define HAVE_DECL_GETC_UNLOCKED 1
#define HAVE_DECL_PUTCHAR_UNLOCKED 1
#define HAVE_DECL_PUTC_UNLOCKED 1
#define HAVE_MMAP_FILE 1
#define HAVE_MMAP_DEV_ZERO 1
#define HAVE_MMAP_ANON 1
#define SED_PROGRAM "/usr/bin/sed"

configure: exit 0
