This file contains any messages produced by compilers while
running configure, to aid debugging if configure makes a mistake.

It was created by configure, which was
generated by GNU Autoconf 2.64.  Invocation command line was

  $ ./configure --target=mips-harvard-os161 --prefix=/home/os161user/os161/tools

## --------- ##
## Platform. ##
## --------- ##

hostname = os161user-VirtualBox
uname -m = x86_64
uname -r = 5.8.0-45-generic
uname -s = Linux
uname -v = #51~20.04.1-Ubuntu SMP Tue Feb 23 13:46:31 UTC 2021

/usr/bin/uname -p = x86_64
/bin/uname -X     = unknown

/bin/arch              = x86_64
/usr/bin/arch -k       = unknown
/usr/convex/getsysinfo = unknown
/usr/bin/hostinfo      = unknown
/bin/machine           = unknown
/usr/bin/oslevel       = unknown
/bin/universe          = unknown

PATH: /home/os161user/os161/tools/bin
PATH: /usr/local/sbin
PATH: /usr/local/bin
PATH: /usr/sbin
PATH: /usr/bin
PATH: /sbin
PATH: /bin
PATH: /usr/games
PATH: /usr/local/games
PATH: /snap/bin


## ----------- ##
## Core tests. ##
## ----------- ##

configure:2318: checking build system type
configure:2332: result: x86_64-unknown-linux-gnu
configure:2379: checking host system type
configure:2392: result: x86_64-unknown-linux-gnu
configure:2412: checking target system type
configure:2425: result: mips-harvard-os161
configure:2479: checking for a BSD-compatible install
configure:2547: result: /usr/bin/install -c
configure:2558: checking whether ln works
configure:2580: result: yes
configure:2584: checking whether ln -s works
configure:2588: result: yes
configure:2595: checking for a sed that does not truncate output
configure:2659: result: /usr/bin/sed
configure:2668: checking for gawk
configure:2698: result: no
configure:2668: checking for mawk
configure:2684: found /usr/bin/mawk
configure:2695: result: mawk
configure:3966: checking for gcc
configure:3982: found /usr/bin/gcc
configure:3993: result: gcc
configure:4222: checking for C compiler version
configure:4231: gcc --version >&5
gcc (Ubuntu 9.3.0-17ubuntu1~20.04) 9.3.0
Copyright (C) 2019 Free Software Foundation, Inc.
This is free software; see the source for copying conditions.  There is NO
warranty; not even for MERCHANTABILITY or FITNESS FOR A PARTICULAR PURPOSE.

configure:4242: $? = 0
configure:4231: gcc -v >&5
Using built-in specs.
COLLECT_GCC=gcc
COLLECT_LTO_WRAPPER=/usr/lib/gcc/x86_64-linux-gnu/9/lto-wrapper
OFFLOAD_TARGET_NAMES=nvptx-none:hsa
OFFLOAD_TARGET_DEFAULT=1
Target: x86_64-linux-gnu
Configured with: ../src/configure -v --with-pkgversion='Ubuntu 9.3.0-17ubuntu1~20.04' --with-bugurl=file:///usr/share/doc/gcc-9/README.Bugs --enable-languages=c,ada,c++,go,brig,d,fortran,objc,obj-c++,gm2 --prefix=/usr --with-gcc-major-version-only --program-suffix=-9 --program-prefix=x86_64-linux-gnu- --enable-shared --enable-linker-build-id --libexecdir=/usr/lib --without-included-gettext --enable-threads=posix --libdir=/usr/lib --enable-nls --enable-clocale=gnu --enable-libstdcxx-debug --enable-libstdcxx-time=yes --with-default-libstdcxx-abi=new --enable-gnu-unique-object --disable-vtable-verify --enable-plugin --enable-default-pie --with-system-zlib --with-target-system-zlib=auto --enable-objc-gc=auto --enable-multiarch --disable-werror --with-arch-32=i686 --with-abi=m64 --with-multilib-list=m32,m64,mx32 --enable-multilib --with-tune=generic --enable-offload-targets=nvptx-none=/build/gcc-9-HskZEa/gcc-9-9.3.0/debian/tmp-nvptx/usr,hsa --without-cuda-driver --enable-checking=release --build=x86_64-linux-gnu --host=x86_64-linux-gnu --target=x86_64-linux-gnu
Thread model: posix
gcc version 9.3.0 (Ubuntu 9.3.0-17ubuntu1~20.04) 
configure:4242: $? = 0
configure:4231: gcc -V >&5
gcc: error: unrecognized command line option '-V'
gcc: fatal error: no input files
compilation terminated.
configure:4242: $? = 1
configure:4231: gcc -qversion >&5
gcc: error: unrecognized command line option '-qversion'; did you mean '--version'?
gcc: fatal error: no input files
compilation terminated.
configure:4242: $? = 1
configure:4262: checking for C compiler default output file name
configure:4284: gcc    conftest.c  >&5
configure:4288: $? = 0
configure:4325: result: a.out
configure:4341: checking whether the C compiler works
configure:4350: ./a.out
configure:4354: $? = 0
configure:4369: result: yes
configure:4376: checking whether we are cross compiling
configure:4378: result: no
configure:4381: checking for suffix of executables
configure:4388: gcc -o conftest    conftest.c  >&5
configure:4392: $? = 0
configure:4414: result: 
configure:4420: checking for suffix of object files
configure:4442: gcc -c   conftest.c >&5
configure:4446: $? = 0
configure:4467: result: o
configure:4471: checking whether we are using the GNU C compiler
configure:4490: gcc -c   conftest.c >&5
configure:4490: $? = 0
configure:4499: result: yes
configure:4508: checking whether gcc accepts -g
configure:4528: gcc -c -g  conftest.c >&5
configure:4528: $? = 0
configure:4569: result: yes
configure:4586: checking for gcc option to accept ISO C89
configure:4650: gcc  -c -g -O2  conftest.c >&5
configure:4650: $? = 0
configure:4663: result: none needed
configure:4741: checking for g++
configure:4757: found /usr/bin/g++
configure:4768: result: g++
configure:4795: checking for C++ compiler version
configure:4804: g++ --version >&5
g++ (Ubuntu 9.3.0-17ubuntu1~20.04) 9.3.0
Copyright (C) 2019 Free Software Foundation, Inc.
This is free software; see the source for copying conditions.  There is NO
warranty; not even for MERCHANTABILITY or FITNESS FOR A PARTICULAR PURPOSE.

configure:4815: $? = 0
configure:4804: g++ -v >&5
Using built-in specs.
COLLECT_GCC=g++
COLLECT_LTO_WRAPPER=/usr/lib/gcc/x86_64-linux-gnu/9/lto-wrapper
OFFLOAD_TARGET_NAMES=nvptx-none:hsa
OFFLOAD_TARGET_DEFAULT=1
Target: x86_64-linux-gnu
Configured with: ../src/configure -v --with-pkgversion='Ubuntu 9.3.0-17ubuntu1~20.04' --with-bugurl=file:///usr/share/doc/gcc-9/README.Bugs --enable-languages=c,ada,c++,go,brig,d,fortran,objc,obj-c++,gm2 --prefix=/usr --with-gcc-major-version-only --program-suffix=-9 --program-prefix=x86_64-linux-gnu- --enable-shared --enable-linker-build-id --libexecdir=/usr/lib --without-included-gettext --enable-threads=posix --libdir=/usr/lib --enable-nls --enable-clocale=gnu --enable-libstdcxx-debug --enable-libstdcxx-time=yes --with-default-libstdcxx-abi=new --enable-gnu-unique-object --disable-vtable-verify --enable-plugin --enable-default-pie --with-system-zlib --with-target-system-zlib=auto --enable-objc-gc=auto --enable-multiarch --disable-werror --with-arch-32=i686 --with-abi=m64 --with-multilib-list=m32,m64,mx32 --enable-multilib --with-tune=generic --enable-offload-targets=nvptx-none=/build/gcc-9-HskZEa/gcc-9-9.3.0/debian/tmp-nvptx/usr,hsa --without-cuda-driver --enable-checking=release --build=x86_64-linux-gnu --host=x86_64-linux-gnu --target=x86_64-linux-gnu
Thread model: posix
gcc version 9.3.0 (Ubuntu 9.3.0-17ubuntu1~20.04) 
configure:4815: $? = 0
configure:4804: g++ -V >&5
g++: error: unrecognized command line option '-V'
g++: fatal error: no input files
compilation terminated.
configure:4815: $? = 1
configure:4804: g++ -qversion >&5
g++: error: unrecognized command line option '-qversion'; did you mean '--version'?
g++: fatal error: no input files
compilation terminated.
configure:4815: $? = 1
configure:4819: checking whether we are using the GNU C++ compiler
configure:4838: g++ -c   conftest.cpp >&5
configure:4838: $? = 0
configure:4847: result: yes
configure:4856: checking whether g++ accepts -g
configure:4876: g++ -c -g  conftest.cpp >&5
configure:4876: $? = 0
configure:4917: result: yes
configure:4966: checking whether g++ accepts -static-libstdc++ -static-libgcc
configure:4983: g++ -o conftest -g -O2   -static-libstdc++ -static-libgcc conftest.cpp  >&5
configure:4983: $? = 0
configure:4984: result: yes
configure:5048: checking for gnatbind
configure:5078: result: no
configure:5140: checking for gnatmake
configure:5170: result: no
configure:5189: checking whether compiler driver understands Ada
configure:5212: result: no
configure:5221: checking how to compare bootstrapped objects
configure:5246: result: cmp --ignore-initial=16 $$f1 $$f2
configure:5300: checking for objdir
configure:5315: result: .libs
configure:5887: checking for version 0.10 of ISL
configure:5906: gcc -o conftest -g -O2      conftest.c  -lisl >&5
conftest.c:10:10: fatal error: isl/version.h: No such file or directory
   10 | #include <isl/version.h>
      |          ^~~~~~~~~~~~~~~
compilation terminated.
configure:5906: $? = 1
configure: program exited with status 1
configure: failed program was:
| /* confdefs.h */
| #define PACKAGE_NAME ""
| #define PACKAGE_TARNAME ""
| #define PACKAGE_VERSION ""
| #define PACKAGE_STRING ""
| #define PACKAGE_BUGREPORT ""
| #define PACKAGE_URL ""
| #define LT_OBJDIR ".libs/"
| /* end confdefs.h.  */
| #include <isl/version.h>
|    #include <string.h>
| int
| main ()
| {
| if (strncmp (isl_version (), "isl-0.10", strlen ("isl-0.10")) != 0)
|      return 1;
| 
|   ;
|   return 0;
| }
configure:5915: result: no
configure:5935: checking for version 0.11 of ISL
configure:5954: gcc -o conftest -g -O2      conftest.c  -lisl >&5
conftest.c:10:10: fatal error: isl/version.h: No such file or directory
   10 | #include <isl/version.h>
      |          ^~~~~~~~~~~~~~~
compilation terminated.
configure:5954: $? = 1
configure: program exited with status 1
configure: failed program was:
| /* confdefs.h */
| #define PACKAGE_NAME ""
| #define PACKAGE_TARNAME ""
| #define PACKAGE_VERSION ""
| #define PACKAGE_STRING ""
| #define PACKAGE_BUGREPORT ""
| #define PACKAGE_URL ""
| #define LT_OBJDIR ".libs/"
| /* end confdefs.h.  */
| #include <isl/version.h>
|    #include <string.h>
| int
| main ()
| {
| if (strncmp (isl_version (), "isl-0.11", strlen ("isl-0.11")) != 0)
|      return 1;
| 
|   ;
|   return 0;
| }
configure:5963: result: no
configure:5983: checking for version 0.12 of ISL
configure:6002: gcc -o conftest -g -O2      conftest.c  -lisl >&5
conftest.c:10:10: fatal error: isl/version.h: No such file or directory
   10 | #include <isl/version.h>
      |          ^~~~~~~~~~~~~~~
compilation terminated.
configure:6002: $? = 1
configure: program exited with status 1
configure: failed program was:
| /* confdefs.h */
| #define PACKAGE_NAME ""
| #define PACKAGE_TARNAME ""
| #define PACKAGE_VERSION ""
| #define PACKAGE_STRING ""
| #define PACKAGE_BUGREPORT ""
| #define PACKAGE_URL ""
| #define LT_OBJDIR ".libs/"
| /* end confdefs.h.  */
| #include <isl/version.h>
|    #include <string.h>
| int
| main ()
| {
| if (strncmp (isl_version (), "isl-0.12", strlen ("isl-0.12")) != 0)
|      return 1;
| 
|   ;
|   return 0;
| }
configure:6011: result: no
configure:7108: checking for default BUILD_CONFIG
configure:7140: result: 
configure:7145: checking for --enable-vtable-verify
configure:7158: result: no
configure:7747: checking for bison
configure:7777: result: no
configure:7747: checking for byacc
configure:7777: result: no
configure:7747: checking for yacc
configure:7777: result: no
configure:7794: checking for bison
configure:7824: result: no
configure:7841: checking for gm4
configure:7871: result: no
configure:7841: checking for gnum4
configure:7871: result: no
configure:7841: checking for m4
configure:7871: result: no
configure:7888: checking for flex
configure:7918: result: no
configure:7888: checking for lex
configure:7918: result: no
configure:7936: checking for flex
configure:7966: result: no
configure:7983: checking for makeinfo
configure:8013: result: no
configure:8044: checking for expect
configure:8074: result: no
configure:8093: checking for runtest
configure:8123: result: no
configure:8238: checking for ar
configure:8254: found /usr/bin/ar
configure:8265: result: ar
configure:8379: checking for as
configure:8395: found /usr/bin/as
configure:8406: result: as
configure:8520: checking for dlltool
configure:8550: result: no
configure:8661: checking for ld
configure:8677: found /usr/bin/ld
configure:8688: result: ld
configure:8802: checking for lipo
configure:8832: result: no
configure:8943: checking for nm
configure:8959: found /usr/bin/nm
configure:8970: result: nm
configure:9084: checking for ranlib
configure:9100: found /usr/bin/ranlib
configure:9111: result: ranlib
configure:9220: checking for strip
configure:9236: found /usr/bin/strip
configure:9247: result: strip
configure:9356: checking for windres
configure:9386: result: no
configure:9497: checking for windmc
configure:9527: result: no
configure:9638: checking for objcopy
configure:9654: found /usr/bin/objcopy
configure:9665: result: objcopy
configure:9779: checking for objdump
configure:9795: found /usr/bin/objdump
configure:9806: result: objdump
configure:9920: checking for readelf
configure:9936: found /usr/bin/readelf
configure:9947: result: readelf
configure:10061: checking for mips-harvard-os161-cc
configure:10091: result: no
configure:10061: checking for mips-harvard-os161-gcc
configure:10077: found /home/os161user/os161/tools/bin/mips-harvard-os161-gcc
configure:10088: result: mips-harvard-os161-gcc
configure:10222: checking for mips-harvard-os161-c++
configure:10252: result: no
configure:10222: checking for mips-harvard-os161-g++
configure:10252: result: no
configure:10222: checking for mips-harvard-os161-cxx
configure:10252: result: no
configure:10222: checking for mips-harvard-os161-gxx
configure:10252: result: no
configure:10383: checking for mips-harvard-os161-gcc
configure:10399: found /home/os161user/os161/tools/bin/mips-harvard-os161-gcc
configure:10410: result: mips-harvard-os161-gcc
configure:10539: checking for mips-harvard-os161-gcj
configure:10569: result: no
configure:10700: checking for mips-harvard-os161-gfortran
configure:10730: result: no
configure:10861: checking for mips-harvard-os161-gccgo
configure:10891: result: no
configure:11102: checking for mips-harvard-os161-ar
configure:11118: found /home/os161user/os161/tools/bin/mips-harvard-os161-ar
configure:11129: result: mips-harvard-os161-ar
configure:11332: checking for mips-harvard-os161-as
configure:11348: found /home/os161user/os161/tools/bin/mips-harvard-os161-as
configure:11359: result: mips-harvard-os161-as
configure:11562: checking for mips-harvard-os161-dlltool
configure:11592: result: no
configure:11792: checking for mips-harvard-os161-ld
configure:11808: found /home/os161user/os161/tools/bin/mips-harvard-os161-ld
configure:11819: result: mips-harvard-os161-ld
configure:12022: checking for mips-harvard-os161-lipo
configure:12052: result: no
configure:12252: checking for mips-harvard-os161-nm
configure:12268: found /home/os161user/os161/tools/bin/mips-harvard-os161-nm
configure:12279: result: mips-harvard-os161-nm
configure:12482: checking for mips-harvard-os161-objdump
configure:12498: found /home/os161user/os161/tools/bin/mips-harvard-os161-objdump
configure:12509: result: mips-harvard-os161-objdump
configure:12712: checking for mips-harvard-os161-ranlib
configure:12728: found /home/os161user/os161/tools/bin/mips-harvard-os161-ranlib
configure:12739: result: mips-harvard-os161-ranlib
configure:12942: checking for mips-harvard-os161-readelf
configure:12958: found /home/os161user/os161/tools/bin/mips-harvard-os161-readelf
configure:12969: result: mips-harvard-os161-readelf
configure:13172: checking for mips-harvard-os161-strip
configure:13188: found /home/os161user/os161/tools/bin/mips-harvard-os161-strip
configure:13199: result: mips-harvard-os161-strip
configure:13402: checking for mips-harvard-os161-windres
configure:13432: result: no
configure:13632: checking for mips-harvard-os161-windmc
configure:13662: result: no
configure:13729: checking where to find the target ar
configure:13766: result: pre-installed
configure:13771: checking where to find the target as
configure:13808: result: pre-installed
configure:13813: checking where to find the target cc
configure:13850: result: pre-installed
configure:13855: checking where to find the target c++
configure:13895: result: pre-installed
configure:13900: checking where to find the target c++ for libstdc++
configure:13940: result: pre-installed
configure:13945: checking where to find the target dlltool
configure:13982: result: pre-installed
configure:13987: checking where to find the target gcc
configure:14024: result: pre-installed
configure:14029: checking where to find the target gcj
configure:14069: result: pre-installed
configure:14074: checking where to find the target gfortran
configure:14114: result: pre-installed
configure:14119: checking where to find the target gccgo
configure:14159: result: pre-installed
configure:14164: checking where to find the target ld
configure:14201: result: pre-installed
configure:14206: checking where to find the target lipo
configure:14232: result: pre-installed
configure:14237: checking where to find the target nm
configure:14274: result: pre-installed
configure:14279: checking where to find the target objdump
configure:14316: result: pre-installed
configure:14321: checking where to find the target ranlib
configure:14358: result: pre-installed
configure:14363: checking where to find the target readelf
configure:14400: result: pre-installed
configure:14405: checking where to find the target strip
configure:14442: result: pre-installed
configure:14447: checking where to find the target windres
configure:14484: result: pre-installed
configure:14489: checking where to find the target windmc
configure:14526: result: pre-installed
configure:14559: checking whether to enable maintainer-specific portions of Makefiles
configure:14568: result: no
configure:14781: creating ./config.status

## ---------------------- ##
## Running config.status. ##
## ---------------------- ##

This file was extended by config.status, which was
generated by GNU Autoconf 2.64.  Invocation command line was

  CONFIG_FILES    = 
  CONFIG_HEADERS  = 
  CONFIG_LINKS    = 
  CONFIG_COMMANDS = 
  $ ./config.status 

on os161user-VirtualBox

config.status:932: creating Makefile

## ---------------- ##
## Cache variables. ##
## ---------------- ##

ac_cv_build=x86_64-unknown-linux-gnu
ac_cv_c_compiler_gnu=yes
ac_cv_cxx_compiler_gnu=yes
ac_cv_env_AR_FOR_TARGET_set=
ac_cv_env_AR_FOR_TARGET_value=
ac_cv_env_AR_set=
ac_cv_env_AR_value=
ac_cv_env_AS_FOR_TARGET_set=
ac_cv_env_AS_FOR_TARGET_value=
ac_cv_env_AS_set=
ac_cv_env_AS_value=
ac_cv_env_CCC_set=
ac_cv_env_CCC_value=
ac_cv_env_CC_FOR_TARGET_set=
ac_cv_env_CC_FOR_TARGET_value=
ac_cv_env_CC_set=
ac_cv_env_CC_value=
ac_cv_env_CFLAGS_set=
ac_cv_env_CFLAGS_value=
ac_cv_env_CPPFLAGS_set=
ac_cv_env_CPPFLAGS_value=
ac_cv_env_CXXFLAGS_set=
ac_cv_env_CXXFLAGS_value=
ac_cv_env_CXX_FOR_TARGET_set=
ac_cv_env_CXX_FOR_TARGET_value=
ac_cv_env_CXX_set=
ac_cv_env_CXX_value=
ac_cv_env_DLLTOOL_FOR_TARGET_set=
ac_cv_env_DLLTOOL_FOR_TARGET_value=
ac_cv_env_DLLTOOL_set=
ac_cv_env_DLLTOOL_value=
ac_cv_env_GCC_FOR_TARGET_set=
ac_cv_env_GCC_FOR_TARGET_value=
ac_cv_env_GCJ_FOR_TARGET_set=
ac_cv_env_GCJ_FOR_TARGET_value=
ac_cv_env_GFORTRAN_FOR_TARGET_set=
ac_cv_env_GFORTRAN_FOR_TARGET_value=
ac_cv_env_GOC_FOR_TARGET_set=
ac_cv_env_GOC_FOR_TARGET_value=
ac_cv_env_LDFLAGS_set=
ac_cv_env_LDFLAGS_value=
ac_cv_env_LD_FOR_TARGET_set=
ac_cv_env_LD_FOR_TARGET_value=
ac_cv_env_LD_set=
ac_cv_env_LD_value=
ac_cv_env_LIBS_set=
ac_cv_env_LIBS_value=
ac_cv_env_LIPO_FOR_TARGET_set=
ac_cv_env_LIPO_FOR_TARGET_value=
ac_cv_env_LIPO_set=
ac_cv_env_LIPO_value=
ac_cv_env_NM_FOR_TARGET_set=
ac_cv_env_NM_FOR_TARGET_value=
ac_cv_env_NM_set=
ac_cv_env_NM_value=
ac_cv_env_OBJCOPY_set=
ac_cv_env_OBJCOPY_value=
ac_cv_env_OBJDUMP_FOR_TARGET_set=
ac_cv_env_OBJDUMP_FOR_TARGET_value=
ac_cv_env_OBJDUMP_set=
ac_cv_env_OBJDUMP_value=
ac_cv_env_RANLIB_FOR_TARGET_set=
ac_cv_env_RANLIB_FOR_TARGET_value=
ac_cv_env_RANLIB_set=
ac_cv_env_RANLIB_value=
ac_cv_env_READELF_FOR_TARGET_set=
ac_cv_env_READELF_FOR_TARGET_value=
ac_cv_env_READELF_set=
ac_cv_env_READELF_value=
ac_cv_env_STRIP_FOR_TARGET_set=
ac_cv_env_STRIP_FOR_TARGET_value=
ac_cv_env_STRIP_set=
ac_cv_env_STRIP_value=
ac_cv_env_WINDMC_FOR_TARGET_set=
ac_cv_env_WINDMC_FOR_TARGET_value=
ac_cv_env_WINDMC_set=
ac_cv_env_WINDMC_value=
ac_cv_env_WINDRES_FOR_TARGET_set=
ac_cv_env_WINDRES_FOR_TARGET_value=
ac_cv_env_WINDRES_set=
ac_cv_env_WINDRES_value=
ac_cv_env_build_alias_set=
ac_cv_env_build_alias_value=
ac_cv_env_build_configargs_set=
ac_cv_env_build_configargs_value=
ac_cv_env_host_alias_set=
ac_cv_env_host_alias_value=
ac_cv_env_host_configargs_set=
ac_cv_env_host_configargs_value=
ac_cv_env_target_alias_set=set
ac_cv_env_target_alias_value=mips-harvard-os161
ac_cv_env_target_configargs_set=
ac_cv_env_target_configargs_value=
ac_cv_host=x86_64-unknown-linux-gnu
ac_cv_objext=o
ac_cv_path_SED=/usr/bin/sed
ac_cv_path_install='/usr/bin/install -c'
ac_cv_prog_AR=ar
ac_cv_prog_AR_FOR_TARGET=mips-harvard-os161-ar
ac_cv_prog_AS=as
ac_cv_prog_AS_FOR_TARGET=mips-harvard-os161-as
ac_cv_prog_AWK=mawk
ac_cv_prog_CC_FOR_TARGET=mips-harvard-os161-gcc
ac_cv_prog_GCC_FOR_TARGET=mips-harvard-os161-gcc
ac_cv_prog_LD=ld
ac_cv_prog_LD_FOR_TARGET=mips-harvard-os161-ld
ac_cv_prog_NM=nm
ac_cv_prog_NM_FOR_TARGET=mips-harvard-os161-nm
ac_cv_prog_OBJCOPY=objcopy
ac_cv_prog_OBJDUMP=objdump
ac_cv_prog_OBJDUMP_FOR_TARGET=mips-harvard-os161-objdump
ac_cv_prog_RANLIB=ranlib
ac_cv_prog_RANLIB_FOR_TARGET=mips-harvard-os161-ranlib
ac_cv_prog_READELF=readelf
ac_cv_prog_READELF_FOR_TARGET=mips-harvard-os161-readelf
ac_cv_prog_STRIP=strip
ac_cv_prog_STRIP_FOR_TARGET=mips-harvard-os161-strip
ac_cv_prog_ac_ct_CC=gcc
ac_cv_prog_ac_ct_CXX=g++
ac_cv_prog_cc_c89=
ac_cv_prog_cc_g=yes
ac_cv_prog_cxx_g=yes
ac_cv_target=mips-harvard-os161
acx_cv_cc_gcc_supports_ada=no
acx_cv_prog_LN=ln
gcc_cv_isl=no
gcc_cv_prog_cmp_skip='cmp --ignore-initial=16 $$f1 $$f2'
gcc_cv_tool_dirs=
gcc_cv_tool_prefix=/home/os161user/os161/tools
lt_cv_objdir=.libs

## ----------------- ##
## Output variables. ##
## ----------------- ##

AR='ar'
AR_FOR_BUILD='$(AR)'
AR_FOR_TARGET='mips-harvard-os161-ar'
AS='as'
AS_FOR_BUILD='$(AS)'
AS_FOR_TARGET='mips-harvard-os161-as'
AWK='mawk'
BISON='/home/os161user/os161/toolbuild/gdb-7.8+os161-2.1/missing bison'
BUILD_CONFIG=''
CC='gcc'
CC_FOR_BUILD='$(CC)'
CC_FOR_TARGET='mips-harvard-os161-gcc'
CFLAGS='-g -O2'
CFLAGS_FOR_BUILD='-g -O2'
CFLAGS_FOR_TARGET='-g -O2'
COMPILER_AS_FOR_TARGET='$(AS_FOR_TARGET)'
COMPILER_LD_FOR_TARGET='$(LD_FOR_TARGET)'
COMPILER_NM_FOR_TARGET='$(NM_FOR_TARGET)'
CONFIGURE_GDB_TK=''
CPPFLAGS=''
CXX='g++'
CXXFLAGS='-g -O2'
CXXFLAGS_FOR_BUILD='-g -O2'
CXXFLAGS_FOR_TARGET='-g -O2'
CXX_FOR_BUILD='$(CXX)'
CXX_FOR_TARGET='mips-harvard-os161-c++'
DEBUG_PREFIX_CFLAGS_FOR_TARGET=''
DEFS='-DPACKAGE_NAME=\"\" -DPACKAGE_TARNAME=\"\" -DPACKAGE_VERSION=\"\" -DPACKAGE_STRING=\"\" -DPACKAGE_BUGREPORT=\"\" -DPACKAGE_URL=\"\" -DLT_OBJDIR=\".libs/\"'
DLLTOOL='dlltool'
DLLTOOL_FOR_BUILD='$(DLLTOOL)'
DLLTOOL_FOR_TARGET='mips-harvard-os161-dlltool'
ECHO_C=''
ECHO_N='-n'
ECHO_T=''
EXEEXT=''
EXPECT='expect'
EXTRA_CONFIGARGS_LIBJAVA='--disable-static'
FLAGS_FOR_TARGET=''
FLEX='/home/os161user/os161/toolbuild/gdb-7.8+os161-2.1/missing flex'
GCC_FOR_TARGET='mips-harvard-os161-gcc'
GCC_SHLIB_SUBDIR=''
GCJ_FOR_BUILD='$(GCJ)'
GCJ_FOR_TARGET='mips-harvard-os161-gcj'
GDB_TK=''
GFORTRAN_FOR_BUILD='$(GFORTRAN)'
GFORTRAN_FOR_TARGET='mips-harvard-os161-gfortran'
GNATBIND='no'
GNATMAKE='no'
GOC_FOR_BUILD='$(GOC)'
GOC_FOR_TARGET='mips-harvard-os161-gccgo'
INSTALL_DATA='${INSTALL} -m 644'
INSTALL_GDB_TK=''
INSTALL_PROGRAM='${INSTALL}'
INSTALL_SCRIPT='${INSTALL}'
LD='ld'
LDFLAGS=''
LDFLAGS_FOR_BUILD=''
LDFLAGS_FOR_TARGET=''
LD_FOR_BUILD='$(LD)'
LD_FOR_TARGET='mips-harvard-os161-ld'
LEX='/home/os161user/os161/toolbuild/gdb-7.8+os161-2.1/missing flex'
LIBOBJS=''
LIBS=''
LIPO='lipo'
LIPO_FOR_TARGET='mips-harvard-os161-lipo'
LN='ln'
LN_S='ln -s'
LTLIBOBJS=''
M4='/home/os161user/os161/toolbuild/gdb-7.8+os161-2.1/missing m4'
MAINT='#'
MAINTAINER_MODE_FALSE=''
MAINTAINER_MODE_TRUE='#'
MAKEINFO='/home/os161user/os161/toolbuild/gdb-7.8+os161-2.1/missing makeinfo'
NM='nm'
NM_FOR_BUILD='$(NM)'
NM_FOR_TARGET='mips-harvard-os161-nm'
OBJCOPY='objcopy'
OBJDUMP='objdump'
OBJDUMP_FOR_TARGET='mips-harvard-os161-objdump'
OBJEXT='o'
PACKAGE_BUGREPORT=''
PACKAGE_NAME=''
PACKAGE_STRING=''
PACKAGE_TARNAME=''
PACKAGE_URL=''
PACKAGE_VERSION=''
PATH_SEPARATOR=':'
RANLIB='ranlib'
RANLIB_FOR_BUILD='$(RANLIB)'
RANLIB_FOR_TARGET='mips-harvard-os161-ranlib'
RAW_CXX_FOR_TARGET='mips-harvard-os161-c++'
READELF='readelf'
READELF_FOR_TARGET='mips-harvard-os161-readelf'
RPATH_ENVVAR='LD_LIBRARY_PATH'
RUNTEST='runtest'
SED='/usr/bin/sed'
SHELL='/bin/bash'
STRIP='strip'
STRIP_FOR_TARGET='mips-harvard-os161-strip'
SYSROOT_CFLAGS_FOR_TARGET=''
TOPLEVEL_CONFIGURE_ARGUMENTS='./configure --target=mips-harvard-os161 --prefix=/home/os161user/os161/tools'
WINDMC='windmc'
WINDMC_FOR_BUILD='$(WINDMC)'
WINDMC_FOR_TARGET='mips-harvard-os161-windmc'
WINDRES='windres'
WINDRES_FOR_BUILD='$(WINDRES)'
WINDRES_FOR_TARGET='mips-harvard-os161-windres'
YACC='/home/os161user/os161/toolbuild/gdb-7.8+os161-2.1/missing bison -y'
ac_ct_CC='gcc'
ac_ct_CXX='g++'
bindir='${exec_prefix}/bin'
build='x86_64-unknown-linux-gnu'
build_alias=''
build_configargs=' --cache-file=../config.cache '\''--prefix=/home/os161user/os161/tools'\'' --program-transform-name='\''s&^&mips-harvard-os161-&'\'' --disable-option-checking'
build_configdirs=' libiberty'
build_cpu='x86_64'
build_libsubdir='build-x86_64-unknown-linux-gnu'
build_noncanonical='x86_64-unknown-linux-gnu'
build_os='linux-gnu'
build_subdir='build-x86_64-unknown-linux-gnu'
build_tooldir='${exec_prefix}/mips-harvard-os161'
build_vendor='unknown'
clooginc=''
clooglibs=''
compare_exclusions='gcc/cc*-checksum$(objext) | gcc/ada/*tools/*'
configdirs=' intl libiberty opcodes bfd readline libdecnumber sim gdb etc'
datadir='${datarootdir}'
datarootdir='${prefix}/share'
do_compare='cmp --ignore-initial=16 $$f1 $$f2'
docdir='${datarootdir}/doc/${PACKAGE}'
dvidir='${docdir}'
exec_prefix='${prefix}'
extra_host_libiberty_configure_flags=''
extra_isl_gmp_configure_flags=''
extra_mpc_gmp_configure_flags=''
extra_mpc_mpfr_configure_flags=''
extra_mpfr_configure_flags=''
gmpinc=''
gmplibs='-lmpc -lmpfr -lgmp'
host='x86_64-unknown-linux-gnu'
host_alias=''
host_configargs=' --cache-file=./config.cache  --with-system-zlib '\''--prefix=/home/os161user/os161/tools'\'' --program-transform-name='\''s&^&mips-harvard-os161-&'\'' --disable-option-checking'
host_cpu='x86_64'
host_noncanonical='x86_64-unknown-linux-gnu'
host_os='linux-gnu'
host_shared='no'
host_subdir='.'
host_vendor='unknown'
htmldir='${docdir}'
includedir='${prefix}/include'
infodir='${datarootdir}/info'
islinc=''
libdir='${exec_prefix}/lib'
libexecdir='${exec_prefix}/libexec'
localedir='${datarootdir}/locale'
localstatedir='${prefix}/var'
mandir='${datarootdir}/man'
oldincludedir='/usr/include'
pdfdir='${docdir}'
poststage1_ldflags='-static-libstdc++ -static-libgcc'
poststage1_libs=''
prefix='/home/os161user/os161/tools'
program_transform_name='s&^&mips-harvard-os161-&'
psdir='${docdir}'
sbindir='${exec_prefix}/sbin'
sharedstatedir='${prefix}/com'
stage1_cflags='-g'
stage1_checking='--enable-checking=yes,types'
stage1_languages=',c,'
stage1_ldflags='-static-libstdc++ -static-libgcc'
stage1_libs=''
stage2_werror_flag=''
sysconfdir='${prefix}/etc'
target='mips-harvard-os161'
target_alias='mips-harvard-os161'
target_configargs='--cache-file=./config.cache --enable-multilib --with-cross-host=x86_64-unknown-linux-gnu   '\''--prefix=/home/os161user/os161/tools'\'' --program-transform-name='\''s&^&mips-harvard-os161-&'\'' --disable-option-checking'
target_configdirs=''
target_cpu='mips'
target_noncanonical='mips-harvard-os161'
target_os='os161'
target_subdir='mips-harvard-os161'
target_vendor='harvard'
tooldir='${exec_prefix}/mips-harvard-os161'

## ------------------- ##
## File substitutions. ##
## ------------------- ##

alphaieee_frag='/dev/null'
host_makefile_frag='/dev/null'
ospace_frag='/dev/null'
serialization_dependencies='serdep.tmp'
target_makefile_frag='/dev/null'

## ----------- ##
## confdefs.h. ##
## ----------- ##

/* confdefs.h */
#define PACKAGE_NAME ""
#define PACKAGE_TARNAME ""
#define PACKAGE_VERSION ""
#define PACKAGE_STRING ""
#define PACKAGE_BUGREPORT ""
#define PACKAGE_URL ""
#define LT_OBJDIR ".libs/"

configure: exit 0
