This file contains any messages produced by compilers while
running configure, to aid debugging if configure makes a mistake.

It was created by configure, which was
generated by GNU Autoconf 2.64.  Invocation command line was

  $ /home/os161user/os161/toolbuild/gcc-4.8.3+os161-2.1/zlib/configure --cache-file=./config.cache --nfp --disable-shared --disable-threads --disable-libmudflap --disable-libssp --disable-libstdcxx --disable-nls --prefix=/home/os161user/os161/tools --enable-languages=c,lto --program-transform-name=s&^&mips-harvard-os161-& --disable-option-checking --build=x86_64-unknown-linux-gnu --host=x86_64-unknown-linux-gnu --target=mips-harvard-os161 --srcdir=../../gcc-4.8.3+os161-2.1/zlib

## --------- ##
## Platform. ##
## --------- ##

hostname = os161user-VirtualBox
uname -m = x86_64
uname -r = 5.8.0-45-generic
uname -s = Linux
uname -v = #51~20.04.1-Ubuntu SMP Tue Feb 23 13:46:31 UTC 2021

/usr/bin/uname -p = x86_64
/bin/uname -X     = unknown

/bin/arch              = x86_64
/usr/bin/arch -k       = unknown
/usr/convex/getsysinfo = unknown
/usr/bin/hostinfo      = unknown
/bin/machine           = unknown
/usr/bin/oslevel       = unknown
/bin/universe          = unknown

PATH: /home/os161user/os161/tools/bin
PATH: /usr/local/sbin
PATH: /usr/local/bin
PATH: /usr/sbin
PATH: /usr/bin
PATH: /sbin
PATH: /bin
PATH: /usr/games
PATH: /usr/local/games
PATH: /snap/bin


## ----------- ##
## Core tests. ##
## ----------- ##

configure:2099: creating cache ./config.cache
configure:2242: checking build system type
configure:2256: result: x86_64-unknown-linux-gnu
configure:2276: checking host system type
configure:2289: result: x86_64-unknown-linux-gnu
configure:2309: checking target system type
configure:2322: result: mips-harvard-os161
configure:2370: checking for a BSD-compatible install
configure:2438: result: /usr/bin/install -c
configure:2449: checking whether build environment is sane
configure:2499: result: yes
configure:2640: checking for a thread-safe mkdir -p
configure:2679: result: /usr/bin/mkdir -p
configure:2692: checking for gawk
configure:2719: result: mawk
configure:2730: checking whether make sets $(MAKE)
configure:2752: result: yes
configure:2834: checking whether to enable maintainer-specific portions of Makefiles
configure:2843: result: no
configure:2914: checking for x86_64-unknown-linux-gnu-gcc
configure:2941: result: gcc
configure:3210: checking for C compiler version
configure:3219: gcc --version >&5
gcc (Ubuntu 9.3.0-17ubuntu1~20.04) 9.3.0
Copyright (C) 2019 Free Software Foundation, Inc.
This is free software; see the source for copying conditions.  There is NO
warranty; not even for MERCHANTABILITY or FITNESS FOR A PARTICULAR PURPOSE.

configure:3230: $? = 0
configure:3219: gcc -v >&5
Using built-in specs.
COLLECT_GCC=gcc
COLLECT_LTO_WRAPPER=/usr/lib/gcc/x86_64-linux-gnu/9/lto-wrapper
OFFLOAD_TARGET_NAMES=nvptx-none:hsa
OFFLOAD_TARGET_DEFAULT=1
Target: x86_64-linux-gnu
Configured with: ../src/configure -v --with-pkgversion='Ubuntu 9.3.0-17ubuntu1~20.04' --with-bugurl=file:///usr/share/doc/gcc-9/README.Bugs --enable-languages=c,ada,c++,go,brig,d,fortran,objc,obj-c++,gm2 --prefix=/usr --with-gcc-major-version-only --program-suffix=-9 --program-prefix=x86_64-linux-gnu- --enable-shared --enable-linker-build-id --libexecdir=/usr/lib --without-included-gettext --enable-threads=posix --libdir=/usr/lib --enable-nls --enable-clocale=gnu --enable-libstdcxx-debug --enable-libstdcxx-time=yes --with-default-libstdcxx-abi=new --enable-gnu-unique-object --disable-vtable-verify --enable-plugin --enable-default-pie --with-system-zlib --with-target-system-zlib=auto --enable-objc-gc=auto --enable-multiarch --disable-werror --with-arch-32=i686 --with-abi=m64 --with-multilib-list=m32,m64,mx32 --enable-multilib --with-tune=generic --enable-offload-targets=nvptx-none=/build/gcc-9-HskZEa/gcc-9-9.3.0/debian/tmp-nvptx/usr,hsa --without-cuda-driver --enable-checking=release --build=x86_64-linux-gnu --host=x86_64-linux-gnu --target=x86_64-linux-gnu
Thread model: posix
gcc version 9.3.0 (Ubuntu 9.3.0-17ubuntu1~20.04) 
configure:3230: $? = 0
configure:3219: gcc -V >&5
gcc: error: unrecognized command line option '-V'
gcc: fatal error: no input files
compilation terminated.
configure:3230: $? = 1
configure:3219: gcc -qversion >&5
gcc: error: unrecognized command line option '-qversion'; did you mean '--version'?
gcc: fatal error: no input files
compilation terminated.
configure:3230: $? = 1
configure:3246: gcc -o conftest -g -O2  -static-libstdc++ -static-libgcc  conftest.c  >&5
configure:3249: $? = 0
configure:3278: checking for C compiler default output file name
configure:3300: gcc -g -O2  -static-libstdc++ -static-libgcc  conftest.c  >&5
configure:3304: $? = 0
configure:3341: result: a.out
configure:3357: checking whether the C compiler works
configure:3366: ./a.out
configure:3370: $? = 0
configure:3385: result: yes
configure:3392: checking whether we are cross compiling
configure:3394: result: no
configure:3397: checking for suffix of executables
configure:3404: gcc -o conftest -g -O2  -static-libstdc++ -static-libgcc  conftest.c  >&5
configure:3408: $? = 0
configure:3430: result: 
configure:3437: checking for suffix of object files
configure:3459: gcc -c -g -O2  conftest.c >&5
configure:3463: $? = 0
configure:3484: result: o
configure:3488: checking whether we are using the GNU C compiler
configure:3507: gcc -c -g -O2  conftest.c >&5
configure:3507: $? = 0
configure:3516: result: yes
configure:3525: checking whether gcc accepts -g
configure:3545: gcc -c -g  conftest.c >&5
configure:3545: $? = 0
configure:3586: result: yes
configure:3603: checking for gcc option to accept ISO C89
configure:3667: gcc  -c -g -O2  conftest.c >&5
configure:3667: $? = 0
configure:3680: result: none needed
configure:3711: checking for style of include used by make
configure:3739: result: GNU
configure:3764: checking dependency style of gcc
configure:3874: result: gcc3
configure:3939: checking how to print strings
configure:3966: result: printf
configure:3987: checking for a sed that does not truncate output
configure:4051: result: /usr/bin/sed
configure:4069: checking for grep that handles long lines and -e
configure:4127: result: /usr/bin/grep
configure:4132: checking for egrep
configure:4194: result: /usr/bin/grep -E
configure:4199: checking for fgrep
configure:4261: result: /usr/bin/grep -F
configure:4296: checking for ld used by gcc
configure:4363: result: ld
configure:4370: checking if the linker (ld) is GNU ld
configure:4385: result: yes
configure:4397: checking for BSD- or MS-compatible name lister (nm)
configure:4446: result: nm
configure:4576: checking the name lister (nm) interface
configure:4583: gcc -c -g -O2  conftest.c >&5
configure:4586: nm "conftest.o"
configure:4589: output
0000000000000000 B some_variable
configure:4590: result: BSD nm
configure:4593: checking whether ln -s works
configure:4597: result: yes
configure:4605: checking the maximum length of command line arguments
configure:4730: result: 1572864
configure:4747: checking whether the shell understands some XSI constructs
configure:4756: result: yes
configure:4760: checking whether the shell understands "+="
configure:4764: result: yes
configure:4799: checking for ld option to reload object files
configure:4806: result: -r
configure:4835: checking for x86_64-unknown-linux-gnu-objdump
configure:4862: result: objdump
configure:4934: checking how to recognize dependent libraries
configure:5135: result: pass_all
configure:5155: checking for x86_64-unknown-linux-gnu-ar
configure:5182: result: ar
configure:5260: checking for x86_64-unknown-linux-gnu-strip
configure:5290: result: no
configure:5300: checking for strip
configure:5316: found /usr/bin/strip
configure:5327: result: strip
configure:5359: checking for x86_64-unknown-linux-gnu-ranlib
configure:5386: result: ranlib
configure:5528: checking command to parse nm output from gcc object
configure:5646: gcc -c -g -O2  conftest.c >&5
configure:5649: $? = 0
configure:5653: nm conftest.o \| sed -n -e 's/^.*[ ]\([ABCDGIRSTW][ABCDGIRSTW]*\)[ ][ ]*\([_A-Za-z][_A-Za-z0-9]*\)$/\1 \2 \2/p' \> conftest.nm
configure:5656: $? = 0
configure:5710: gcc -o conftest -g -O2  -static-libstdc++ -static-libgcc  conftest.c conftstm.o >&5
configure:5713: $? = 0
configure:5751: result: ok
configure:5847: gcc -c -g -O2  conftest.c >&5
configure:5850: $? = 0
configure:6609: checking how to run the C preprocessor
configure:6640: gcc -E  conftest.c
configure:6640: $? = 0
configure:6654: gcc -E  conftest.c
conftest.c:11:10: fatal error: ac_nonexistent.h: No such file or directory
   11 | #include <ac_nonexistent.h>
      |          ^~~~~~~~~~~~~~~~~~
compilation terminated.
configure:6654: $? = 1
configure: failed program was:
| /* confdefs.h */
| #define PACKAGE_NAME ""
| #define PACKAGE_TARNAME ""
| #define PACKAGE_VERSION ""
| #define PACKAGE_STRING ""
| #define PACKAGE_BUGREPORT ""
| #define PACKAGE_URL ""
| #define PACKAGE "zlib"
| #define VERSION "1.1.4"
| /* end confdefs.h.  */
| #include <ac_nonexistent.h>
configure:6679: result: gcc -E
configure:6699: gcc -E  conftest.c
configure:6699: $? = 0
configure:6713: gcc -E  conftest.c
conftest.c:11:10: fatal error: ac_nonexistent.h: No such file or directory
   11 | #include <ac_nonexistent.h>
      |          ^~~~~~~~~~~~~~~~~~
compilation terminated.
configure:6713: $? = 1
configure: failed program was:
| /* confdefs.h */
| #define PACKAGE_NAME ""
| #define PACKAGE_TARNAME ""
| #define PACKAGE_VERSION ""
| #define PACKAGE_STRING ""
| #define PACKAGE_BUGREPORT ""
| #define PACKAGE_URL ""
| #define PACKAGE "zlib"
| #define VERSION "1.1.4"
| /* end confdefs.h.  */
| #include <ac_nonexistent.h>
configure:6742: checking for ANSI C header files
configure:6762: gcc -c -g -O2  conftest.c >&5
configure:6762: $? = 0
configure:6835: gcc -o conftest -g -O2  -static-libstdc++ -static-libgcc  conftest.c  >&5
configure:6835: $? = 0
configure:6835: ./conftest
configure:6835: $? = 0
configure:6846: result: yes
configure:6859: checking for sys/types.h
configure:6859: gcc -c -g -O2  conftest.c >&5
configure:6859: $? = 0
configure:6859: result: yes
configure:6859: checking for sys/stat.h
configure:6859: gcc -c -g -O2  conftest.c >&5
configure:6859: $? = 0
configure:6859: result: yes
configure:6859: checking for stdlib.h
configure:6859: gcc -c -g -O2  conftest.c >&5
configure:6859: $? = 0
configure:6859: result: yes
configure:6859: checking for string.h
configure:6859: gcc -c -g -O2  conftest.c >&5
configure:6859: $? = 0
configure:6859: result: yes
configure:6859: checking for memory.h
configure:6859: gcc -c -g -O2  conftest.c >&5
configure:6859: $? = 0
configure:6859: result: yes
configure:6859: checking for strings.h
configure:6859: gcc -c -g -O2  conftest.c >&5
configure:6859: $? = 0
configure:6859: result: yes
configure:6859: checking for inttypes.h
configure:6859: gcc -c -g -O2  conftest.c >&5
configure:6859: $? = 0
configure:6859: result: yes
configure:6859: checking for stdint.h
configure:6859: gcc -c -g -O2  conftest.c >&5
configure:6859: $? = 0
configure:6859: result: yes
configure:6859: checking for unistd.h
configure:6859: gcc -c -g -O2  conftest.c >&5
configure:6859: $? = 0
configure:6859: result: yes
configure:6874: checking for dlfcn.h
configure:6874: gcc -c -g -O2  conftest.c >&5
configure:6874: $? = 0
configure:6874: result: yes
configure:7061: checking for objdir
configure:7076: result: .libs
configure:7347: checking if gcc supports -fno-rtti -fno-exceptions
configure:7365: gcc -c -g -O2  -fno-rtti -fno-exceptions conftest.c >&5
cc1: warning: command line option '-fno-rtti' is valid for C++/D/ObjC++ but not for C
configure:7369: $? = 0
configure:7382: result: no
configure:7402: checking for gcc option to produce PIC
configure:7688: result: -fPIC -DPIC
configure:7700: checking if gcc PIC flag -fPIC -DPIC works
configure:7718: gcc -c -g -O2  -fPIC -DPIC -DPIC conftest.c >&5
configure:7722: $? = 0
configure:7735: result: yes
configure:7759: checking if gcc static flag -static works
configure:7787: result: yes
configure:7802: checking if gcc supports -c -o file.o
configure:7823: gcc -c -g -O2  -o out/conftest2.o conftest.c >&5
configure:7827: $? = 0
configure:7849: result: yes
configure:7857: checking if gcc supports -c -o file.o
configure:7904: result: yes
configure:7937: checking whether the gcc linker (ld -m elf_x86_64) supports shared libraries
configure:9017: result: yes
configure:9262: checking dynamic linker characteristics
configure:9716: gcc -o conftest -g -O2  -static-libstdc++ -static-libgcc  -Wl,-rpath -Wl,/foo conftest.c  >&5
configure:9716: $? = 0
configure:9938: result: GNU/Linux ld.so
configure:10045: checking how to hardcode library paths into programs
configure:10070: result: immediate
configure:10625: checking whether stripping libraries is possible
configure:10630: result: yes
configure:10665: checking if libtool supports shared libraries
configure:10667: result: yes
configure:10670: checking whether to build shared libraries
configure:10691: result: no
configure:10694: checking whether to build static libraries
configure:10698: result: yes
configure:7861: checking how to run the C preprocessor
configure:7931: result: gcc -E
configure:7951: gcc -E  conftest.c
configure:7951: $? = 0
configure:7965: gcc -E  conftest.c
conftest.c:23:10: fatal error: ac_nonexistent.h: No such file or directory
   23 | #include <ac_nonexistent.h>
      |          ^~~~~~~~~~~~~~~~~~
compilation terminated.
configure:7965: $? = 1
configure: failed program was:
| /* confdefs.h */
| #define PACKAGE_NAME ""
| #define PACKAGE_TARNAME ""
| #define PACKAGE_VERSION ""
| #define PACKAGE_STRING ""
| #define PACKAGE_BUGREPORT ""
| #define PACKAGE_URL ""
| #define PACKAGE "zlib"
| #define VERSION "1.1.4"
| #define STDC_HEADERS 1
| #define HAVE_SYS_TYPES_H 1
| #define HAVE_SYS_STAT_H 1
| #define HAVE_STDLIB_H 1
| #define HAVE_STRING_H 1
| #define HAVE_MEMORY_H 1
| #define HAVE_STRINGS_H 1
| #define HAVE_INTTYPES_H 1
| #define HAVE_STDINT_H 1
| #define HAVE_UNISTD_H 1
| #define HAVE_DLFCN_H 1
| #define LT_OBJDIR ".libs/"
| /* end confdefs.h.  */
| #include <ac_nonexistent.h>
configure:8018: checking for stdlib.h
configure:8018: result: yes
configure:8018: checking for unistd.h
configure:8018: result: yes
configure:8031: checking for getpagesize
configure:8031: gcc -o conftest -g -O2  -static-libstdc++ -static-libgcc  conftest.c  >&5
configure:8031: $? = 0
configure:8031: result: yes
configure:8040: checking for working mmap
configure:8177: gcc -o conftest -g -O2  -static-libstdc++ -static-libgcc  conftest.c  >&5
configure:8177: $? = 0
configure:8177: ./conftest
configure:8177: $? = 0
configure:8187: result: yes
configure:8200: checking for memcpy
configure:8200: gcc -o conftest -g -O2  -static-libstdc++ -static-libgcc  conftest.c  >&5
conftest.c:50:6: warning: conflicting types for built-in function 'memcpy'; expected 'void *(void *, const void *, long unsigned int)' [-Wbuiltin-declaration-mismatch]
   50 | char memcpy ();
      |      ^~~~~~
conftest.c:38:1: note: 'memcpy' is declared in header '<string.h>'
   37 | # include <limits.h>
   38 | #else
configure:8200: $? = 0
configure:8200: result: yes
configure:8200: checking for strerror
configure:8200: gcc -o conftest -g -O2  -static-libstdc++ -static-libgcc  conftest.c  >&5
configure:8200: $? = 0
configure:8200: result: yes
configure:8266: checking for unistd.h
configure:8266: result: yes
configure:8371: updating cache ./config.cache
configure:8468: creating ./config.status

## ---------------------- ##
## Running config.status. ##
## ---------------------- ##

This file was extended by config.status, which was
generated by GNU Autoconf 2.64.  Invocation command line was

  CONFIG_FILES    = 
  CONFIG_HEADERS  = 
  CONFIG_LINKS    = 
  CONFIG_COMMANDS = 
  $ ./config.status 

on os161user-VirtualBox

config.status:1010: creating Makefile
config.status:1166: executing default-1 commands
config.status:1166: executing depfiles commands
config.status:1166: executing libtool commands

## ---------------- ##
## Cache variables. ##
## ---------------- ##

ac_cv_build=x86_64-unknown-linux-gnu
ac_cv_c_compiler_gnu=yes
ac_cv_env_CPPFLAGS_set=
ac_cv_env_CPPFLAGS_value=
ac_cv_env_CPP_set=
ac_cv_env_CPP_value=
ac_cv_env_build_alias_set=set
ac_cv_env_build_alias_value=x86_64-unknown-linux-gnu
ac_cv_env_host_alias_set=set
ac_cv_env_host_alias_value=x86_64-unknown-linux-gnu
ac_cv_env_target_alias_set=set
ac_cv_env_target_alias_value=mips-harvard-os161
ac_cv_func_getpagesize=yes
ac_cv_func_memcpy=yes
ac_cv_func_mmap_fixed_mapped=yes
ac_cv_func_strerror=yes
ac_cv_header_dlfcn_h=yes
ac_cv_header_inttypes_h=yes
ac_cv_header_memory_h=yes
ac_cv_header_stdc=yes
ac_cv_header_stdint_h=yes
ac_cv_header_stdlib_h=yes
ac_cv_header_string_h=yes
ac_cv_header_strings_h=yes
ac_cv_header_sys_stat_h=yes
ac_cv_header_sys_types_h=yes
ac_cv_header_unistd_h=yes
ac_cv_host=x86_64-unknown-linux-gnu
ac_cv_objext=o
ac_cv_path_EGREP='/usr/bin/grep -E'
ac_cv_path_FGREP='/usr/bin/grep -F'
ac_cv_path_GREP=/usr/bin/grep
ac_cv_path_SED=/usr/bin/sed
ac_cv_path_mkdir=/usr/bin/mkdir
ac_cv_prog_AR=ar
ac_cv_prog_AWK=mawk
ac_cv_prog_CC=gcc
ac_cv_prog_CPP='gcc -E'
ac_cv_prog_OBJDUMP=objdump
ac_cv_prog_RANLIB=ranlib
ac_cv_prog_ac_ct_STRIP=strip
ac_cv_prog_cc_c89=
ac_cv_prog_cc_g=yes
ac_cv_prog_make_make_set=yes
ac_cv_target=mips-harvard-os161
am_cv_CC_dependencies_compiler_type=gcc3
lt_cv_deplibs_check_method=pass_all
lt_cv_file_magic_cmd='$MAGIC_CMD'
lt_cv_file_magic_test_file=
lt_cv_ld_reload_flag=-r
lt_cv_nm_interface='BSD nm'
lt_cv_objdir=.libs
lt_cv_path_LD=ld
lt_cv_path_NM=nm
lt_cv_prog_compiler_c_o=yes
lt_cv_prog_compiler_pic_works=yes
lt_cv_prog_compiler_rtti_exceptions=no
lt_cv_prog_compiler_static_works=yes
lt_cv_prog_gnu_ld=yes
lt_cv_shlibpath_overrides_runpath=yes
lt_cv_sys_global_symbol_pipe='sed -n -e '\''s/^.*[	 ]\([ABCDGIRSTW][ABCDGIRSTW]*\)[	 ][	 ]*\([_A-Za-z][_A-Za-z0-9]*\)$/\1 \2 \2/p'\'''
lt_cv_sys_global_symbol_to_c_name_address='sed -n -e '\''s/^: \([^ ]*\) $/  {\"\1\", (void *) 0},/p'\'' -e '\''s/^[ABCDGIRSTW]* \([^ ]*\) \([^ ]*\)$/  {"\2", (void *) \&\2},/p'\'''
lt_cv_sys_global_symbol_to_c_name_address_lib_prefix='sed -n -e '\''s/^: \([^ ]*\) $/  {\"\1\", (void *) 0},/p'\'' -e '\''s/^[ABCDGIRSTW]* \([^ ]*\) \(lib[^ ]*\)$/  {"\2", (void *) \&\2},/p'\'' -e '\''s/^[ABCDGIRSTW]* \([^ ]*\) \([^ ]*\)$/  {"lib\2", (void *) \&\2},/p'\'''
lt_cv_sys_global_symbol_to_cdecl='sed -n -e '\''s/^T .* \(.*\)$/extern int \1();/p'\'' -e '\''s/^[ABCDGIRSTW]* .* \(.*\)$/extern char \1;/p'\'''
lt_cv_sys_max_cmd_len=1572864

## ----------------- ##
## Output variables. ##
## ----------------- ##

ACLOCAL='${SHELL} /home/os161user/os161/toolbuild/gcc-4.8.3+os161-2.1/missing --run aclocal-1.11'
AMDEPBACKSLASH='\'
AMDEP_FALSE='#'
AMDEP_TRUE=''
AMTAR='${SHELL} /home/os161user/os161/toolbuild/gcc-4.8.3+os161-2.1/missing --run tar'
AR='ar'
AUTOCONF='${SHELL} /home/os161user/os161/toolbuild/gcc-4.8.3+os161-2.1/missing --run autoconf'
AUTOHEADER='${SHELL} /home/os161user/os161/toolbuild/gcc-4.8.3+os161-2.1/missing --run autoheader'
AUTOMAKE='${SHELL} /home/os161user/os161/toolbuild/gcc-4.8.3+os161-2.1/missing --run automake-1.11'
AWK='mawk'
CC='gcc'
CCDEPMODE='depmode=gcc3'
CFLAGS='-g -O2'
COMPPATH='.'
CPP='gcc -E'
CPPFLAGS=''
CYGPATH_W='echo'
DEFS='-DPACKAGE_NAME=\"\" -DPACKAGE_TARNAME=\"\" -DPACKAGE_VERSION=\"\" -DPACKAGE_STRING=\"\" -DPACKAGE_BUGREPORT=\"\" -DPACKAGE_URL=\"\" -DPACKAGE=\"zlib\" -DVERSION=\"1.1.4\" -DSTDC_HEADERS=1 -DHAVE_SYS_TYPES_H=1 -DHAVE_SYS_STAT_H=1 -DHAVE_STDLIB_H=1 -DHAVE_STRING_H=1 -DHAVE_MEMORY_H=1 -DHAVE_STRINGS_H=1 -DHAVE_INTTYPES_H=1 -DHAVE_STDINT_H=1 -DHAVE_UNISTD_H=1 -DHAVE_DLFCN_H=1 -DLT_OBJDIR=\".libs/\" -DHAVE_STDLIB_H=1 -DHAVE_UNISTD_H=1 -DHAVE_GETPAGESIZE=1 -DHAVE_MMAP=1 -DHAVE_MEMCPY=1 -DHAVE_STRERROR=1 -DHAVE_UNISTD_H=1'
DEPDIR='.deps'
DSYMUTIL=''
DUMPBIN=''
ECHO_C=''
ECHO_N='-n'
ECHO_T=''
EGREP='/usr/bin/grep -E'
EXEEXT=''
FGREP='/usr/bin/grep -F'
GREP='/usr/bin/grep'
INSTALL_DATA='/usr/bin/install -c -m 644'
INSTALL_PROGRAM='/usr/bin/install -c'
INSTALL_SCRIPT='/usr/bin/install -c'
INSTALL_STRIP_PROGRAM='$(install_sh) -c -s'
LD='ld -m elf_x86_64'
LDFLAGS='-static-libstdc++ -static-libgcc '
LIBOBJS=''
LIBS=''
LIBTOOL='$(SHELL) $(top_builddir)/libtool'
LIPO=''
LN_S='ln -s'
LTLIBOBJS=''
MAINT='#'
MAINTAINER_MODE_FALSE=''
MAINTAINER_MODE_TRUE='#'
MAKEINFO='/home/os161user/os161/toolbuild/gcc-4.8.3+os161-2.1/missing makeinfo --split-size=5000000'
MKDIR_P='/usr/bin/mkdir -p'
NM='nm'
NMEDIT=''
OBJDUMP='objdump'
OBJEXT='o'
OTOOL64=''
OTOOL=''
PACKAGE='zlib'
PACKAGE_BUGREPORT=''
PACKAGE_NAME=''
PACKAGE_STRING=''
PACKAGE_TARNAME=''
PACKAGE_URL=''
PACKAGE_VERSION=''
PATH_SEPARATOR=':'
RANLIB='ranlib'
SED='/usr/bin/sed'
SET_MAKE=''
SHELL='/bin/bash'
STRIP='strip'
TARGET_LIBRARY_FALSE=''
TARGET_LIBRARY_TRUE='#'
VERSION='1.1.4'
ac_ct_CC=''
ac_ct_DUMPBIN=''
am__EXEEXT_FALSE=''
am__EXEEXT_TRUE='#'
am__fastdepCC_FALSE='#'
am__fastdepCC_TRUE=''
am__include='include'
am__isrc=' -I$(srcdir)'
am__leading_dot='.'
am__quote=''
am__tar='${AMTAR} chof - "$$tardir"'
am__untar='${AMTAR} xf -'
bindir='${exec_prefix}/bin'
build='x86_64-unknown-linux-gnu'
build_alias='x86_64-unknown-linux-gnu'
build_cpu='x86_64'
build_os='linux-gnu'
build_vendor='unknown'
datadir='${datarootdir}'
datarootdir='${prefix}/share'
docdir='${datarootdir}/doc/${PACKAGE}'
dvidir='${docdir}'
exec_prefix='${prefix}'
host='x86_64-unknown-linux-gnu'
host_alias='x86_64-unknown-linux-gnu'
host_cpu='x86_64'
host_os='linux-gnu'
host_vendor='unknown'
htmldir='${docdir}'
includedir='${prefix}/include'
infodir='${datarootdir}/info'
install_sh='${SHELL} /home/os161user/os161/toolbuild/gcc-4.8.3+os161-2.1/install-sh'
libdir='${exec_prefix}/lib'
libexecdir='${exec_prefix}/libexec'
localedir='${datarootdir}/locale'
localstatedir='${prefix}/var'
mandir='${datarootdir}/man'
mkdir_p='/usr/bin/mkdir -p'
mkinstalldirs='/home/os161user/os161/toolbuild/gcc-4.8.3+os161-2.1/mkinstalldirs'
multi_basedir='../../gcc-4.8.3+os161-2.1/zlib/..'
oldincludedir='/usr/include'
pdfdir='${docdir}'
prefix='/home/os161user/os161/tools'
program_transform_name='s&^&mips-harvard-os161-&'
psdir='${docdir}'
sbindir='${exec_prefix}/sbin'
sharedstatedir='${prefix}/com'
sysconfdir='${prefix}/etc'
target='mips-harvard-os161'
target_alias='mips-harvard-os161'
target_all='libzgcj.la'
target_cpu='mips'
target_os='os161'
target_vendor='harvard'
toolexecdir='$(libdir)/gcc-lib/$(target_alias)'
toolexeclibdir='$(libdir)/../lib'

## ----------- ##
## confdefs.h. ##
## ----------- ##

/* confdefs.h */
#define PACKAGE_NAME ""
#define PACKAGE_TARNAME ""
#define PACKAGE_VERSION ""
#define PACKAGE_STRING ""
#define PACKAGE_BUGREPORT ""
#define PACKAGE_URL ""
#define PACKAGE "zlib"
#define VERSION "1.1.4"
#define STDC_HEADERS 1
#define HAVE_SYS_TYPES_H 1
#define HAVE_SYS_STAT_H 1
#define HAVE_STDLIB_H 1
#define HAVE_STRING_H 1
#define HAVE_MEMORY_H 1
#define HAVE_STRINGS_H 1
#define HAVE_INTTYPES_H 1
#define HAVE_STDINT_H 1
#define HAVE_UNISTD_H 1
#define HAVE_DLFCN_H 1
#define LT_OBJDIR ".libs/"
#define HAVE_STDLIB_H 1
#define HAVE_UNISTD_H 1
#define HAVE_GETPAGESIZE 1
#define HAVE_MMAP 1
#define HAVE_MEMCPY 1
#define HAVE_STRERROR 1
#define HAVE_UNISTD_H 1

configure: exit 0
