This file contains any messages produced by compilers while
running configure, to aid debugging if configure makes a mistake.

It was created by configure, which was
generated by GNU Autoconf 2.64.  Invocation command line was

  $ /home/os161user/os161/toolbuild/binutils-2.24+os161-2.1/gas/configure --cache-file=./config.cache --with-gnu-as --with-gnu-ld --with-system-zlib --nfp --disable-werror --prefix=/home/os161user/os161/tools --program-transform-name=s&^&mips-harvard-os161-& --disable-option-checking --build=x86_64-unknown-linux-gnu --host=x86_64-unknown-linux-gnu --target=mips-harvard-os161 --srcdir=.././gas

## --------- ##
## Platform. ##
## --------- ##

hostname = os161user-VirtualBox
uname -m = x86_64
uname -r = 5.8.0-45-generic
uname -s = Linux
uname -v = #51~20.04.1-Ubuntu SMP Tue Feb 23 13:46:31 UTC 2021

/usr/bin/uname -p = x86_64
/bin/uname -X     = unknown

/bin/arch              = x86_64
/usr/bin/arch -k       = unknown
/usr/convex/getsysinfo = unknown
/usr/bin/hostinfo      = unknown
/bin/machine           = unknown
/usr/bin/oslevel       = unknown
/bin/universe          = unknown

PATH: /home/os161user/os161/tools/bin
PATH: /usr/local/sbin
PATH: /usr/local/bin
PATH: /usr/sbin
PATH: /usr/bin
PATH: /sbin
PATH: /bin
PATH: /usr/games
PATH: /usr/local/games
PATH: /snap/bin


## ----------- ##
## Core tests. ##
## ----------- ##

configure:2186: creating cache ./config.cache
configure:2291: checking build system type
configure:2305: result: x86_64-unknown-linux-gnu
configure:2325: checking host system type
configure:2338: result: x86_64-unknown-linux-gnu
configure:2358: checking target system type
configure:2371: result: mips-harvard-os161
configure:2405: checking for x86_64-unknown-linux-gnu-gcc
configure:2432: result: gcc
configure:2701: checking for C compiler version
configure:2710: gcc --version >&5
gcc (Ubuntu 9.3.0-17ubuntu1~20.04) 9.3.0
Copyright (C) 2019 Free Software Foundation, Inc.
This is free software; see the source for copying conditions.  There is NO
warranty; not even for MERCHANTABILITY or FITNESS FOR A PARTICULAR PURPOSE.

configure:2721: $? = 0
configure:2710: gcc -v >&5
Using built-in specs.
COLLECT_GCC=gcc
COLLECT_LTO_WRAPPER=/usr/lib/gcc/x86_64-linux-gnu/9/lto-wrapper
OFFLOAD_TARGET_NAMES=nvptx-none:hsa
OFFLOAD_TARGET_DEFAULT=1
Target: x86_64-linux-gnu
Configured with: ../src/configure -v --with-pkgversion='Ubuntu 9.3.0-17ubuntu1~20.04' --with-bugurl=file:///usr/share/doc/gcc-9/README.Bugs --enable-languages=c,ada,c++,go,brig,d,fortran,objc,obj-c++,gm2 --prefix=/usr --with-gcc-major-version-only --program-suffix=-9 --program-prefix=x86_64-linux-gnu- --enable-shared --enable-linker-build-id --libexecdir=/usr/lib --without-included-gettext --enable-threads=posix --libdir=/usr/lib --enable-nls --enable-clocale=gnu --enable-libstdcxx-debug --enable-libstdcxx-time=yes --with-default-libstdcxx-abi=new --enable-gnu-unique-object --disable-vtable-verify --enable-plugin --enable-default-pie --with-system-zlib --with-target-system-zlib=auto --enable-objc-gc=auto --enable-multiarch --disable-werror --with-arch-32=i686 --with-abi=m64 --with-multilib-list=m32,m64,mx32 --enable-multilib --with-tune=generic --enable-offload-targets=nvptx-none=/build/gcc-9-HskZEa/gcc-9-9.3.0/debian/tmp-nvptx/usr,hsa --without-cuda-driver --enable-checking=release --build=x86_64-linux-gnu --host=x86_64-linux-gnu --target=x86_64-linux-gnu
Thread model: posix
gcc version 9.3.0 (Ubuntu 9.3.0-17ubuntu1~20.04) 
configure:2721: $? = 0
configure:2710: gcc -V >&5
gcc: error: unrecognized command line option '-V'
gcc: fatal error: no input files
compilation terminated.
configure:2721: $? = 1
configure:2710: gcc -qversion >&5
gcc: error: unrecognized command line option '-qversion'; did you mean '--version'?
gcc: fatal error: no input files
compilation terminated.
configure:2721: $? = 1
configure:2741: checking for C compiler default output file name
configure:2763: gcc -g -O2  -static-libstdc++ -static-libgcc  conftest.c  >&5
configure:2767: $? = 0
configure:2804: result: a.out
configure:2820: checking whether the C compiler works
configure:2829: ./a.out
configure:2833: $? = 0
configure:2848: result: yes
configure:2855: checking whether we are cross compiling
configure:2857: result: no
configure:2860: checking for suffix of executables
configure:2867: gcc -o conftest -g -O2  -static-libstdc++ -static-libgcc  conftest.c  >&5
configure:2871: $? = 0
configure:2893: result: 
configure:2899: checking for suffix of object files
configure:2921: gcc -c -g -O2  conftest.c >&5
configure:2925: $? = 0
configure:2946: result: o
configure:2950: checking whether we are using the GNU C compiler
configure:2969: gcc -c -g -O2  conftest.c >&5
configure:2969: $? = 0
configure:2978: result: yes
configure:2987: checking whether gcc accepts -g
configure:3007: gcc -c -g  conftest.c >&5
configure:3007: $? = 0
configure:3048: result: yes
configure:3065: checking for gcc option to accept ISO C89
configure:3129: gcc  -c -g -O2  conftest.c >&5
configure:3129: $? = 0
configure:3142: result: none needed
configure:3163: checking for library containing strerror
configure:3194: gcc -o conftest -g -O2  -static-libstdc++ -static-libgcc  conftest.c  >&5
configure:3194: $? = 0
configure:3211: result: none required
configure:3237: checking for a BSD-compatible install
configure:3305: result: /usr/bin/install -c
configure:3316: checking whether build environment is sane
configure:3366: result: yes
configure:3507: checking for a thread-safe mkdir -p
configure:3546: result: /usr/bin/mkdir -p
configure:3559: checking for gawk
configure:3586: result: mawk
configure:3597: checking whether make sets $(MAKE)
configure:3619: result: yes
configure:3649: checking for style of include used by make
configure:3677: result: GNU
configure:3762: checking dependency style of gcc
configure:3872: result: gcc3
configure:3897: checking for x86_64-unknown-linux-gnu-gcc
configure:3924: result: gcc
configure:4193: checking for C compiler version
configure:4202: gcc --version >&5
gcc (Ubuntu 9.3.0-17ubuntu1~20.04) 9.3.0
Copyright (C) 2019 Free Software Foundation, Inc.
This is free software; see the source for copying conditions.  There is NO
warranty; not even for MERCHANTABILITY or FITNESS FOR A PARTICULAR PURPOSE.

configure:4213: $? = 0
configure:4202: gcc -v >&5
Using built-in specs.
COLLECT_GCC=gcc
COLLECT_LTO_WRAPPER=/usr/lib/gcc/x86_64-linux-gnu/9/lto-wrapper
OFFLOAD_TARGET_NAMES=nvptx-none:hsa
OFFLOAD_TARGET_DEFAULT=1
Target: x86_64-linux-gnu
Configured with: ../src/configure -v --with-pkgversion='Ubuntu 9.3.0-17ubuntu1~20.04' --with-bugurl=file:///usr/share/doc/gcc-9/README.Bugs --enable-languages=c,ada,c++,go,brig,d,fortran,objc,obj-c++,gm2 --prefix=/usr --with-gcc-major-version-only --program-suffix=-9 --program-prefix=x86_64-linux-gnu- --enable-shared --enable-linker-build-id --libexecdir=/usr/lib --without-included-gettext --enable-threads=posix --libdir=/usr/lib --enable-nls --enable-clocale=gnu --enable-libstdcxx-debug --enable-libstdcxx-time=yes --with-default-libstdcxx-abi=new --enable-gnu-unique-object --disable-vtable-verify --enable-plugin --enable-default-pie --with-system-zlib --with-target-system-zlib=auto --enable-objc-gc=auto --enable-multiarch --disable-werror --with-arch-32=i686 --with-abi=m64 --with-multilib-list=m32,m64,mx32 --enable-multilib --with-tune=generic --enable-offload-targets=nvptx-none=/build/gcc-9-HskZEa/gcc-9-9.3.0/debian/tmp-nvptx/usr,hsa --without-cuda-driver --enable-checking=release --build=x86_64-linux-gnu --host=x86_64-linux-gnu --target=x86_64-linux-gnu
Thread model: posix
gcc version 9.3.0 (Ubuntu 9.3.0-17ubuntu1~20.04) 
configure:4213: $? = 0
configure:4202: gcc -V >&5
gcc: error: unrecognized command line option '-V'
gcc: fatal error: no input files
compilation terminated.
configure:4213: $? = 1
configure:4202: gcc -qversion >&5
gcc: error: unrecognized command line option '-qversion'; did you mean '--version'?
gcc: fatal error: no input files
compilation terminated.
configure:4213: $? = 1
configure:4217: checking whether we are using the GNU C compiler
configure:4245: result: yes
configure:4254: checking whether gcc accepts -g
configure:4315: result: yes
configure:4332: checking for gcc option to accept ISO C89
configure:4409: result: none needed
configure:4434: checking how to run the C preprocessor
configure:4465: gcc -E  conftest.c
configure:4465: $? = 0
configure:4479: gcc -E  conftest.c
conftest.c:11:10: fatal error: ac_nonexistent.h: No such file or directory
   11 | #include <ac_nonexistent.h>
      |          ^~~~~~~~~~~~~~~~~~
compilation terminated.
configure:4479: $? = 1
configure: failed program was:
| /* confdefs.h */
| #define PACKAGE_NAME ""
| #define PACKAGE_TARNAME ""
| #define PACKAGE_VERSION ""
| #define PACKAGE_STRING ""
| #define PACKAGE_BUGREPORT ""
| #define PACKAGE_URL ""
| #define PACKAGE "gas"
| #define VERSION "2.24"
| /* end confdefs.h.  */
| #include <ac_nonexistent.h>
configure:4504: result: gcc -E
configure:4524: gcc -E  conftest.c
configure:4524: $? = 0
configure:4538: gcc -E  conftest.c
conftest.c:11:10: fatal error: ac_nonexistent.h: No such file or directory
   11 | #include <ac_nonexistent.h>
      |          ^~~~~~~~~~~~~~~~~~
compilation terminated.
configure:4538: $? = 1
configure: failed program was:
| /* confdefs.h */
| #define PACKAGE_NAME ""
| #define PACKAGE_TARNAME ""
| #define PACKAGE_VERSION ""
| #define PACKAGE_STRING ""
| #define PACKAGE_BUGREPORT ""
| #define PACKAGE_URL ""
| #define PACKAGE "gas"
| #define VERSION "2.24"
| /* end confdefs.h.  */
| #include <ac_nonexistent.h>
configure:4567: checking for grep that handles long lines and -e
configure:4625: result: /usr/bin/grep
configure:4630: checking for egrep
configure:4692: result: /usr/bin/grep -E
configure:4697: checking for ANSI C header files
configure:4717: gcc -c -g -O2  conftest.c >&5
configure:4717: $? = 0
configure:4790: gcc -o conftest -g -O2  -static-libstdc++ -static-libgcc  conftest.c  >&5
configure:4790: $? = 0
configure:4790: ./conftest
configure:4790: $? = 0
configure:4801: result: yes
configure:4814: checking for sys/types.h
configure:4814: gcc -c -g -O2  conftest.c >&5
configure:4814: $? = 0
configure:4814: result: yes
configure:4814: checking for sys/stat.h
configure:4814: gcc -c -g -O2  conftest.c >&5
configure:4814: $? = 0
configure:4814: result: yes
configure:4814: checking for stdlib.h
configure:4814: gcc -c -g -O2  conftest.c >&5
configure:4814: $? = 0
configure:4814: result: yes
configure:4814: checking for string.h
configure:4814: gcc -c -g -O2  conftest.c >&5
configure:4814: $? = 0
configure:4814: result: yes
configure:4814: checking for memory.h
configure:4814: gcc -c -g -O2  conftest.c >&5
configure:4814: $? = 0
configure:4814: result: yes
configure:4814: checking for strings.h
configure:4814: gcc -c -g -O2  conftest.c >&5
configure:4814: $? = 0
configure:4814: result: yes
configure:4814: checking for inttypes.h
configure:4814: gcc -c -g -O2  conftest.c >&5
configure:4814: $? = 0
configure:4814: result: yes
configure:4814: checking for stdint.h
configure:4814: gcc -c -g -O2  conftest.c >&5
configure:4814: $? = 0
configure:4814: result: yes
configure:4814: checking for unistd.h
configure:4814: gcc -c -g -O2  conftest.c >&5
configure:4814: $? = 0
configure:4814: result: yes
configure:4828: checking minix/config.h usability
configure:4828: gcc -c -g -O2  conftest.c >&5
conftest.c:54:10: fatal error: minix/config.h: No such file or directory
   54 | #include <minix/config.h>
      |          ^~~~~~~~~~~~~~~~
compilation terminated.
configure:4828: $? = 1
configure: failed program was:
| /* confdefs.h */
| #define PACKAGE_NAME ""
| #define PACKAGE_TARNAME ""
| #define PACKAGE_VERSION ""
| #define PACKAGE_STRING ""
| #define PACKAGE_BUGREPORT ""
| #define PACKAGE_URL ""
| #define PACKAGE "gas"
| #define VERSION "2.24"
| #define STDC_HEADERS 1
| #define HAVE_SYS_TYPES_H 1
| #define HAVE_SYS_STAT_H 1
| #define HAVE_STDLIB_H 1
| #define HAVE_STRING_H 1
| #define HAVE_MEMORY_H 1
| #define HAVE_STRINGS_H 1
| #define HAVE_INTTYPES_H 1
| #define HAVE_STDINT_H 1
| #define HAVE_UNISTD_H 1
| /* end confdefs.h.  */
| #include <stdio.h>
| #ifdef HAVE_SYS_TYPES_H
| # include <sys/types.h>
| #endif
| #ifdef HAVE_SYS_STAT_H
| # include <sys/stat.h>
| #endif
| #ifdef STDC_HEADERS
| # include <stdlib.h>
| # include <stddef.h>
| #else
| # ifdef HAVE_STDLIB_H
| #  include <stdlib.h>
| # endif
| #endif
| #ifdef HAVE_STRING_H
| # if !defined STDC_HEADERS && defined HAVE_MEMORY_H
| #  include <memory.h>
| # endif
| # include <string.h>
| #endif
| #ifdef HAVE_STRINGS_H
| # include <strings.h>
| #endif
| #ifdef HAVE_INTTYPES_H
| # include <inttypes.h>
| #endif
| #ifdef HAVE_STDINT_H
| # include <stdint.h>
| #endif
| #ifdef HAVE_UNISTD_H
| # include <unistd.h>
| #endif
| #include <minix/config.h>
configure:4828: result: no
configure:4828: checking minix/config.h presence
configure:4828: gcc -E  conftest.c
conftest.c:21:10: fatal error: minix/config.h: No such file or directory
   21 | #include <minix/config.h>
      |          ^~~~~~~~~~~~~~~~
compilation terminated.
configure:4828: $? = 1
configure: failed program was:
| /* confdefs.h */
| #define PACKAGE_NAME ""
| #define PACKAGE_TARNAME ""
| #define PACKAGE_VERSION ""
| #define PACKAGE_STRING ""
| #define PACKAGE_BUGREPORT ""
| #define PACKAGE_URL ""
| #define PACKAGE "gas"
| #define VERSION "2.24"
| #define STDC_HEADERS 1
| #define HAVE_SYS_TYPES_H 1
| #define HAVE_SYS_STAT_H 1
| #define HAVE_STDLIB_H 1
| #define HAVE_STRING_H 1
| #define HAVE_MEMORY_H 1
| #define HAVE_STRINGS_H 1
| #define HAVE_INTTYPES_H 1
| #define HAVE_STDINT_H 1
| #define HAVE_UNISTD_H 1
| /* end confdefs.h.  */
| #include <minix/config.h>
configure:4828: result: no
configure:4828: checking for minix/config.h
configure:4828: result: no
configure:4849: checking whether it is safe to define __EXTENSIONS__
configure:4867: gcc -c -g -O2  conftest.c >&5
configure:4867: $? = 0
configure:4874: result: yes
configure:4933: checking for special C compiler options needed for large files
configure:4978: result: no
configure:4984: checking for _FILE_OFFSET_BITS value needed for large files
configure:5009: gcc -c -g -O2  conftest.c >&5
configure:5009: $? = 0
configure:5041: result: no
configure:5172: checking how to print strings
configure:5199: result: printf
configure:5220: checking for a sed that does not truncate output
configure:5284: result: /usr/bin/sed
configure:5302: checking for fgrep
configure:5364: result: /usr/bin/grep -F
configure:5399: checking for ld used by gcc
configure:5466: result: ld
configure:5473: checking if the linker (ld) is GNU ld
configure:5488: result: yes
configure:5500: checking for BSD- or MS-compatible name lister (nm)
configure:5549: result: nm
configure:5679: checking the name lister (nm) interface
configure:5686: gcc -c -g -O2  conftest.c >&5
configure:5689: nm "conftest.o"
configure:5692: output
0000000000000000 B some_variable
configure:5693: result: BSD nm
configure:5696: checking whether ln -s works
configure:5700: result: yes
configure:5708: checking the maximum length of command line arguments
configure:5833: result: 1572864
configure:5850: checking whether the shell understands some XSI constructs
configure:5859: result: yes
configure:5863: checking whether the shell understands "+="
configure:5867: result: yes
configure:5902: checking for ld option to reload object files
configure:5909: result: -r
configure:5938: checking for x86_64-unknown-linux-gnu-objdump
configure:5965: result: objdump
configure:6037: checking how to recognize dependent libraries
configure:6238: result: pass_all
configure:6258: checking for x86_64-unknown-linux-gnu-ar
configure:6285: result: ar
configure:6363: checking for x86_64-unknown-linux-gnu-strip
configure:6393: result: no
configure:6403: checking for strip
configure:6419: found /usr/bin/strip
configure:6430: result: strip
configure:6462: checking for x86_64-unknown-linux-gnu-ranlib
configure:6489: result: ranlib
configure:6631: checking command to parse nm output from gcc object
configure:6749: gcc -c -g -O2  conftest.c >&5
configure:6752: $? = 0
configure:6756: nm conftest.o \| sed -n -e 's/^.*[ ]\([ABCDGIRSTW][ABCDGIRSTW]*\)[ ][ ]*\([_A-Za-z][_A-Za-z0-9]*\)$/\1 \2 \2/p' \> conftest.nm
configure:6759: $? = 0
configure:6813: gcc -o conftest -g -O2  -static-libstdc++ -static-libgcc  conftest.c conftstm.o >&5
configure:6816: $? = 0
configure:6854: result: ok
configure:6949: gcc -c -g -O2  conftest.c >&5
configure:6952: $? = 0
configure:7702: checking for dlfcn.h
configure:7702: gcc -c -g -O2  conftest.c >&5
configure:7702: $? = 0
configure:7702: result: yes
configure:7889: checking for objdir
configure:7904: result: .libs
configure:8175: checking if gcc supports -fno-rtti -fno-exceptions
configure:8193: gcc -c -g -O2  -fno-rtti -fno-exceptions conftest.c >&5
cc1: warning: command line option '-fno-rtti' is valid for C++/D/ObjC++ but not for C
configure:8197: $? = 0
configure:8210: result: no
configure:8230: checking for gcc option to produce PIC
configure:8516: result: -fPIC -DPIC
configure:8528: checking if gcc PIC flag -fPIC -DPIC works
configure:8546: gcc -c -g -O2  -fPIC -DPIC -DPIC conftest.c >&5
configure:8550: $? = 0
configure:8563: result: yes
configure:8587: checking if gcc static flag -static works
configure:8615: result: yes
configure:8630: checking if gcc supports -c -o file.o
configure:8651: gcc -c -g -O2  -o out/conftest2.o conftest.c >&5
configure:8655: $? = 0
configure:8677: result: yes
configure:8685: checking if gcc supports -c -o file.o
configure:8732: result: yes
configure:8765: checking whether the gcc linker (ld -m elf_x86_64) supports shared libraries
configure:9836: result: yes
configure:9873: checking whether -lc should be explicitly linked in
configure:9881: gcc -c -g -O2  conftest.c >&5
configure:9884: $? = 0
configure:9899: gcc -shared conftest.o  -v -Wl,-soname -Wl,conftest -o conftest 2\>\&1 \| /usr/bin/grep  -lc  \>/dev/null 2\>\&1
configure:9902: $? = 0
configure:9916: result: no
configure:10081: checking dynamic linker characteristics
configure:10532: gcc -o conftest -g -O2  -static-libstdc++ -static-libgcc  -Wl,-rpath -Wl,/foo conftest.c  >&5
configure:10532: $? = 0
configure:10754: result: GNU/Linux ld.so
configure:10861: checking how to hardcode library paths into programs
configure:10886: result: immediate
configure:11426: checking whether stripping libraries is possible
configure:11431: result: yes
configure:11466: checking if libtool supports shared libraries
configure:11468: result: yes
configure:11471: checking whether to build shared libraries
configure:11492: result: yes
configure:11495: checking whether to build static libraries
configure:11499: result: yes
configure:8809: checking whether byte ordering is bigendian
configure:8824: gcc -c -g -O2  conftest.c >&5
conftest.c:29:9: error: unknown type name 'not'
   29 |         not a universal capable compiler
      |         ^~~
conftest.c:29:15: error: expected '=', ',', ';', 'asm' or '__attribute__' before 'universal'
   29 |         not a universal capable compiler
      |               ^~~~~~~~~
conftest.c:29:15: error: unknown type name 'universal'
configure:8824: $? = 1
configure: failed program was:
| /* confdefs.h */
| #define PACKAGE_NAME ""
| #define PACKAGE_TARNAME ""
| #define PACKAGE_VERSION ""
| #define PACKAGE_STRING ""
| #define PACKAGE_BUGREPORT ""
| #define PACKAGE_URL ""
| #define PACKAGE "gas"
| #define VERSION "2.24"
| #define STDC_HEADERS 1
| #define HAVE_SYS_TYPES_H 1
| #define HAVE_SYS_STAT_H 1
| #define HAVE_STDLIB_H 1
| #define HAVE_STRING_H 1
| #define HAVE_MEMORY_H 1
| #define HAVE_STRINGS_H 1
| #define HAVE_INTTYPES_H 1
| #define HAVE_STDINT_H 1
| #define HAVE_UNISTD_H 1
| #define __EXTENSIONS__ 1
| #define _ALL_SOURCE 1
| #define _GNU_SOURCE 1
| #define _POSIX_PTHREAD_SEMANTICS 1
| #define _TANDEM_SOURCE 1
| #define HAVE_DLFCN_H 1
| #define LT_OBJDIR ".libs/"
| /* end confdefs.h.  */
| #ifndef __APPLE_CC__
| 	       not a universal capable compiler
| 	     #endif
| 	     typedef int dummy;
| 
configure:8869: gcc -c -g -O2  conftest.c >&5
configure:8869: $? = 0
configure:8887: gcc -c -g -O2  conftest.c >&5
conftest.c: In function 'main':
conftest.c:35:4: error: unknown type name 'not'; did you mean 'ino_t'?
   35 |    not big endian
      |    ^~~
      |    ino_t
conftest.c:35:12: error: expected '=', ',', ';', 'asm' or '__attribute__' before 'endian'
   35 |    not big endian
      |            ^~~~~~
configure:8887: $? = 1
configure: failed program was:
| /* confdefs.h */
| #define PACKAGE_NAME ""
| #define PACKAGE_TARNAME ""
| #define PACKAGE_VERSION ""
| #define PACKAGE_STRING ""
| #define PACKAGE_BUGREPORT ""
| #define PACKAGE_URL ""
| #define PACKAGE "gas"
| #define VERSION "2.24"
| #define STDC_HEADERS 1
| #define HAVE_SYS_TYPES_H 1
| #define HAVE_SYS_STAT_H 1
| #define HAVE_STDLIB_H 1
| #define HAVE_STRING_H 1
| #define HAVE_MEMORY_H 1
| #define HAVE_STRINGS_H 1
| #define HAVE_INTTYPES_H 1
| #define HAVE_STDINT_H 1
| #define HAVE_UNISTD_H 1
| #define __EXTENSIONS__ 1
| #define _ALL_SOURCE 1
| #define _GNU_SOURCE 1
| #define _POSIX_PTHREAD_SEMANTICS 1
| #define _TANDEM_SOURCE 1
| #define HAVE_DLFCN_H 1
| #define LT_OBJDIR ".libs/"
| /* end confdefs.h.  */
| #include <sys/types.h>
| 		#include <sys/param.h>
| 
| int
| main ()
| {
| #if BYTE_ORDER != BIG_ENDIAN
| 		 not big endian
| 		#endif
| 
|   ;
|   return 0;
| }
configure:9015: result: no
configure:9683: checking for bison
configure:9710: result: /home/os161user/os161/toolbuild/binutils-2.24+os161-2.1/missing bison -y
configure:9726: checking for flex
configure:9753: result: /home/os161user/os161/toolbuild/binutils-2.24+os161-2.1/missing flex
configure:9790: /home/os161user/os161/toolbuild/binutils-2.24+os161-2.1/missing flex conftest.l
WARNING: `flex' is missing on your system.  You should only need it if
         you modified a `.l' file.  You may need the `Flex' package
         in order for those modifications to take effect.  You can get
         `Flex' from any GNU archive site.
configure:9794: $? = 0
configure:9796: checking lex output file root
configure:9810: result: lex.yy
configure:9815: checking lex library
configure:9829: gcc -o conftest -g -O2  -static-libstdc++ -static-libgcc  conftest.c   >&5
conftest.c:41:1: warning: return type defaults to 'int' [-Wimplicit-int]
   41 | main() { return 0; }
      | ^~~~
configure:9829: $? = 0
configure:9839: result: 
configure:9845: checking whether yytext is a pointer
configure:9861: gcc -o conftest -g -O2  -static-libstdc++ -static-libgcc  conftest.c   >&5
conftest.c:42:1: warning: return type defaults to 'int' [-Wimplicit-int]
   42 | main() { return 0; }
      | ^~~~
configure:9861: $? = 0
configure:9869: result: yes
configure:9811: checking whether NLS is requested
configure:9817: result: yes
configure:9823: checking for catalogs to be installed
configure:9855: result:  es fi fr id ja ru rw tr es fi fr id ja ru rw tr
configure:9882: checking whether NLS is requested
configure:9891: result: yes
configure:9929: checking for msgfmt
configure:9963: result: no
configure:9969: checking for gmsgfmt
configure:10000: result: :
configure:10040: checking for xgettext
configure:10074: result: no
configure:10111: checking for msgmerge
configure:10144: result: no
configure:10178: checking whether to enable maintainer-specific portions of Makefiles
configure:10187: result: no
configure:10213: checking for string.h
configure:10213: result: yes
configure:10213: checking for stdlib.h
configure:10213: result: yes
configure:10213: checking for memory.h
configure:10213: result: yes
configure:10213: checking for strings.h
configure:10213: result: yes
configure:10213: checking for unistd.h
configure:10213: result: yes
configure:10213: checking errno.h usability
configure:10213: gcc -c -g -O2  conftest.c >&5
configure:10213: $? = 0
configure:10213: result: yes
configure:10213: checking errno.h presence
configure:10213: gcc -E  conftest.c
configure:10213: $? = 0
configure:10213: result: yes
configure:10213: checking for errno.h
configure:10213: result: yes
configure:10213: checking for sys/types.h
configure:10213: result: yes
configure:10213: checking limits.h usability
configure:10213: gcc -c -g -O2  conftest.c >&5
configure:10213: $? = 0
configure:10213: result: yes
configure:10213: checking limits.h presence
configure:10213: gcc -E  conftest.c
configure:10213: $? = 0
configure:10213: result: yes
configure:10213: checking for limits.h
configure:10213: result: yes
configure:10213: checking locale.h usability
configure:10213: gcc -c -g -O2  conftest.c >&5
configure:10213: $? = 0
configure:10213: result: yes
configure:10213: checking locale.h presence
configure:10213: gcc -E  conftest.c
configure:10213: $? = 0
configure:10213: result: yes
configure:10213: checking for locale.h
configure:10213: result: yes
configure:10213: checking time.h usability
configure:10213: gcc -c -g -O2  conftest.c >&5
configure:10213: $? = 0
configure:10213: result: yes
configure:10213: checking time.h presence
configure:10213: gcc -E  conftest.c
configure:10213: $? = 0
configure:10213: result: yes
configure:10213: checking for time.h
configure:10213: result: yes
configure:10213: checking for sys/stat.h
configure:10213: result: yes
configure:10224: checking whether string.h and strings.h may both be included
configure:10241: gcc -c -g -O2  conftest.c >&5
configure:10241: $? = 0
configure:10248: result: yes
configure:10259: checking whether compiling a cross-assembler
configure:10269: result: yes
configure:10274: checking for working alloca.h
configure:10291: gcc -o conftest -g -O2  -static-libstdc++ -static-libgcc  conftest.c  >&5
configure:10291: $? = 0
configure:10299: result: yes
configure:10307: checking for alloca
configure:10344: gcc -o conftest -g -O2  -static-libstdc++ -static-libgcc  conftest.c  >&5
configure:10344: $? = 0
configure:10352: result: yes
configure:10462: checking for inline
configure:10478: gcc -c -g -O2  conftest.c >&5
configure:10478: $? = 0
configure:10486: result: inline
configure:10509: checking for unlink
configure:10509: gcc -o conftest -g -O2  -static-libstdc++ -static-libgcc  conftest.c  >&5
configure:10509: $? = 0
configure:10509: result: yes
configure:10522: checking for sbrk
configure:10522: gcc -o conftest -g -O2  -static-libstdc++ -static-libgcc  conftest.c  >&5
configure:10522: $? = 0
configure:10522: result: yes
configure:10522: checking for setlocale
configure:10522: gcc -o conftest -g -O2  -static-libstdc++ -static-libgcc  conftest.c  >&5
configure:10522: $? = 0
configure:10522: result: yes
configure:10534: checking for LC_MESSAGES
configure:10550: gcc -o conftest -g -O2  -static-libstdc++ -static-libgcc  conftest.c  >&5
configure:10550: $? = 0
configure:10558: result: yes
configure:10709: checking for working assert macro
configure:10734: gcc -o conftest -g -O2  -static-libstdc++ -static-libgcc  conftest.c  >&5
In file included from conftest.c:62:
conftest.c: In function 'main':
conftest.c:71:10: warning: implicit declaration of function 'strcmp' [-Wimplicit-function-declaration]
   71 | assert (!strcmp(s, "foo bar baz quux"));
      |          ^~~~~~
conftest.c:71:10: warning: argument 1 null where non-null expected [-Wnonnull]
   71 | assert (!strcmp(s, "foo bar baz quux"));
      |          ^~~~~~~~~~~~~~~~~~~~~~~~~~~~~
conftest.c:71:10: note: in a call to built-in function 'strcmp'
configure:10734: $? = 0
configure:10742: result: yes
configure:10774: checking whether declaration is required for errno
configure:10798: gcc -o conftest -g -O2  -static-libstdc++ -static-libgcc  conftest.c  >&5
configure:10798: $? = 0
configure:10806: result: no
configure:10815: checking for a known getopt prototype in unistd.h
configure:10831: gcc -c -g -O2  conftest.c >&5
configure:10831: $? = 0
configure:10839: result: yes
configure:10848: checking whether declaration is required for environ
configure:10868: gcc -o conftest -g -O2  -static-libstdc++ -static-libgcc  conftest.c  >&5
configure:10868: $? = 0
configure:10876: result: no
configure:10885: checking whether declaration is required for ffs
configure:10905: gcc -o conftest -g -O2  -static-libstdc++ -static-libgcc  conftest.c  >&5
configure:10905: $? = 0
configure:10913: result: no
configure:10922: checking whether declaration is required for free
configure:10942: gcc -o conftest -g -O2  -static-libstdc++ -static-libgcc  conftest.c  >&5
configure:10942: $? = 0
configure:10950: result: no
configure:10959: checking whether declaration is required for malloc
configure:10979: gcc -o conftest -g -O2  -static-libstdc++ -static-libgcc  conftest.c  >&5
configure:10979: $? = 0
configure:10987: result: no
configure:10996: checking whether declaration is required for sbrk
configure:11016: gcc -o conftest -g -O2  -static-libstdc++ -static-libgcc  conftest.c  >&5
configure:11016: $? = 0
configure:11024: result: no
configure:11033: checking whether declaration is required for strstr
configure:11053: gcc -o conftest -g -O2  -static-libstdc++ -static-libgcc  conftest.c  >&5
configure:11053: $? = 0
configure:11061: result: no
configure:11070: checking whether free is declared
configure:11070: gcc -c -g -O2  conftest.c >&5
configure:11070: $? = 0
configure:11070: result: yes
configure:11080: checking whether getenv is declared
configure:11080: gcc -c -g -O2  conftest.c >&5
configure:11080: $? = 0
configure:11080: result: yes
configure:11090: checking whether malloc is declared
configure:11090: gcc -c -g -O2  conftest.c >&5
configure:11090: $? = 0
configure:11090: result: yes
configure:11100: checking whether mempcpy is declared
configure:11100: gcc -c -g -O2  conftest.c >&5
configure:11100: $? = 0
configure:11100: result: yes
configure:11110: checking whether realloc is declared
configure:11110: gcc -c -g -O2  conftest.c >&5
configure:11110: $? = 0
configure:11110: result: yes
configure:11120: checking whether stpcpy is declared
configure:11120: gcc -c -g -O2  conftest.c >&5
configure:11120: $? = 0
configure:11120: result: yes
configure:11130: checking whether strstr is declared
configure:11130: gcc -c -g -O2  conftest.c >&5
configure:11130: $? = 0
configure:11130: result: yes
configure:11140: checking whether vsnprintf is declared
configure:11140: gcc -c -g -O2  conftest.c >&5
configure:11140: $? = 0
configure:11140: result: yes
configure:11173: checking for library containing zlibVersion
configure:11204: gcc -o conftest -g -O2  -static-libstdc++ -static-libgcc  conftest.c  >&5
/usr/bin/ld: /tmp/cclVC2Mx.o: in function `main':
/home/os161user/os161/toolbuild/binutils-2.24+os161-2.1/gas/conftest.c:82: undefined reference to `zlibVersion'
collect2: error: ld returned 1 exit status
configure:11204: $? = 1
configure: failed program was:
| /* confdefs.h */
| #define PACKAGE_NAME ""
| #define PACKAGE_TARNAME ""
| #define PACKAGE_VERSION ""
| #define PACKAGE_STRING ""
| #define PACKAGE_BUGREPORT ""
| #define PACKAGE_URL ""
| #define PACKAGE "gas"
| #define VERSION "2.24"
| #define STDC_HEADERS 1
| #define HAVE_SYS_TYPES_H 1
| #define HAVE_SYS_STAT_H 1
| #define HAVE_STDLIB_H 1
| #define HAVE_STRING_H 1
| #define HAVE_MEMORY_H 1
| #define HAVE_STRINGS_H 1
| #define HAVE_INTTYPES_H 1
| #define HAVE_STDINT_H 1
| #define HAVE_UNISTD_H 1
| #define __EXTENSIONS__ 1
| #define _ALL_SOURCE 1
| #define _GNU_SOURCE 1
| #define _POSIX_PTHREAD_SEMANTICS 1
| #define _TANDEM_SOURCE 1
| #define HAVE_DLFCN_H 1
| #define LT_OBJDIR ".libs/"
| #define TARGET_BYTES_BIG_ENDIAN 1
| #define MIPS_CPU_STRING_DEFAULT "from-abi"
| #define USE_E_MIPS_ABI_O32 1
| #define MIPS_DEFAULT_64BIT 0
| #define MIPS_DEFAULT_ABI NO_ABI
| #define USE_EMULATIONS 1
| #define EMULATIONS  &mipsbelf, &mipslelf, &mipself,
| #define DEFAULT_EMULATION "mipsbelf"
| #define TARGET_ALIAS "mips-harvard-os161"
| #define TARGET_CANONICAL "mips-harvard-os161"
| #define TARGET_CPU "mips"
| #define TARGET_VENDOR "harvard"
| #define TARGET_OS "os161"
| #define YYTEXT_POINTER 1
| #define ENABLE_NLS 1
| #define HAVE_STRING_H 1
| #define HAVE_STDLIB_H 1
| #define HAVE_MEMORY_H 1
| #define HAVE_STRINGS_H 1
| #define HAVE_UNISTD_H 1
| #define HAVE_ERRNO_H 1
| #define HAVE_SYS_TYPES_H 1
| #define HAVE_LIMITS_H 1
| #define HAVE_LOCALE_H 1
| #define HAVE_TIME_H 1
| #define HAVE_SYS_STAT_H 1
| #define STRING_WITH_STRINGS 1
| #define CROSS_COMPILE 1
| #define HAVE_ALLOCA_H 1
| #define HAVE_ALLOCA 1
| #define HAVE_UNLINK 1
| #define HAVE_SBRK 1
| #define HAVE_SETLOCALE 1
| #define HAVE_LC_MESSAGES 1
| #define HAVE_DECL_GETOPT 1
| #define HAVE_DECL_FREE 1
| #define HAVE_DECL_GETENV 1
| #define HAVE_DECL_MALLOC 1
| #define HAVE_DECL_MEMPCPY 1
| #define HAVE_DECL_REALLOC 1
| #define HAVE_DECL_STPCPY 1
| #define HAVE_DECL_STRSTR 1
| #define HAVE_DECL_VSNPRINTF 1
| /* end confdefs.h.  */
| 
| /* Override any GCC internal prototype to avoid an error.
|    Use char because int might match the return type of a GCC
|    builtin and then its argument prototype would still apply.  */
| #ifdef __cplusplus
| extern "C"
| #endif
| char zlibVersion ();
| int
| main ()
| {
| return zlibVersion ();
|   ;
|   return 0;
| }
configure:11204: gcc -o conftest -g -O2  -static-libstdc++ -static-libgcc  conftest.c -lz   >&5
/usr/bin/ld: cannot find -lz
collect2: error: ld returned 1 exit status
configure:11204: $? = 1
configure: failed program was:
| /* confdefs.h */
| #define PACKAGE_NAME ""
| #define PACKAGE_TARNAME ""
| #define PACKAGE_VERSION ""
| #define PACKAGE_STRING ""
| #define PACKAGE_BUGREPORT ""
| #define PACKAGE_URL ""
| #define PACKAGE "gas"
| #define VERSION "2.24"
| #define STDC_HEADERS 1
| #define HAVE_SYS_TYPES_H 1
| #define HAVE_SYS_STAT_H 1
| #define HAVE_STDLIB_H 1
| #define HAVE_STRING_H 1
| #define HAVE_MEMORY_H 1
| #define HAVE_STRINGS_H 1
| #define HAVE_INTTYPES_H 1
| #define HAVE_STDINT_H 1
| #define HAVE_UNISTD_H 1
| #define __EXTENSIONS__ 1
| #define _ALL_SOURCE 1
| #define _GNU_SOURCE 1
| #define _POSIX_PTHREAD_SEMANTICS 1
| #define _TANDEM_SOURCE 1
| #define HAVE_DLFCN_H 1
| #define LT_OBJDIR ".libs/"
| #define TARGET_BYTES_BIG_ENDIAN 1
| #define MIPS_CPU_STRING_DEFAULT "from-abi"
| #define USE_E_MIPS_ABI_O32 1
| #define MIPS_DEFAULT_64BIT 0
| #define MIPS_DEFAULT_ABI NO_ABI
| #define USE_EMULATIONS 1
| #define EMULATIONS  &mipsbelf, &mipslelf, &mipself,
| #define DEFAULT_EMULATION "mipsbelf"
| #define TARGET_ALIAS "mips-harvard-os161"
| #define TARGET_CANONICAL "mips-harvard-os161"
| #define TARGET_CPU "mips"
| #define TARGET_VENDOR "harvard"
| #define TARGET_OS "os161"
| #define YYTEXT_POINTER 1
| #define ENABLE_NLS 1
| #define HAVE_STRING_H 1
| #define HAVE_STDLIB_H 1
| #define HAVE_MEMORY_H 1
| #define HAVE_STRINGS_H 1
| #define HAVE_UNISTD_H 1
| #define HAVE_ERRNO_H 1
| #define HAVE_SYS_TYPES_H 1
| #define HAVE_LIMITS_H 1
| #define HAVE_LOCALE_H 1
| #define HAVE_TIME_H 1
| #define HAVE_SYS_STAT_H 1
| #define STRING_WITH_STRINGS 1
| #define CROSS_COMPILE 1
| #define HAVE_ALLOCA_H 1
| #define HAVE_ALLOCA 1
| #define HAVE_UNLINK 1
| #define HAVE_SBRK 1
| #define HAVE_SETLOCALE 1
| #define HAVE_LC_MESSAGES 1
| #define HAVE_DECL_GETOPT 1
| #define HAVE_DECL_FREE 1
| #define HAVE_DECL_GETENV 1
| #define HAVE_DECL_MALLOC 1
| #define HAVE_DECL_MEMPCPY 1
| #define HAVE_DECL_REALLOC 1
| #define HAVE_DECL_STPCPY 1
| #define HAVE_DECL_STRSTR 1
| #define HAVE_DECL_VSNPRINTF 1
| /* end confdefs.h.  */
| 
| /* Override any GCC internal prototype to avoid an error.
|    Use char because int might match the return type of a GCC
|    builtin and then its argument prototype would still apply.  */
| #ifdef __cplusplus
| extern "C"
| #endif
| char zlibVersion ();
| int
| main ()
| {
| return zlibVersion ();
|   ;
|   return 0;
| }
configure:11221: result: no
configure:11249: checking for struct tm.tm_gmtoff in time.h
configure:11267: gcc -c -g -O2  conftest.c >&5
In file included from /usr/include/time.h:25,
                 from conftest.c:73:
/usr/include/features.h:187:3: warning: #warning "_BSD_SOURCE and _SVID_SOURCE are deprecated, use _DEFAULT_SOURCE" [-Wcpp]
  187 | # warning "_BSD_SOURCE and _SVID_SOURCE are deprecated, use _DEFAULT_SOURCE"
      |   ^~~~~~~
configure:11267: $? = 0
configure:11281: result: yes
configure:11287: checking for struct stat.st_mtim.tv_sec in sys/stat.h
configure:11305: gcc -c -g -O2  conftest.c >&5
In file included from /usr/include/x86_64-linux-gnu/sys/stat.h:25,
                 from conftest.c:74:
/usr/include/features.h:187:3: warning: #warning "_BSD_SOURCE and _SVID_SOURCE are deprecated, use _DEFAULT_SOURCE" [-Wcpp]
  187 | # warning "_BSD_SOURCE and _SVID_SOURCE are deprecated, use _DEFAULT_SOURCE"
      |   ^~~~~~~
configure:11305: $? = 0
configure:11319: result: yes
configure:11322: checking for struct stat.st_mtim.tv_nsec in sys/stat.h
configure:11340: gcc -c -g -O2  conftest.c >&5
In file included from /usr/include/x86_64-linux-gnu/sys/stat.h:25,
                 from conftest.c:75:
/usr/include/features.h:187:3: warning: #warning "_BSD_SOURCE and _SVID_SOURCE are deprecated, use _DEFAULT_SOURCE" [-Wcpp]
  187 | # warning "_BSD_SOURCE and _SVID_SOURCE are deprecated, use _DEFAULT_SOURCE"
      |   ^~~~~~~
configure:11340: $? = 0
configure:11354: result: yes
configure:11429: updating cache ./config.cache
configure:11491: creating ./config.status

## ---------------------- ##
## Running config.status. ##
## ---------------------- ##

This file was extended by config.status, which was
generated by GNU Autoconf 2.64.  Invocation command line was

  CONFIG_FILES    = 
  CONFIG_HEADERS  = 
  CONFIG_LINKS    = 
  CONFIG_COMMANDS = 
  $ ./config.status 

on os161user-VirtualBox

config.status:1167: creating .gdbinit
config.status:1167: creating Makefile
config.status:1167: creating doc/Makefile
config.status:1167: creating po/Makefile.in
config.status:1167: creating config.h
config.status:1387: executing depfiles commands
config.status:1387: executing libtool commands
config.status:1387: executing default-1 commands
config.status:1387: executing default commands

## ---------------- ##
## Cache variables. ##
## ---------------- ##

ac_cv_build=x86_64-unknown-linux-gnu
ac_cv_c_bigendian=no
ac_cv_c_compiler_gnu=yes
ac_cv_c_inline=inline
ac_cv_env_CC_set=set
ac_cv_env_CC_value=gcc
ac_cv_env_CFLAGS_set=set
ac_cv_env_CFLAGS_value='-g -O2'
ac_cv_env_CPPFLAGS_set=
ac_cv_env_CPPFLAGS_value=
ac_cv_env_CPP_set=
ac_cv_env_CPP_value=
ac_cv_env_LDFLAGS_set=set
ac_cv_env_LDFLAGS_value='-static-libstdc++ -static-libgcc '
ac_cv_env_LIBS_set=
ac_cv_env_LIBS_value=
ac_cv_env_YACC_set=set
ac_cv_env_YACC_value='/home/os161user/os161/toolbuild/binutils-2.24+os161-2.1/missing bison -y'
ac_cv_env_YFLAGS_set=
ac_cv_env_YFLAGS_value=
ac_cv_env_build_alias_set=set
ac_cv_env_build_alias_value=x86_64-unknown-linux-gnu
ac_cv_env_host_alias_set=set
ac_cv_env_host_alias_value=x86_64-unknown-linux-gnu
ac_cv_env_target_alias_set=set
ac_cv_env_target_alias_value=mips-harvard-os161
ac_cv_func_alloca_works=yes
ac_cv_func_sbrk=yes
ac_cv_func_setlocale=yes
ac_cv_func_unlink=yes
ac_cv_have_decl_free=yes
ac_cv_have_decl_getenv=yes
ac_cv_have_decl_malloc=yes
ac_cv_have_decl_mempcpy=yes
ac_cv_have_decl_realloc=yes
ac_cv_have_decl_stpcpy=yes
ac_cv_have_decl_strstr=yes
ac_cv_have_decl_vsnprintf=yes
ac_cv_header_dlfcn_h=yes
ac_cv_header_errno_h=yes
ac_cv_header_inttypes_h=yes
ac_cv_header_limits_h=yes
ac_cv_header_locale_h=yes
ac_cv_header_memory_h=yes
ac_cv_header_minix_config_h=no
ac_cv_header_stdc=yes
ac_cv_header_stdint_h=yes
ac_cv_header_stdlib_h=yes
ac_cv_header_string_h=yes
ac_cv_header_strings_h=yes
ac_cv_header_sys_stat_h=yes
ac_cv_header_sys_types_h=yes
ac_cv_header_time_h=yes
ac_cv_header_unistd_h=yes
ac_cv_host=x86_64-unknown-linux-gnu
ac_cv_lib_lex=
ac_cv_objext=o
ac_cv_path_EGREP='/usr/bin/grep -E'
ac_cv_path_FGREP='/usr/bin/grep -F'
ac_cv_path_GMSGFMT=:
ac_cv_path_GREP=/usr/bin/grep
ac_cv_path_MSGFMT=:
ac_cv_path_MSGMERGE=:
ac_cv_path_SED=/usr/bin/sed
ac_cv_path_XGETTEXT=:
ac_cv_path_mkdir=/usr/bin/mkdir
ac_cv_prog_AR=ar
ac_cv_prog_AWK=mawk
ac_cv_prog_CC=gcc
ac_cv_prog_CPP='gcc -E'
ac_cv_prog_LEX='/home/os161user/os161/toolbuild/binutils-2.24+os161-2.1/missing flex'
ac_cv_prog_OBJDUMP=objdump
ac_cv_prog_RANLIB=ranlib
ac_cv_prog_YACC='/home/os161user/os161/toolbuild/binutils-2.24+os161-2.1/missing bison -y'
ac_cv_prog_ac_ct_STRIP=strip
ac_cv_prog_cc_c89=
ac_cv_prog_cc_g=yes
ac_cv_prog_lex_root=lex.yy
ac_cv_prog_lex_yytext_pointer=yes
ac_cv_prog_make_make_set=yes
ac_cv_safe_to_define___extensions__=yes
ac_cv_search_strerror='none required'
ac_cv_search_zlibVersion=no
ac_cv_sys_file_offset_bits=no
ac_cv_sys_largefile_CC=no
ac_cv_target=mips-harvard-os161
ac_cv_working_alloca_h=yes
am_cv_CC_dependencies_compiler_type=gcc3
am_cv_val_LC_MESSAGES=yes
gas_cv_assert_ok=yes
gas_cv_decl_getopt_unistd_h=yes
gas_cv_decl_needed_environ=no
gas_cv_decl_needed_errno=no
gas_cv_decl_needed_ffs=no
gas_cv_decl_needed_free=no
gas_cv_decl_needed_malloc=no
gas_cv_decl_needed_sbrk=no
gas_cv_decl_needed_strstr=no
gas_cv_have_sys_stat_type_member_st_mtim_tv_nsec=yes
gas_cv_have_sys_stat_type_member_st_mtim_tv_sec=yes
gas_cv_have_time_type_member_tm_gmtoff=yes
gcc_cv_header_string=yes
lt_cv_archive_cmds_need_lc=no
lt_cv_deplibs_check_method=pass_all
lt_cv_file_magic_cmd='$MAGIC_CMD'
lt_cv_file_magic_test_file=
lt_cv_ld_reload_flag=-r
lt_cv_nm_interface='BSD nm'
lt_cv_objdir=.libs
lt_cv_path_LD=ld
lt_cv_path_NM=nm
lt_cv_prog_compiler_c_o=yes
lt_cv_prog_compiler_pic_works=yes
lt_cv_prog_compiler_rtti_exceptions=no
lt_cv_prog_compiler_static_works=yes
lt_cv_prog_gnu_ld=yes
lt_cv_shlibpath_overrides_runpath=yes
lt_cv_sys_global_symbol_pipe='sed -n -e '\''s/^.*[	 ]\([ABCDGIRSTW][ABCDGIRSTW]*\)[	 ][	 ]*\([_A-Za-z][_A-Za-z0-9]*\)$/\1 \2 \2/p'\'''
lt_cv_sys_global_symbol_to_c_name_address='sed -n -e '\''s/^: \([^ ]*\) $/  {\"\1\", (void *) 0},/p'\'' -e '\''s/^[ABCDGIRSTW]* \([^ ]*\) \([^ ]*\)$/  {"\2", (void *) \&\2},/p'\'''
lt_cv_sys_global_symbol_to_c_name_address_lib_prefix='sed -n -e '\''s/^: \([^ ]*\) $/  {\"\1\", (void *) 0},/p'\'' -e '\''s/^[ABCDGIRSTW]* \([^ ]*\) \(lib[^ ]*\)$/  {"\2", (void *) \&\2},/p'\'' -e '\''s/^[ABCDGIRSTW]* \([^ ]*\) \([^ ]*\)$/  {"lib\2", (void *) \&\2},/p'\'''
lt_cv_sys_global_symbol_to_cdecl='sed -n -e '\''s/^T .* \(.*\)$/extern int \1();/p'\'' -e '\''s/^[ABCDGIRSTW]* .* \(.*\)$/extern char \1;/p'\'''
lt_cv_sys_max_cmd_len=1572864

## ----------------- ##
## Output variables. ##
## ----------------- ##

ACLOCAL='${SHELL} /home/os161user/os161/toolbuild/binutils-2.24+os161-2.1/missing --run aclocal-1.11'
ALLOCA=''
AMDEPBACKSLASH='\'
AMDEP_FALSE='#'
AMDEP_TRUE=''
AMTAR='${SHELL} /home/os161user/os161/toolbuild/binutils-2.24+os161-2.1/missing --run tar'
AR='ar'
AUTOCONF='${SHELL} /home/os161user/os161/toolbuild/binutils-2.24+os161-2.1/missing --run autoconf'
AUTOHEADER='${SHELL} /home/os161user/os161/toolbuild/binutils-2.24+os161-2.1/missing --run autoheader'
AUTOMAKE='${SHELL} /home/os161user/os161/toolbuild/binutils-2.24+os161-2.1/missing --run automake-1.11'
AWK='mawk'
CATALOGS=' es.gmo fi.gmo fr.gmo id.gmo ja.gmo ru.gmo rw.gmo tr.gmo es.gmo fi.gmo fr.gmo id.gmo ja.gmo ru.gmo rw.gmo tr.gmo'
CATOBJEXT='.gmo'
CC='gcc'
CCDEPMODE='depmode=gcc3'
CFLAGS='-g -O2'
CPP='gcc -E'
CPPFLAGS=''
CYGPATH_W='echo'
DATADIRNAME='share'
DEFS='-DHAVE_CONFIG_H'
DEPDIR='.deps'
DSYMUTIL=''
DUMPBIN=''
ECHO_C=''
ECHO_N='-n'
ECHO_T=''
EGREP='/usr/bin/grep -E'
EXEEXT=''
FGREP='/usr/bin/grep -F'
GDBINIT='.gdbinit'
GENCAT='gencat'
GENINSRC_NEVER_FALSE=''
GENINSRC_NEVER_TRUE='#'
GMSGFMT=':'
GREP='/usr/bin/grep'
INCINTL=''
INSTALL_DATA='/usr/bin/install -c -m 644'
INSTALL_PROGRAM='/usr/bin/install -c'
INSTALL_SCRIPT='/usr/bin/install -c'
INSTALL_STRIP_PROGRAM='$(install_sh) -c -s'
INSTOBJEXT='.mo'
LD='ld -m elf_x86_64'
LDFLAGS='-static-libstdc++ -static-libgcc '
LEX='/home/os161user/os161/toolbuild/binutils-2.24+os161-2.1/missing flex'
LEXLIB=''
LEX_OUTPUT_ROOT='lex.yy'
LIBINTL=''
LIBINTL_DEP=''
LIBM=''
LIBOBJS=''
LIBS=''
LIBTOOL='$(SHELL) $(top_builddir)/libtool'
LIPO=''
LN_S='ln -s'
LTLIBOBJS=''
MAINT='#'
MAINTAINER_MODE_FALSE=''
MAINTAINER_MODE_TRUE='#'
MAKEINFO='/home/os161user/os161/toolbuild/binutils-2.24+os161-2.1/missing makeinfo --split-size=5000000'
MKDIR_P='/usr/bin/mkdir -p'
MKINSTALLDIRS='$(top_builddir)/../mkinstalldirs'
MSGFMT=':'
MSGMERGE=':'
NM='nm'
NMEDIT=''
NO_WERROR=''
OBJDUMP='objdump'
OBJEXT='o'
OPCODES_LIB='../opcodes/libopcodes.la'
OTOOL64=''
OTOOL=''
PACKAGE='gas'
PACKAGE_BUGREPORT=''
PACKAGE_NAME=''
PACKAGE_STRING=''
PACKAGE_TARNAME=''
PACKAGE_URL=''
PACKAGE_VERSION=''
PATH_SEPARATOR=':'
POSUB='po'
RANLIB='ranlib'
SED='/usr/bin/sed'
SET_MAKE=''
SHELL='/bin/bash'
STRIP='strip'
USE_NLS='yes'
VERSION='2.24'
WARN_CFLAGS='-W -Wall -Wstrict-prototypes -Wmissing-prototypes -Wshadow'
XGETTEXT=':'
YACC='/home/os161user/os161/toolbuild/binutils-2.24+os161-2.1/missing bison -y'
YFLAGS=''
ac_ct_CC=''
ac_ct_DUMPBIN=''
am__EXEEXT_FALSE=''
am__EXEEXT_TRUE='#'
am__fastdepCC_FALSE='#'
am__fastdepCC_TRUE=''
am__include='include'
am__isrc=''
am__leading_dot='.'
am__quote=''
am__tar='${AMTAR} chof - "$$tardir"'
am__untar='${AMTAR} xf -'
atof='ieee'
bindir='${exec_prefix}/bin'
build='x86_64-unknown-linux-gnu'
build_alias='x86_64-unknown-linux-gnu'
build_cpu='x86_64'
build_os='linux-gnu'
build_vendor='unknown'
cgen_cpu_prefix=''
datadir='${datarootdir}'
datarootdir='${prefix}/share'
docdir='${datarootdir}/doc/${PACKAGE}'
dvidir='${docdir}'
exec_prefix='${prefix}'
extra_objects=' itbl-parse.o itbl-lex-wrapper.o itbl-ops.o  e-mipself.o'
host='x86_64-unknown-linux-gnu'
host_alias='x86_64-unknown-linux-gnu'
host_cpu='x86_64'
host_os='linux-gnu'
host_vendor='unknown'
htmldir='${docdir}'
includedir='${prefix}/include'
infodir='${datarootdir}/info'
install_sh='${SHELL} /home/os161user/os161/toolbuild/binutils-2.24+os161-2.1/install-sh'
install_tooldir='install-exec-tooldir'
libdir='${exec_prefix}/lib'
libexecdir='${exec_prefix}/libexec'
localedir='${datarootdir}/locale'
localstatedir='${prefix}/var'
mandir='${datarootdir}/man'
mkdir_p='/usr/bin/mkdir -p'
obj_format='elf'
oldincludedir='/usr/include'
pdfdir='${docdir}'
prefix='/home/os161user/os161/tools'
program_transform_name='s&^&mips-harvard-os161-&'
psdir='${docdir}'
sbindir='${exec_prefix}/sbin'
sharedstatedir='${prefix}/com'
sysconfdir='${prefix}/etc'
target='mips-harvard-os161'
target_alias='mips-harvard-os161'
target_cpu='mips'
target_cpu_type='mips'
target_os='os161'
target_vendor='harvard'
te_file='tmips'

## ----------- ##
## confdefs.h. ##
## ----------- ##

/* confdefs.h */
#define PACKAGE_NAME ""
#define PACKAGE_TARNAME ""
#define PACKAGE_VERSION ""
#define PACKAGE_STRING ""
#define PACKAGE_BUGREPORT ""
#define PACKAGE_URL ""
#define PACKAGE "gas"
#define VERSION "2.24"
#define STDC_HEADERS 1
#define HAVE_SYS_TYPES_H 1
#define HAVE_SYS_STAT_H 1
#define HAVE_STDLIB_H 1
#define HAVE_STRING_H 1
#define HAVE_MEMORY_H 1
#define HAVE_STRINGS_H 1
#define HAVE_INTTYPES_H 1
#define HAVE_STDINT_H 1
#define HAVE_UNISTD_H 1
#define __EXTENSIONS__ 1
#define _ALL_SOURCE 1
#define _GNU_SOURCE 1
#define _POSIX_PTHREAD_SEMANTICS 1
#define _TANDEM_SOURCE 1
#define HAVE_DLFCN_H 1
#define LT_OBJDIR ".libs/"
#define TARGET_BYTES_BIG_ENDIAN 1
#define MIPS_CPU_STRING_DEFAULT "from-abi"
#define USE_E_MIPS_ABI_O32 1
#define MIPS_DEFAULT_64BIT 0
#define MIPS_DEFAULT_ABI NO_ABI
#define USE_EMULATIONS 1
#define EMULATIONS  &mipsbelf, &mipslelf, &mipself,
#define DEFAULT_EMULATION "mipsbelf"
#define TARGET_ALIAS "mips-harvard-os161"
#define TARGET_CANONICAL "mips-harvard-os161"
#define TARGET_CPU "mips"
#define TARGET_VENDOR "harvard"
#define TARGET_OS "os161"
#define YYTEXT_POINTER 1
#define ENABLE_NLS 1
#define HAVE_STRING_H 1
#define HAVE_STDLIB_H 1
#define HAVE_MEMORY_H 1
#define HAVE_STRINGS_H 1
#define HAVE_UNISTD_H 1
#define HAVE_ERRNO_H 1
#define HAVE_SYS_TYPES_H 1
#define HAVE_LIMITS_H 1
#define HAVE_LOCALE_H 1
#define HAVE_TIME_H 1
#define HAVE_SYS_STAT_H 1
#define STRING_WITH_STRINGS 1
#define CROSS_COMPILE 1
#define HAVE_ALLOCA_H 1
#define HAVE_ALLOCA 1
#define HAVE_UNLINK 1
#define HAVE_SBRK 1
#define HAVE_SETLOCALE 1
#define HAVE_LC_MESSAGES 1
#define HAVE_DECL_GETOPT 1
#define HAVE_DECL_FREE 1
#define HAVE_DECL_GETENV 1
#define HAVE_DECL_MALLOC 1
#define HAVE_DECL_MEMPCPY 1
#define HAVE_DECL_REALLOC 1
#define HAVE_DECL_STPCPY 1
#define HAVE_DECL_STRSTR 1
#define HAVE_DECL_VSNPRINTF 1
#define HAVE_TM_GMTOFF 1
#define HAVE_ST_MTIM_TV_SEC 1
#define HAVE_ST_MTIM_TV_NSEC 1

configure: exit 0
