This file contains any messages produced by compilers while
running configure, to aid debugging if configure makes a mistake.

It was created by LTO plugin for ld configure 0.1, which was
generated by GNU Autoconf 2.64.  Invocation command line was

  $ /home/os161user/os161/toolbuild/gcc-4.8.3+os161-2.1/lto-plugin/configure --cache-file=./config.cache --nfp --disable-shared --disable-threads --disable-libmudflap --disable-libssp --disable-libstdcxx --disable-nls --prefix=/home/os161user/os161/tools --enable-languages=c,lto --program-transform-name=s&^&mips-harvard-os161-& --disable-option-checking --build=x86_64-unknown-linux-gnu --host=x86_64-unknown-linux-gnu --target=mips-harvard-os161 --srcdir=../../gcc-4.8.3+os161-2.1/lto-plugin --enable-shared

## --------- ##
## Platform. ##
## --------- ##

hostname = os161user-VirtualBox
uname -m = x86_64
uname -r = 5.8.0-45-generic
uname -s = Linux
uname -v = #51~20.04.1-Ubuntu SMP Tue Feb 23 13:46:31 UTC 2021

/usr/bin/uname -p = x86_64
/bin/uname -X     = unknown

/bin/arch              = x86_64
/usr/bin/arch -k       = unknown
/usr/convex/getsysinfo = unknown
/usr/bin/hostinfo      = unknown
/bin/machine           = unknown
/usr/bin/oslevel       = unknown
/bin/universe          = unknown

PATH: /home/os161user/os161/tools/bin
PATH: /usr/local/sbin
PATH: /usr/local/bin
PATH: /usr/sbin
PATH: /usr/bin
PATH: /sbin
PATH: /bin
PATH: /usr/games
PATH: /usr/local/games
PATH: /snap/bin


## ----------- ##
## Core tests. ##
## ----------- ##

configure:2131: creating cache ./config.cache
configure:2234: checking build system type
configure:2248: result: x86_64-unknown-linux-gnu
configure:2268: checking host system type
configure:2281: result: x86_64-unknown-linux-gnu
configure:2301: checking target system type
configure:2314: result: mips-harvard-os161
configure:2402: checking for a BSD-compatible install
configure:2470: result: /usr/bin/install -c
configure:2481: checking whether build environment is sane
configure:2531: result: yes
configure:2672: checking for a thread-safe mkdir -p
configure:2711: result: /usr/bin/mkdir -p
configure:2724: checking for gawk
configure:2751: result: mawk
configure:2762: checking whether make sets $(MAKE)
configure:2784: result: yes
configure:2865: checking whether to enable maintainer-specific portions of Makefiles
configure:2874: result: no
configure:2895: checking for x86_64-unknown-linux-gnu-gcc
configure:2922: result: gcc
configure:3191: checking for C compiler version
configure:3200: gcc --version >&5
gcc (Ubuntu 9.3.0-17ubuntu1~20.04) 9.3.0
Copyright (C) 2019 Free Software Foundation, Inc.
This is free software; see the source for copying conditions.  There is NO
warranty; not even for MERCHANTABILITY or FITNESS FOR A PARTICULAR PURPOSE.

configure:3211: $? = 0
configure:3200: gcc -v >&5
Using built-in specs.
COLLECT_GCC=gcc
COLLECT_LTO_WRAPPER=/usr/lib/gcc/x86_64-linux-gnu/9/lto-wrapper
OFFLOAD_TARGET_NAMES=nvptx-none:hsa
OFFLOAD_TARGET_DEFAULT=1
Target: x86_64-linux-gnu
Configured with: ../src/configure -v --with-pkgversion='Ubuntu 9.3.0-17ubuntu1~20.04' --with-bugurl=file:///usr/share/doc/gcc-9/README.Bugs --enable-languages=c,ada,c++,go,brig,d,fortran,objc,obj-c++,gm2 --prefix=/usr --with-gcc-major-version-only --program-suffix=-9 --program-prefix=x86_64-linux-gnu- --enable-shared --enable-linker-build-id --libexecdir=/usr/lib --without-included-gettext --enable-threads=posix --libdir=/usr/lib --enable-nls --enable-clocale=gnu --enable-libstdcxx-debug --enable-libstdcxx-time=yes --with-default-libstdcxx-abi=new --enable-gnu-unique-object --disable-vtable-verify --enable-plugin --enable-default-pie --with-system-zlib --with-target-system-zlib=auto --enable-objc-gc=auto --enable-multiarch --disable-werror --with-arch-32=i686 --with-abi=m64 --with-multilib-list=m32,m64,mx32 --enable-multilib --with-tune=generic --enable-offload-targets=nvptx-none=/build/gcc-9-HskZEa/gcc-9-9.3.0/debian/tmp-nvptx/usr,hsa --without-cuda-driver --enable-checking=release --build=x86_64-linux-gnu --host=x86_64-linux-gnu --target=x86_64-linux-gnu
Thread model: posix
gcc version 9.3.0 (Ubuntu 9.3.0-17ubuntu1~20.04) 
configure:3211: $? = 0
configure:3200: gcc -V >&5
gcc: error: unrecognized command line option '-V'
gcc: fatal error: no input files
compilation terminated.
configure:3211: $? = 1
configure:3200: gcc -qversion >&5
gcc: error: unrecognized command line option '-qversion'; did you mean '--version'?
gcc: fatal error: no input files
compilation terminated.
configure:3211: $? = 1
configure:3231: checking for C compiler default output file name
configure:3253: gcc -g -O2  -static-libstdc++ -static-libgcc  conftest.c  >&5
configure:3257: $? = 0
configure:3294: result: a.out
configure:3310: checking whether the C compiler works
configure:3319: ./a.out
configure:3323: $? = 0
configure:3338: result: yes
configure:3345: checking whether we are cross compiling
configure:3347: result: no
configure:3350: checking for suffix of executables
configure:3357: gcc -o conftest -g -O2  -static-libstdc++ -static-libgcc  conftest.c  >&5
configure:3361: $? = 0
configure:3383: result: 
configure:3389: checking for suffix of object files
configure:3411: gcc -c -g -O2  conftest.c >&5
configure:3415: $? = 0
configure:3436: result: o
configure:3440: checking whether we are using the GNU C compiler
configure:3459: gcc -c -g -O2  conftest.c >&5
configure:3459: $? = 0
configure:3468: result: yes
configure:3477: checking whether gcc accepts -g
configure:3497: gcc -c -g  conftest.c >&5
configure:3497: $? = 0
configure:3538: result: yes
configure:3555: checking for gcc option to accept ISO C89
configure:3619: gcc  -c -g -O2  conftest.c >&5
configure:3619: $? = 0
configure:3632: result: none needed
configure:3663: checking for style of include used by make
configure:3691: result: GNU
configure:3716: checking dependency style of gcc
configure:3826: result: gcc3
configure:3849: checking for special C compiler options needed for large files
configure:3894: result: no
configure:3900: checking for _FILE_OFFSET_BITS value needed for large files
configure:3925: gcc -c -g -O2  conftest.c >&5
configure:3925: $? = 0
configure:3957: result: no
configure:4051: checking whether gcc supports -Wall
configure:4068: gcc -c -Wall  conftest.c >&5
configure:4068: $? = 0
configure:4077: result: yes
configure:4131: checking how to print strings
configure:4158: result: printf
configure:4179: checking for a sed that does not truncate output
configure:4243: result: /usr/bin/sed
configure:4261: checking for grep that handles long lines and -e
configure:4319: result: /usr/bin/grep
configure:4324: checking for egrep
configure:4386: result: /usr/bin/grep -E
configure:4391: checking for fgrep
configure:4453: result: /usr/bin/grep -F
configure:4488: checking for ld used by gcc
configure:4555: result: ld
configure:4562: checking if the linker (ld) is GNU ld
configure:4577: result: yes
configure:4589: checking for BSD- or MS-compatible name lister (nm)
configure:4638: result: nm
configure:4768: checking the name lister (nm) interface
configure:4775: gcc -c -g -O2  conftest.c >&5
configure:4778: nm "conftest.o"
configure:4781: output
0000000000000000 B some_variable
configure:4782: result: BSD nm
configure:4785: checking whether ln -s works
configure:4789: result: yes
configure:4797: checking the maximum length of command line arguments
configure:4922: result: 1572864
configure:4939: checking whether the shell understands some XSI constructs
configure:4948: result: yes
configure:4952: checking whether the shell understands "+="
configure:4956: result: yes
configure:4991: checking for ld option to reload object files
configure:4998: result: -r
configure:5027: checking for x86_64-unknown-linux-gnu-objdump
configure:5054: result: objdump
configure:5126: checking how to recognize dependent libraries
configure:5327: result: pass_all
configure:5347: checking for x86_64-unknown-linux-gnu-ar
configure:5374: result: ar
configure:5452: checking for x86_64-unknown-linux-gnu-strip
configure:5482: result: no
configure:5492: checking for strip
configure:5508: found /usr/bin/strip
configure:5519: result: strip
configure:5551: checking for x86_64-unknown-linux-gnu-ranlib
configure:5578: result: ranlib
configure:5720: checking command to parse nm output from gcc object
configure:5838: gcc -c -g -O2  conftest.c >&5
configure:5841: $? = 0
configure:5845: nm conftest.o \| sed -n -e 's/^.*[ ]\([ABCDGIRSTW][ABCDGIRSTW]*\)[ ][ ]*\([_A-Za-z][_A-Za-z0-9]*\)$/\1 \2 \2/p' \> conftest.nm
configure:5848: $? = 0
configure:5902: gcc -o conftest -g -O2  -static-libstdc++ -static-libgcc  conftest.c conftstm.o >&5
configure:5905: $? = 0
configure:5943: result: ok
configure:6038: gcc -c -g -O2  conftest.c >&5
configure:6041: $? = 0
configure:6794: checking how to run the C preprocessor
configure:6825: gcc -E  conftest.c
configure:6825: $? = 0
configure:6839: gcc -E  conftest.c
conftest.c:11:10: fatal error: ac_nonexistent.h: No such file or directory
   11 | #include <ac_nonexistent.h>
      |          ^~~~~~~~~~~~~~~~~~
compilation terminated.
configure:6839: $? = 1
configure: failed program was:
| /* confdefs.h */
| #define PACKAGE_NAME "LTO plugin for ld"
| #define PACKAGE_TARNAME "lto-plugin"
| #define PACKAGE_VERSION "0.1"
| #define PACKAGE_STRING "LTO plugin for ld 0.1"
| #define PACKAGE_BUGREPORT ""
| #define PACKAGE_URL ""
| #define PACKAGE "lto-plugin"
| #define VERSION "0.1"
| /* end confdefs.h.  */
| #include <ac_nonexistent.h>
configure:6864: result: gcc -E
configure:6884: gcc -E  conftest.c
configure:6884: $? = 0
configure:6898: gcc -E  conftest.c
conftest.c:11:10: fatal error: ac_nonexistent.h: No such file or directory
   11 | #include <ac_nonexistent.h>
      |          ^~~~~~~~~~~~~~~~~~
compilation terminated.
configure:6898: $? = 1
configure: failed program was:
| /* confdefs.h */
| #define PACKAGE_NAME "LTO plugin for ld"
| #define PACKAGE_TARNAME "lto-plugin"
| #define PACKAGE_VERSION "0.1"
| #define PACKAGE_STRING "LTO plugin for ld 0.1"
| #define PACKAGE_BUGREPORT ""
| #define PACKAGE_URL ""
| #define PACKAGE "lto-plugin"
| #define VERSION "0.1"
| /* end confdefs.h.  */
| #include <ac_nonexistent.h>
configure:6927: checking for ANSI C header files
configure:6947: gcc -c -g -O2  conftest.c >&5
configure:6947: $? = 0
configure:7020: gcc -o conftest -g -O2  -static-libstdc++ -static-libgcc  conftest.c  >&5
configure:7020: $? = 0
configure:7020: ./conftest
configure:7020: $? = 0
configure:7031: result: yes
configure:7044: checking for sys/types.h
configure:7044: gcc -c -g -O2  conftest.c >&5
configure:7044: $? = 0
configure:7044: result: yes
configure:7044: checking for sys/stat.h
configure:7044: gcc -c -g -O2  conftest.c >&5
configure:7044: $? = 0
configure:7044: result: yes
configure:7044: checking for stdlib.h
configure:7044: gcc -c -g -O2  conftest.c >&5
configure:7044: $? = 0
configure:7044: result: yes
configure:7044: checking for string.h
configure:7044: gcc -c -g -O2  conftest.c >&5
configure:7044: $? = 0
configure:7044: result: yes
configure:7044: checking for memory.h
configure:7044: gcc -c -g -O2  conftest.c >&5
configure:7044: $? = 0
configure:7044: result: yes
configure:7044: checking for strings.h
configure:7044: gcc -c -g -O2  conftest.c >&5
configure:7044: $? = 0
configure:7044: result: yes
configure:7044: checking for inttypes.h
configure:7044: gcc -c -g -O2  conftest.c >&5
configure:7044: $? = 0
configure:7044: result: yes
configure:7044: checking for stdint.h
configure:7044: gcc -c -g -O2  conftest.c >&5
configure:7044: $? = 0
configure:7044: result: yes
configure:7044: checking for unistd.h
configure:7044: gcc -c -g -O2  conftest.c >&5
configure:7044: $? = 0
configure:7044: result: yes
configure:7059: checking for dlfcn.h
configure:7059: gcc -c -g -O2  conftest.c >&5
configure:7059: $? = 0
configure:7059: result: yes
configure:7246: checking for objdir
configure:7261: result: .libs
configure:7532: checking if gcc supports -fno-rtti -fno-exceptions
configure:7550: gcc -c -g -O2  -fno-rtti -fno-exceptions conftest.c >&5
cc1: warning: command line option '-fno-rtti' is valid for C++/D/ObjC++ but not for C
configure:7554: $? = 0
configure:7567: result: no
configure:7587: checking for gcc option to produce PIC
configure:7873: result: -fPIC -DPIC
configure:7885: checking if gcc PIC flag -fPIC -DPIC works
configure:7903: gcc -c -g -O2  -fPIC -DPIC -DPIC conftest.c >&5
configure:7907: $? = 0
configure:7920: result: yes
configure:7944: checking if gcc static flag -static works
configure:7972: result: yes
configure:7987: checking if gcc supports -c -o file.o
configure:8008: gcc -c -g -O2  -o out/conftest2.o conftest.c >&5
configure:8012: $? = 0
configure:8034: result: yes
configure:8042: checking if gcc supports -c -o file.o
configure:8089: result: yes
configure:8122: checking whether the gcc linker (ld -m elf_x86_64) supports shared libraries
configure:9193: result: yes
configure:9230: checking whether -lc should be explicitly linked in
configure:9238: gcc -c -g -O2  conftest.c >&5
configure:9241: $? = 0
configure:9256: gcc -shared conftest.o  -v -Wl,-soname -Wl,conftest -o conftest 2\>\&1 \| /usr/bin/grep  -lc  \>/dev/null 2\>\&1
configure:9259: $? = 0
configure:9273: result: no
configure:9438: checking dynamic linker characteristics
configure:9889: gcc -o conftest -g -O2  -static-libstdc++ -static-libgcc  -Wl,-rpath -Wl,/foo conftest.c  >&5
configure:9889: $? = 0
configure:10111: result: GNU/Linux ld.so
configure:10218: checking how to hardcode library paths into programs
configure:10243: result: immediate
configure:10783: checking whether stripping libraries is possible
configure:10788: result: yes
configure:10823: checking if libtool supports shared libraries
configure:10825: result: yes
configure:10828: checking whether to build shared libraries
configure:10849: result: yes
configure:10852: checking whether to build static libraries
configure:10856: result: yes
configure:8061: checking for int64_t
configure:8061: gcc -c -g -O2  conftest.c >&5
configure:8061: $? = 0
configure:8061: gcc -c -g -O2  conftest.c >&5
conftest.c: In function 'main':
conftest.c:60:53: warning: integer overflow in expression of type 'long int' results in '-9223372036854775808' [-Woverflow]
   60 |    < (int64_t) ((((int64_t) 1 << (64 - 2)) - 1) * 2 + 2))];
      |                                                     ^
conftest.c:59:12: error: storage size of 'test_array' isn't constant
   59 | static int test_array [1 - 2 * !((int64_t) ((((int64_t) 1 << (64 - 2)) - 1) * 2 + 1)
      |            ^~~~~~~~~~
configure:8061: $? = 1
configure: failed program was:
| /* confdefs.h */
| #define PACKAGE_NAME "LTO plugin for ld"
| #define PACKAGE_TARNAME "lto-plugin"
| #define PACKAGE_VERSION "0.1"
| #define PACKAGE_STRING "LTO plugin for ld 0.1"
| #define PACKAGE_BUGREPORT ""
| #define PACKAGE_URL ""
| #define PACKAGE "lto-plugin"
| #define VERSION "0.1"
| #define STDC_HEADERS 1
| #define HAVE_SYS_TYPES_H 1
| #define HAVE_SYS_STAT_H 1
| #define HAVE_STDLIB_H 1
| #define HAVE_STRING_H 1
| #define HAVE_MEMORY_H 1
| #define HAVE_STRINGS_H 1
| #define HAVE_INTTYPES_H 1
| #define HAVE_STDINT_H 1
| #define HAVE_UNISTD_H 1
| #define HAVE_DLFCN_H 1
| #define LT_OBJDIR ".libs/"
| /* end confdefs.h.  */
| #include <stdio.h>
| #ifdef HAVE_SYS_TYPES_H
| # include <sys/types.h>
| #endif
| #ifdef HAVE_SYS_STAT_H
| # include <sys/stat.h>
| #endif
| #ifdef STDC_HEADERS
| # include <stdlib.h>
| # include <stddef.h>
| #else
| # ifdef HAVE_STDLIB_H
| #  include <stdlib.h>
| # endif
| #endif
| #ifdef HAVE_STRING_H
| # if !defined STDC_HEADERS && defined HAVE_MEMORY_H
| #  include <memory.h>
| # endif
| # include <string.h>
| #endif
| #ifdef HAVE_STRINGS_H
| # include <strings.h>
| #endif
| #ifdef HAVE_INTTYPES_H
| # include <inttypes.h>
| #endif
| #ifdef HAVE_STDINT_H
| # include <stdint.h>
| #endif
| #ifdef HAVE_UNISTD_H
| # include <unistd.h>
| #endif
| int
| main ()
| {
| static int test_array [1 - 2 * !((int64_t) ((((int64_t) 1 << (64 - 2)) - 1) * 2 + 1)
| 		 < (int64_t) ((((int64_t) 1 << (64 - 2)) - 1) * 2 + 2))];
| test_array [0] = 0
| 
|   ;
|   return 0;
| }
configure:8061: result: yes
configure:8072: checking for uint64_t
configure:8072: gcc -c -g -O2  conftest.c >&5
configure:8072: $? = 0
configure:8072: result: yes
configure:8086: checking for sys/wait.h that is POSIX.1 compatible
configure:8112: gcc -c -g -O2  conftest.c >&5
configure:8112: $? = 0
configure:8119: result: yes
configure:8188: updating cache ./config.cache
configure:8245: creating ./config.status

## ---------------------- ##
## Running config.status. ##
## ---------------------- ##

This file was extended by LTO plugin for ld config.status 0.1, which was
generated by GNU Autoconf 2.64.  Invocation command line was

  CONFIG_FILES    = 
  CONFIG_HEADERS  = 
  CONFIG_LINKS    = 
  CONFIG_COMMANDS = 
  $ ./config.status 

on os161user-VirtualBox

config.status:1072: creating Makefile
config.status:1072: creating config.h
config.status:1285: executing depfiles commands
config.status:1285: executing libtool commands

## ---------------- ##
## Cache variables. ##
## ---------------- ##

ac_cv_build=x86_64-unknown-linux-gnu
ac_cv_c_compiler_gnu=yes
ac_cv_c_int64_t=yes
ac_cv_c_uint64_t=yes
ac_cv_env_CC_set=set
ac_cv_env_CC_value=gcc
ac_cv_env_CFLAGS_set=set
ac_cv_env_CFLAGS_value='-g -O2'
ac_cv_env_CPPFLAGS_set=
ac_cv_env_CPPFLAGS_value=
ac_cv_env_CPP_set=
ac_cv_env_CPP_value=
ac_cv_env_LDFLAGS_set=set
ac_cv_env_LDFLAGS_value='-static-libstdc++ -static-libgcc '
ac_cv_env_LIBS_set=
ac_cv_env_LIBS_value=
ac_cv_env_build_alias_set=set
ac_cv_env_build_alias_value=x86_64-unknown-linux-gnu
ac_cv_env_host_alias_set=set
ac_cv_env_host_alias_value=x86_64-unknown-linux-gnu
ac_cv_env_target_alias_set=set
ac_cv_env_target_alias_value=mips-harvard-os161
ac_cv_header_dlfcn_h=yes
ac_cv_header_inttypes_h=yes
ac_cv_header_memory_h=yes
ac_cv_header_stdc=yes
ac_cv_header_stdint_h=yes
ac_cv_header_stdlib_h=yes
ac_cv_header_string_h=yes
ac_cv_header_strings_h=yes
ac_cv_header_sys_stat_h=yes
ac_cv_header_sys_types_h=yes
ac_cv_header_sys_wait_h=yes
ac_cv_header_unistd_h=yes
ac_cv_host=x86_64-unknown-linux-gnu
ac_cv_objext=o
ac_cv_path_EGREP='/usr/bin/grep -E'
ac_cv_path_FGREP='/usr/bin/grep -F'
ac_cv_path_GREP=/usr/bin/grep
ac_cv_path_SED=/usr/bin/sed
ac_cv_path_mkdir=/usr/bin/mkdir
ac_cv_prog_AR=ar
ac_cv_prog_AWK=mawk
ac_cv_prog_CC=gcc
ac_cv_prog_CPP='gcc -E'
ac_cv_prog_OBJDUMP=objdump
ac_cv_prog_RANLIB=ranlib
ac_cv_prog_ac_ct_STRIP=strip
ac_cv_prog_cc_c89=
ac_cv_prog_cc_g=yes
ac_cv_prog_make_make_set=yes
ac_cv_sys_file_offset_bits=no
ac_cv_sys_largefile_CC=no
ac_cv_target=mips-harvard-os161
acx_cv_prog_cc_warning__Wall=yes
am_cv_CC_dependencies_compiler_type=gcc3
lt_cv_archive_cmds_need_lc=no
lt_cv_deplibs_check_method=pass_all
lt_cv_file_magic_cmd='$MAGIC_CMD'
lt_cv_file_magic_test_file=
lt_cv_ld_reload_flag=-r
lt_cv_nm_interface='BSD nm'
lt_cv_objdir=.libs
lt_cv_path_LD=ld
lt_cv_path_NM=nm
lt_cv_prog_compiler_c_o=yes
lt_cv_prog_compiler_pic_works=yes
lt_cv_prog_compiler_rtti_exceptions=no
lt_cv_prog_compiler_static_works=yes
lt_cv_prog_gnu_ld=yes
lt_cv_shlibpath_overrides_runpath=yes
lt_cv_sys_global_symbol_pipe='sed -n -e '\''s/^.*[	 ]\([ABCDGIRSTW][ABCDGIRSTW]*\)[	 ][	 ]*\([_A-Za-z][_A-Za-z0-9]*\)$/\1 \2 \2/p'\'''
lt_cv_sys_global_symbol_to_c_name_address='sed -n -e '\''s/^: \([^ ]*\) $/  {\"\1\", (void *) 0},/p'\'' -e '\''s/^[ABCDGIRSTW]* \([^ ]*\) \([^ ]*\)$/  {"\2", (void *) \&\2},/p'\'''
lt_cv_sys_global_symbol_to_c_name_address_lib_prefix='sed -n -e '\''s/^: \([^ ]*\) $/  {\"\1\", (void *) 0},/p'\'' -e '\''s/^[ABCDGIRSTW]* \([^ ]*\) \(lib[^ ]*\)$/  {"\2", (void *) \&\2},/p'\'' -e '\''s/^[ABCDGIRSTW]* \([^ ]*\) \([^ ]*\)$/  {"lib\2", (void *) \&\2},/p'\'''
lt_cv_sys_global_symbol_to_cdecl='sed -n -e '\''s/^T .* \(.*\)$/extern int \1();/p'\'' -e '\''s/^[ABCDGIRSTW]* .* \(.*\)$/extern char \1;/p'\'''
lt_cv_sys_max_cmd_len=1572864

## ----------------- ##
## Output variables. ##
## ----------------- ##

ACLOCAL='${SHELL} /home/os161user/os161/toolbuild/gcc-4.8.3+os161-2.1/missing --run aclocal-1.11'
AMDEPBACKSLASH='\'
AMDEP_FALSE='#'
AMDEP_TRUE=''
AMTAR='${SHELL} /home/os161user/os161/toolbuild/gcc-4.8.3+os161-2.1/missing --run tar'
AR='ar'
AUTOCONF='${SHELL} /home/os161user/os161/toolbuild/gcc-4.8.3+os161-2.1/missing --run autoconf'
AUTOHEADER='${SHELL} /home/os161user/os161/toolbuild/gcc-4.8.3+os161-2.1/missing --run autoheader'
AUTOMAKE='${SHELL} /home/os161user/os161/toolbuild/gcc-4.8.3+os161-2.1/missing --run automake-1.11'
AWK='mawk'
CC='gcc'
CCDEPMODE='depmode=gcc3'
CFLAGS='-g -O2'
CPP='gcc -E'
CPPFLAGS=''
CYGPATH_W='echo'
DEFS='-DHAVE_CONFIG_H'
DEPDIR='.deps'
DSYMUTIL=''
DUMPBIN=''
ECHO_C=''
ECHO_N='-n'
ECHO_T=''
EGREP='/usr/bin/grep -E'
EXEEXT=''
FGREP='/usr/bin/grep -F'
GREP='/usr/bin/grep'
INSTALL_DATA='/usr/bin/install -c -m 644'
INSTALL_PROGRAM='/usr/bin/install -c'
INSTALL_SCRIPT='/usr/bin/install -c'
INSTALL_STRIP_PROGRAM='$(install_sh) -c -s'
LD='ld -m elf_x86_64'
LDFLAGS='-static-libstdc++ -static-libgcc '
LIBOBJS=''
LIBS=''
LIBTOOL='$(SHELL) $(top_builddir)/libtool'
LIPO=''
LN_S='ln -s'
LTLIBOBJS=''
MAINT='#'
MAINTAINER_MODE_FALSE=''
MAINTAINER_MODE_TRUE='#'
MAKEINFO='/home/os161user/os161/toolbuild/gcc-4.8.3+os161-2.1/missing makeinfo --split-size=5000000'
MKDIR_P='/usr/bin/mkdir -p'
NM='nm'
NMEDIT=''
OBJDUMP='objdump'
OBJEXT='o'
OTOOL64=''
OTOOL=''
PACKAGE='lto-plugin'
PACKAGE_BUGREPORT=''
PACKAGE_NAME='LTO plugin for ld'
PACKAGE_STRING='LTO plugin for ld 0.1'
PACKAGE_TARNAME='lto-plugin'
PACKAGE_URL=''
PACKAGE_VERSION='0.1'
PATH_SEPARATOR=':'
RANLIB='ranlib'
SED='/usr/bin/sed'
SET_MAKE=''
SHELL='/bin/bash'
STRIP='strip'
VERSION='0.1'
ac_ct_CC=''
ac_ct_DUMPBIN=''
ac_lto_plugin_warn_cflags='-Wall'
am__EXEEXT_FALSE=''
am__EXEEXT_TRUE='#'
am__fastdepCC_FALSE='#'
am__fastdepCC_TRUE=''
am__include='include'
am__isrc=' -I$(srcdir)'
am__leading_dot='.'
am__quote=''
am__tar='${AMTAR} chof - "$$tardir"'
am__untar='${AMTAR} xf -'
bindir='${exec_prefix}/bin'
build='x86_64-unknown-linux-gnu'
build_alias='x86_64-unknown-linux-gnu'
build_cpu='x86_64'
build_libsubdir='build-x86_64-unknown-linux-gnu'
build_os='linux-gnu'
build_subdir='build-x86_64-unknown-linux-gnu'
build_vendor='unknown'
datadir='${datarootdir}'
datarootdir='${prefix}/share'
docdir='${datarootdir}/doc/${PACKAGE_TARNAME}'
dvidir='${docdir}'
exec_prefix='${prefix}'
host='x86_64-unknown-linux-gnu'
host_alias='x86_64-unknown-linux-gnu'
host_cpu='x86_64'
host_os='linux-gnu'
host_subdir='.'
host_vendor='unknown'
htmldir='${docdir}'
includedir='${prefix}/include'
infodir='${datarootdir}/info'
install_sh='${SHELL} /home/os161user/os161/toolbuild/gcc-4.8.3+os161-2.1/install-sh'
libdir='${exec_prefix}/lib'
libexecdir='${exec_prefix}/libexec'
localedir='${datarootdir}/locale'
localstatedir='${prefix}/var'
lt_host_flags=''
mandir='${datarootdir}/man'
mkdir_p='/usr/bin/mkdir -p'
oldincludedir='/usr/include'
pdfdir='${docdir}'
prefix='/home/os161user/os161/tools'
program_transform_name='s&^&mips-harvard-os161-&'
psdir='${docdir}'
sbindir='${exec_prefix}/sbin'
sharedstatedir='${prefix}/com'
sysconfdir='${prefix}/etc'
target='mips-harvard-os161'
target_alias='mips-harvard-os161'
target_cpu='mips'
target_noncanonical='mips-harvard-os161'
target_os='os161'
target_subdir='mips-harvard-os161'
target_vendor='harvard'

## ----------- ##
## confdefs.h. ##
## ----------- ##

/* confdefs.h */
#define PACKAGE_NAME "LTO plugin for ld"
#define PACKAGE_TARNAME "lto-plugin"
#define PACKAGE_VERSION "0.1"
#define PACKAGE_STRING "LTO plugin for ld 0.1"
#define PACKAGE_BUGREPORT ""
#define PACKAGE_URL ""
#define PACKAGE "lto-plugin"
#define VERSION "0.1"
#define STDC_HEADERS 1
#define HAVE_SYS_TYPES_H 1
#define HAVE_SYS_STAT_H 1
#define HAVE_STDLIB_H 1
#define HAVE_STRING_H 1
#define HAVE_MEMORY_H 1
#define HAVE_STRINGS_H 1
#define HAVE_INTTYPES_H 1
#define HAVE_STDINT_H 1
#define HAVE_UNISTD_H 1
#define HAVE_DLFCN_H 1
#define LT_OBJDIR ".libs/"
#define HAVE_SYS_WAIT_H 1

configure: exit 0
