This file contains any messages produced by compilers while
running configure, to aid debugging if configure makes a mistake.

It was created by configure, which was
generated by GNU Autoconf 2.64.  Invocation command line was

  $ /home/os161user/os161/toolbuild/binutils-2.24+os161-2.1/binutils/configure --cache-file=./config.cache --with-gnu-as --with-gnu-ld --with-system-zlib --nfp --disable-werror --prefix=/home/os161user/os161/tools --program-transform-name=s&^&mips-harvard-os161-& --disable-option-checking --build=x86_64-unknown-linux-gnu --host=x86_64-unknown-linux-gnu --target=mips-harvard-os161 --srcdir=.././binutils

## --------- ##
## Platform. ##
## --------- ##

hostname = os161user-VirtualBox
uname -m = x86_64
uname -r = 5.8.0-45-generic
uname -s = Linux
uname -v = #51~20.04.1-Ubuntu SMP Tue Feb 23 13:46:31 UTC 2021

/usr/bin/uname -p = x86_64
/bin/uname -X     = unknown

/bin/arch              = x86_64
/usr/bin/arch -k       = unknown
/usr/convex/getsysinfo = unknown
/usr/bin/hostinfo      = unknown
/bin/machine           = unknown
/usr/bin/oslevel       = unknown
/bin/universe          = unknown

PATH: /home/os161user/os161/tools/bin
PATH: /usr/local/sbin
PATH: /usr/local/bin
PATH: /usr/sbin
PATH: /usr/bin
PATH: /sbin
PATH: /bin
PATH: /usr/games
PATH: /usr/local/games
PATH: /snap/bin


## ----------- ##
## Core tests. ##
## ----------- ##

configure:2203: creating cache ./config.cache
configure:2308: checking build system type
configure:2322: result: x86_64-unknown-linux-gnu
configure:2342: checking host system type
configure:2355: result: x86_64-unknown-linux-gnu
configure:2375: checking target system type
configure:2388: result: mips-harvard-os161
configure:2422: checking for x86_64-unknown-linux-gnu-gcc
configure:2449: result: gcc
configure:2718: checking for C compiler version
configure:2727: gcc --version >&5
gcc (Ubuntu 9.3.0-17ubuntu1~20.04) 9.3.0
Copyright (C) 2019 Free Software Foundation, Inc.
This is free software; see the source for copying conditions.  There is NO
warranty; not even for MERCHANTABILITY or FITNESS FOR A PARTICULAR PURPOSE.

configure:2738: $? = 0
configure:2727: gcc -v >&5
Using built-in specs.
COLLECT_GCC=gcc
COLLECT_LTO_WRAPPER=/usr/lib/gcc/x86_64-linux-gnu/9/lto-wrapper
OFFLOAD_TARGET_NAMES=nvptx-none:hsa
OFFLOAD_TARGET_DEFAULT=1
Target: x86_64-linux-gnu
Configured with: ../src/configure -v --with-pkgversion='Ubuntu 9.3.0-17ubuntu1~20.04' --with-bugurl=file:///usr/share/doc/gcc-9/README.Bugs --enable-languages=c,ada,c++,go,brig,d,fortran,objc,obj-c++,gm2 --prefix=/usr --with-gcc-major-version-only --program-suffix=-9 --program-prefix=x86_64-linux-gnu- --enable-shared --enable-linker-build-id --libexecdir=/usr/lib --without-included-gettext --enable-threads=posix --libdir=/usr/lib --enable-nls --enable-clocale=gnu --enable-libstdcxx-debug --enable-libstdcxx-time=yes --with-default-libstdcxx-abi=new --enable-gnu-unique-object --disable-vtable-verify --enable-plugin --enable-default-pie --with-system-zlib --with-target-system-zlib=auto --enable-objc-gc=auto --enable-multiarch --disable-werror --with-arch-32=i686 --with-abi=m64 --with-multilib-list=m32,m64,mx32 --enable-multilib --with-tune=generic --enable-offload-targets=nvptx-none=/build/gcc-9-HskZEa/gcc-9-9.3.0/debian/tmp-nvptx/usr,hsa --without-cuda-driver --enable-checking=release --build=x86_64-linux-gnu --host=x86_64-linux-gnu --target=x86_64-linux-gnu
Thread model: posix
gcc version 9.3.0 (Ubuntu 9.3.0-17ubuntu1~20.04) 
configure:2738: $? = 0
configure:2727: gcc -V >&5
gcc: error: unrecognized command line option '-V'
gcc: fatal error: no input files
compilation terminated.
configure:2738: $? = 1
configure:2727: gcc -qversion >&5
gcc: error: unrecognized command line option '-qversion'; did you mean '--version'?
gcc: fatal error: no input files
compilation terminated.
configure:2738: $? = 1
configure:2758: checking for C compiler default output file name
configure:2780: gcc -g -O2  -static-libstdc++ -static-libgcc  conftest.c  >&5
configure:2784: $? = 0
configure:2821: result: a.out
configure:2837: checking whether the C compiler works
configure:2846: ./a.out
configure:2850: $? = 0
configure:2865: result: yes
configure:2872: checking whether we are cross compiling
configure:2874: result: no
configure:2877: checking for suffix of executables
configure:2884: gcc -o conftest -g -O2  -static-libstdc++ -static-libgcc  conftest.c  >&5
configure:2888: $? = 0
configure:2910: result: 
configure:2916: checking for suffix of object files
configure:2938: gcc -c -g -O2  conftest.c >&5
configure:2942: $? = 0
configure:2963: result: o
configure:2967: checking whether we are using the GNU C compiler
configure:2986: gcc -c -g -O2  conftest.c >&5
configure:2986: $? = 0
configure:2995: result: yes
configure:3004: checking whether gcc accepts -g
configure:3024: gcc -c -g  conftest.c >&5
configure:3024: $? = 0
configure:3065: result: yes
configure:3082: checking for gcc option to accept ISO C89
configure:3146: gcc  -c -g -O2  conftest.c >&5
configure:3146: $? = 0
configure:3159: result: none needed
configure:3180: checking for library containing strerror
configure:3211: gcc -o conftest -g -O2  -static-libstdc++ -static-libgcc  conftest.c  >&5
configure:3211: $? = 0
configure:3228: result: none required
configure:3254: checking for a BSD-compatible install
configure:3322: result: /usr/bin/install -c
configure:3333: checking whether build environment is sane
configure:3383: result: yes
configure:3524: checking for a thread-safe mkdir -p
configure:3563: result: /usr/bin/mkdir -p
configure:3576: checking for gawk
configure:3603: result: mawk
configure:3614: checking whether make sets $(MAKE)
configure:3636: result: yes
configure:3666: checking for style of include used by make
configure:3694: result: GNU
configure:3779: checking dependency style of gcc
configure:3889: result: gcc3
configure:3914: checking for x86_64-unknown-linux-gnu-gcc
configure:3941: result: gcc
configure:4210: checking for C compiler version
configure:4219: gcc --version >&5
gcc (Ubuntu 9.3.0-17ubuntu1~20.04) 9.3.0
Copyright (C) 2019 Free Software Foundation, Inc.
This is free software; see the source for copying conditions.  There is NO
warranty; not even for MERCHANTABILITY or FITNESS FOR A PARTICULAR PURPOSE.

configure:4230: $? = 0
configure:4219: gcc -v >&5
Using built-in specs.
COLLECT_GCC=gcc
COLLECT_LTO_WRAPPER=/usr/lib/gcc/x86_64-linux-gnu/9/lto-wrapper
OFFLOAD_TARGET_NAMES=nvptx-none:hsa
OFFLOAD_TARGET_DEFAULT=1
Target: x86_64-linux-gnu
Configured with: ../src/configure -v --with-pkgversion='Ubuntu 9.3.0-17ubuntu1~20.04' --with-bugurl=file:///usr/share/doc/gcc-9/README.Bugs --enable-languages=c,ada,c++,go,brig,d,fortran,objc,obj-c++,gm2 --prefix=/usr --with-gcc-major-version-only --program-suffix=-9 --program-prefix=x86_64-linux-gnu- --enable-shared --enable-linker-build-id --libexecdir=/usr/lib --without-included-gettext --enable-threads=posix --libdir=/usr/lib --enable-nls --enable-clocale=gnu --enable-libstdcxx-debug --enable-libstdcxx-time=yes --with-default-libstdcxx-abi=new --enable-gnu-unique-object --disable-vtable-verify --enable-plugin --enable-default-pie --with-system-zlib --with-target-system-zlib=auto --enable-objc-gc=auto --enable-multiarch --disable-werror --with-arch-32=i686 --with-abi=m64 --with-multilib-list=m32,m64,mx32 --enable-multilib --with-tune=generic --enable-offload-targets=nvptx-none=/build/gcc-9-HskZEa/gcc-9-9.3.0/debian/tmp-nvptx/usr,hsa --without-cuda-driver --enable-checking=release --build=x86_64-linux-gnu --host=x86_64-linux-gnu --target=x86_64-linux-gnu
Thread model: posix
gcc version 9.3.0 (Ubuntu 9.3.0-17ubuntu1~20.04) 
configure:4230: $? = 0
configure:4219: gcc -V >&5
gcc: error: unrecognized command line option '-V'
gcc: fatal error: no input files
compilation terminated.
configure:4230: $? = 1
configure:4219: gcc -qversion >&5
gcc: error: unrecognized command line option '-qversion'; did you mean '--version'?
gcc: fatal error: no input files
compilation terminated.
configure:4230: $? = 1
configure:4234: checking whether we are using the GNU C compiler
configure:4262: result: yes
configure:4271: checking whether gcc accepts -g
configure:4332: result: yes
configure:4349: checking for gcc option to accept ISO C89
configure:4426: result: none needed
configure:4451: checking how to run the C preprocessor
configure:4482: gcc -E  conftest.c
configure:4482: $? = 0
configure:4496: gcc -E  conftest.c
conftest.c:11:10: fatal error: ac_nonexistent.h: No such file or directory
   11 | #include <ac_nonexistent.h>
      |          ^~~~~~~~~~~~~~~~~~
compilation terminated.
configure:4496: $? = 1
configure: failed program was:
| /* confdefs.h */
| #define PACKAGE_NAME ""
| #define PACKAGE_TARNAME ""
| #define PACKAGE_VERSION ""
| #define PACKAGE_STRING ""
| #define PACKAGE_BUGREPORT ""
| #define PACKAGE_URL ""
| #define PACKAGE "binutils"
| #define VERSION "2.24"
| /* end confdefs.h.  */
| #include <ac_nonexistent.h>
configure:4521: result: gcc -E
configure:4541: gcc -E  conftest.c
configure:4541: $? = 0
configure:4555: gcc -E  conftest.c
conftest.c:11:10: fatal error: ac_nonexistent.h: No such file or directory
   11 | #include <ac_nonexistent.h>
      |          ^~~~~~~~~~~~~~~~~~
compilation terminated.
configure:4555: $? = 1
configure: failed program was:
| /* confdefs.h */
| #define PACKAGE_NAME ""
| #define PACKAGE_TARNAME ""
| #define PACKAGE_VERSION ""
| #define PACKAGE_STRING ""
| #define PACKAGE_BUGREPORT ""
| #define PACKAGE_URL ""
| #define PACKAGE "binutils"
| #define VERSION "2.24"
| /* end confdefs.h.  */
| #include <ac_nonexistent.h>
configure:4584: checking for grep that handles long lines and -e
configure:4642: result: /usr/bin/grep
configure:4647: checking for egrep
configure:4709: result: /usr/bin/grep -E
configure:4714: checking for ANSI C header files
configure:4734: gcc -c -g -O2  conftest.c >&5
configure:4734: $? = 0
configure:4807: gcc -o conftest -g -O2  -static-libstdc++ -static-libgcc  conftest.c  >&5
configure:4807: $? = 0
configure:4807: ./conftest
configure:4807: $? = 0
configure:4818: result: yes
configure:4831: checking for sys/types.h
configure:4831: gcc -c -g -O2  conftest.c >&5
configure:4831: $? = 0
configure:4831: result: yes
configure:4831: checking for sys/stat.h
configure:4831: gcc -c -g -O2  conftest.c >&5
configure:4831: $? = 0
configure:4831: result: yes
configure:4831: checking for stdlib.h
configure:4831: gcc -c -g -O2  conftest.c >&5
configure:4831: $? = 0
configure:4831: result: yes
configure:4831: checking for string.h
configure:4831: gcc -c -g -O2  conftest.c >&5
configure:4831: $? = 0
configure:4831: result: yes
configure:4831: checking for memory.h
configure:4831: gcc -c -g -O2  conftest.c >&5
configure:4831: $? = 0
configure:4831: result: yes
configure:4831: checking for strings.h
configure:4831: gcc -c -g -O2  conftest.c >&5
configure:4831: $? = 0
configure:4831: result: yes
configure:4831: checking for inttypes.h
configure:4831: gcc -c -g -O2  conftest.c >&5
configure:4831: $? = 0
configure:4831: result: yes
configure:4831: checking for stdint.h
configure:4831: gcc -c -g -O2  conftest.c >&5
configure:4831: $? = 0
configure:4831: result: yes
configure:4831: checking for unistd.h
configure:4831: gcc -c -g -O2  conftest.c >&5
configure:4831: $? = 0
configure:4831: result: yes
configure:4845: checking minix/config.h usability
configure:4845: gcc -c -g -O2  conftest.c >&5
conftest.c:54:10: fatal error: minix/config.h: No such file or directory
   54 | #include <minix/config.h>
      |          ^~~~~~~~~~~~~~~~
compilation terminated.
configure:4845: $? = 1
configure: failed program was:
| /* confdefs.h */
| #define PACKAGE_NAME ""
| #define PACKAGE_TARNAME ""
| #define PACKAGE_VERSION ""
| #define PACKAGE_STRING ""
| #define PACKAGE_BUGREPORT ""
| #define PACKAGE_URL ""
| #define PACKAGE "binutils"
| #define VERSION "2.24"
| #define STDC_HEADERS 1
| #define HAVE_SYS_TYPES_H 1
| #define HAVE_SYS_STAT_H 1
| #define HAVE_STDLIB_H 1
| #define HAVE_STRING_H 1
| #define HAVE_MEMORY_H 1
| #define HAVE_STRINGS_H 1
| #define HAVE_INTTYPES_H 1
| #define HAVE_STDINT_H 1
| #define HAVE_UNISTD_H 1
| /* end confdefs.h.  */
| #include <stdio.h>
| #ifdef HAVE_SYS_TYPES_H
| # include <sys/types.h>
| #endif
| #ifdef HAVE_SYS_STAT_H
| # include <sys/stat.h>
| #endif
| #ifdef STDC_HEADERS
| # include <stdlib.h>
| # include <stddef.h>
| #else
| # ifdef HAVE_STDLIB_H
| #  include <stdlib.h>
| # endif
| #endif
| #ifdef HAVE_STRING_H
| # if !defined STDC_HEADERS && defined HAVE_MEMORY_H
| #  include <memory.h>
| # endif
| # include <string.h>
| #endif
| #ifdef HAVE_STRINGS_H
| # include <strings.h>
| #endif
| #ifdef HAVE_INTTYPES_H
| # include <inttypes.h>
| #endif
| #ifdef HAVE_STDINT_H
| # include <stdint.h>
| #endif
| #ifdef HAVE_UNISTD_H
| # include <unistd.h>
| #endif
| #include <minix/config.h>
configure:4845: result: no
configure:4845: checking minix/config.h presence
configure:4845: gcc -E  conftest.c
conftest.c:21:10: fatal error: minix/config.h: No such file or directory
   21 | #include <minix/config.h>
      |          ^~~~~~~~~~~~~~~~
compilation terminated.
configure:4845: $? = 1
configure: failed program was:
| /* confdefs.h */
| #define PACKAGE_NAME ""
| #define PACKAGE_TARNAME ""
| #define PACKAGE_VERSION ""
| #define PACKAGE_STRING ""
| #define PACKAGE_BUGREPORT ""
| #define PACKAGE_URL ""
| #define PACKAGE "binutils"
| #define VERSION "2.24"
| #define STDC_HEADERS 1
| #define HAVE_SYS_TYPES_H 1
| #define HAVE_SYS_STAT_H 1
| #define HAVE_STDLIB_H 1
| #define HAVE_STRING_H 1
| #define HAVE_MEMORY_H 1
| #define HAVE_STRINGS_H 1
| #define HAVE_INTTYPES_H 1
| #define HAVE_STDINT_H 1
| #define HAVE_UNISTD_H 1
| /* end confdefs.h.  */
| #include <minix/config.h>
configure:4845: result: no
configure:4845: checking for minix/config.h
configure:4845: result: no
configure:4866: checking whether it is safe to define __EXTENSIONS__
configure:4884: gcc -c -g -O2  conftest.c >&5
configure:4884: $? = 0
configure:4891: result: yes
configure:4951: checking for special C compiler options needed for large files
configure:4996: result: no
configure:5002: checking for _FILE_OFFSET_BITS value needed for large files
configure:5027: gcc -c -g -O2  conftest.c >&5
configure:5027: $? = 0
configure:5059: result: no
configure:5189: checking how to print strings
configure:5216: result: printf
configure:5237: checking for a sed that does not truncate output
configure:5301: result: /usr/bin/sed
configure:5319: checking for fgrep
configure:5381: result: /usr/bin/grep -F
configure:5416: checking for ld used by gcc
configure:5483: result: ld
configure:5490: checking if the linker (ld) is GNU ld
configure:5505: result: yes
configure:5517: checking for BSD- or MS-compatible name lister (nm)
configure:5566: result: nm
configure:5696: checking the name lister (nm) interface
configure:5703: gcc -c -g -O2  conftest.c >&5
configure:5706: nm "conftest.o"
configure:5709: output
0000000000000000 B some_variable
configure:5710: result: BSD nm
configure:5713: checking whether ln -s works
configure:5717: result: yes
configure:5725: checking the maximum length of command line arguments
configure:5850: result: 1572864
configure:5867: checking whether the shell understands some XSI constructs
configure:5876: result: yes
configure:5880: checking whether the shell understands "+="
configure:5884: result: yes
configure:5919: checking for ld option to reload object files
configure:5926: result: -r
configure:5955: checking for x86_64-unknown-linux-gnu-objdump
configure:5982: result: objdump
configure:6054: checking how to recognize dependent libraries
configure:6255: result: pass_all
configure:6275: checking for x86_64-unknown-linux-gnu-ar
configure:6302: result: ar
configure:6380: checking for x86_64-unknown-linux-gnu-strip
configure:6410: result: no
configure:6420: checking for strip
configure:6436: found /usr/bin/strip
configure:6447: result: strip
configure:6479: checking for x86_64-unknown-linux-gnu-ranlib
configure:6506: result: ranlib
configure:6648: checking command to parse nm output from gcc object
configure:6766: gcc -c -g -O2  conftest.c >&5
configure:6769: $? = 0
configure:6773: nm conftest.o \| sed -n -e 's/^.*[ ]\([ABCDGIRSTW][ABCDGIRSTW]*\)[ ][ ]*\([_A-Za-z][_A-Za-z0-9]*\)$/\1 \2 \2/p' \> conftest.nm
configure:6776: $? = 0
configure:6830: gcc -o conftest -g -O2  -static-libstdc++ -static-libgcc  conftest.c conftstm.o >&5
configure:6833: $? = 0
configure:6871: result: ok
configure:6966: gcc -c -g -O2  conftest.c >&5
configure:6969: $? = 0
configure:7719: checking for dlfcn.h
configure:7719: gcc -c -g -O2  conftest.c >&5
configure:7719: $? = 0
configure:7719: result: yes
configure:7906: checking for objdir
configure:7921: result: .libs
configure:8192: checking if gcc supports -fno-rtti -fno-exceptions
configure:8210: gcc -c -g -O2  -fno-rtti -fno-exceptions conftest.c >&5
cc1: warning: command line option '-fno-rtti' is valid for C++/D/ObjC++ but not for C
configure:8214: $? = 0
configure:8227: result: no
configure:8247: checking for gcc option to produce PIC
configure:8533: result: -fPIC -DPIC
configure:8545: checking if gcc PIC flag -fPIC -DPIC works
configure:8563: gcc -c -g -O2  -fPIC -DPIC -DPIC conftest.c >&5
configure:8567: $? = 0
configure:8580: result: yes
configure:8604: checking if gcc static flag -static works
configure:8632: result: yes
configure:8647: checking if gcc supports -c -o file.o
configure:8668: gcc -c -g -O2  -o out/conftest2.o conftest.c >&5
configure:8672: $? = 0
configure:8694: result: yes
configure:8702: checking if gcc supports -c -o file.o
configure:8749: result: yes
configure:8782: checking whether the gcc linker (ld -m elf_x86_64) supports shared libraries
configure:9853: result: yes
configure:9890: checking whether -lc should be explicitly linked in
configure:9898: gcc -c -g -O2  conftest.c >&5
configure:9901: $? = 0
configure:9916: gcc -shared conftest.o  -v -Wl,-soname -Wl,conftest -o conftest 2\>\&1 \| /usr/bin/grep  -lc  \>/dev/null 2\>\&1
configure:9919: $? = 0
configure:9933: result: no
configure:10098: checking dynamic linker characteristics
configure:10549: gcc -o conftest -g -O2  -static-libstdc++ -static-libgcc  -Wl,-rpath -Wl,/foo conftest.c  >&5
configure:10549: $? = 0
configure:10771: result: GNU/Linux ld.so
configure:10878: checking how to hardcode library paths into programs
configure:10903: result: immediate
configure:11443: checking whether stripping libraries is possible
configure:11448: result: yes
configure:11483: checking if libtool supports shared libraries
configure:11485: result: yes
configure:11488: checking whether to build shared libraries
configure:11509: result: yes
configure:11512: checking whether to build static libraries
configure:11516: result: yes
configure:8818: checking for bison
configure:8845: result: /home/os161user/os161/toolbuild/binutils-2.24+os161-2.1/missing bison -y
configure:8861: checking for flex
configure:8888: result: /home/os161user/os161/toolbuild/binutils-2.24+os161-2.1/missing flex
configure:8925: /home/os161user/os161/toolbuild/binutils-2.24+os161-2.1/missing flex conftest.l
WARNING: `flex' is missing on your system.  You should only need it if
         you modified a `.l' file.  You may need the `Flex' package
         in order for those modifications to take effect.  You can get
         `Flex' from any GNU archive site.
configure:8929: $? = 0
configure:8931: checking lex output file root
configure:8945: result: lex.yy
configure:8950: checking lex library
configure:8964: gcc -o conftest -g -O2  -static-libstdc++ -static-libgcc  conftest.c   >&5
conftest.c:29:1: warning: return type defaults to 'int' [-Wimplicit-int]
   29 | main() { return 0; }
      | ^~~~
configure:8964: $? = 0
configure:8974: result: 
configure:8980: checking whether yytext is a pointer
configure:8996: gcc -o conftest -g -O2  -static-libstdc++ -static-libgcc  conftest.c   >&5
conftest.c:30:1: warning: return type defaults to 'int' [-Wimplicit-int]
   30 | main() { return 0; }
      | ^~~~
configure:8996: $? = 0
configure:9004: result: yes
configure:8946: checking whether NLS is requested
configure:8952: result: yes
configure:8958: checking for catalogs to be installed
configure:8990: result:  bg da es fi fr hr id it ja ro ru rw sk sv tr uk vi zh_CN zh_TW bg da es fi fr hr id it ja ro ru rw sk sv tr uk vi zh_CN zh_TW
configure:9017: checking whether NLS is requested
configure:9026: result: yes
configure:9064: checking for msgfmt
configure:9098: result: no
configure:9104: checking for gmsgfmt
configure:9135: result: :
configure:9175: checking for xgettext
configure:9209: result: no
configure:9246: checking for msgmerge
configure:9279: result: no
configure:9313: checking whether to enable maintainer-specific portions of Makefiles
configure:9322: result: no
configure:9367: checking for x86_64-unknown-linux-gnu-ranlib
configure:9394: result: ranlib
configure:9506: checking for string.h
configure:9506: result: yes
configure:9506: checking for strings.h
configure:9506: result: yes
configure:9506: checking for stdlib.h
configure:9506: result: yes
configure:9506: checking for unistd.h
configure:9506: result: yes
configure:9506: checking fcntl.h usability
configure:9506: gcc -c -g -O2  conftest.c >&5
configure:9506: $? = 0
configure:9506: result: yes
configure:9506: checking fcntl.h presence
configure:9506: gcc -E  conftest.c
configure:9506: $? = 0
configure:9506: result: yes
configure:9506: checking for fcntl.h
configure:9506: result: yes
configure:9506: checking sys/file.h usability
configure:9506: gcc -c -g -O2  conftest.c >&5
configure:9506: $? = 0
configure:9506: result: yes
configure:9506: checking sys/file.h presence
configure:9506: gcc -E  conftest.c
configure:9506: $? = 0
configure:9506: result: yes
configure:9506: checking for sys/file.h
configure:9506: result: yes
configure:9506: checking limits.h usability
configure:9506: gcc -c -g -O2  conftest.c >&5
configure:9506: $? = 0
configure:9506: result: yes
configure:9506: checking limits.h presence
configure:9506: gcc -E  conftest.c
configure:9506: $? = 0
configure:9506: result: yes
configure:9506: checking for limits.h
configure:9506: result: yes
configure:9506: checking locale.h usability
configure:9506: gcc -c -g -O2  conftest.c >&5
configure:9506: $? = 0
configure:9506: result: yes
configure:9506: checking locale.h presence
configure:9506: gcc -E  conftest.c
configure:9506: $? = 0
configure:9506: result: yes
configure:9506: checking for locale.h
configure:9506: result: yes
configure:9506: checking sys/param.h usability
configure:9506: gcc -c -g -O2  conftest.c >&5
configure:9506: $? = 0
configure:9506: result: yes
configure:9506: checking sys/param.h presence
configure:9506: gcc -E  conftest.c
configure:9506: $? = 0
configure:9506: result: yes
configure:9506: checking for sys/param.h
configure:9506: result: yes
configure:9506: checking wchar.h usability
configure:9506: gcc -c -g -O2  conftest.c >&5
configure:9506: $? = 0
configure:9506: result: yes
configure:9506: checking wchar.h presence
configure:9506: gcc -E  conftest.c
configure:9506: $? = 0
configure:9506: result: yes
configure:9506: checking for wchar.h
configure:9506: result: yes
configure:9517: checking for sys/wait.h that is POSIX.1 compatible
configure:9543: gcc -c -g -O2  conftest.c >&5
configure:9543: $? = 0
configure:9550: result: yes
configure:9558: checking whether string.h and strings.h may both be included
configure:9575: gcc -c -g -O2  conftest.c >&5
configure:9575: $? = 0
configure:9582: result: yes
configure:9592: checking for working alloca.h
configure:9609: gcc -o conftest -g -O2  -static-libstdc++ -static-libgcc  conftest.c  >&5
configure:9609: $? = 0
configure:9617: result: yes
configure:9625: checking for alloca
configure:9662: gcc -o conftest -g -O2  -static-libstdc++ -static-libgcc  conftest.c  >&5
configure:9662: $? = 0
configure:9670: result: yes
configure:9783: checking for sbrk
configure:9783: gcc -o conftest -g -O2  -static-libstdc++ -static-libgcc  conftest.c  >&5
configure:9783: $? = 0
configure:9783: result: yes
configure:9783: checking for utimes
configure:9783: gcc -o conftest -g -O2  -static-libstdc++ -static-libgcc  conftest.c  >&5
configure:9783: $? = 0
configure:9783: result: yes
configure:9783: checking for setmode
configure:9783: gcc -o conftest -g -O2  -static-libstdc++ -static-libgcc  conftest.c  >&5
/usr/bin/ld: /tmp/ccrD2Q4f.o: in function `main':
/home/os161user/os161/toolbuild/binutils-2.24+os161-2.1/binutils/conftest.c:82: undefined reference to `setmode'
collect2: error: ld returned 1 exit status
configure:9783: $? = 1
configure: failed program was:
| /* confdefs.h */
| #define PACKAGE_NAME ""
| #define PACKAGE_TARNAME ""
| #define PACKAGE_VERSION ""
| #define PACKAGE_STRING ""
| #define PACKAGE_BUGREPORT ""
| #define PACKAGE_URL ""
| #define PACKAGE "binutils"
| #define VERSION "2.24"
| #define STDC_HEADERS 1
| #define HAVE_SYS_TYPES_H 1
| #define HAVE_SYS_STAT_H 1
| #define HAVE_STDLIB_H 1
| #define HAVE_STRING_H 1
| #define HAVE_MEMORY_H 1
| #define HAVE_STRINGS_H 1
| #define HAVE_INTTYPES_H 1
| #define HAVE_STDINT_H 1
| #define HAVE_UNISTD_H 1
| #define __EXTENSIONS__ 1
| #define _ALL_SOURCE 1
| #define _GNU_SOURCE 1
| #define _POSIX_PTHREAD_SEMANTICS 1
| #define _TANDEM_SOURCE 1
| #define HAVE_DLFCN_H 1
| #define LT_OBJDIR ".libs/"
| #define DEFAULT_AR_DETERMINISTIC 0
| #define YYTEXT_POINTER 1
| #define ENABLE_NLS 1
| #define EXECUTABLE_SUFFIX ""
| #define HAVE_STRING_H 1
| #define HAVE_STRINGS_H 1
| #define HAVE_STDLIB_H 1
| #define HAVE_UNISTD_H 1
| #define HAVE_FCNTL_H 1
| #define HAVE_SYS_FILE_H 1
| #define HAVE_LIMITS_H 1
| #define HAVE_LOCALE_H 1
| #define HAVE_SYS_PARAM_H 1
| #define HAVE_WCHAR_H 1
| #define HAVE_SYS_WAIT_H 1
| #define STRING_WITH_STRINGS 1
| #define HAVE_ALLOCA_H 1
| #define HAVE_ALLOCA 1
| #define HAVE_SBRK 1
| #define HAVE_UTIMES 1
| /* end confdefs.h.  */
| /* Define setmode to an innocuous variant, in case <limits.h> declares setmode.
|    For example, HP-UX 11i <limits.h> declares gettimeofday.  */
| #define setmode innocuous_setmode
| 
| /* System header to define __stub macros and hopefully few prototypes,
|     which can conflict with char setmode (); below.
|     Prefer <limits.h> to <assert.h> if __STDC__ is defined, since
|     <limits.h> exists even on freestanding compilers.  */
| 
| #ifdef __STDC__
| # include <limits.h>
| #else
| # include <assert.h>
| #endif
| 
| #undef setmode
| 
| /* Override any GCC internal prototype to avoid an error.
|    Use char because int might match the return type of a GCC
|    builtin and then its argument prototype would still apply.  */
| #ifdef __cplusplus
| extern "C"
| #endif
| char setmode ();
| /* The GNU C library defines this for functions which it implements
|     to always fail with ENOSYS.  Some functions are actually named
|     something starting with __ and the normal name is an alias.  */
| #if defined __stub_setmode || defined __stub___setmode
| choke me
| #endif
| 
| int
| main ()
| {
| return setmode ();
|   ;
|   return 0;
| }
configure:9783: result: no
configure:9783: checking for getc_unlocked
configure:9783: gcc -o conftest -g -O2  -static-libstdc++ -static-libgcc  conftest.c  >&5
configure:9783: $? = 0
configure:9783: result: yes
configure:9783: checking for strcoll
configure:9783: gcc -o conftest -g -O2  -static-libstdc++ -static-libgcc  conftest.c  >&5
configure:9783: $? = 0
configure:9783: result: yes
configure:9783: checking for setlocale
configure:9783: gcc -o conftest -g -O2  -static-libstdc++ -static-libgcc  conftest.c  >&5
configure:9783: $? = 0
configure:9783: result: yes
configure:9793: checking for mkstemp
configure:9793: gcc -o conftest -g -O2  -static-libstdc++ -static-libgcc  conftest.c  >&5
configure:9793: $? = 0
configure:9793: result: yes
configure:9800: checking for mkdtemp
configure:9800: gcc -o conftest -g -O2  -static-libstdc++ -static-libgcc  conftest.c  >&5
configure:9800: $? = 0
configure:9800: result: yes
configure:9807: checking for mbstate_t
configure:9820: gcc -c -g -O2  conftest.c >&5
configure:9820: $? = 0
configure:9826: result: yes
configure:9835: checking for library containing frexp
configure:9866: gcc -o conftest -g -O2  -static-libstdc++ -static-libgcc  conftest.c  >&5
conftest.c:61:6: warning: conflicting types for built-in function 'frexp'; expected 'double(double,  int *)' [-Wbuiltin-declaration-mismatch]
   61 | char frexp ();
      |      ^~~~~
conftest.c:1:1: note: 'frexp' is declared in header '<math.h>'
    1 | /* confdefs.h */
configure:9866: $? = 0
configure:9883: result: none required
configure:9893: checking for LC_MESSAGES
configure:9909: gcc -o conftest -g -O2  -static-libstdc++ -static-libgcc  conftest.c  >&5
configure:9909: $? = 0
configure:9917: result: yes
configure:9926: checking for time_t in time.h
configure:9942: gcc -c -g -O2  conftest.c >&5
configure:9942: $? = 0
configure:9950: result: yes
configure:9958: checking for time_t in sys/types.h
configure:9974: gcc -c -g -O2  conftest.c >&5
configure:9974: $? = 0
configure:9982: result: yes
configure:9990: checking for a known getopt prototype in unistd.h
configure:10006: gcc -c -g -O2  conftest.c >&5
configure:10006: $? = 0
configure:10014: result: yes
configure:10024: checking for utime.h
configure:10044: gcc -c -g -O2  conftest.c >&5
configure:10044: $? = 0
configure:10052: result: yes
configure:10060: checking whether environ is declared
configure:10060: gcc -c -g -O2  conftest.c >&5
configure:10060: $? = 0
configure:10060: result: yes
configure:10070: checking whether fprintf is declared
configure:10070: gcc -c -g -O2  conftest.c >&5
configure:10070: $? = 0
configure:10070: result: yes
configure:10080: checking whether getc_unlocked is declared
configure:10080: gcc -c -g -O2  conftest.c >&5
configure:10080: $? = 0
configure:10080: result: yes
configure:10090: checking whether getenv is declared
configure:10090: gcc -c -g -O2  conftest.c >&5
configure:10090: $? = 0
configure:10090: result: yes
configure:10100: checking whether sbrk is declared
configure:10100: gcc -c -g -O2  conftest.c >&5
configure:10100: $? = 0
configure:10100: result: yes
configure:10110: checking whether snprintf is declared
configure:10110: gcc -c -g -O2  conftest.c >&5
configure:10110: $? = 0
configure:10110: result: yes
configure:10120: checking whether stpcpy is declared
configure:10120: gcc -c -g -O2  conftest.c >&5
configure:10120: $? = 0
configure:10120: result: yes
configure:10130: checking whether strnlen is declared
configure:10130: gcc -c -g -O2  conftest.c >&5
configure:10130: $? = 0
configure:10130: result: yes
configure:10140: checking whether strstr is declared
configure:10140: gcc -c -g -O2  conftest.c >&5
configure:10140: $? = 0
configure:10140: result: yes
configure:10150: checking whether vsnprintf is declared
configure:10150: gcc -c -g -O2  conftest.c >&5
configure:10150: $? = 0
configure:10150: result: yes
configure:10177: checking for library containing zlibVersion
configure:10208: gcc -o conftest -g -O2  -static-libstdc++ -static-libgcc  conftest.c  >&5
/usr/bin/ld: /tmp/ccA3wOna.o: in function `main':
/home/os161user/os161/toolbuild/binutils-2.24+os161-2.1/binutils/conftest.c:80: undefined reference to `zlibVersion'
collect2: error: ld returned 1 exit status
configure:10208: $? = 1
configure: failed program was:
| /* confdefs.h */
| #define PACKAGE_NAME ""
| #define PACKAGE_TARNAME ""
| #define PACKAGE_VERSION ""
| #define PACKAGE_STRING ""
| #define PACKAGE_BUGREPORT ""
| #define PACKAGE_URL ""
| #define PACKAGE "binutils"
| #define VERSION "2.24"
| #define STDC_HEADERS 1
| #define HAVE_SYS_TYPES_H 1
| #define HAVE_SYS_STAT_H 1
| #define HAVE_STDLIB_H 1
| #define HAVE_STRING_H 1
| #define HAVE_MEMORY_H 1
| #define HAVE_STRINGS_H 1
| #define HAVE_INTTYPES_H 1
| #define HAVE_STDINT_H 1
| #define HAVE_UNISTD_H 1
| #define __EXTENSIONS__ 1
| #define _ALL_SOURCE 1
| #define _GNU_SOURCE 1
| #define _POSIX_PTHREAD_SEMANTICS 1
| #define _TANDEM_SOURCE 1
| #define HAVE_DLFCN_H 1
| #define LT_OBJDIR ".libs/"
| #define DEFAULT_AR_DETERMINISTIC 0
| #define YYTEXT_POINTER 1
| #define ENABLE_NLS 1
| #define EXECUTABLE_SUFFIX ""
| #define HAVE_STRING_H 1
| #define HAVE_STRINGS_H 1
| #define HAVE_STDLIB_H 1
| #define HAVE_UNISTD_H 1
| #define HAVE_FCNTL_H 1
| #define HAVE_SYS_FILE_H 1
| #define HAVE_LIMITS_H 1
| #define HAVE_LOCALE_H 1
| #define HAVE_SYS_PARAM_H 1
| #define HAVE_WCHAR_H 1
| #define HAVE_SYS_WAIT_H 1
| #define STRING_WITH_STRINGS 1
| #define HAVE_ALLOCA_H 1
| #define HAVE_ALLOCA 1
| #define HAVE_SBRK 1
| #define HAVE_UTIMES 1
| #define HAVE_GETC_UNLOCKED 1
| #define HAVE_STRCOLL 1
| #define HAVE_SETLOCALE 1
| #define HAVE_MKSTEMP 1
| #define HAVE_MKDTEMP 1
| #define HAVE_MBSTATE_T 1
| #define HAVE_LC_MESSAGES 1
| #define HAVE_TIME_T_IN_TIME_H 1
| #define HAVE_TIME_T_IN_TYPES_H 1
| #define HAVE_DECL_GETOPT 1
| #define HAVE_GOOD_UTIME_H 1
| #define HAVE_DECL_ENVIRON 1
| #define HAVE_DECL_FPRINTF 1
| #define HAVE_DECL_GETC_UNLOCKED 1
| #define HAVE_DECL_GETENV 1
| #define HAVE_DECL_SBRK 1
| #define HAVE_DECL_SNPRINTF 1
| #define HAVE_DECL_STPCPY 1
| #define HAVE_DECL_STRNLEN 1
| #define HAVE_DECL_STRSTR 1
| #define HAVE_DECL_VSNPRINTF 1
| /* end confdefs.h.  */
| 
| /* Override any GCC internal prototype to avoid an error.
|    Use char because int might match the return type of a GCC
|    builtin and then its argument prototype would still apply.  */
| #ifdef __cplusplus
| extern "C"
| #endif
| char zlibVersion ();
| int
| main ()
| {
| return zlibVersion ();
|   ;
|   return 0;
| }
configure:10208: gcc -o conftest -g -O2  -static-libstdc++ -static-libgcc  conftest.c -lz   >&5
/usr/bin/ld: cannot find -lz
collect2: error: ld returned 1 exit status
configure:10208: $? = 1
configure: failed program was:
| /* confdefs.h */
| #define PACKAGE_NAME ""
| #define PACKAGE_TARNAME ""
| #define PACKAGE_VERSION ""
| #define PACKAGE_STRING ""
| #define PACKAGE_BUGREPORT ""
| #define PACKAGE_URL ""
| #define PACKAGE "binutils"
| #define VERSION "2.24"
| #define STDC_HEADERS 1
| #define HAVE_SYS_TYPES_H 1
| #define HAVE_SYS_STAT_H 1
| #define HAVE_STDLIB_H 1
| #define HAVE_STRING_H 1
| #define HAVE_MEMORY_H 1
| #define HAVE_STRINGS_H 1
| #define HAVE_INTTYPES_H 1
| #define HAVE_STDINT_H 1
| #define HAVE_UNISTD_H 1
| #define __EXTENSIONS__ 1
| #define _ALL_SOURCE 1
| #define _GNU_SOURCE 1
| #define _POSIX_PTHREAD_SEMANTICS 1
| #define _TANDEM_SOURCE 1
| #define HAVE_DLFCN_H 1
| #define LT_OBJDIR ".libs/"
| #define DEFAULT_AR_DETERMINISTIC 0
| #define YYTEXT_POINTER 1
| #define ENABLE_NLS 1
| #define EXECUTABLE_SUFFIX ""
| #define HAVE_STRING_H 1
| #define HAVE_STRINGS_H 1
| #define HAVE_STDLIB_H 1
| #define HAVE_UNISTD_H 1
| #define HAVE_FCNTL_H 1
| #define HAVE_SYS_FILE_H 1
| #define HAVE_LIMITS_H 1
| #define HAVE_LOCALE_H 1
| #define HAVE_SYS_PARAM_H 1
| #define HAVE_WCHAR_H 1
| #define HAVE_SYS_WAIT_H 1
| #define STRING_WITH_STRINGS 1
| #define HAVE_ALLOCA_H 1
| #define HAVE_ALLOCA 1
| #define HAVE_SBRK 1
| #define HAVE_UTIMES 1
| #define HAVE_GETC_UNLOCKED 1
| #define HAVE_STRCOLL 1
| #define HAVE_SETLOCALE 1
| #define HAVE_MKSTEMP 1
| #define HAVE_MKDTEMP 1
| #define HAVE_MBSTATE_T 1
| #define HAVE_LC_MESSAGES 1
| #define HAVE_TIME_T_IN_TIME_H 1
| #define HAVE_TIME_T_IN_TYPES_H 1
| #define HAVE_DECL_GETOPT 1
| #define HAVE_GOOD_UTIME_H 1
| #define HAVE_DECL_ENVIRON 1
| #define HAVE_DECL_FPRINTF 1
| #define HAVE_DECL_GETC_UNLOCKED 1
| #define HAVE_DECL_GETENV 1
| #define HAVE_DECL_SBRK 1
| #define HAVE_DECL_SNPRINTF 1
| #define HAVE_DECL_STPCPY 1
| #define HAVE_DECL_STRNLEN 1
| #define HAVE_DECL_STRSTR 1
| #define HAVE_DECL_VSNPRINTF 1
| /* end confdefs.h.  */
| 
| /* Override any GCC internal prototype to avoid an error.
|    Use char because int might match the return type of a GCC
|    builtin and then its argument prototype would still apply.  */
| #ifdef __cplusplus
| extern "C"
| #endif
| char zlibVersion ();
| int
| main ()
| {
| return zlibVersion ();
|   ;
|   return 0;
| }
configure:10225: result: no
configure:10274: checking iconv.h usability
configure:10274: gcc -c -g -O2  conftest.c >&5
configure:10274: $? = 0
configure:10274: result: yes
configure:10274: checking iconv.h presence
configure:10274: gcc -E  conftest.c
configure:10274: $? = 0
configure:10274: result: yes
configure:10274: checking for iconv.h
configure:10274: result: yes
configure:10320: checking for ld used by GCC
configure:10383: result: ld -m elf_x86_64
configure:10390: checking if the linker (ld -m elf_x86_64) is GNU ld
GNU ld (GNU Binutils for Ubuntu) 2.34
configure:10402: result: yes
configure:10408: checking for shared library run path origin
configure:10421: result: done
configure:10851: checking for iconv
configure:10873: gcc -o conftest -g -O2  -static-libstdc++ -static-libgcc  conftest.c  >&5
configure:10873: $? = 0
configure:10905: result: yes
configure:10926: checking for iconv declaration
configure:10955: gcc -c -g -O2  conftest.c >&5
configure:10955: $? = 0
configure:10966: result: install-shextern size_t iconv (iconv_t cd, char * *inbuf, size_t *inbytesleft, char * *outbuf, size_t *outbytesleft);
configure:11314: updating cache ./config.cache
configure:11375: creating ./config.status

## ---------------------- ##
## Running config.status. ##
## ---------------------- ##

This file was extended by config.status, which was
generated by GNU Autoconf 2.64.  Invocation command line was

  CONFIG_FILES    = 
  CONFIG_HEADERS  = 
  CONFIG_LINKS    = 
  CONFIG_COMMANDS = 
  $ ./config.status 

on os161user-VirtualBox

config.status:1170: creating Makefile
config.status:1170: creating doc/Makefile
config.status:1170: creating po/Makefile.in
config.status:1170: creating config.h
config.status:1390: executing depfiles commands
config.status:1390: executing libtool commands
config.status:1390: executing default-1 commands

## ---------------- ##
## Cache variables. ##
## ---------------- ##

ac_cv_build=x86_64-unknown-linux-gnu
ac_cv_c_compiler_gnu=yes
ac_cv_env_CC_set=set
ac_cv_env_CC_value=gcc
ac_cv_env_CFLAGS_set=set
ac_cv_env_CFLAGS_value='-g -O2'
ac_cv_env_CPPFLAGS_set=
ac_cv_env_CPPFLAGS_value=
ac_cv_env_CPP_set=
ac_cv_env_CPP_value=
ac_cv_env_LDFLAGS_set=set
ac_cv_env_LDFLAGS_value='-static-libstdc++ -static-libgcc '
ac_cv_env_LIBS_set=
ac_cv_env_LIBS_value=
ac_cv_env_YACC_set=set
ac_cv_env_YACC_value='/home/os161user/os161/toolbuild/binutils-2.24+os161-2.1/missing bison -y'
ac_cv_env_YFLAGS_set=
ac_cv_env_YFLAGS_value=
ac_cv_env_build_alias_set=set
ac_cv_env_build_alias_value=x86_64-unknown-linux-gnu
ac_cv_env_host_alias_set=set
ac_cv_env_host_alias_value=x86_64-unknown-linux-gnu
ac_cv_env_target_alias_set=set
ac_cv_env_target_alias_value=mips-harvard-os161
ac_cv_func_alloca_works=yes
ac_cv_func_getc_unlocked=yes
ac_cv_func_mkdtemp=yes
ac_cv_func_mkstemp=yes
ac_cv_func_sbrk=yes
ac_cv_func_setlocale=yes
ac_cv_func_setmode=no
ac_cv_func_strcoll=yes
ac_cv_func_utimes=yes
ac_cv_have_decl_environ=yes
ac_cv_have_decl_fprintf=yes
ac_cv_have_decl_getc_unlocked=yes
ac_cv_have_decl_getenv=yes
ac_cv_have_decl_sbrk=yes
ac_cv_have_decl_snprintf=yes
ac_cv_have_decl_stpcpy=yes
ac_cv_have_decl_strnlen=yes
ac_cv_have_decl_strstr=yes
ac_cv_have_decl_vsnprintf=yes
ac_cv_header_dlfcn_h=yes
ac_cv_header_fcntl_h=yes
ac_cv_header_iconv_h=yes
ac_cv_header_inttypes_h=yes
ac_cv_header_limits_h=yes
ac_cv_header_locale_h=yes
ac_cv_header_memory_h=yes
ac_cv_header_minix_config_h=no
ac_cv_header_stdc=yes
ac_cv_header_stdint_h=yes
ac_cv_header_stdlib_h=yes
ac_cv_header_string_h=yes
ac_cv_header_strings_h=yes
ac_cv_header_sys_file_h=yes
ac_cv_header_sys_param_h=yes
ac_cv_header_sys_stat_h=yes
ac_cv_header_sys_types_h=yes
ac_cv_header_sys_wait_h=yes
ac_cv_header_unistd_h=yes
ac_cv_header_wchar_h=yes
ac_cv_host=x86_64-unknown-linux-gnu
ac_cv_lib_lex=
ac_cv_objext=o
ac_cv_path_EGREP='/usr/bin/grep -E'
ac_cv_path_FGREP='/usr/bin/grep -F'
ac_cv_path_GMSGFMT=:
ac_cv_path_GREP=/usr/bin/grep
ac_cv_path_MSGFMT=:
ac_cv_path_MSGMERGE=:
ac_cv_path_SED=/usr/bin/sed
ac_cv_path_XGETTEXT=:
ac_cv_path_mkdir=/usr/bin/mkdir
ac_cv_prog_AR=ar
ac_cv_prog_AWK=mawk
ac_cv_prog_CC=gcc
ac_cv_prog_CPP='gcc -E'
ac_cv_prog_LEX='/home/os161user/os161/toolbuild/binutils-2.24+os161-2.1/missing flex'
ac_cv_prog_OBJDUMP=objdump
ac_cv_prog_RANLIB=ranlib
ac_cv_prog_YACC='/home/os161user/os161/toolbuild/binutils-2.24+os161-2.1/missing bison -y'
ac_cv_prog_ac_ct_STRIP=strip
ac_cv_prog_cc_c89=
ac_cv_prog_cc_g=yes
ac_cv_prog_lex_root=lex.yy
ac_cv_prog_lex_yytext_pointer=yes
ac_cv_prog_make_make_set=yes
ac_cv_safe_to_define___extensions__=yes
ac_cv_search_frexp='none required'
ac_cv_search_strerror='none required'
ac_cv_search_zlibVersion=no
ac_cv_sys_file_offset_bits=no
ac_cv_sys_largefile_CC=no
ac_cv_target=mips-harvard-os161
ac_cv_working_alloca_h=yes
acl_cv_hardcode_direct=no
acl_cv_hardcode_libdir_flag_spec='${wl}-rpath ${wl}$libdir'
acl_cv_hardcode_libdir_separator=
acl_cv_hardcode_minus_L=no
acl_cv_libext=a
acl_cv_path_LD='ld -m elf_x86_64'
acl_cv_prog_gnu_ld=yes
acl_cv_rpath=done
acl_cv_shlibext=so
acl_cv_wl=-Wl,
am_cv_CC_dependencies_compiler_type=gcc3
am_cv_func_iconv=yes
am_cv_lib_iconv=no
am_cv_proto_iconv='extern size_t iconv (iconv_t cd, char * *inbuf, size_t *inbytesleft, char * *outbuf, size_t *outbytesleft);'
am_cv_proto_iconv_arg1=
am_cv_val_LC_MESSAGES=yes
bu_cv_decl_getopt_unistd_h=yes
bu_cv_decl_time_t_time_h=yes
bu_cv_decl_time_t_types_h=yes
bu_cv_header_utime_h=yes
gcc_cv_header_string=yes
lt_cv_archive_cmds_need_lc=no
lt_cv_deplibs_check_method=pass_all
lt_cv_file_magic_cmd='$MAGIC_CMD'
lt_cv_file_magic_test_file=
lt_cv_ld_reload_flag=-r
lt_cv_nm_interface='BSD nm'
lt_cv_objdir=.libs
lt_cv_path_LD=ld
lt_cv_path_NM=nm
lt_cv_prog_compiler_c_o=yes
lt_cv_prog_compiler_pic_works=yes
lt_cv_prog_compiler_rtti_exceptions=no
lt_cv_prog_compiler_static_works=yes
lt_cv_prog_gnu_ld=yes
lt_cv_shlibpath_overrides_runpath=yes
lt_cv_sys_global_symbol_pipe='sed -n -e '\''s/^.*[	 ]\([ABCDGIRSTW][ABCDGIRSTW]*\)[	 ][	 ]*\([_A-Za-z][_A-Za-z0-9]*\)$/\1 \2 \2/p'\'''
lt_cv_sys_global_symbol_to_c_name_address='sed -n -e '\''s/^: \([^ ]*\) $/  {\"\1\", (void *) 0},/p'\'' -e '\''s/^[ABCDGIRSTW]* \([^ ]*\) \([^ ]*\)$/  {"\2", (void *) \&\2},/p'\'''
lt_cv_sys_global_symbol_to_c_name_address_lib_prefix='sed -n -e '\''s/^: \([^ ]*\) $/  {\"\1\", (void *) 0},/p'\'' -e '\''s/^[ABCDGIRSTW]* \([^ ]*\) \(lib[^ ]*\)$/  {"\2", (void *) \&\2},/p'\'' -e '\''s/^[ABCDGIRSTW]* \([^ ]*\) \([^ ]*\)$/  {"lib\2", (void *) \&\2},/p'\'''
lt_cv_sys_global_symbol_to_cdecl='sed -n -e '\''s/^T .* \(.*\)$/extern int \1();/p'\'' -e '\''s/^[ABCDGIRSTW]* .* \(.*\)$/extern char \1;/p'\'''
lt_cv_sys_max_cmd_len=1572864

## ----------------- ##
## Output variables. ##
## ----------------- ##

ACLOCAL='${SHELL} /home/os161user/os161/toolbuild/binutils-2.24+os161-2.1/missing --run aclocal-1.11'
ALLOCA=''
AMDEPBACKSLASH='\'
AMDEP_FALSE='#'
AMDEP_TRUE=''
AMTAR='${SHELL} /home/os161user/os161/toolbuild/binutils-2.24+os161-2.1/missing --run tar'
AR='ar'
AUTOCONF='${SHELL} /home/os161user/os161/toolbuild/binutils-2.24+os161-2.1/missing --run autoconf'
AUTOHEADER='${SHELL} /home/os161user/os161/toolbuild/binutils-2.24+os161-2.1/missing --run autoheader'
AUTOMAKE='${SHELL} /home/os161user/os161/toolbuild/binutils-2.24+os161-2.1/missing --run automake-1.11'
AWK='mawk'
BUILD_DLLTOOL=''
BUILD_DLLWRAP=''
BUILD_INSTALL_MISC=''
BUILD_MISC=''
BUILD_NLMCONV=''
BUILD_SRCONV=''
BUILD_WINDMC=''
BUILD_WINDRES=''
CATALOGS=' bg.gmo da.gmo es.gmo fi.gmo fr.gmo hr.gmo id.gmo it.gmo ja.gmo ro.gmo ru.gmo rw.gmo sk.gmo sv.gmo tr.gmo uk.gmo vi.gmo zh_CN.gmo zh_TW.gmo bg.gmo da.gmo es.gmo fi.gmo fr.gmo hr.gmo id.gmo it.gmo ja.gmo ro.gmo ru.gmo rw.gmo sk.gmo sv.gmo tr.gmo uk.gmo vi.gmo zh_CN.gmo zh_TW.gmo'
CATOBJEXT='.gmo'
CC='gcc'
CCDEPMODE='depmode=gcc3'
CC_FOR_BUILD='gcc'
CFLAGS='-g -O2'
CPP='gcc -E'
CPPFLAGS=''
CYGPATH_W='echo'
DATADIRNAME='share'
DEFS='-DHAVE_CONFIG_H'
DEMANGLER_NAME='c++filt'
DEPDIR='.deps'
DLLTOOL_DEFS=' '
DSYMUTIL=''
DUMPBIN=''
ECHO_C=''
ECHO_N='-n'
ECHO_T=''
EGREP='/usr/bin/grep -E'
EMULATION='vanilla'
EMULATION_VECTOR='bin_vanilla_emulation'
EXEEXT=''
EXEEXT_FOR_BUILD='$(EXEEXT)'
FGREP='/usr/bin/grep -F'
GENCAT='gencat'
GENINSRC_NEVER_FALSE=''
GENINSRC_NEVER_TRUE='#'
GMSGFMT=':'
GREP='/usr/bin/grep'
HDEFINES=''
INCINTL=''
INSTALL_DATA='/usr/bin/install -c -m 644'
INSTALL_PROGRAM='/usr/bin/install -c'
INSTALL_SCRIPT='/usr/bin/install -c'
INSTALL_STRIP_PROGRAM='$(install_sh) -c -s'
INSTOBJEXT='.mo'
LD='ld -m elf_x86_64'
LDFLAGS='-static-libstdc++ -static-libgcc '
LEX='/home/os161user/os161/toolbuild/binutils-2.24+os161-2.1/missing flex'
LEXLIB=''
LEX_OUTPUT_ROOT='lex.yy'
LIBICONV=''
LIBINTL=''
LIBINTL_DEP=''
LIBOBJS=''
LIBS=''
LIBTOOL='$(SHELL) $(top_builddir)/libtool'
LIPO=''
LN_S='ln -s'
LTLIBICONV=''
LTLIBOBJS=''
MAINT='#'
MAINTAINER_MODE_FALSE=''
MAINTAINER_MODE_TRUE='#'
MAKEINFO='/home/os161user/os161/toolbuild/binutils-2.24+os161-2.1/missing makeinfo --split-size=5000000'
MKDIR_P='/usr/bin/mkdir -p'
MKINSTALLDIRS='$(top_builddir)/./../mkinstalldirs'
MSGFMT=':'
MSGMERGE=':'
NLMCONV_DEFS=''
NM='nm'
NMEDIT=''
NO_WERROR=''
OBJDUMP='objdump'
OBJDUMP_DEFS=' -DOBJDUMP_PRIVATE_VECTORS=""'
OBJDUMP_PRIVATE_OFILES=''
OBJEXT='o'
OTOOL64=''
OTOOL=''
PACKAGE='binutils'
PACKAGE_BUGREPORT=''
PACKAGE_NAME=''
PACKAGE_STRING=''
PACKAGE_TARNAME=''
PACKAGE_URL=''
PACKAGE_VERSION=''
PATH_SEPARATOR=':'
POSUB='po'
RANLIB='ranlib'
SED='/usr/bin/sed'
SET_MAKE=''
SHELL='/bin/bash'
STRIP='strip'
USE_NLS='yes'
VERSION='2.24'
WARN_CFLAGS='-W -Wall -Wstrict-prototypes -Wmissing-prototypes -Wshadow'
XGETTEXT=':'
YACC='/home/os161user/os161/toolbuild/binutils-2.24+os161-2.1/missing bison -y'
YFLAGS=''
ac_ct_CC=''
ac_ct_DUMPBIN=''
am__EXEEXT_FALSE=''
am__EXEEXT_TRUE='#'
am__fastdepCC_FALSE='#'
am__fastdepCC_TRUE=''
am__include='include'
am__isrc=''
am__leading_dot='.'
am__quote=''
am__tar='${AMTAR} chof - "$$tardir"'
am__untar='${AMTAR} xf -'
bindir='${exec_prefix}/bin'
build='x86_64-unknown-linux-gnu'
build_alias='x86_64-unknown-linux-gnu'
build_cpu='x86_64'
build_os='linux-gnu'
build_vendor='unknown'
datadir='${datarootdir}'
datarootdir='${prefix}/share'
docdir='${datarootdir}/doc/${PACKAGE}'
dvidir='${docdir}'
exec_prefix='${prefix}'
host='x86_64-unknown-linux-gnu'
host_alias='x86_64-unknown-linux-gnu'
host_cpu='x86_64'
host_os='linux-gnu'
host_vendor='unknown'
htmldir='${docdir}'
includedir='${prefix}/include'
infodir='${datarootdir}/info'
install_sh='${SHELL} /home/os161user/os161/toolbuild/binutils-2.24+os161-2.1/install-sh'
libdir='${exec_prefix}/lib'
libexecdir='${exec_prefix}/libexec'
localedir='${datarootdir}/locale'
localstatedir='${prefix}/var'
mandir='${datarootdir}/man'
mkdir_p='/usr/bin/mkdir -p'
oldincludedir='/usr/include'
pdfdir='${docdir}'
prefix='/home/os161user/os161/tools'
program_transform_name='s&^&mips-harvard-os161-&'
psdir='${docdir}'
sbindir='${exec_prefix}/sbin'
sharedstatedir='${prefix}/com'
sysconfdir='${prefix}/etc'
target='mips-harvard-os161'
target_alias='mips-harvard-os161'
target_cpu='mips'
target_os='os161'
target_vendor='harvard'

## ----------- ##
## confdefs.h. ##
## ----------- ##

/* confdefs.h */
#define PACKAGE_NAME ""
#define PACKAGE_TARNAME ""
#define PACKAGE_VERSION ""
#define PACKAGE_STRING ""
#define PACKAGE_BUGREPORT ""
#define PACKAGE_URL ""
#define PACKAGE "binutils"
#define VERSION "2.24"
#define STDC_HEADERS 1
#define HAVE_SYS_TYPES_H 1
#define HAVE_SYS_STAT_H 1
#define HAVE_STDLIB_H 1
#define HAVE_STRING_H 1
#define HAVE_MEMORY_H 1
#define HAVE_STRINGS_H 1
#define HAVE_INTTYPES_H 1
#define HAVE_STDINT_H 1
#define HAVE_UNISTD_H 1
#define __EXTENSIONS__ 1
#define _ALL_SOURCE 1
#define _GNU_SOURCE 1
#define _POSIX_PTHREAD_SEMANTICS 1
#define _TANDEM_SOURCE 1
#define HAVE_DLFCN_H 1
#define LT_OBJDIR ".libs/"
#define DEFAULT_AR_DETERMINISTIC 0
#define YYTEXT_POINTER 1
#define ENABLE_NLS 1
#define EXECUTABLE_SUFFIX ""
#define HAVE_STRING_H 1
#define HAVE_STRINGS_H 1
#define HAVE_STDLIB_H 1
#define HAVE_UNISTD_H 1
#define HAVE_FCNTL_H 1
#define HAVE_SYS_FILE_H 1
#define HAVE_LIMITS_H 1
#define HAVE_LOCALE_H 1
#define HAVE_SYS_PARAM_H 1
#define HAVE_WCHAR_H 1
#define HAVE_SYS_WAIT_H 1
#define STRING_WITH_STRINGS 1
#define HAVE_ALLOCA_H 1
#define HAVE_ALLOCA 1
#define HAVE_SBRK 1
#define HAVE_UTIMES 1
#define HAVE_GETC_UNLOCKED 1
#define HAVE_STRCOLL 1
#define HAVE_SETLOCALE 1
#define HAVE_MKSTEMP 1
#define HAVE_MKDTEMP 1
#define HAVE_MBSTATE_T 1
#define HAVE_LC_MESSAGES 1
#define HAVE_TIME_T_IN_TIME_H 1
#define HAVE_TIME_T_IN_TYPES_H 1
#define HAVE_DECL_GETOPT 1
#define HAVE_GOOD_UTIME_H 1
#define HAVE_DECL_ENVIRON 1
#define HAVE_DECL_FPRINTF 1
#define HAVE_DECL_GETC_UNLOCKED 1
#define HAVE_DECL_GETENV 1
#define HAVE_DECL_SBRK 1
#define HAVE_DECL_SNPRINTF 1
#define HAVE_DECL_STPCPY 1
#define HAVE_DECL_STRNLEN 1
#define HAVE_DECL_STRSTR 1
#define HAVE_DECL_VSNPRINTF 1
#define HAVE_ICONV 1
#define ICONV_CONST 
#define TARGET "mips-harvard-os161"
#define TARGET_PREPENDS_UNDERSCORE 0

configure: exit 0
