This file contains any messages produced by compilers while
running configure, to aid debugging if configure makes a mistake.

It was created by libdecnumber configure  , which was
generated by GNU Autoconf 2.64.  Invocation command line was

  $ /home/os161user/os161/toolbuild/gcc-4.8.3+os161-2.1/libdecnumber/configure --cache-file=./config.cache --nfp --disable-shared --disable-threads --disable-libmudflap --disable-libssp --disable-libstdcxx --disable-nls --prefix=/home/os161user/os161/tools --enable-languages=c,lto --program-transform-name=s&^&mips-harvard-os161-& --disable-option-checking --build=x86_64-unknown-linux-gnu --host=x86_64-unknown-linux-gnu --target=mips-harvard-os161 --srcdir=../../gcc-4.8.3+os161-2.1/libdecnumber

## --------- ##
## Platform. ##
## --------- ##

hostname = os161user-VirtualBox
uname -m = x86_64
uname -r = 5.8.0-45-generic
uname -s = Linux
uname -v = #51~20.04.1-Ubuntu SMP Tue Feb 23 13:46:31 UTC 2021

/usr/bin/uname -p = x86_64
/bin/uname -X     = unknown

/bin/arch              = x86_64
/usr/bin/arch -k       = unknown
/usr/convex/getsysinfo = unknown
/usr/bin/hostinfo      = unknown
/bin/machine           = unknown
/usr/bin/oslevel       = unknown
/bin/universe          = unknown

PATH: /home/os161user/os161/tools/bin
PATH: /usr/local/sbin
PATH: /usr/local/bin
PATH: /usr/sbin
PATH: /usr/bin
PATH: /sbin
PATH: /bin
PATH: /usr/games
PATH: /usr/local/games
PATH: /snap/bin


## ----------- ##
## Core tests. ##
## ----------- ##

configure:2141: creating cache ./config.cache
configure:2221: checking whether make sets $(MAKE)
configure:2243: result: yes
configure:2260: checking for x86_64-unknown-linux-gnu-gcc
configure:2287: result: gcc
configure:2556: checking for C compiler version
configure:2565: gcc --version >&5
gcc (Ubuntu 9.3.0-17ubuntu1~20.04) 9.3.0
Copyright (C) 2019 Free Software Foundation, Inc.
This is free software; see the source for copying conditions.  There is NO
warranty; not even for MERCHANTABILITY or FITNESS FOR A PARTICULAR PURPOSE.

configure:2576: $? = 0
configure:2565: gcc -v >&5
Using built-in specs.
COLLECT_GCC=gcc
COLLECT_LTO_WRAPPER=/usr/lib/gcc/x86_64-linux-gnu/9/lto-wrapper
OFFLOAD_TARGET_NAMES=nvptx-none:hsa
OFFLOAD_TARGET_DEFAULT=1
Target: x86_64-linux-gnu
Configured with: ../src/configure -v --with-pkgversion='Ubuntu 9.3.0-17ubuntu1~20.04' --with-bugurl=file:///usr/share/doc/gcc-9/README.Bugs --enable-languages=c,ada,c++,go,brig,d,fortran,objc,obj-c++,gm2 --prefix=/usr --with-gcc-major-version-only --program-suffix=-9 --program-prefix=x86_64-linux-gnu- --enable-shared --enable-linker-build-id --libexecdir=/usr/lib --without-included-gettext --enable-threads=posix --libdir=/usr/lib --enable-nls --enable-clocale=gnu --enable-libstdcxx-debug --enable-libstdcxx-time=yes --with-default-libstdcxx-abi=new --enable-gnu-unique-object --disable-vtable-verify --enable-plugin --enable-default-pie --with-system-zlib --with-target-system-zlib=auto --enable-objc-gc=auto --enable-multiarch --disable-werror --with-arch-32=i686 --with-abi=m64 --with-multilib-list=m32,m64,mx32 --enable-multilib --with-tune=generic --enable-offload-targets=nvptx-none=/build/gcc-9-HskZEa/gcc-9-9.3.0/debian/tmp-nvptx/usr,hsa --without-cuda-driver --enable-checking=release --build=x86_64-linux-gnu --host=x86_64-linux-gnu --target=x86_64-linux-gnu
Thread model: posix
gcc version 9.3.0 (Ubuntu 9.3.0-17ubuntu1~20.04) 
configure:2576: $? = 0
configure:2565: gcc -V >&5
gcc: error: unrecognized command line option '-V'
gcc: fatal error: no input files
compilation terminated.
configure:2576: $? = 1
configure:2565: gcc -qversion >&5
gcc: error: unrecognized command line option '-qversion'; did you mean '--version'?
gcc: fatal error: no input files
compilation terminated.
configure:2576: $? = 1
configure:2596: checking for C compiler default output file name
configure:2618: gcc -g -O2  -static-libstdc++ -static-libgcc  conftest.c  >&5
configure:2622: $? = 0
configure:2659: result: a.out
configure:2675: checking whether the C compiler works
configure:2684: ./a.out
configure:2688: $? = 0
configure:2703: result: yes
configure:2710: checking whether we are cross compiling
configure:2712: result: no
configure:2715: checking for suffix of executables
configure:2722: gcc -o conftest -g -O2  -static-libstdc++ -static-libgcc  conftest.c  >&5
configure:2726: $? = 0
configure:2748: result: 
configure:2754: checking for suffix of object files
configure:2776: gcc -c -g -O2  conftest.c >&5
configure:2780: $? = 0
configure:2801: result: o
configure:2805: checking whether we are using the GNU C compiler
configure:2824: gcc -c -g -O2  conftest.c >&5
configure:2824: $? = 0
configure:2833: result: yes
configure:2842: checking whether gcc accepts -g
configure:2862: gcc -c -g  conftest.c >&5
configure:2862: $? = 0
configure:2903: result: yes
configure:2920: checking for gcc option to accept ISO C89
configure:2984: gcc  -c -g -O2  conftest.c >&5
configure:2984: $? = 0
configure:2997: result: none needed
configure:3020: checking for x86_64-unknown-linux-gnu-ranlib
configure:3047: result: ranlib
configure:3115: checking for aclocal
configure:3145: result: no
configure:3158: checking for autoconf
configure:3188: result: no
configure:3201: checking for autoheader
configure:3231: result: no
configure:3258: checking whether gcc supports -W
configure:3275: gcc -c -W  conftest.c >&5
configure:3275: $? = 0
configure:3284: result: yes
configure:3258: checking whether gcc supports -Wall
configure:3275: gcc -c -Wall  conftest.c >&5
configure:3275: $? = 0
configure:3284: result: yes
configure:3258: checking whether gcc supports -Wwrite-strings
configure:3275: gcc -c -Wwrite-strings  conftest.c >&5
configure:3275: $? = 0
configure:3284: result: yes
configure:3258: checking whether gcc supports -Wstrict-prototypes
configure:3275: gcc -c -Wstrict-prototypes  conftest.c >&5
conftest.c:11:1: warning: function declaration isn't a prototype [-Wstrict-prototypes]
   11 | main ()
      | ^~~~
configure:3275: $? = 0
configure:3284: result: yes
configure:3258: checking whether gcc supports -Wmissing-prototypes
configure:3275: gcc -c -Wmissing-prototypes  conftest.c >&5
configure:3275: $? = 0
configure:3284: result: yes
configure:3258: checking whether gcc supports -Wold-style-definition
configure:3275: gcc -c -Wold-style-definition  conftest.c >&5
conftest.c: In function 'main':
conftest.c:11:1: warning: old-style function definition [-Wold-style-definition]
   11 | main ()
      | ^~~~
configure:3275: $? = 0
configure:3284: result: yes
configure:3258: checking whether gcc supports -Wmissing-format-attribute
configure:3275: gcc -c -Wmissing-format-attribute  conftest.c >&5
configure:3275: $? = 0
configure:3284: result: yes
configure:3258: checking whether gcc supports -Wcast-qual
configure:3275: gcc -c -Wcast-qual  conftest.c >&5
configure:3275: $? = 0
configure:3284: result: yes
configure:3296: checking whether gcc supports -pedantic -Wlong-long
configure:3314: gcc -c -pedantic -Wlong-long  conftest.c >&5
configure:3314: $? = 0
configure:3322: result: yes
configure:3353: checking how to run the C preprocessor
configure:3384: gcc -E  conftest.c
configure:3384: $? = 0
configure:3398: gcc -E  conftest.c
conftest.c:9:10: fatal error: ac_nonexistent.h: No such file or directory
    9 | #include <ac_nonexistent.h>
      |          ^~~~~~~~~~~~~~~~~~
compilation terminated.
configure:3398: $? = 1
configure: failed program was:
| /* confdefs.h */
| #define PACKAGE_NAME "libdecnumber"
| #define PACKAGE_TARNAME "libdecnumber"
| #define PACKAGE_VERSION " "
| #define PACKAGE_STRING "libdecnumber  "
| #define PACKAGE_BUGREPORT "gcc-bugs@gcc.gnu.org"
| #define PACKAGE_URL ""
| /* end confdefs.h.  */
| #include <ac_nonexistent.h>
configure:3423: result: gcc -E
configure:3443: gcc -E  conftest.c
configure:3443: $? = 0
configure:3457: gcc -E  conftest.c
conftest.c:9:10: fatal error: ac_nonexistent.h: No such file or directory
    9 | #include <ac_nonexistent.h>
      |          ^~~~~~~~~~~~~~~~~~
compilation terminated.
configure:3457: $? = 1
configure: failed program was:
| /* confdefs.h */
| #define PACKAGE_NAME "libdecnumber"
| #define PACKAGE_TARNAME "libdecnumber"
| #define PACKAGE_VERSION " "
| #define PACKAGE_STRING "libdecnumber  "
| #define PACKAGE_BUGREPORT "gcc-bugs@gcc.gnu.org"
| #define PACKAGE_URL ""
| /* end confdefs.h.  */
| #include <ac_nonexistent.h>
configure:3486: checking for grep that handles long lines and -e
configure:3544: result: /usr/bin/grep
configure:3549: checking for egrep
configure:3611: result: /usr/bin/grep -E
configure:3616: checking for ANSI C header files
configure:3636: gcc -c -g -O2  conftest.c >&5
configure:3636: $? = 0
configure:3709: gcc -o conftest -g -O2  -static-libstdc++ -static-libgcc  conftest.c  >&5
configure:3709: $? = 0
configure:3709: ./conftest
configure:3709: $? = 0
configure:3720: result: yes
configure:3733: checking for sys/types.h
configure:3733: gcc -c -g -O2  conftest.c >&5
configure:3733: $? = 0
configure:3733: result: yes
configure:3733: checking for sys/stat.h
configure:3733: gcc -c -g -O2  conftest.c >&5
configure:3733: $? = 0
configure:3733: result: yes
configure:3733: checking for stdlib.h
configure:3733: gcc -c -g -O2  conftest.c >&5
configure:3733: $? = 0
configure:3733: result: yes
configure:3733: checking for string.h
configure:3733: gcc -c -g -O2  conftest.c >&5
configure:3733: $? = 0
configure:3733: result: yes
configure:3733: checking for memory.h
configure:3733: gcc -c -g -O2  conftest.c >&5
configure:3733: $? = 0
configure:3733: result: yes
configure:3733: checking for strings.h
configure:3733: gcc -c -g -O2  conftest.c >&5
configure:3733: $? = 0
configure:3733: result: yes
configure:3733: checking for inttypes.h
configure:3733: gcc -c -g -O2  conftest.c >&5
configure:3733: $? = 0
configure:3733: result: yes
configure:3733: checking for stdint.h
configure:3733: gcc -c -g -O2  conftest.c >&5
configure:3733: $? = 0
configure:3733: result: yes
configure:3733: checking for unistd.h
configure:3733: gcc -c -g -O2  conftest.c >&5
configure:3733: $? = 0
configure:3733: result: yes
configure:3749: checking ctype.h usability
configure:3749: gcc -c -g -O2  conftest.c >&5
configure:3749: $? = 0
configure:3749: result: yes
configure:3749: checking ctype.h presence
configure:3749: gcc -E  conftest.c
configure:3749: $? = 0
configure:3749: result: yes
configure:3749: checking for ctype.h
configure:3749: result: yes
configure:3749: checking stddef.h usability
configure:3749: gcc -c -g -O2  conftest.c >&5
configure:3749: $? = 0
configure:3749: result: yes
configure:3749: checking stddef.h presence
configure:3749: gcc -E  conftest.c
configure:3749: $? = 0
configure:3749: result: yes
configure:3749: checking for stddef.h
configure:3749: result: yes
configure:3749: checking for string.h
configure:3749: result: yes
configure:3749: checking stdio.h usability
configure:3749: gcc -c -g -O2  conftest.c >&5
configure:3749: $? = 0
configure:3749: result: yes
configure:3749: checking stdio.h presence
configure:3749: gcc -E  conftest.c
configure:3749: $? = 0
configure:3749: result: yes
configure:3749: checking for stdio.h
configure:3749: result: yes
configure:3773: checking for uintmax_t
configure:3773: gcc -c -g -O2  conftest.c >&5
configure:3773: $? = 0
configure:3773: gcc -c -g -O2  conftest.c >&5
conftest.c: In function 'main':
conftest.c:29:24: error: expected expression before ')' token
   29 | if (sizeof ((uintmax_t)))
      |                        ^
configure:3773: $? = 1
configure: failed program was:
| /* confdefs.h */
| #define PACKAGE_NAME "libdecnumber"
| #define PACKAGE_TARNAME "libdecnumber"
| #define PACKAGE_VERSION " "
| #define PACKAGE_STRING "libdecnumber  "
| #define PACKAGE_BUGREPORT "gcc-bugs@gcc.gnu.org"
| #define PACKAGE_URL ""
| #define STDC_HEADERS 1
| #define HAVE_SYS_TYPES_H 1
| #define HAVE_SYS_STAT_H 1
| #define HAVE_STDLIB_H 1
| #define HAVE_STRING_H 1
| #define HAVE_MEMORY_H 1
| #define HAVE_STRINGS_H 1
| #define HAVE_INTTYPES_H 1
| #define HAVE_STDINT_H 1
| #define HAVE_UNISTD_H 1
| #define HAVE_CTYPE_H 1
| #define HAVE_STDDEF_H 1
| #define HAVE_STRING_H 1
| #define HAVE_STDIO_H 1
| /* end confdefs.h.  */
| #include <sys/types.h>
| #include <stdint.h>
| 
| int
| main ()
| {
| if (sizeof ((uintmax_t)))
| 	    return 0;
|   ;
|   return 0;
| }
configure:3773: result: yes
configure:3782: checking for uintptr_t
configure:3782: gcc -c -g -O2  conftest.c >&5
configure:3782: $? = 0
configure:3782: gcc -c -g -O2  conftest.c >&5
conftest.c: In function 'main':
conftest.c:29:24: error: expected expression before ')' token
   29 | if (sizeof ((uintptr_t)))
      |                        ^
configure:3782: $? = 1
configure: failed program was:
| /* confdefs.h */
| #define PACKAGE_NAME "libdecnumber"
| #define PACKAGE_TARNAME "libdecnumber"
| #define PACKAGE_VERSION " "
| #define PACKAGE_STRING "libdecnumber  "
| #define PACKAGE_BUGREPORT "gcc-bugs@gcc.gnu.org"
| #define PACKAGE_URL ""
| #define STDC_HEADERS 1
| #define HAVE_SYS_TYPES_H 1
| #define HAVE_SYS_STAT_H 1
| #define HAVE_STDLIB_H 1
| #define HAVE_STRING_H 1
| #define HAVE_MEMORY_H 1
| #define HAVE_STRINGS_H 1
| #define HAVE_INTTYPES_H 1
| #define HAVE_STDINT_H 1
| #define HAVE_UNISTD_H 1
| #define HAVE_CTYPE_H 1
| #define HAVE_STDDEF_H 1
| #define HAVE_STRING_H 1
| #define HAVE_STDIO_H 1
| /* end confdefs.h.  */
| #include <sys/types.h>
| #include <stdint.h>
| 
| int
| main ()
| {
| if (sizeof ((uintptr_t)))
| 	    return 0;
|   ;
|   return 0;
| }
configure:3782: result: yes
configure:3791: checking for int_least32_t
configure:3791: gcc -c -g -O2  conftest.c >&5
configure:3791: $? = 0
configure:3791: gcc -c -g -O2  conftest.c >&5
conftest.c: In function 'main':
conftest.c:29:28: error: expected expression before ')' token
   29 | if (sizeof ((int_least32_t)))
      |                            ^
configure:3791: $? = 1
configure: failed program was:
| /* confdefs.h */
| #define PACKAGE_NAME "libdecnumber"
| #define PACKAGE_TARNAME "libdecnumber"
| #define PACKAGE_VERSION " "
| #define PACKAGE_STRING "libdecnumber  "
| #define PACKAGE_BUGREPORT "gcc-bugs@gcc.gnu.org"
| #define PACKAGE_URL ""
| #define STDC_HEADERS 1
| #define HAVE_SYS_TYPES_H 1
| #define HAVE_SYS_STAT_H 1
| #define HAVE_STDLIB_H 1
| #define HAVE_STRING_H 1
| #define HAVE_MEMORY_H 1
| #define HAVE_STRINGS_H 1
| #define HAVE_INTTYPES_H 1
| #define HAVE_STDINT_H 1
| #define HAVE_UNISTD_H 1
| #define HAVE_CTYPE_H 1
| #define HAVE_STDDEF_H 1
| #define HAVE_STRING_H 1
| #define HAVE_STDIO_H 1
| /* end confdefs.h.  */
| #include <sys/types.h>
| #include <stdint.h>
| 
| int
| main ()
| {
| if (sizeof ((int_least32_t)))
| 	    return 0;
|   ;
|   return 0;
| }
configure:3791: result: yes
configure:3800: checking for int_fast32_t
configure:3800: gcc -c -g -O2  conftest.c >&5
configure:3800: $? = 0
configure:3800: gcc -c -g -O2  conftest.c >&5
conftest.c: In function 'main':
conftest.c:29:27: error: expected expression before ')' token
   29 | if (sizeof ((int_fast32_t)))
      |                           ^
configure:3800: $? = 1
configure: failed program was:
| /* confdefs.h */
| #define PACKAGE_NAME "libdecnumber"
| #define PACKAGE_TARNAME "libdecnumber"
| #define PACKAGE_VERSION " "
| #define PACKAGE_STRING "libdecnumber  "
| #define PACKAGE_BUGREPORT "gcc-bugs@gcc.gnu.org"
| #define PACKAGE_URL ""
| #define STDC_HEADERS 1
| #define HAVE_SYS_TYPES_H 1
| #define HAVE_SYS_STAT_H 1
| #define HAVE_STDLIB_H 1
| #define HAVE_STRING_H 1
| #define HAVE_MEMORY_H 1
| #define HAVE_STRINGS_H 1
| #define HAVE_INTTYPES_H 1
| #define HAVE_STDINT_H 1
| #define HAVE_UNISTD_H 1
| #define HAVE_CTYPE_H 1
| #define HAVE_STDDEF_H 1
| #define HAVE_STRING_H 1
| #define HAVE_STDIO_H 1
| /* end confdefs.h.  */
| #include <sys/types.h>
| #include <stdint.h>
| 
| int
| main ()
| {
| if (sizeof ((int_fast32_t)))
| 	    return 0;
|   ;
|   return 0;
| }
configure:3800: result: yes
configure:3809: checking for uint64_t
configure:3809: gcc -c -g -O2  conftest.c >&5
configure:3809: $? = 0
configure:3809: gcc -c -g -O2  conftest.c >&5
conftest.c: In function 'main':
conftest.c:29:23: error: expected expression before ')' token
   29 | if (sizeof ((uint64_t)))
      |                       ^
configure:3809: $? = 1
configure: failed program was:
| /* confdefs.h */
| #define PACKAGE_NAME "libdecnumber"
| #define PACKAGE_TARNAME "libdecnumber"
| #define PACKAGE_VERSION " "
| #define PACKAGE_STRING "libdecnumber  "
| #define PACKAGE_BUGREPORT "gcc-bugs@gcc.gnu.org"
| #define PACKAGE_URL ""
| #define STDC_HEADERS 1
| #define HAVE_SYS_TYPES_H 1
| #define HAVE_SYS_STAT_H 1
| #define HAVE_STDLIB_H 1
| #define HAVE_STRING_H 1
| #define HAVE_MEMORY_H 1
| #define HAVE_STRINGS_H 1
| #define HAVE_INTTYPES_H 1
| #define HAVE_STDINT_H 1
| #define HAVE_UNISTD_H 1
| #define HAVE_CTYPE_H 1
| #define HAVE_STDDEF_H 1
| #define HAVE_STRING_H 1
| #define HAVE_STDIO_H 1
| /* end confdefs.h.  */
| #include <sys/types.h>
| #include <stdint.h>
| 
| int
| main ()
| {
| if (sizeof ((uint64_t)))
| 	    return 0;
|   ;
|   return 0;
| }
configure:3809: result: yes
configure:3890: checking what to include in gstdint.h
configure:3918: result: stdint.h (already complete)
configure:4168: checking for an ANSI C-conforming const
configure:4233: gcc -c -g -O2  conftest.c >&5
configure:4233: $? = 0
configure:4240: result: yes
configure:4248: checking for off_t
configure:4248: gcc -c -g -O2  conftest.c >&5
configure:4248: $? = 0
configure:4248: gcc -c -g -O2  conftest.c >&5
conftest.c: In function 'main':
conftest.c:59:20: error: expected expression before ')' token
   59 | if (sizeof ((off_t)))
      |                    ^
configure:4248: $? = 1
configure: failed program was:
| /* confdefs.h */
| #define PACKAGE_NAME "libdecnumber"
| #define PACKAGE_TARNAME "libdecnumber"
| #define PACKAGE_VERSION " "
| #define PACKAGE_STRING "libdecnumber  "
| #define PACKAGE_BUGREPORT "gcc-bugs@gcc.gnu.org"
| #define PACKAGE_URL ""
| #define STDC_HEADERS 1
| #define HAVE_SYS_TYPES_H 1
| #define HAVE_SYS_STAT_H 1
| #define HAVE_STDLIB_H 1
| #define HAVE_STRING_H 1
| #define HAVE_MEMORY_H 1
| #define HAVE_STRINGS_H 1
| #define HAVE_INTTYPES_H 1
| #define HAVE_STDINT_H 1
| #define HAVE_UNISTD_H 1
| #define HAVE_CTYPE_H 1
| #define HAVE_STDDEF_H 1
| #define HAVE_STRING_H 1
| #define HAVE_STDIO_H 1
| /* end confdefs.h.  */
| #include <stdio.h>
| #ifdef HAVE_SYS_TYPES_H
| # include <sys/types.h>
| #endif
| #ifdef HAVE_SYS_STAT_H
| # include <sys/stat.h>
| #endif
| #ifdef STDC_HEADERS
| # include <stdlib.h>
| # include <stddef.h>
| #else
| # ifdef HAVE_STDLIB_H
| #  include <stdlib.h>
| # endif
| #endif
| #ifdef HAVE_STRING_H
| # if !defined STDC_HEADERS && defined HAVE_MEMORY_H
| #  include <memory.h>
| # endif
| # include <string.h>
| #endif
| #ifdef HAVE_STRINGS_H
| # include <strings.h>
| #endif
| #ifdef HAVE_INTTYPES_H
| # include <inttypes.h>
| #endif
| #ifdef HAVE_STDINT_H
| # include <stdint.h>
| #endif
| #ifdef HAVE_UNISTD_H
| # include <unistd.h>
| #endif
| int
| main ()
| {
| if (sizeof ((off_t)))
| 	    return 0;
|   ;
|   return 0;
| }
configure:4248: result: yes
configure:4263: checking size of int
configure:4268: gcc -o conftest -g -O2  -static-libstdc++ -static-libgcc  conftest.c  >&5
configure:4268: $? = 0
configure:4268: ./conftest
configure:4268: $? = 0
configure:4283: result: 4
configure:4297: checking size of long
configure:4302: gcc -o conftest -g -O2  -static-libstdc++ -static-libgcc  conftest.c  >&5
configure:4302: $? = 0
configure:4302: ./conftest
configure:4302: $? = 0
configure:4317: result: 8
configure:4329: checking for ANSI C header files
configure:4433: result: yes
configure:4484: checking build system type
configure:4498: result: x86_64-unknown-linux-gnu
configure:4518: checking host system type
configure:4531: result: x86_64-unknown-linux-gnu
configure:4551: checking target system type
configure:4564: result: mips-harvard-os161
configure:4593: checking for decimal floating point
configure:4616: WARNING: decimal float is not supported for this target, ignored
configure:4658: result: dpd
configure:4663: checking whether byte ordering is bigendian
configure:4678: gcc -c -g -O2  conftest.c >&5
conftest.c:27:9: error: unknown type name 'not'
   27 |         not a universal capable compiler
      |         ^~~
conftest.c:27:15: error: expected '=', ',', ';', 'asm' or '__attribute__' before 'universal'
   27 |         not a universal capable compiler
      |               ^~~~~~~~~
conftest.c:27:15: error: unknown type name 'universal'
configure:4678: $? = 1
configure: failed program was:
| /* confdefs.h */
| #define PACKAGE_NAME "libdecnumber"
| #define PACKAGE_TARNAME "libdecnumber"
| #define PACKAGE_VERSION " "
| #define PACKAGE_STRING "libdecnumber  "
| #define PACKAGE_BUGREPORT "gcc-bugs@gcc.gnu.org"
| #define PACKAGE_URL ""
| #define STDC_HEADERS 1
| #define HAVE_SYS_TYPES_H 1
| #define HAVE_SYS_STAT_H 1
| #define HAVE_STDLIB_H 1
| #define HAVE_STRING_H 1
| #define HAVE_MEMORY_H 1
| #define HAVE_STRINGS_H 1
| #define HAVE_INTTYPES_H 1
| #define HAVE_STDINT_H 1
| #define HAVE_UNISTD_H 1
| #define HAVE_CTYPE_H 1
| #define HAVE_STDDEF_H 1
| #define HAVE_STRING_H 1
| #define HAVE_STDIO_H 1
| #define SIZEOF_INT 4
| #define SIZEOF_LONG 8
| #define STDC_HEADERS 1
| /* end confdefs.h.  */
| #ifndef __APPLE_CC__
| 	       not a universal capable compiler
| 	     #endif
| 	     typedef int dummy;
| 
configure:4723: gcc -c -g -O2  conftest.c >&5
configure:4723: $? = 0
configure:4741: gcc -c -g -O2  conftest.c >&5
conftest.c: In function 'main':
conftest.c:33:4: error: unknown type name 'not'; did you mean 'ino_t'?
   33 |    not big endian
      |    ^~~
      |    ino_t
conftest.c:33:12: error: expected '=', ',', ';', 'asm' or '__attribute__' before 'endian'
   33 |    not big endian
      |            ^~~~~~
configure:4741: $? = 1
configure: failed program was:
| /* confdefs.h */
| #define PACKAGE_NAME "libdecnumber"
| #define PACKAGE_TARNAME "libdecnumber"
| #define PACKAGE_VERSION " "
| #define PACKAGE_STRING "libdecnumber  "
| #define PACKAGE_BUGREPORT "gcc-bugs@gcc.gnu.org"
| #define PACKAGE_URL ""
| #define STDC_HEADERS 1
| #define HAVE_SYS_TYPES_H 1
| #define HAVE_SYS_STAT_H 1
| #define HAVE_STDLIB_H 1
| #define HAVE_STRING_H 1
| #define HAVE_MEMORY_H 1
| #define HAVE_STRINGS_H 1
| #define HAVE_INTTYPES_H 1
| #define HAVE_STDINT_H 1
| #define HAVE_UNISTD_H 1
| #define HAVE_CTYPE_H 1
| #define HAVE_STDDEF_H 1
| #define HAVE_STRING_H 1
| #define HAVE_STDIO_H 1
| #define SIZEOF_INT 4
| #define SIZEOF_LONG 8
| #define STDC_HEADERS 1
| /* end confdefs.h.  */
| #include <sys/types.h>
| 		#include <sys/param.h>
| 
| int
| main ()
| {
| #if BYTE_ORDER != BIG_ENDIAN
| 		 not big endian
| 		#endif
| 
|   ;
|   return 0;
| }
configure:4869: result: no
configure:4951: updating cache ./config.cache
configure:4989: creating ./config.status

## ---------------------- ##
## Running config.status. ##
## ---------------------- ##

This file was extended by libdecnumber config.status  , which was
generated by GNU Autoconf 2.64.  Invocation command line was

  CONFIG_FILES    = 
  CONFIG_HEADERS  = 
  CONFIG_LINKS    = 
  CONFIG_COMMANDS = 
  $ ./config.status 

on os161user-VirtualBox

config.status:850: creating Makefile
config.status:850: creating config.h
config.status:1018: executing gstdint.h commands

## ---------------- ##
## Cache variables. ##
## ---------------- ##

ac_cv_build=x86_64-unknown-linux-gnu
ac_cv_c_bigendian=no
ac_cv_c_compiler_gnu=yes
ac_cv_c_const=yes
ac_cv_env_CC_set=set
ac_cv_env_CC_value=gcc
ac_cv_env_CFLAGS_set=set
ac_cv_env_CFLAGS_value='-g -O2'
ac_cv_env_CPPFLAGS_set=
ac_cv_env_CPPFLAGS_value=
ac_cv_env_CPP_set=
ac_cv_env_CPP_value=
ac_cv_env_LDFLAGS_set=set
ac_cv_env_LDFLAGS_value='-static-libstdc++ -static-libgcc '
ac_cv_env_LIBS_set=
ac_cv_env_LIBS_value=
ac_cv_env_build_alias_set=set
ac_cv_env_build_alias_value=x86_64-unknown-linux-gnu
ac_cv_env_host_alias_set=set
ac_cv_env_host_alias_value=x86_64-unknown-linux-gnu
ac_cv_env_target_alias_set=set
ac_cv_env_target_alias_value=mips-harvard-os161
ac_cv_header_ctype_h=yes
ac_cv_header_inttypes_h=yes
ac_cv_header_memory_h=yes
ac_cv_header_stdc=yes
ac_cv_header_stddef_h=yes
ac_cv_header_stdint_h=yes
ac_cv_header_stdio_h=yes
ac_cv_header_stdlib_h=yes
ac_cv_header_string_h=yes
ac_cv_header_strings_h=yes
ac_cv_header_sys_stat_h=yes
ac_cv_header_sys_types_h=yes
ac_cv_header_unistd_h=yes
ac_cv_host=x86_64-unknown-linux-gnu
ac_cv_objext=o
ac_cv_path_EGREP='/usr/bin/grep -E'
ac_cv_path_GREP=/usr/bin/grep
ac_cv_prog_CC=gcc
ac_cv_prog_CPP='gcc -E'
ac_cv_prog_RANLIB=ranlib
ac_cv_prog_cc_c89=
ac_cv_prog_cc_g=yes
ac_cv_prog_make_make_set=yes
ac_cv_sizeof_int=4
ac_cv_sizeof_long=8
ac_cv_target=mips-harvard-os161
ac_cv_type_int_fast32_t=yes
ac_cv_type_int_least32_t=yes
ac_cv_type_off_t=yes
ac_cv_type_u_int64_t=no
ac_cv_type_uint64_t=yes
ac_cv_type_uintmax_t=yes
ac_cv_type_uintptr_t=yes
acx_cv_header_stdint=stdint.h
acx_cv_header_stdint_kind='(already complete)'
acx_cv_prog_cc_pedantic__Wlong_long=yes
acx_cv_prog_cc_warning__W=yes
acx_cv_prog_cc_warning__Wall=yes
acx_cv_prog_cc_warning__Wcast_qual=yes
acx_cv_prog_cc_warning__Wmissing_format_attribute=yes
acx_cv_prog_cc_warning__Wmissing_prototypes=yes
acx_cv_prog_cc_warning__Wold_style_definition=yes
acx_cv_prog_cc_warning__Wstrict_prototypes=yes
acx_cv_prog_cc_warning__Wwrite_strings=yes

## ----------------- ##
## Output variables. ##
## ----------------- ##

ACLOCAL='/home/os161user/missing aclocal'
ADDITIONAL_OBJS=''
AUTOCONF='/home/os161user/missing autoconf'
AUTOHEADER='/home/os161user/missing autoheader'
CC='gcc'
CFLAGS='-g -O2'
CPP='gcc -E'
CPPFLAGS=''
DEFS='-DHAVE_CONFIG_H'
ECHO_C=''
ECHO_N='-n'
ECHO_T=''
EGREP='/usr/bin/grep -E'
EXEEXT=''
GREP='/usr/bin/grep'
LDFLAGS='-static-libstdc++ -static-libgcc '
LIBOBJS=''
LIBS=''
LTLIBOBJS=''
MAINT='#'
OBJEXT='o'
PACKAGE_BUGREPORT='gcc-bugs@gcc.gnu.org'
PACKAGE_NAME='libdecnumber'
PACKAGE_STRING='libdecnumber  '
PACKAGE_TARNAME='libdecnumber'
PACKAGE_URL=''
PACKAGE_VERSION=' '
PATH_SEPARATOR=':'
RANLIB='ranlib'
SET_MAKE=''
SHELL='/bin/bash'
WARN_CFLAGS='-W -Wall -Wwrite-strings -Wstrict-prototypes -Wmissing-prototypes -Wold-style-definition -Wmissing-format-attribute -Wcast-qual'
WARN_PEDANTIC='-pedantic -Wno-long-long'
WERROR=''
ac_ct_CC=''
bindir='${exec_prefix}/bin'
build='x86_64-unknown-linux-gnu'
build_alias='x86_64-unknown-linux-gnu'
build_cpu='x86_64'
build_os='linux-gnu'
build_vendor='unknown'
datadir='${datarootdir}'
datarootdir='${prefix}/share'
docdir='${datarootdir}/doc/${PACKAGE_TARNAME}'
dvidir='${docdir}'
enable_decimal_float='dpd'
exec_prefix='${prefix}'
host='x86_64-unknown-linux-gnu'
host_alias='x86_64-unknown-linux-gnu'
host_cpu='x86_64'
host_os='linux-gnu'
host_vendor='unknown'
htmldir='${docdir}'
includedir='${prefix}/include'
infodir='${datarootdir}/info'
libdir='${exec_prefix}/lib'
libexecdir='${exec_prefix}/libexec'
localedir='${datarootdir}/locale'
localstatedir='${prefix}/var'
mandir='${datarootdir}/man'
oldincludedir='/usr/include'
pdfdir='${docdir}'
prefix='/home/os161user/os161/tools'
program_transform_name='s&^&mips-harvard-os161-&'
psdir='${docdir}'
sbindir='${exec_prefix}/sbin'
sharedstatedir='${prefix}/com'
sysconfdir='${prefix}/etc'
target='mips-harvard-os161'
target_alias='mips-harvard-os161'
target_cpu='mips'
target_os='os161'
target_vendor='harvard'

## ----------- ##
## confdefs.h. ##
## ----------- ##

/* confdefs.h */
#define PACKAGE_NAME "libdecnumber"
#define PACKAGE_TARNAME "libdecnumber"
#define PACKAGE_VERSION " "
#define PACKAGE_STRING "libdecnumber  "
#define PACKAGE_BUGREPORT "gcc-bugs@gcc.gnu.org"
#define PACKAGE_URL ""
#define STDC_HEADERS 1
#define HAVE_SYS_TYPES_H 1
#define HAVE_SYS_STAT_H 1
#define HAVE_STDLIB_H 1
#define HAVE_STRING_H 1
#define HAVE_MEMORY_H 1
#define HAVE_STRINGS_H 1
#define HAVE_INTTYPES_H 1
#define HAVE_STDINT_H 1
#define HAVE_UNISTD_H 1
#define HAVE_CTYPE_H 1
#define HAVE_STDDEF_H 1
#define HAVE_STRING_H 1
#define HAVE_STDIO_H 1
#define SIZEOF_INT 4
#define SIZEOF_LONG 8
#define STDC_HEADERS 1

configure: exit 0
