This file contains any messages produced by compilers while
running configure, to aid debugging if configure makes a mistake.

It was created by configure, which was
generated by GNU Autoconf 2.64.  Invocation command line was

  $ ./configure --nfp --disable-werror --target=mips-harvard-os161 --prefix=/home/os161user/os161/tools

## --------- ##
## Platform. ##
## --------- ##

hostname = os161user-VirtualBox
uname -m = x86_64
uname -r = 5.8.0-45-generic
uname -s = Linux
uname -v = #51~20.04.1-Ubuntu SMP Tue Feb 23 13:46:31 UTC 2021

/usr/bin/uname -p = x86_64
/bin/uname -X     = unknown

/bin/arch              = x86_64
/usr/bin/arch -k       = unknown
/usr/convex/getsysinfo = unknown
/usr/bin/hostinfo      = unknown
/bin/machine           = unknown
/usr/bin/oslevel       = unknown
/bin/universe          = unknown

PATH: /home/os161user/os161/tools/bin
PATH: /usr/local/sbin
PATH: /usr/local/bin
PATH: /usr/sbin
PATH: /usr/bin
PATH: /sbin
PATH: /bin
PATH: /usr/games
PATH: /usr/local/games
PATH: /snap/bin


## ----------- ##
## Core tests. ##
## ----------- ##

configure:2313: checking build system type
configure:2327: result: x86_64-unknown-linux-gnu
configure:2374: checking host system type
configure:2387: result: x86_64-unknown-linux-gnu
configure:2407: checking target system type
configure:2420: result: mips-harvard-os161
configure:2474: checking for a BSD-compatible install
configure:2542: result: /usr/bin/install -c
configure:2553: checking whether ln works
configure:2575: result: yes
configure:2579: checking whether ln -s works
configure:2583: result: yes
configure:2590: checking for a sed that does not truncate output
configure:2654: result: /usr/bin/sed
configure:2663: checking for gawk
configure:2693: result: no
configure:2663: checking for mawk
configure:2679: found /usr/bin/mawk
configure:2690: result: mawk
configure:3958: checking for gcc
configure:3974: found /usr/bin/gcc
configure:3985: result: gcc
configure:4214: checking for C compiler version
configure:4223: gcc --version >&5
gcc (Ubuntu 9.3.0-17ubuntu1~20.04) 9.3.0
Copyright (C) 2019 Free Software Foundation, Inc.
This is free software; see the source for copying conditions.  There is NO
warranty; not even for MERCHANTABILITY or FITNESS FOR A PARTICULAR PURPOSE.

configure:4234: $? = 0
configure:4223: gcc -v >&5
Using built-in specs.
COLLECT_GCC=gcc
COLLECT_LTO_WRAPPER=/usr/lib/gcc/x86_64-linux-gnu/9/lto-wrapper
OFFLOAD_TARGET_NAMES=nvptx-none:hsa
OFFLOAD_TARGET_DEFAULT=1
Target: x86_64-linux-gnu
Configured with: ../src/configure -v --with-pkgversion='Ubuntu 9.3.0-17ubuntu1~20.04' --with-bugurl=file:///usr/share/doc/gcc-9/README.Bugs --enable-languages=c,ada,c++,go,brig,d,fortran,objc,obj-c++,gm2 --prefix=/usr --with-gcc-major-version-only --program-suffix=-9 --program-prefix=x86_64-linux-gnu- --enable-shared --enable-linker-build-id --libexecdir=/usr/lib --without-included-gettext --enable-threads=posix --libdir=/usr/lib --enable-nls --enable-clocale=gnu --enable-libstdcxx-debug --enable-libstdcxx-time=yes --with-default-libstdcxx-abi=new --enable-gnu-unique-object --disable-vtable-verify --enable-plugin --enable-default-pie --with-system-zlib --with-target-system-zlib=auto --enable-objc-gc=auto --enable-multiarch --disable-werror --with-arch-32=i686 --with-abi=m64 --with-multilib-list=m32,m64,mx32 --enable-multilib --with-tune=generic --enable-offload-targets=nvptx-none=/build/gcc-9-HskZEa/gcc-9-9.3.0/debian/tmp-nvptx/usr,hsa --without-cuda-driver --enable-checking=release --build=x86_64-linux-gnu --host=x86_64-linux-gnu --target=x86_64-linux-gnu
Thread model: posix
gcc version 9.3.0 (Ubuntu 9.3.0-17ubuntu1~20.04) 
configure:4234: $? = 0
configure:4223: gcc -V >&5
gcc: error: unrecognized command line option '-V'
gcc: fatal error: no input files
compilation terminated.
configure:4234: $? = 1
configure:4223: gcc -qversion >&5
gcc: error: unrecognized command line option '-qversion'; did you mean '--version'?
gcc: fatal error: no input files
compilation terminated.
configure:4234: $? = 1
configure:4254: checking for C compiler default output file name
configure:4276: gcc    conftest.c  >&5
configure:4280: $? = 0
configure:4317: result: a.out
configure:4333: checking whether the C compiler works
configure:4342: ./a.out
configure:4346: $? = 0
configure:4361: result: yes
configure:4368: checking whether we are cross compiling
configure:4370: result: no
configure:4373: checking for suffix of executables
configure:4380: gcc -o conftest    conftest.c  >&5
configure:4384: $? = 0
configure:4406: result: 
configure:4412: checking for suffix of object files
configure:4434: gcc -c   conftest.c >&5
configure:4438: $? = 0
configure:4459: result: o
configure:4463: checking whether we are using the GNU C compiler
configure:4482: gcc -c   conftest.c >&5
configure:4482: $? = 0
configure:4491: result: yes
configure:4500: checking whether gcc accepts -g
configure:4520: gcc -c -g  conftest.c >&5
configure:4520: $? = 0
configure:4561: result: yes
configure:4578: checking for gcc option to accept ISO C89
configure:4642: gcc  -c -g -O2  conftest.c >&5
configure:4642: $? = 0
configure:4655: result: none needed
configure:4733: checking for g++
configure:4749: found /usr/bin/g++
configure:4760: result: g++
configure:4787: checking for C++ compiler version
configure:4796: g++ --version >&5
g++ (Ubuntu 9.3.0-17ubuntu1~20.04) 9.3.0
Copyright (C) 2019 Free Software Foundation, Inc.
This is free software; see the source for copying conditions.  There is NO
warranty; not even for MERCHANTABILITY or FITNESS FOR A PARTICULAR PURPOSE.

configure:4807: $? = 0
configure:4796: g++ -v >&5
Using built-in specs.
COLLECT_GCC=g++
COLLECT_LTO_WRAPPER=/usr/lib/gcc/x86_64-linux-gnu/9/lto-wrapper
OFFLOAD_TARGET_NAMES=nvptx-none:hsa
OFFLOAD_TARGET_DEFAULT=1
Target: x86_64-linux-gnu
Configured with: ../src/configure -v --with-pkgversion='Ubuntu 9.3.0-17ubuntu1~20.04' --with-bugurl=file:///usr/share/doc/gcc-9/README.Bugs --enable-languages=c,ada,c++,go,brig,d,fortran,objc,obj-c++,gm2 --prefix=/usr --with-gcc-major-version-only --program-suffix=-9 --program-prefix=x86_64-linux-gnu- --enable-shared --enable-linker-build-id --libexecdir=/usr/lib --without-included-gettext --enable-threads=posix --libdir=/usr/lib --enable-nls --enable-clocale=gnu --enable-libstdcxx-debug --enable-libstdcxx-time=yes --with-default-libstdcxx-abi=new --enable-gnu-unique-object --disable-vtable-verify --enable-plugin --enable-default-pie --with-system-zlib --with-target-system-zlib=auto --enable-objc-gc=auto --enable-multiarch --disable-werror --with-arch-32=i686 --with-abi=m64 --with-multilib-list=m32,m64,mx32 --enable-multilib --with-tune=generic --enable-offload-targets=nvptx-none=/build/gcc-9-HskZEa/gcc-9-9.3.0/debian/tmp-nvptx/usr,hsa --without-cuda-driver --enable-checking=release --build=x86_64-linux-gnu --host=x86_64-linux-gnu --target=x86_64-linux-gnu
Thread model: posix
gcc version 9.3.0 (Ubuntu 9.3.0-17ubuntu1~20.04) 
configure:4807: $? = 0
configure:4796: g++ -V >&5
g++: error: unrecognized command line option '-V'
g++: fatal error: no input files
compilation terminated.
configure:4807: $? = 1
configure:4796: g++ -qversion >&5
g++: error: unrecognized command line option '-qversion'; did you mean '--version'?
g++: fatal error: no input files
compilation terminated.
configure:4807: $? = 1
configure:4811: checking whether we are using the GNU C++ compiler
configure:4830: g++ -c   conftest.cpp >&5
configure:4830: $? = 0
configure:4839: result: yes
configure:4848: checking whether g++ accepts -g
configure:4868: g++ -c -g  conftest.cpp >&5
configure:4868: $? = 0
configure:4909: result: yes
configure:4958: checking whether g++ accepts -static-libstdc++ -static-libgcc
configure:4975: g++ -o conftest -g -O2   -static-libstdc++ -static-libgcc conftest.cpp  >&5
configure:4975: $? = 0
configure:4976: result: yes
configure:5040: checking for gnatbind
configure:5070: result: no
configure:5132: checking for gnatmake
configure:5162: result: no
configure:5181: checking whether compiler driver understands Ada
configure:5204: result: no
configure:5213: checking how to compare bootstrapped objects
configure:5238: result: cmp --ignore-initial=16 $$f1 $$f2
configure:5292: checking for objdir
configure:5307: result: .libs
configure:5879: checking for version 0.10 of ISL
configure:5898: gcc -o conftest -g -O2      conftest.c  -lisl >&5
conftest.c:10:10: fatal error: isl/version.h: No such file or directory
   10 | #include <isl/version.h>
      |          ^~~~~~~~~~~~~~~
compilation terminated.
configure:5898: $? = 1
configure: program exited with status 1
configure: failed program was:
| /* confdefs.h */
| #define PACKAGE_NAME ""
| #define PACKAGE_TARNAME ""
| #define PACKAGE_VERSION ""
| #define PACKAGE_STRING ""
| #define PACKAGE_BUGREPORT ""
| #define PACKAGE_URL ""
| #define LT_OBJDIR ".libs/"
| /* end confdefs.h.  */
| #include <isl/version.h>
|    #include <string.h>
| int
| main ()
| {
| if (strncmp (isl_version (), "isl-0.10", strlen ("isl-0.10")) != 0)
|      return 1;
| 
|   ;
|   return 0;
| }
configure:5907: result: no
configure:5927: checking for version 0.11 of ISL
configure:5946: gcc -o conftest -g -O2      conftest.c  -lisl >&5
conftest.c:10:10: fatal error: isl/version.h: No such file or directory
   10 | #include <isl/version.h>
      |          ^~~~~~~~~~~~~~~
compilation terminated.
configure:5946: $? = 1
configure: program exited with status 1
configure: failed program was:
| /* confdefs.h */
| #define PACKAGE_NAME ""
| #define PACKAGE_TARNAME ""
| #define PACKAGE_VERSION ""
| #define PACKAGE_STRING ""
| #define PACKAGE_BUGREPORT ""
| #define PACKAGE_URL ""
| #define LT_OBJDIR ".libs/"
| /* end confdefs.h.  */
| #include <isl/version.h>
|    #include <string.h>
| int
| main ()
| {
| if (strncmp (isl_version (), "isl-0.11", strlen ("isl-0.11")) != 0)
|      return 1;
| 
|   ;
|   return 0;
| }
configure:5955: result: no
configure:7117: checking for default BUILD_CONFIG
configure:7149: result: 
configure:7638: checking for bison
configure:7668: result: no
configure:7638: checking for byacc
configure:7668: result: no
configure:7638: checking for yacc
configure:7668: result: no
configure:7685: checking for bison
configure:7715: result: no
configure:7732: checking for gm4
configure:7762: result: no
configure:7732: checking for gnum4
configure:7762: result: no
configure:7732: checking for m4
configure:7762: result: no
configure:7779: checking for flex
configure:7809: result: no
configure:7779: checking for lex
configure:7809: result: no
configure:7827: checking for flex
configure:7857: result: no
configure:7874: checking for makeinfo
configure:7904: result: no
configure:7935: checking for expect
configure:7965: result: no
configure:7984: checking for runtest
configure:8014: result: no
configure:8129: checking for ar
configure:8145: found /usr/bin/ar
configure:8156: result: ar
configure:8270: checking for as
configure:8286: found /usr/bin/as
configure:8297: result: as
configure:8411: checking for dlltool
configure:8441: result: no
configure:8552: checking for ld
configure:8568: found /usr/bin/ld
configure:8579: result: ld
configure:8693: checking for lipo
configure:8723: result: no
configure:8834: checking for nm
configure:8850: found /usr/bin/nm
configure:8861: result: nm
configure:8975: checking for ranlib
configure:8991: found /usr/bin/ranlib
configure:9002: result: ranlib
configure:9111: checking for strip
configure:9127: found /usr/bin/strip
configure:9138: result: strip
configure:9247: checking for windres
configure:9277: result: no
configure:9388: checking for windmc
configure:9418: result: no
configure:9529: checking for objcopy
configure:9545: found /usr/bin/objcopy
configure:9556: result: objcopy
configure:9670: checking for objdump
configure:9686: found /usr/bin/objdump
configure:9697: result: objdump
configure:9811: checking for readelf
configure:9827: found /usr/bin/readelf
configure:9838: result: readelf
configure:9952: checking for mips-harvard-os161-cc
configure:9982: result: no
configure:9952: checking for mips-harvard-os161-gcc
configure:9982: result: no
configure:10113: checking for mips-harvard-os161-c++
configure:10143: result: no
configure:10113: checking for mips-harvard-os161-g++
configure:10143: result: no
configure:10113: checking for mips-harvard-os161-cxx
configure:10143: result: no
configure:10113: checking for mips-harvard-os161-gxx
configure:10143: result: no
configure:10274: checking for mips-harvard-os161-gcc
configure:10304: result: no
configure:10430: checking for mips-harvard-os161-gcj
configure:10460: result: no
configure:10591: checking for mips-harvard-os161-gfortran
configure:10621: result: no
configure:10752: checking for mips-harvard-os161-gccgo
configure:10782: result: no
configure:10993: checking for mips-harvard-os161-ar
configure:11023: result: no
configure:11223: checking for mips-harvard-os161-as
configure:11253: result: no
configure:11453: checking for mips-harvard-os161-dlltool
configure:11483: result: no
configure:11683: checking for mips-harvard-os161-ld
configure:11713: result: no
configure:11913: checking for mips-harvard-os161-lipo
configure:11943: result: no
configure:12143: checking for mips-harvard-os161-nm
configure:12173: result: no
configure:12373: checking for mips-harvard-os161-objdump
configure:12403: result: no
configure:12603: checking for mips-harvard-os161-ranlib
configure:12633: result: no
configure:12833: checking for mips-harvard-os161-readelf
configure:12863: result: no
configure:13063: checking for mips-harvard-os161-strip
configure:13093: result: no
configure:13293: checking for mips-harvard-os161-windres
configure:13323: result: no
configure:13523: checking for mips-harvard-os161-windmc
configure:13553: result: no
configure:13620: checking where to find the target ar
configure:13643: result: just compiled
configure:13662: checking where to find the target as
configure:13685: result: just compiled
configure:13704: checking where to find the target cc
configure:13741: result: pre-installed
configure:13746: checking where to find the target c++
configure:13786: result: pre-installed
configure:13791: checking where to find the target c++ for libstdc++
configure:13831: result: pre-installed
configure:13836: checking where to find the target dlltool
configure:13859: result: just compiled
configure:13878: checking where to find the target gcc
configure:13915: result: pre-installed
configure:13920: checking where to find the target gcj
configure:13960: result: pre-installed
configure:13965: checking where to find the target gfortran
configure:14005: result: pre-installed
configure:14010: checking where to find the target gccgo
configure:14050: result: pre-installed
configure:14055: checking where to find the target ld
configure:14078: result: just compiled
configure:14097: checking where to find the target lipo
configure:14123: result: pre-installed
configure:14128: checking where to find the target nm
configure:14151: result: just compiled
configure:14170: checking where to find the target objdump
configure:14193: result: just compiled
configure:14212: checking where to find the target ranlib
configure:14235: result: just compiled
configure:14254: checking where to find the target readelf
configure:14277: result: just compiled
configure:14296: checking where to find the target strip
configure:14319: result: just compiled
configure:14338: checking where to find the target windres
configure:14361: result: just compiled
configure:14380: checking where to find the target windmc
configure:14403: result: just compiled
configure:14450: checking whether to enable maintainer-specific portions of Makefiles
configure:14459: result: no
configure:14662: creating ./config.status

## ---------------------- ##
## Running config.status. ##
## ---------------------- ##

This file was extended by config.status, which was
generated by GNU Autoconf 2.64.  Invocation command line was

  CONFIG_FILES    = 
  CONFIG_HEADERS  = 
  CONFIG_LINKS    = 
  CONFIG_COMMANDS = 
  $ ./config.status 

on os161user-VirtualBox

config.status:928: creating Makefile

## ---------------- ##
## Cache variables. ##
## ---------------- ##

ac_cv_build=x86_64-unknown-linux-gnu
ac_cv_c_compiler_gnu=yes
ac_cv_cxx_compiler_gnu=yes
ac_cv_env_AR_FOR_TARGET_set=
ac_cv_env_AR_FOR_TARGET_value=
ac_cv_env_AR_set=
ac_cv_env_AR_value=
ac_cv_env_AS_FOR_TARGET_set=
ac_cv_env_AS_FOR_TARGET_value=
ac_cv_env_AS_set=
ac_cv_env_AS_value=
ac_cv_env_CCC_set=
ac_cv_env_CCC_value=
ac_cv_env_CC_FOR_TARGET_set=
ac_cv_env_CC_FOR_TARGET_value=
ac_cv_env_CC_set=
ac_cv_env_CC_value=
ac_cv_env_CFLAGS_set=
ac_cv_env_CFLAGS_value=
ac_cv_env_CPPFLAGS_set=
ac_cv_env_CPPFLAGS_value=
ac_cv_env_CXXFLAGS_set=
ac_cv_env_CXXFLAGS_value=
ac_cv_env_CXX_FOR_TARGET_set=
ac_cv_env_CXX_FOR_TARGET_value=
ac_cv_env_CXX_set=
ac_cv_env_CXX_value=
ac_cv_env_DLLTOOL_FOR_TARGET_set=
ac_cv_env_DLLTOOL_FOR_TARGET_value=
ac_cv_env_DLLTOOL_set=
ac_cv_env_DLLTOOL_value=
ac_cv_env_GCC_FOR_TARGET_set=
ac_cv_env_GCC_FOR_TARGET_value=
ac_cv_env_GCJ_FOR_TARGET_set=
ac_cv_env_GCJ_FOR_TARGET_value=
ac_cv_env_GFORTRAN_FOR_TARGET_set=
ac_cv_env_GFORTRAN_FOR_TARGET_value=
ac_cv_env_GOC_FOR_TARGET_set=
ac_cv_env_GOC_FOR_TARGET_value=
ac_cv_env_LDFLAGS_set=
ac_cv_env_LDFLAGS_value=
ac_cv_env_LD_FOR_TARGET_set=
ac_cv_env_LD_FOR_TARGET_value=
ac_cv_env_LD_set=
ac_cv_env_LD_value=
ac_cv_env_LIBS_set=
ac_cv_env_LIBS_value=
ac_cv_env_LIPO_FOR_TARGET_set=
ac_cv_env_LIPO_FOR_TARGET_value=
ac_cv_env_LIPO_set=
ac_cv_env_LIPO_value=
ac_cv_env_NM_FOR_TARGET_set=
ac_cv_env_NM_FOR_TARGET_value=
ac_cv_env_NM_set=
ac_cv_env_NM_value=
ac_cv_env_OBJCOPY_set=
ac_cv_env_OBJCOPY_value=
ac_cv_env_OBJDUMP_FOR_TARGET_set=
ac_cv_env_OBJDUMP_FOR_TARGET_value=
ac_cv_env_OBJDUMP_set=
ac_cv_env_OBJDUMP_value=
ac_cv_env_RANLIB_FOR_TARGET_set=
ac_cv_env_RANLIB_FOR_TARGET_value=
ac_cv_env_RANLIB_set=
ac_cv_env_RANLIB_value=
ac_cv_env_READELF_FOR_TARGET_set=
ac_cv_env_READELF_FOR_TARGET_value=
ac_cv_env_READELF_set=
ac_cv_env_READELF_value=
ac_cv_env_STRIP_FOR_TARGET_set=
ac_cv_env_STRIP_FOR_TARGET_value=
ac_cv_env_STRIP_set=
ac_cv_env_STRIP_value=
ac_cv_env_WINDMC_FOR_TARGET_set=
ac_cv_env_WINDMC_FOR_TARGET_value=
ac_cv_env_WINDMC_set=
ac_cv_env_WINDMC_value=
ac_cv_env_WINDRES_FOR_TARGET_set=
ac_cv_env_WINDRES_FOR_TARGET_value=
ac_cv_env_WINDRES_set=
ac_cv_env_WINDRES_value=
ac_cv_env_build_alias_set=
ac_cv_env_build_alias_value=
ac_cv_env_build_configargs_set=
ac_cv_env_build_configargs_value=
ac_cv_env_host_alias_set=
ac_cv_env_host_alias_value=
ac_cv_env_host_configargs_set=
ac_cv_env_host_configargs_value=
ac_cv_env_target_alias_set=set
ac_cv_env_target_alias_value=mips-harvard-os161
ac_cv_env_target_configargs_set=
ac_cv_env_target_configargs_value=
ac_cv_host=x86_64-unknown-linux-gnu
ac_cv_objext=o
ac_cv_path_SED=/usr/bin/sed
ac_cv_path_install='/usr/bin/install -c'
ac_cv_prog_AR=ar
ac_cv_prog_AS=as
ac_cv_prog_AWK=mawk
ac_cv_prog_LD=ld
ac_cv_prog_NM=nm
ac_cv_prog_OBJCOPY=objcopy
ac_cv_prog_OBJDUMP=objdump
ac_cv_prog_RANLIB=ranlib
ac_cv_prog_READELF=readelf
ac_cv_prog_STRIP=strip
ac_cv_prog_ac_ct_CC=gcc
ac_cv_prog_ac_ct_CXX=g++
ac_cv_prog_cc_c89=
ac_cv_prog_cc_g=yes
ac_cv_prog_cxx_g=yes
ac_cv_target=mips-harvard-os161
acx_cv_cc_gcc_supports_ada=no
acx_cv_prog_LN=ln
gcc_cv_isl=no
gcc_cv_prog_cmp_skip='cmp --ignore-initial=16 $$f1 $$f2'
gcc_cv_tool_dirs=
gcc_cv_tool_prefix=/home/os161user/os161/tools
lt_cv_objdir=.libs

## ----------------- ##
## Output variables. ##
## ----------------- ##

AR='ar'
AR_FOR_BUILD='$(AR)'
AR_FOR_TARGET='$$r/$(HOST_SUBDIR)/binutils/ar'
AS='as'
AS_FOR_BUILD='$(AS)'
AS_FOR_TARGET='$$r/$(HOST_SUBDIR)/gas/as-new'
AWK='mawk'
BISON='/home/os161user/os161/toolbuild/binutils-2.24+os161-2.1/missing bison'
BUILD_CONFIG=''
CC='gcc'
CC_FOR_BUILD='$(CC)'
CC_FOR_TARGET='mips-harvard-os161-cc'
CFLAGS='-g -O2'
CFLAGS_FOR_BUILD='-g -O2'
CFLAGS_FOR_TARGET='-g -O2'
COMPILER_AS_FOR_TARGET='$(AS_FOR_TARGET)'
COMPILER_LD_FOR_TARGET='$(LD_FOR_TARGET)'
COMPILER_NM_FOR_TARGET='$(NM_FOR_TARGET)'
CONFIGURE_GDB_TK=''
CPPFLAGS=''
CXX='g++'
CXXFLAGS='-g -O2'
CXXFLAGS_FOR_BUILD='-g -O2'
CXXFLAGS_FOR_TARGET='-g -O2'
CXX_FOR_BUILD='$(CXX)'
CXX_FOR_TARGET='mips-harvard-os161-c++'
DEBUG_PREFIX_CFLAGS_FOR_TARGET=''
DEFS='-DPACKAGE_NAME=\"\" -DPACKAGE_TARNAME=\"\" -DPACKAGE_VERSION=\"\" -DPACKAGE_STRING=\"\" -DPACKAGE_BUGREPORT=\"\" -DPACKAGE_URL=\"\" -DLT_OBJDIR=\".libs/\"'
DLLTOOL='dlltool'
DLLTOOL_FOR_BUILD='$(DLLTOOL)'
DLLTOOL_FOR_TARGET='$$r/$(HOST_SUBDIR)/binutils/dlltool'
ECHO_C=''
ECHO_N='-n'
ECHO_T=''
EXEEXT=''
EXPECT='expect'
EXTRA_CONFIGARGS_LIBJAVA='--disable-static'
FLAGS_FOR_TARGET=' -L$$r/$(HOST_SUBDIR)/ld'
FLEX='/home/os161user/os161/toolbuild/binutils-2.24+os161-2.1/missing flex'
GCC_FOR_TARGET='mips-harvard-os161-gcc'
GCC_SHLIB_SUBDIR=''
GCJ_FOR_BUILD='$(GCJ)'
GCJ_FOR_TARGET='mips-harvard-os161-gcj'
GDB_TK=''
GFORTRAN_FOR_BUILD='$(GFORTRAN)'
GFORTRAN_FOR_TARGET='mips-harvard-os161-gfortran'
GNATBIND='no'
GNATMAKE='no'
GOC_FOR_BUILD='$(GOC)'
GOC_FOR_TARGET='mips-harvard-os161-gccgo'
INSTALL_DATA='${INSTALL} -m 644'
INSTALL_GDB_TK=''
INSTALL_PROGRAM='${INSTALL}'
INSTALL_SCRIPT='${INSTALL}'
LD='ld'
LDFLAGS=''
LDFLAGS_FOR_BUILD=''
LDFLAGS_FOR_TARGET=''
LD_FOR_BUILD='$(LD)'
LD_FOR_TARGET='$$r/$(HOST_SUBDIR)/ld/ld-new'
LEX='/home/os161user/os161/toolbuild/binutils-2.24+os161-2.1/missing flex'
LIBOBJS=''
LIBS=''
LIPO='lipo'
LIPO_FOR_TARGET='mips-harvard-os161-lipo'
LN='ln'
LN_S='ln -s'
LTLIBOBJS=''
M4='/home/os161user/os161/toolbuild/binutils-2.24+os161-2.1/missing m4'
MAINT='#'
MAINTAINER_MODE_FALSE=''
MAINTAINER_MODE_TRUE='#'
MAKEINFO='/home/os161user/os161/toolbuild/binutils-2.24+os161-2.1/missing makeinfo'
NM='nm'
NM_FOR_BUILD='$(NM)'
NM_FOR_TARGET='$$r/$(HOST_SUBDIR)/binutils/nm-new'
OBJCOPY='objcopy'
OBJDUMP='objdump'
OBJDUMP_FOR_TARGET='$$r/$(HOST_SUBDIR)/binutils/objdump'
OBJEXT='o'
PACKAGE_BUGREPORT=''
PACKAGE_NAME=''
PACKAGE_STRING=''
PACKAGE_TARNAME=''
PACKAGE_URL=''
PACKAGE_VERSION=''
PATH_SEPARATOR=':'
RANLIB='ranlib'
RANLIB_FOR_BUILD='$(RANLIB)'
RANLIB_FOR_TARGET='$$r/$(HOST_SUBDIR)/binutils/ranlib'
RAW_CXX_FOR_TARGET='mips-harvard-os161-c++'
READELF='readelf'
READELF_FOR_TARGET='$$r/$(HOST_SUBDIR)/binutils/readelf'
RPATH_ENVVAR='LD_LIBRARY_PATH'
RUNTEST='runtest'
SED='/usr/bin/sed'
SHELL='/bin/bash'
STRIP='strip'
STRIP_FOR_TARGET='$$r/$(HOST_SUBDIR)/binutils/strip-new'
SYSROOT_CFLAGS_FOR_TARGET=''
TOPLEVEL_CONFIGURE_ARGUMENTS='./configure --nfp --disable-werror --target=mips-harvard-os161 --prefix=/home/os161user/os161/tools'
WINDMC='windmc'
WINDMC_FOR_BUILD='$(WINDMC)'
WINDMC_FOR_TARGET='$$r/$(HOST_SUBDIR)/binutils/windmc'
WINDRES='windres'
WINDRES_FOR_BUILD='$(WINDRES)'
WINDRES_FOR_TARGET='$$r/$(HOST_SUBDIR)/binutils/windres'
YACC='/home/os161user/os161/toolbuild/binutils-2.24+os161-2.1/missing bison -y'
ac_ct_CC='gcc'
ac_ct_CXX='g++'
bindir='${exec_prefix}/bin'
build='x86_64-unknown-linux-gnu'
build_alias=''
build_configargs=' --cache-file=../config.cache '\''--nfp'\'' '\''--disable-werror'\'' '\''--prefix=/home/os161user/os161/tools'\'' --program-transform-name='\''s&^&mips-harvard-os161-&'\'' --disable-option-checking'
build_configdirs=' libiberty'
build_cpu='x86_64'
build_libsubdir='build-x86_64-unknown-linux-gnu'
build_noncanonical='x86_64-unknown-linux-gnu'
build_os='linux-gnu'
build_subdir='build-x86_64-unknown-linux-gnu'
build_tooldir='${exec_prefix}/mips-harvard-os161'
build_vendor='unknown'
clooginc=''
clooglibs=''
compare_exclusions='gcc/cc*-checksum$(objext) | gcc/ada/*tools/*'
configdirs=' intl libiberty opcodes bfd binutils gas ld etc'
datadir='${datarootdir}'
datarootdir='${prefix}/share'
do_compare='cmp --ignore-initial=16 $$f1 $$f2'
docdir='${datarootdir}/doc/${PACKAGE}'
dvidir='${docdir}'
exec_prefix='${prefix}'
extra_host_libiberty_configure_flags=''
extra_isl_gmp_configure_flags=''
extra_mpc_gmp_configure_flags=''
extra_mpc_mpfr_configure_flags=''
extra_mpfr_configure_flags=''
gmpinc=''
gmplibs='-lmpc -lmpfr -lgmp'
host='x86_64-unknown-linux-gnu'
host_alias=''
host_configargs=' --cache-file=./config.cache  --with-gnu-as --with-gnu-ld --with-system-zlib '\''--nfp'\'' '\''--disable-werror'\'' '\''--prefix=/home/os161user/os161/tools'\'' --program-transform-name='\''s&^&mips-harvard-os161-&'\'' --disable-option-checking'
host_cpu='x86_64'
host_noncanonical='x86_64-unknown-linux-gnu'
host_os='linux-gnu'
host_subdir='.'
host_vendor='unknown'
htmldir='${docdir}'
includedir='${prefix}/include'
infodir='${datarootdir}/info'
islinc=''
libdir='${exec_prefix}/lib'
libexecdir='${exec_prefix}/libexec'
localedir='${datarootdir}/locale'
localstatedir='${prefix}/var'
mandir='${datarootdir}/man'
oldincludedir='/usr/include'
pdfdir='${docdir}'
poststage1_ldflags='-static-libstdc++ -static-libgcc'
poststage1_libs=''
prefix='/home/os161user/os161/tools'
program_transform_name='s&^&mips-harvard-os161-&'
psdir='${docdir}'
sbindir='${exec_prefix}/sbin'
sharedstatedir='${prefix}/com'
stage1_cflags='-g'
stage1_checking='--enable-checking=yes,types'
stage1_languages=',c,'
stage1_ldflags='-static-libstdc++ -static-libgcc'
stage1_libs=''
stage2_werror_flag=''
sysconfdir='${prefix}/etc'
target='mips-harvard-os161'
target_alias='mips-harvard-os161'
target_configargs='--cache-file=./config.cache --enable-multilib --with-cross-host=x86_64-unknown-linux-gnu   '\''--nfp'\'' '\''--disable-werror'\'' '\''--prefix=/home/os161user/os161/tools'\'' --program-transform-name='\''s&^&mips-harvard-os161-&'\'' --disable-option-checking'
target_configdirs=''
target_cpu='mips'
target_noncanonical='mips-harvard-os161'
target_os='os161'
target_subdir='mips-harvard-os161'
target_vendor='harvard'
tooldir='${exec_prefix}/mips-harvard-os161'

## ------------------- ##
## File substitutions. ##
## ------------------- ##

alphaieee_frag='/dev/null'
host_makefile_frag='/dev/null'
ospace_frag='/dev/null'
serialization_dependencies='serdep.tmp'
target_makefile_frag='/dev/null'

## ----------- ##
## confdefs.h. ##
## ----------- ##

/* confdefs.h */
#define PACKAGE_NAME ""
#define PACKAGE_TARNAME ""
#define PACKAGE_VERSION ""
#define PACKAGE_STRING ""
#define PACKAGE_BUGREPORT ""
#define PACKAGE_URL ""
#define LT_OBJDIR ".libs/"

configure: exit 0
