This file contains any messages produced by compilers while
running configure, to aid debugging if configure makes a mistake.

It was created by bmake configure 20100911, which was
generated by GNU Autoconf 2.64.  Invocation command line was

  $ ./configure --prefix=/home/os161user/os161/tools --with-default-sys-path=/home/os161user/os161/tools/share/mk

## --------- ##
## Platform. ##
## --------- ##

hostname = os161user-VirtualBox
uname -m = x86_64
uname -r = 5.8.0-45-generic
uname -s = Linux
uname -v = #51~20.04.1-Ubuntu SMP Tue Feb 23 13:46:31 UTC 2021

/usr/bin/uname -p = x86_64
/bin/uname -X     = unknown

/bin/arch              = x86_64
/usr/bin/arch -k       = unknown
/usr/convex/getsysinfo = unknown
/usr/bin/hostinfo      = unknown
/bin/machine           = unknown
/usr/bin/oslevel       = unknown
/bin/universe          = unknown

PATH: /home/os161user/os161/tools/bin
PATH: /usr/local/sbin
PATH: /usr/local/bin
PATH: /usr/sbin
PATH: /usr/bin
PATH: /sbin
PATH: /bin
PATH: /usr/games
PATH: /usr/local/games
PATH: /snap/bin


## ----------- ##
## Core tests. ##
## ----------- ##

configure:2361: checking for gcc
configure:2377: found /usr/bin/gcc
configure:2388: result: gcc
configure:2617: checking for C compiler version
configure:2626: gcc --version >&5
gcc (Ubuntu 9.3.0-17ubuntu1~20.04) 9.3.0
Copyright (C) 2019 Free Software Foundation, Inc.
This is free software; see the source for copying conditions.  There is NO
warranty; not even for MERCHANTABILITY or FITNESS FOR A PARTICULAR PURPOSE.

configure:2637: $? = 0
configure:2626: gcc -v >&5
Using built-in specs.
COLLECT_GCC=gcc
COLLECT_LTO_WRAPPER=/usr/lib/gcc/x86_64-linux-gnu/9/lto-wrapper
OFFLOAD_TARGET_NAMES=nvptx-none:hsa
OFFLOAD_TARGET_DEFAULT=1
Target: x86_64-linux-gnu
Configured with: ../src/configure -v --with-pkgversion='Ubuntu 9.3.0-17ubuntu1~20.04' --with-bugurl=file:///usr/share/doc/gcc-9/README.Bugs --enable-languages=c,ada,c++,go,brig,d,fortran,objc,obj-c++,gm2 --prefix=/usr --with-gcc-major-version-only --program-suffix=-9 --program-prefix=x86_64-linux-gnu- --enable-shared --enable-linker-build-id --libexecdir=/usr/lib --without-included-gettext --enable-threads=posix --libdir=/usr/lib --enable-nls --enable-clocale=gnu --enable-libstdcxx-debug --enable-libstdcxx-time=yes --with-default-libstdcxx-abi=new --enable-gnu-unique-object --disable-vtable-verify --enable-plugin --enable-default-pie --with-system-zlib --with-target-system-zlib=auto --enable-objc-gc=auto --enable-multiarch --disable-werror --with-arch-32=i686 --with-abi=m64 --with-multilib-list=m32,m64,mx32 --enable-multilib --with-tune=generic --enable-offload-targets=nvptx-none=/build/gcc-9-HskZEa/gcc-9-9.3.0/debian/tmp-nvptx/usr,hsa --without-cuda-driver --enable-checking=release --build=x86_64-linux-gnu --host=x86_64-linux-gnu --target=x86_64-linux-gnu
Thread model: posix
gcc version 9.3.0 (Ubuntu 9.3.0-17ubuntu1~20.04) 
configure:2637: $? = 0
configure:2626: gcc -V >&5
gcc: error: unrecognized command line option '-V'
gcc: fatal error: no input files
compilation terminated.
configure:2637: $? = 1
configure:2626: gcc -qversion >&5
gcc: error: unrecognized command line option '-qversion'; did you mean '--version'?
gcc: fatal error: no input files
compilation terminated.
configure:2637: $? = 1
configure:2659: checking for C compiler default output file name
configure:2681: gcc    conftest.c  >&5
configure:2685: $? = 0
configure:2722: result: a.out
configure:2738: checking whether the C compiler works
configure:2747: ./a.out
configure:2751: $? = 0
configure:2766: result: yes
configure:2773: checking whether we are cross compiling
configure:2775: result: no
configure:2778: checking for suffix of executables
configure:2785: gcc -o conftest    conftest.c  >&5
configure:2789: $? = 0
configure:2811: result: 
configure:2817: checking for suffix of object files
configure:2839: gcc -c   conftest.c >&5
configure:2843: $? = 0
configure:2864: result: o
configure:2868: checking whether we are using the GNU C compiler
configure:2887: gcc -c   conftest.c >&5
configure:2887: $? = 0
configure:2896: result: yes
configure:2905: checking whether gcc accepts -g
configure:2925: gcc -c -g  conftest.c >&5
configure:2925: $? = 0
configure:2966: result: yes
configure:2983: checking for gcc option to accept ISO C89
configure:3047: gcc  -c -g -O2  conftest.c >&5
configure:3047: $? = 0
configure:3060: result: none needed
configure:3086: checking how to run the C preprocessor
configure:3117: gcc -E  conftest.c
configure:3117: $? = 0
configure:3131: gcc -E  conftest.c
conftest.c:9:10: fatal error: ac_nonexistent.h: No such file or directory
    9 | #include <ac_nonexistent.h>
      |          ^~~~~~~~~~~~~~~~~~
compilation terminated.
configure:3131: $? = 1
configure: failed program was:
| /* confdefs.h */
| #define PACKAGE_NAME "bmake"
| #define PACKAGE_TARNAME "bmake"
| #define PACKAGE_VERSION "20100911"
| #define PACKAGE_STRING "bmake 20100911"
| #define PACKAGE_BUGREPORT "sjg@NetBSD.org"
| #define PACKAGE_URL ""
| /* end confdefs.h.  */
| #include <ac_nonexistent.h>
configure:3156: result: gcc -E
configure:3176: gcc -E  conftest.c
configure:3176: $? = 0
configure:3190: gcc -E  conftest.c
conftest.c:9:10: fatal error: ac_nonexistent.h: No such file or directory
    9 | #include <ac_nonexistent.h>
      |          ^~~~~~~~~~~~~~~~~~
compilation terminated.
configure:3190: $? = 1
configure: failed program was:
| /* confdefs.h */
| #define PACKAGE_NAME "bmake"
| #define PACKAGE_TARNAME "bmake"
| #define PACKAGE_VERSION "20100911"
| #define PACKAGE_STRING "bmake 20100911"
| #define PACKAGE_BUGREPORT "sjg@NetBSD.org"
| #define PACKAGE_URL ""
| /* end confdefs.h.  */
| #include <ac_nonexistent.h>
configure:3219: checking for grep that handles long lines and -e
configure:3277: result: /usr/bin/grep
configure:3282: checking for egrep
configure:3344: result: /usr/bin/grep -E
configure:3349: checking for ANSI C header files
configure:3369: gcc -c -g -O2  conftest.c >&5
configure:3369: $? = 0
configure:3442: gcc -o conftest -g -O2   conftest.c  >&5
configure:3442: $? = 0
configure:3442: ./conftest
configure:3442: $? = 0
configure:3453: result: yes
configure:3466: checking for sys/types.h
configure:3466: gcc -c -g -O2  conftest.c >&5
configure:3466: $? = 0
configure:3466: result: yes
configure:3466: checking for sys/stat.h
configure:3466: gcc -c -g -O2  conftest.c >&5
configure:3466: $? = 0
configure:3466: result: yes
configure:3466: checking for stdlib.h
configure:3466: gcc -c -g -O2  conftest.c >&5
configure:3466: $? = 0
configure:3466: result: yes
configure:3466: checking for string.h
configure:3466: gcc -c -g -O2  conftest.c >&5
configure:3466: $? = 0
configure:3466: result: yes
configure:3466: checking for memory.h
configure:3466: gcc -c -g -O2  conftest.c >&5
configure:3466: $? = 0
configure:3466: result: yes
configure:3466: checking for strings.h
configure:3466: gcc -c -g -O2  conftest.c >&5
configure:3466: $? = 0
configure:3466: result: yes
configure:3466: checking for inttypes.h
configure:3466: gcc -c -g -O2  conftest.c >&5
configure:3466: $? = 0
configure:3466: result: yes
configure:3466: checking for stdint.h
configure:3466: gcc -c -g -O2  conftest.c >&5
configure:3466: $? = 0
configure:3466: result: yes
configure:3466: checking for unistd.h
configure:3466: gcc -c -g -O2  conftest.c >&5
configure:3466: $? = 0
configure:3466: result: yes
configure:3480: checking minix/config.h usability
configure:3480: gcc -c -g -O2  conftest.c >&5
conftest.c:52:10: fatal error: minix/config.h: No such file or directory
   52 | #include <minix/config.h>
      |          ^~~~~~~~~~~~~~~~
compilation terminated.
configure:3480: $? = 1
configure: failed program was:
| /* confdefs.h */
| #define PACKAGE_NAME "bmake"
| #define PACKAGE_TARNAME "bmake"
| #define PACKAGE_VERSION "20100911"
| #define PACKAGE_STRING "bmake 20100911"
| #define PACKAGE_BUGREPORT "sjg@NetBSD.org"
| #define PACKAGE_URL ""
| #define STDC_HEADERS 1
| #define HAVE_SYS_TYPES_H 1
| #define HAVE_SYS_STAT_H 1
| #define HAVE_STDLIB_H 1
| #define HAVE_STRING_H 1
| #define HAVE_MEMORY_H 1
| #define HAVE_STRINGS_H 1
| #define HAVE_INTTYPES_H 1
| #define HAVE_STDINT_H 1
| #define HAVE_UNISTD_H 1
| /* end confdefs.h.  */
| #include <stdio.h>
| #ifdef HAVE_SYS_TYPES_H
| # include <sys/types.h>
| #endif
| #ifdef HAVE_SYS_STAT_H
| # include <sys/stat.h>
| #endif
| #ifdef STDC_HEADERS
| # include <stdlib.h>
| # include <stddef.h>
| #else
| # ifdef HAVE_STDLIB_H
| #  include <stdlib.h>
| # endif
| #endif
| #ifdef HAVE_STRING_H
| # if !defined STDC_HEADERS && defined HAVE_MEMORY_H
| #  include <memory.h>
| # endif
| # include <string.h>
| #endif
| #ifdef HAVE_STRINGS_H
| # include <strings.h>
| #endif
| #ifdef HAVE_INTTYPES_H
| # include <inttypes.h>
| #endif
| #ifdef HAVE_STDINT_H
| # include <stdint.h>
| #endif
| #ifdef HAVE_UNISTD_H
| # include <unistd.h>
| #endif
| #include <minix/config.h>
configure:3480: result: no
configure:3480: checking minix/config.h presence
configure:3480: gcc -E  conftest.c
conftest.c:19:10: fatal error: minix/config.h: No such file or directory
   19 | #include <minix/config.h>
      |          ^~~~~~~~~~~~~~~~
compilation terminated.
configure:3480: $? = 1
configure: failed program was:
| /* confdefs.h */
| #define PACKAGE_NAME "bmake"
| #define PACKAGE_TARNAME "bmake"
| #define PACKAGE_VERSION "20100911"
| #define PACKAGE_STRING "bmake 20100911"
| #define PACKAGE_BUGREPORT "sjg@NetBSD.org"
| #define PACKAGE_URL ""
| #define STDC_HEADERS 1
| #define HAVE_SYS_TYPES_H 1
| #define HAVE_SYS_STAT_H 1
| #define HAVE_STDLIB_H 1
| #define HAVE_STRING_H 1
| #define HAVE_MEMORY_H 1
| #define HAVE_STRINGS_H 1
| #define HAVE_INTTYPES_H 1
| #define HAVE_STDINT_H 1
| #define HAVE_UNISTD_H 1
| /* end confdefs.h.  */
| #include <minix/config.h>
configure:3480: result: no
configure:3480: checking for minix/config.h
configure:3480: result: no
configure:3501: checking whether it is safe to define __EXTENSIONS__
configure:3519: gcc -c -g -O2  conftest.c >&5
configure:3519: $? = 0
configure:3526: result: yes
configure:3588: checking for gcc
configure:3615: result: gcc
configure:3844: checking for C compiler version
configure:3853: gcc --version >&5
gcc (Ubuntu 9.3.0-17ubuntu1~20.04) 9.3.0
Copyright (C) 2019 Free Software Foundation, Inc.
This is free software; see the source for copying conditions.  There is NO
warranty; not even for MERCHANTABILITY or FITNESS FOR A PARTICULAR PURPOSE.

configure:3864: $? = 0
configure:3853: gcc -v >&5
Using built-in specs.
COLLECT_GCC=gcc
COLLECT_LTO_WRAPPER=/usr/lib/gcc/x86_64-linux-gnu/9/lto-wrapper
OFFLOAD_TARGET_NAMES=nvptx-none:hsa
OFFLOAD_TARGET_DEFAULT=1
Target: x86_64-linux-gnu
Configured with: ../src/configure -v --with-pkgversion='Ubuntu 9.3.0-17ubuntu1~20.04' --with-bugurl=file:///usr/share/doc/gcc-9/README.Bugs --enable-languages=c,ada,c++,go,brig,d,fortran,objc,obj-c++,gm2 --prefix=/usr --with-gcc-major-version-only --program-suffix=-9 --program-prefix=x86_64-linux-gnu- --enable-shared --enable-linker-build-id --libexecdir=/usr/lib --without-included-gettext --enable-threads=posix --libdir=/usr/lib --enable-nls --enable-clocale=gnu --enable-libstdcxx-debug --enable-libstdcxx-time=yes --with-default-libstdcxx-abi=new --enable-gnu-unique-object --disable-vtable-verify --enable-plugin --enable-default-pie --with-system-zlib --with-target-system-zlib=auto --enable-objc-gc=auto --enable-multiarch --disable-werror --with-arch-32=i686 --with-abi=m64 --with-multilib-list=m32,m64,mx32 --enable-multilib --with-tune=generic --enable-offload-targets=nvptx-none=/build/gcc-9-HskZEa/gcc-9-9.3.0/debian/tmp-nvptx/usr,hsa --without-cuda-driver --enable-checking=release --build=x86_64-linux-gnu --host=x86_64-linux-gnu --target=x86_64-linux-gnu
Thread model: posix
gcc version 9.3.0 (Ubuntu 9.3.0-17ubuntu1~20.04) 
configure:3864: $? = 0
configure:3853: gcc -V >&5
gcc: error: unrecognized command line option '-V'
gcc: fatal error: no input files
compilation terminated.
configure:3864: $? = 1
configure:3853: gcc -qversion >&5
gcc: error: unrecognized command line option '-qversion'; did you mean '--version'?
gcc: fatal error: no input files
compilation terminated.
configure:3864: $? = 1
configure:3868: checking whether we are using the GNU C compiler
configure:3896: result: yes
configure:3905: checking whether gcc accepts -g
configure:3966: result: yes
configure:3983: checking for gcc option to accept ISO C89
configure:4060: result: none needed
configure:4081: checking whether gcc needs -traditional
configure:4115: result: no
configure:4159: checking for a BSD-compatible install
configure:4227: result: /usr/bin/install -c
configure:4240: checking for ANSI C header files
configure:4344: result: yes
configure:4352: checking for sys/wait.h that is POSIX.1 compatible
configure:4378: gcc -c -g -O2  conftest.c >&5
configure:4378: $? = 0
configure:4385: result: yes
configure:4396: checking for dirent.h that defines DIR
configure:4415: gcc -c -g -O2  conftest.c >&5
configure:4415: $? = 0
configure:4423: result: yes
configure:4437: checking for library containing opendir
configure:4468: gcc -o conftest -g -O2   conftest.c  >&5
configure:4468: $? = 0
configure:4485: result: none required
configure:4569: checking ar.h usability
configure:4569: gcc -c -g -O2  conftest.c >&5
configure:4569: $? = 0
configure:4569: result: yes
configure:4569: checking ar.h presence
configure:4569: gcc -E  conftest.c
configure:4569: $? = 0
configure:4569: result: yes
configure:4569: checking for ar.h
configure:4569: result: yes
configure:4569: checking err.h usability
configure:4569: gcc -c -g -O2  conftest.c >&5
configure:4569: $? = 0
configure:4569: result: yes
configure:4569: checking err.h presence
configure:4569: gcc -E  conftest.c
configure:4569: $? = 0
configure:4569: result: yes
configure:4569: checking for err.h
configure:4569: result: yes
configure:4569: checking fcntl.h usability
configure:4569: gcc -c -g -O2  conftest.c >&5
configure:4569: $? = 0
configure:4569: result: yes
configure:4569: checking fcntl.h presence
configure:4569: gcc -E  conftest.c
configure:4569: $? = 0
configure:4569: result: yes
configure:4569: checking for fcntl.h
configure:4569: result: yes
configure:4569: checking paths.h usability
configure:4569: gcc -c -g -O2  conftest.c >&5
configure:4569: $? = 0
configure:4569: result: yes
configure:4569: checking paths.h presence
configure:4569: gcc -E  conftest.c
configure:4569: $? = 0
configure:4569: result: yes
configure:4569: checking for paths.h
configure:4569: result: yes
configure:4569: checking poll.h usability
configure:4569: gcc -c -g -O2  conftest.c >&5
configure:4569: $? = 0
configure:4569: result: yes
configure:4569: checking poll.h presence
configure:4569: gcc -E  conftest.c
configure:4569: $? = 0
configure:4569: result: yes
configure:4569: checking for poll.h
configure:4569: result: yes
configure:4569: checking ranlib.h usability
configure:4569: gcc -c -g -O2  conftest.c >&5
conftest.c:65:10: fatal error: ranlib.h: No such file or directory
   65 | #include <ranlib.h>
      |          ^~~~~~~~~~
compilation terminated.
configure:4569: $? = 1
configure: failed program was:
| /* confdefs.h */
| #define PACKAGE_NAME "bmake"
| #define PACKAGE_TARNAME "bmake"
| #define PACKAGE_VERSION "20100911"
| #define PACKAGE_STRING "bmake 20100911"
| #define PACKAGE_BUGREPORT "sjg@NetBSD.org"
| #define PACKAGE_URL ""
| #define STDC_HEADERS 1
| #define HAVE_SYS_TYPES_H 1
| #define HAVE_SYS_STAT_H 1
| #define HAVE_STDLIB_H 1
| #define HAVE_STRING_H 1
| #define HAVE_MEMORY_H 1
| #define HAVE_STRINGS_H 1
| #define HAVE_INTTYPES_H 1
| #define HAVE_STDINT_H 1
| #define HAVE_UNISTD_H 1
| #define __EXTENSIONS__ 1
| #define _ALL_SOURCE 1
| #define _GNU_SOURCE 1
| #define _POSIX_PTHREAD_SEMANTICS 1
| #define _TANDEM_SOURCE 1
| #define STDC_HEADERS 1
| #define HAVE_SYS_WAIT_H 1
| #define HAVE_DIRENT_H 1
| #define HAVE_AR_H 1
| #define HAVE_ERR_H 1
| #define HAVE_FCNTL_H 1
| #define HAVE_PATHS_H 1
| #define HAVE_POLL_H 1
| /* end confdefs.h.  */
| #include <stdio.h>
| #ifdef HAVE_SYS_TYPES_H
| # include <sys/types.h>
| #endif
| #ifdef HAVE_SYS_STAT_H
| # include <sys/stat.h>
| #endif
| #ifdef STDC_HEADERS
| # include <stdlib.h>
| # include <stddef.h>
| #else
| # ifdef HAVE_STDLIB_H
| #  include <stdlib.h>
| # endif
| #endif
| #ifdef HAVE_STRING_H
| # if !defined STDC_HEADERS && defined HAVE_MEMORY_H
| #  include <memory.h>
| # endif
| # include <string.h>
| #endif
| #ifdef HAVE_STRINGS_H
| # include <strings.h>
| #endif
| #ifdef HAVE_INTTYPES_H
| # include <inttypes.h>
| #endif
| #ifdef HAVE_STDINT_H
| # include <stdint.h>
| #endif
| #ifdef HAVE_UNISTD_H
| # include <unistd.h>
| #endif
| #include <ranlib.h>
configure:4569: result: no
configure:4569: checking ranlib.h presence
configure:4569: gcc -E  conftest.c
conftest.c:32:10: fatal error: ranlib.h: No such file or directory
   32 | #include <ranlib.h>
      |          ^~~~~~~~~~
compilation terminated.
configure:4569: $? = 1
configure: failed program was:
| /* confdefs.h */
| #define PACKAGE_NAME "bmake"
| #define PACKAGE_TARNAME "bmake"
| #define PACKAGE_VERSION "20100911"
| #define PACKAGE_STRING "bmake 20100911"
| #define PACKAGE_BUGREPORT "sjg@NetBSD.org"
| #define PACKAGE_URL ""
| #define STDC_HEADERS 1
| #define HAVE_SYS_TYPES_H 1
| #define HAVE_SYS_STAT_H 1
| #define HAVE_STDLIB_H 1
| #define HAVE_STRING_H 1
| #define HAVE_MEMORY_H 1
| #define HAVE_STRINGS_H 1
| #define HAVE_INTTYPES_H 1
| #define HAVE_STDINT_H 1
| #define HAVE_UNISTD_H 1
| #define __EXTENSIONS__ 1
| #define _ALL_SOURCE 1
| #define _GNU_SOURCE 1
| #define _POSIX_PTHREAD_SEMANTICS 1
| #define _TANDEM_SOURCE 1
| #define STDC_HEADERS 1
| #define HAVE_SYS_WAIT_H 1
| #define HAVE_DIRENT_H 1
| #define HAVE_AR_H 1
| #define HAVE_ERR_H 1
| #define HAVE_FCNTL_H 1
| #define HAVE_PATHS_H 1
| #define HAVE_POLL_H 1
| /* end confdefs.h.  */
| #include <ranlib.h>
configure:4569: result: no
configure:4569: checking for ranlib.h
configure:4569: result: no
configure:4569: checking for string.h
configure:4569: result: yes
configure:4569: checking sys/select.h usability
configure:4569: gcc -c -g -O2  conftest.c >&5
configure:4569: $? = 0
configure:4569: result: yes
configure:4569: checking sys/select.h presence
configure:4569: gcc -E  conftest.c
configure:4569: $? = 0
configure:4569: result: yes
configure:4569: checking for sys/select.h
configure:4569: result: yes
configure:4569: checking sys/socket.h usability
configure:4569: gcc -c -g -O2  conftest.c >&5
configure:4569: $? = 0
configure:4569: result: yes
configure:4569: checking sys/socket.h presence
configure:4569: gcc -E  conftest.c
configure:4569: $? = 0
configure:4569: result: yes
configure:4569: checking for sys/socket.h
configure:4569: result: yes
configure:4569: checking sys/time.h usability
configure:4569: gcc -c -g -O2  conftest.c >&5
configure:4569: $? = 0
configure:4569: result: yes
configure:4569: checking sys/time.h presence
configure:4569: gcc -E  conftest.c
configure:4569: $? = 0
configure:4569: result: yes
configure:4569: checking for sys/time.h
configure:4569: result: yes
configure:4569: checking sys/uio.h usability
configure:4569: gcc -c -g -O2  conftest.c >&5
configure:4569: $? = 0
configure:4569: result: yes
configure:4569: checking sys/uio.h presence
configure:4569: gcc -E  conftest.c
configure:4569: $? = 0
configure:4569: result: yes
configure:4569: checking for sys/uio.h
configure:4569: result: yes
configure:4569: checking for unistd.h
configure:4569: result: yes
configure:4569: checking utime.h usability
configure:4569: gcc -c -g -O2  conftest.c >&5
configure:4569: $? = 0
configure:4569: result: yes
configure:4569: checking utime.h presence
configure:4569: gcc -E  conftest.c
configure:4569: $? = 0
configure:4569: result: yes
configure:4569: checking for utime.h
configure:4569: result: yes
configure:4581: checking sys/cdefs.h usability
configure:4581: gcc -c -g -O2  conftest.c >&5
configure:4581: $? = 0
configure:4581: result: yes
configure:4581: checking sys/cdefs.h presence
configure:4581: gcc -E  conftest.c
configure:4581: $? = 0
configure:4581: result: yes
configure:4581: checking for sys/cdefs.h
configure:4581: result: yes
configure:4607: checking for __attribute__
configure:4634: gcc -c -g -O2  -I/home/os161user/os161/toolbuild/bmake/missing -DNEED_HOST_CDEFS_H conftest.c >&5
conftest.c: In function 'main':
conftest.c:46:13: error: invalid storage class for function 'foo'
   46 | static void foo(void) __attribute__ ((noreturn));
      |             ^~~
conftest.c:49:1: error: invalid storage class for function 'foo'
   49 | foo(void)
      | ^~~
configure:4634: $? = 1
configure: failed program was:
| /* confdefs.h */
| #define PACKAGE_NAME "bmake"
| #define PACKAGE_TARNAME "bmake"
| #define PACKAGE_VERSION "20100911"
| #define PACKAGE_STRING "bmake 20100911"
| #define PACKAGE_BUGREPORT "sjg@NetBSD.org"
| #define PACKAGE_URL ""
| #define STDC_HEADERS 1
| #define HAVE_SYS_TYPES_H 1
| #define HAVE_SYS_STAT_H 1
| #define HAVE_STDLIB_H 1
| #define HAVE_STRING_H 1
| #define HAVE_MEMORY_H 1
| #define HAVE_STRINGS_H 1
| #define HAVE_INTTYPES_H 1
| #define HAVE_STDINT_H 1
| #define HAVE_UNISTD_H 1
| #define __EXTENSIONS__ 1
| #define _ALL_SOURCE 1
| #define _GNU_SOURCE 1
| #define _POSIX_PTHREAD_SEMANTICS 1
| #define _TANDEM_SOURCE 1
| #define STDC_HEADERS 1
| #define HAVE_SYS_WAIT_H 1
| #define HAVE_DIRENT_H 1
| #define HAVE_AR_H 1
| #define HAVE_ERR_H 1
| #define HAVE_FCNTL_H 1
| #define HAVE_PATHS_H 1
| #define HAVE_POLL_H 1
| #define HAVE_STRING_H 1
| #define HAVE_SYS_SELECT_H 1
| #define HAVE_SYS_SOCKET_H 1
| #define HAVE_SYS_TIME_H 1
| #define HAVE_SYS_UIO_H 1
| #define HAVE_UNISTD_H 1
| #define HAVE_UTIME_H 1
| /* end confdefs.h.  */
| 
| #include <stdlib.h>
| 
| int
| main ()
| {
| 
| static void foo(void) __attribute__ ((noreturn));
| 
| static void
| foo(void)
| {
|   exit(1);
| }
| 
|   ;
|   return 0;
| }
configure:4647: result: no
configure:4650: checking whether byte ordering is bigendian
configure:4665: gcc -c -g -O2  -I/home/os161user/os161/toolbuild/bmake/missing -DNEED_HOST_CDEFS_H conftest.c >&5
conftest.c:40:9: error: unknown type name 'not'
   40 |         not a universal capable compiler
      |         ^~~
conftest.c:40:15: error: expected '=', ',', ';', 'asm' or '__attribute__' before 'universal'
   40 |         not a universal capable compiler
      |               ^~~~~~~~~
conftest.c:40:15: error: unknown type name 'universal'
configure:4665: $? = 1
configure: failed program was:
| /* confdefs.h */
| #define PACKAGE_NAME "bmake"
| #define PACKAGE_TARNAME "bmake"
| #define PACKAGE_VERSION "20100911"
| #define PACKAGE_STRING "bmake 20100911"
| #define PACKAGE_BUGREPORT "sjg@NetBSD.org"
| #define PACKAGE_URL ""
| #define STDC_HEADERS 1
| #define HAVE_SYS_TYPES_H 1
| #define HAVE_SYS_STAT_H 1
| #define HAVE_STDLIB_H 1
| #define HAVE_STRING_H 1
| #define HAVE_MEMORY_H 1
| #define HAVE_STRINGS_H 1
| #define HAVE_INTTYPES_H 1
| #define HAVE_STDINT_H 1
| #define HAVE_UNISTD_H 1
| #define __EXTENSIONS__ 1
| #define _ALL_SOURCE 1
| #define _GNU_SOURCE 1
| #define _POSIX_PTHREAD_SEMANTICS 1
| #define _TANDEM_SOURCE 1
| #define STDC_HEADERS 1
| #define HAVE_SYS_WAIT_H 1
| #define HAVE_DIRENT_H 1
| #define HAVE_AR_H 1
| #define HAVE_ERR_H 1
| #define HAVE_FCNTL_H 1
| #define HAVE_PATHS_H 1
| #define HAVE_POLL_H 1
| #define HAVE_STRING_H 1
| #define HAVE_SYS_SELECT_H 1
| #define HAVE_SYS_SOCKET_H 1
| #define HAVE_SYS_TIME_H 1
| #define HAVE_SYS_UIO_H 1
| #define HAVE_UNISTD_H 1
| #define HAVE_UTIME_H 1
| /* end confdefs.h.  */
| #ifndef __APPLE_CC__
| 	       not a universal capable compiler
| 	     #endif
| 	     typedef int dummy;
| 
configure:4710: gcc -c -g -O2  -I/home/os161user/os161/toolbuild/bmake/missing -DNEED_HOST_CDEFS_H conftest.c >&5
configure:4710: $? = 0
configure:4728: gcc -c -g -O2  -I/home/os161user/os161/toolbuild/bmake/missing -DNEED_HOST_CDEFS_H conftest.c >&5
conftest.c: In function 'main':
conftest.c:46:4: error: unknown type name 'not'; did you mean 'ino_t'?
   46 |    not big endian
      |    ^~~
      |    ino_t
conftest.c:46:12: error: expected '=', ',', ';', 'asm' or '__attribute__' before 'endian'
   46 |    not big endian
      |            ^~~~~~
configure:4728: $? = 1
configure: failed program was:
| /* confdefs.h */
| #define PACKAGE_NAME "bmake"
| #define PACKAGE_TARNAME "bmake"
| #define PACKAGE_VERSION "20100911"
| #define PACKAGE_STRING "bmake 20100911"
| #define PACKAGE_BUGREPORT "sjg@NetBSD.org"
| #define PACKAGE_URL ""
| #define STDC_HEADERS 1
| #define HAVE_SYS_TYPES_H 1
| #define HAVE_SYS_STAT_H 1
| #define HAVE_STDLIB_H 1
| #define HAVE_STRING_H 1
| #define HAVE_MEMORY_H 1
| #define HAVE_STRINGS_H 1
| #define HAVE_INTTYPES_H 1
| #define HAVE_STDINT_H 1
| #define HAVE_UNISTD_H 1
| #define __EXTENSIONS__ 1
| #define _ALL_SOURCE 1
| #define _GNU_SOURCE 1
| #define _POSIX_PTHREAD_SEMANTICS 1
| #define _TANDEM_SOURCE 1
| #define STDC_HEADERS 1
| #define HAVE_SYS_WAIT_H 1
| #define HAVE_DIRENT_H 1
| #define HAVE_AR_H 1
| #define HAVE_ERR_H 1
| #define HAVE_FCNTL_H 1
| #define HAVE_PATHS_H 1
| #define HAVE_POLL_H 1
| #define HAVE_STRING_H 1
| #define HAVE_SYS_SELECT_H 1
| #define HAVE_SYS_SOCKET_H 1
| #define HAVE_SYS_TIME_H 1
| #define HAVE_SYS_UIO_H 1
| #define HAVE_UNISTD_H 1
| #define HAVE_UTIME_H 1
| /* end confdefs.h.  */
| #include <sys/types.h>
| 		#include <sys/param.h>
| 
| int
| main ()
| {
| #if BYTE_ORDER != BIG_ENDIAN
| 		 not big endian
| 		#endif
| 
|   ;
|   return 0;
| }
configure:4856: result: no
configure:4874: checking for an ANSI C-conforming const
configure:4939: gcc -c -g -O2  -I/home/os161user/os161/toolbuild/bmake/missing -DNEED_HOST_CDEFS_H conftest.c >&5
configure:4939: $? = 0
configure:4946: result: yes
configure:4954: checking for off_t
configure:4954: gcc -c -g -O2  -I/home/os161user/os161/toolbuild/bmake/missing -DNEED_HOST_CDEFS_H conftest.c >&5
configure:4954: $? = 0
configure:4954: gcc -c -g -O2  -I/home/os161user/os161/toolbuild/bmake/missing -DNEED_HOST_CDEFS_H conftest.c >&5
conftest.c: In function 'main':
conftest.c:75:20: error: expected expression before ')' token
   75 | if (sizeof ((off_t)))
      |                    ^
configure:4954: $? = 1
configure: failed program was:
| /* confdefs.h */
| #define PACKAGE_NAME "bmake"
| #define PACKAGE_TARNAME "bmake"
| #define PACKAGE_VERSION "20100911"
| #define PACKAGE_STRING "bmake 20100911"
| #define PACKAGE_BUGREPORT "sjg@NetBSD.org"
| #define PACKAGE_URL ""
| #define STDC_HEADERS 1
| #define HAVE_SYS_TYPES_H 1
| #define HAVE_SYS_STAT_H 1
| #define HAVE_STDLIB_H 1
| #define HAVE_STRING_H 1
| #define HAVE_MEMORY_H 1
| #define HAVE_STRINGS_H 1
| #define HAVE_INTTYPES_H 1
| #define HAVE_STDINT_H 1
| #define HAVE_UNISTD_H 1
| #define __EXTENSIONS__ 1
| #define _ALL_SOURCE 1
| #define _GNU_SOURCE 1
| #define _POSIX_PTHREAD_SEMANTICS 1
| #define _TANDEM_SOURCE 1
| #define STDC_HEADERS 1
| #define HAVE_SYS_WAIT_H 1
| #define HAVE_DIRENT_H 1
| #define HAVE_AR_H 1
| #define HAVE_ERR_H 1
| #define HAVE_FCNTL_H 1
| #define HAVE_PATHS_H 1
| #define HAVE_POLL_H 1
| #define HAVE_STRING_H 1
| #define HAVE_SYS_SELECT_H 1
| #define HAVE_SYS_SOCKET_H 1
| #define HAVE_SYS_TIME_H 1
| #define HAVE_SYS_UIO_H 1
| #define HAVE_UNISTD_H 1
| #define HAVE_UTIME_H 1
| /* end confdefs.h.  */
| #include <stdio.h>
| #ifdef HAVE_SYS_TYPES_H
| # include <sys/types.h>
| #endif
| #ifdef HAVE_SYS_STAT_H
| # include <sys/stat.h>
| #endif
| #ifdef STDC_HEADERS
| # include <stdlib.h>
| # include <stddef.h>
| #else
| # ifdef HAVE_STDLIB_H
| #  include <stdlib.h>
| # endif
| #endif
| #ifdef HAVE_STRING_H
| # if !defined STDC_HEADERS && defined HAVE_MEMORY_H
| #  include <memory.h>
| # endif
| # include <string.h>
| #endif
| #ifdef HAVE_STRINGS_H
| # include <strings.h>
| #endif
| #ifdef HAVE_INTTYPES_H
| # include <inttypes.h>
| #endif
| #ifdef HAVE_STDINT_H
| # include <stdint.h>
| #endif
| #ifdef HAVE_UNISTD_H
| # include <unistd.h>
| #endif
| int
| main ()
| {
| if (sizeof ((off_t)))
| 	    return 0;
|   ;
|   return 0;
| }
configure:4954: result: yes
configure:4965: checking for pid_t
configure:4965: gcc -c -g -O2  -I/home/os161user/os161/toolbuild/bmake/missing -DNEED_HOST_CDEFS_H conftest.c >&5
configure:4965: $? = 0
configure:4965: gcc -c -g -O2  -I/home/os161user/os161/toolbuild/bmake/missing -DNEED_HOST_CDEFS_H conftest.c >&5
conftest.c: In function 'main':
conftest.c:75:20: error: expected expression before ')' token
   75 | if (sizeof ((pid_t)))
      |                    ^
configure:4965: $? = 1
configure: failed program was:
| /* confdefs.h */
| #define PACKAGE_NAME "bmake"
| #define PACKAGE_TARNAME "bmake"
| #define PACKAGE_VERSION "20100911"
| #define PACKAGE_STRING "bmake 20100911"
| #define PACKAGE_BUGREPORT "sjg@NetBSD.org"
| #define PACKAGE_URL ""
| #define STDC_HEADERS 1
| #define HAVE_SYS_TYPES_H 1
| #define HAVE_SYS_STAT_H 1
| #define HAVE_STDLIB_H 1
| #define HAVE_STRING_H 1
| #define HAVE_MEMORY_H 1
| #define HAVE_STRINGS_H 1
| #define HAVE_INTTYPES_H 1
| #define HAVE_STDINT_H 1
| #define HAVE_UNISTD_H 1
| #define __EXTENSIONS__ 1
| #define _ALL_SOURCE 1
| #define _GNU_SOURCE 1
| #define _POSIX_PTHREAD_SEMANTICS 1
| #define _TANDEM_SOURCE 1
| #define STDC_HEADERS 1
| #define HAVE_SYS_WAIT_H 1
| #define HAVE_DIRENT_H 1
| #define HAVE_AR_H 1
| #define HAVE_ERR_H 1
| #define HAVE_FCNTL_H 1
| #define HAVE_PATHS_H 1
| #define HAVE_POLL_H 1
| #define HAVE_STRING_H 1
| #define HAVE_SYS_SELECT_H 1
| #define HAVE_SYS_SOCKET_H 1
| #define HAVE_SYS_TIME_H 1
| #define HAVE_SYS_UIO_H 1
| #define HAVE_UNISTD_H 1
| #define HAVE_UTIME_H 1
| /* end confdefs.h.  */
| #include <stdio.h>
| #ifdef HAVE_SYS_TYPES_H
| # include <sys/types.h>
| #endif
| #ifdef HAVE_SYS_STAT_H
| # include <sys/stat.h>
| #endif
| #ifdef STDC_HEADERS
| # include <stdlib.h>
| # include <stddef.h>
| #else
| # ifdef HAVE_STDLIB_H
| #  include <stdlib.h>
| # endif
| #endif
| #ifdef HAVE_STRING_H
| # if !defined STDC_HEADERS && defined HAVE_MEMORY_H
| #  include <memory.h>
| # endif
| # include <string.h>
| #endif
| #ifdef HAVE_STRINGS_H
| # include <strings.h>
| #endif
| #ifdef HAVE_INTTYPES_H
| # include <inttypes.h>
| #endif
| #ifdef HAVE_STDINT_H
| # include <stdint.h>
| #endif
| #ifdef HAVE_UNISTD_H
| # include <unistd.h>
| #endif
| int
| main ()
| {
| if (sizeof ((pid_t)))
| 	    return 0;
|   ;
|   return 0;
| }
configure:4965: result: yes
configure:4976: checking for size_t
configure:4976: gcc -c -g -O2  -I/home/os161user/os161/toolbuild/bmake/missing -DNEED_HOST_CDEFS_H conftest.c >&5
configure:4976: $? = 0
configure:4976: gcc -c -g -O2  -I/home/os161user/os161/toolbuild/bmake/missing -DNEED_HOST_CDEFS_H conftest.c >&5
conftest.c: In function 'main':
conftest.c:75:21: error: expected expression before ')' token
   75 | if (sizeof ((size_t)))
      |                     ^
configure:4976: $? = 1
configure: failed program was:
| /* confdefs.h */
| #define PACKAGE_NAME "bmake"
| #define PACKAGE_TARNAME "bmake"
| #define PACKAGE_VERSION "20100911"
| #define PACKAGE_STRING "bmake 20100911"
| #define PACKAGE_BUGREPORT "sjg@NetBSD.org"
| #define PACKAGE_URL ""
| #define STDC_HEADERS 1
| #define HAVE_SYS_TYPES_H 1
| #define HAVE_SYS_STAT_H 1
| #define HAVE_STDLIB_H 1
| #define HAVE_STRING_H 1
| #define HAVE_MEMORY_H 1
| #define HAVE_STRINGS_H 1
| #define HAVE_INTTYPES_H 1
| #define HAVE_STDINT_H 1
| #define HAVE_UNISTD_H 1
| #define __EXTENSIONS__ 1
| #define _ALL_SOURCE 1
| #define _GNU_SOURCE 1
| #define _POSIX_PTHREAD_SEMANTICS 1
| #define _TANDEM_SOURCE 1
| #define STDC_HEADERS 1
| #define HAVE_SYS_WAIT_H 1
| #define HAVE_DIRENT_H 1
| #define HAVE_AR_H 1
| #define HAVE_ERR_H 1
| #define HAVE_FCNTL_H 1
| #define HAVE_PATHS_H 1
| #define HAVE_POLL_H 1
| #define HAVE_STRING_H 1
| #define HAVE_SYS_SELECT_H 1
| #define HAVE_SYS_SOCKET_H 1
| #define HAVE_SYS_TIME_H 1
| #define HAVE_SYS_UIO_H 1
| #define HAVE_UNISTD_H 1
| #define HAVE_UTIME_H 1
| /* end confdefs.h.  */
| #include <stdio.h>
| #ifdef HAVE_SYS_TYPES_H
| # include <sys/types.h>
| #endif
| #ifdef HAVE_SYS_STAT_H
| # include <sys/stat.h>
| #endif
| #ifdef STDC_HEADERS
| # include <stdlib.h>
| # include <stddef.h>
| #else
| # ifdef HAVE_STDLIB_H
| #  include <stdlib.h>
| # endif
| #endif
| #ifdef HAVE_STRING_H
| # if !defined STDC_HEADERS && defined HAVE_MEMORY_H
| #  include <memory.h>
| # endif
| # include <string.h>
| #endif
| #ifdef HAVE_STRINGS_H
| # include <strings.h>
| #endif
| #ifdef HAVE_INTTYPES_H
| # include <inttypes.h>
| #endif
| #ifdef HAVE_STDINT_H
| # include <stdint.h>
| #endif
| #ifdef HAVE_UNISTD_H
| # include <unistd.h>
| #endif
| int
| main ()
| {
| if (sizeof ((size_t)))
| 	    return 0;
|   ;
|   return 0;
| }
configure:4976: result: yes
configure:4987: checking whether sys_siglist is declared
configure:4987: gcc -c -g -O2  -I/home/os161user/os161/toolbuild/bmake/missing -DNEED_HOST_CDEFS_H conftest.c >&5
configure:4987: $? = 0
configure:4987: result: yes
configure:5005: checking whether time.h and sys/time.h may both be included
configure:5025: gcc -c -g -O2  -I/home/os161user/os161/toolbuild/bmake/missing -DNEED_HOST_CDEFS_H conftest.c >&5
configure:5025: $? = 0
configure:5032: result: yes
configure:5040: checking whether struct tm is in sys/time.h or time.h
configure:5060: gcc -c -g -O2  -I/home/os161user/os161/toolbuild/bmake/missing -DNEED_HOST_CDEFS_H conftest.c >&5
configure:5060: $? = 0
configure:5067: result: time.h
configure:5076: checking return type of signal handlers
configure:5094: gcc -c -g -O2  -I/home/os161user/os161/toolbuild/bmake/missing -DNEED_HOST_CDEFS_H conftest.c >&5
conftest.c: In function 'main':
conftest.c:47:10: error: void value not ignored as it ought to be
   47 | return *(signal (0, 0)) (0) == 1;
      |         ~^~~~~~~~~~~~~~~~~~
configure:5094: $? = 1
configure: failed program was:
| /* confdefs.h */
| #define PACKAGE_NAME "bmake"
| #define PACKAGE_TARNAME "bmake"
| #define PACKAGE_VERSION "20100911"
| #define PACKAGE_STRING "bmake 20100911"
| #define PACKAGE_BUGREPORT "sjg@NetBSD.org"
| #define PACKAGE_URL ""
| #define STDC_HEADERS 1
| #define HAVE_SYS_TYPES_H 1
| #define HAVE_SYS_STAT_H 1
| #define HAVE_STDLIB_H 1
| #define HAVE_STRING_H 1
| #define HAVE_MEMORY_H 1
| #define HAVE_STRINGS_H 1
| #define HAVE_INTTYPES_H 1
| #define HAVE_STDINT_H 1
| #define HAVE_UNISTD_H 1
| #define __EXTENSIONS__ 1
| #define _ALL_SOURCE 1
| #define _GNU_SOURCE 1
| #define _POSIX_PTHREAD_SEMANTICS 1
| #define _TANDEM_SOURCE 1
| #define STDC_HEADERS 1
| #define HAVE_SYS_WAIT_H 1
| #define HAVE_DIRENT_H 1
| #define HAVE_AR_H 1
| #define HAVE_ERR_H 1
| #define HAVE_FCNTL_H 1
| #define HAVE_PATHS_H 1
| #define HAVE_POLL_H 1
| #define HAVE_STRING_H 1
| #define HAVE_SYS_SELECT_H 1
| #define HAVE_SYS_SOCKET_H 1
| #define HAVE_SYS_TIME_H 1
| #define HAVE_SYS_UIO_H 1
| #define HAVE_UNISTD_H 1
| #define HAVE_UTIME_H 1
| #define HAVE_DECL_SYS_SIGLIST 1
| #define TIME_WITH_SYS_TIME 1
| /* end confdefs.h.  */
| #include <sys/types.h>
| #include <signal.h>
| 
| int
| main ()
| {
| return *(signal (0, 0)) (0) == 1;
|   ;
|   return 0;
| }
configure:5101: result: void
configure:5111: checking vfork.h usability
configure:5111: gcc -c -g -O2  -I/home/os161user/os161/toolbuild/bmake/missing -DNEED_HOST_CDEFS_H conftest.c >&5
conftest.c:75:10: fatal error: vfork.h: No such file or directory
   75 | #include <vfork.h>
      |          ^~~~~~~~~
compilation terminated.
configure:5111: $? = 1
configure: failed program was:
| /* confdefs.h */
| #define PACKAGE_NAME "bmake"
| #define PACKAGE_TARNAME "bmake"
| #define PACKAGE_VERSION "20100911"
| #define PACKAGE_STRING "bmake 20100911"
| #define PACKAGE_BUGREPORT "sjg@NetBSD.org"
| #define PACKAGE_URL ""
| #define STDC_HEADERS 1
| #define HAVE_SYS_TYPES_H 1
| #define HAVE_SYS_STAT_H 1
| #define HAVE_STDLIB_H 1
| #define HAVE_STRING_H 1
| #define HAVE_MEMORY_H 1
| #define HAVE_STRINGS_H 1
| #define HAVE_INTTYPES_H 1
| #define HAVE_STDINT_H 1
| #define HAVE_UNISTD_H 1
| #define __EXTENSIONS__ 1
| #define _ALL_SOURCE 1
| #define _GNU_SOURCE 1
| #define _POSIX_PTHREAD_SEMANTICS 1
| #define _TANDEM_SOURCE 1
| #define STDC_HEADERS 1
| #define HAVE_SYS_WAIT_H 1
| #define HAVE_DIRENT_H 1
| #define HAVE_AR_H 1
| #define HAVE_ERR_H 1
| #define HAVE_FCNTL_H 1
| #define HAVE_PATHS_H 1
| #define HAVE_POLL_H 1
| #define HAVE_STRING_H 1
| #define HAVE_SYS_SELECT_H 1
| #define HAVE_SYS_SOCKET_H 1
| #define HAVE_SYS_TIME_H 1
| #define HAVE_SYS_UIO_H 1
| #define HAVE_UNISTD_H 1
| #define HAVE_UTIME_H 1
| #define HAVE_DECL_SYS_SIGLIST 1
| #define TIME_WITH_SYS_TIME 1
| #define RETSIGTYPE void
| /* end confdefs.h.  */
| #include <stdio.h>
| #ifdef HAVE_SYS_TYPES_H
| # include <sys/types.h>
| #endif
| #ifdef HAVE_SYS_STAT_H
| # include <sys/stat.h>
| #endif
| #ifdef STDC_HEADERS
| # include <stdlib.h>
| # include <stddef.h>
| #else
| # ifdef HAVE_STDLIB_H
| #  include <stdlib.h>
| # endif
| #endif
| #ifdef HAVE_STRING_H
| # if !defined STDC_HEADERS && defined HAVE_MEMORY_H
| #  include <memory.h>
| # endif
| # include <string.h>
| #endif
| #ifdef HAVE_STRINGS_H
| # include <strings.h>
| #endif
| #ifdef HAVE_INTTYPES_H
| # include <inttypes.h>
| #endif
| #ifdef HAVE_STDINT_H
| # include <stdint.h>
| #endif
| #ifdef HAVE_UNISTD_H
| # include <unistd.h>
| #endif
| #include <vfork.h>
configure:5111: result: no
configure:5111: checking vfork.h presence
configure:5111: gcc -E  -I/home/os161user/os161/toolbuild/bmake/missing -DNEED_HOST_CDEFS_H conftest.c
conftest.c:42:10: fatal error: vfork.h: No such file or directory
   42 | #include <vfork.h>
      |          ^~~~~~~~~
compilation terminated.
configure:5111: $? = 1
configure: failed program was:
| /* confdefs.h */
| #define PACKAGE_NAME "bmake"
| #define PACKAGE_TARNAME "bmake"
| #define PACKAGE_VERSION "20100911"
| #define PACKAGE_STRING "bmake 20100911"
| #define PACKAGE_BUGREPORT "sjg@NetBSD.org"
| #define PACKAGE_URL ""
| #define STDC_HEADERS 1
| #define HAVE_SYS_TYPES_H 1
| #define HAVE_SYS_STAT_H 1
| #define HAVE_STDLIB_H 1
| #define HAVE_STRING_H 1
| #define HAVE_MEMORY_H 1
| #define HAVE_STRINGS_H 1
| #define HAVE_INTTYPES_H 1
| #define HAVE_STDINT_H 1
| #define HAVE_UNISTD_H 1
| #define __EXTENSIONS__ 1
| #define _ALL_SOURCE 1
| #define _GNU_SOURCE 1
| #define _POSIX_PTHREAD_SEMANTICS 1
| #define _TANDEM_SOURCE 1
| #define STDC_HEADERS 1
| #define HAVE_SYS_WAIT_H 1
| #define HAVE_DIRENT_H 1
| #define HAVE_AR_H 1
| #define HAVE_ERR_H 1
| #define HAVE_FCNTL_H 1
| #define HAVE_PATHS_H 1
| #define HAVE_POLL_H 1
| #define HAVE_STRING_H 1
| #define HAVE_SYS_SELECT_H 1
| #define HAVE_SYS_SOCKET_H 1
| #define HAVE_SYS_TIME_H 1
| #define HAVE_SYS_UIO_H 1
| #define HAVE_UNISTD_H 1
| #define HAVE_UTIME_H 1
| #define HAVE_DECL_SYS_SIGLIST 1
| #define TIME_WITH_SYS_TIME 1
| #define RETSIGTYPE void
| /* end confdefs.h.  */
| #include <vfork.h>
configure:5111: result: no
configure:5111: checking for vfork.h
configure:5111: result: no
configure:5124: checking for fork
configure:5124: gcc -o conftest -g -O2  -I/home/os161user/os161/toolbuild/bmake/missing -DNEED_HOST_CDEFS_H  conftest.c  >&5
conftest.c:65:6: warning: conflicting types for built-in function 'fork'; expected 'int(void)' [-Wbuiltin-declaration-mismatch]
   65 | char fork ();
      |      ^~~~
configure:5124: $? = 0
configure:5124: result: yes
configure:5124: checking for vfork
configure:5124: gcc -o conftest -g -O2  -I/home/os161user/os161/toolbuild/bmake/missing -DNEED_HOST_CDEFS_H  conftest.c  >&5
configure:5124: $? = 0
configure:5124: result: yes
configure:5135: checking for working fork
configure:5157: gcc -o conftest -g -O2  -I/home/os161user/os161/toolbuild/bmake/missing -DNEED_HOST_CDEFS_H  conftest.c  >&5
configure:5157: $? = 0
configure:5157: ./conftest
configure:5157: $? = 0
configure:5167: result: yes
configure:5188: checking for working vfork
configure:5298: result: yes
configure:5325: checking for vprintf
configure:5325: gcc -o conftest -g -O2  -I/home/os161user/os161/toolbuild/bmake/missing -DNEED_HOST_CDEFS_H  conftest.c  >&5
conftest.c:69:6: warning: conflicting types for built-in function 'vprintf'; expected 'int(const char *, __va_list_tag *)' [-Wbuiltin-declaration-mismatch]
   69 | char vprintf ();
      |      ^~~~~~~
conftest.c:57:1: note: 'vprintf' is declared in header '<stdio.h>'
   56 | # include <limits.h>
   57 | #else
configure:5325: $? = 0
configure:5325: result: yes
configure:5331: checking for _doprnt
configure:5331: gcc -o conftest -g -O2  -I/home/os161user/os161/toolbuild/bmake/missing -DNEED_HOST_CDEFS_H  conftest.c  >&5
/usr/bin/ld: /tmp/ccNCsZx0.o: in function `main':
/home/os161user/os161/toolbuild/bmake/conftest.c:81: undefined reference to `_doprnt'
collect2: error: ld returned 1 exit status
configure:5331: $? = 1
configure: failed program was:
| /* confdefs.h */
| #define PACKAGE_NAME "bmake"
| #define PACKAGE_TARNAME "bmake"
| #define PACKAGE_VERSION "20100911"
| #define PACKAGE_STRING "bmake 20100911"
| #define PACKAGE_BUGREPORT "sjg@NetBSD.org"
| #define PACKAGE_URL ""
| #define STDC_HEADERS 1
| #define HAVE_SYS_TYPES_H 1
| #define HAVE_SYS_STAT_H 1
| #define HAVE_STDLIB_H 1
| #define HAVE_STRING_H 1
| #define HAVE_MEMORY_H 1
| #define HAVE_STRINGS_H 1
| #define HAVE_INTTYPES_H 1
| #define HAVE_STDINT_H 1
| #define HAVE_UNISTD_H 1
| #define __EXTENSIONS__ 1
| #define _ALL_SOURCE 1
| #define _GNU_SOURCE 1
| #define _POSIX_PTHREAD_SEMANTICS 1
| #define _TANDEM_SOURCE 1
| #define STDC_HEADERS 1
| #define HAVE_SYS_WAIT_H 1
| #define HAVE_DIRENT_H 1
| #define HAVE_AR_H 1
| #define HAVE_ERR_H 1
| #define HAVE_FCNTL_H 1
| #define HAVE_PATHS_H 1
| #define HAVE_POLL_H 1
| #define HAVE_STRING_H 1
| #define HAVE_SYS_SELECT_H 1
| #define HAVE_SYS_SOCKET_H 1
| #define HAVE_SYS_TIME_H 1
| #define HAVE_SYS_UIO_H 1
| #define HAVE_UNISTD_H 1
| #define HAVE_UTIME_H 1
| #define HAVE_DECL_SYS_SIGLIST 1
| #define TIME_WITH_SYS_TIME 1
| #define RETSIGTYPE void
| #define HAVE_FORK 1
| #define HAVE_VFORK 1
| #define HAVE_WORKING_VFORK 1
| #define HAVE_WORKING_FORK 1
| #define HAVE_VPRINTF 1
| /* end confdefs.h.  */
| /* Define _doprnt to an innocuous variant, in case <limits.h> declares _doprnt.
|    For example, HP-UX 11i <limits.h> declares gettimeofday.  */
| #define _doprnt innocuous__doprnt
| 
| /* System header to define __stub macros and hopefully few prototypes,
|     which can conflict with char _doprnt (); below.
|     Prefer <limits.h> to <assert.h> if __STDC__ is defined, since
|     <limits.h> exists even on freestanding compilers.  */
| 
| #ifdef __STDC__
| # include <limits.h>
| #else
| # include <assert.h>
| #endif
| 
| #undef _doprnt
| 
| /* Override any GCC internal prototype to avoid an error.
|    Use char because int might match the return type of a GCC
|    builtin and then its argument prototype would still apply.  */
| #ifdef __cplusplus
| extern "C"
| #endif
| char _doprnt ();
| /* The GNU C library defines this for functions which it implements
|     to always fail with ENOSYS.  Some functions are actually named
|     something starting with __ and the normal name is an alias.  */
| #if defined __stub__doprnt || defined __stub____doprnt
| choke me
| #endif
| 
| int
| main ()
| {
| return _doprnt ();
|   ;
|   return 0;
| }
configure:5331: result: no
configure:5342: checking for wait3 that fills in rusage
configure:5388: gcc -o conftest -g -O2  -I/home/os161user/os161/toolbuild/bmake/missing -DNEED_HOST_CDEFS_H  conftest.c  >&5
configure:5388: $? = 0
configure:5388: ./conftest
configure:5388: $? = 0
configure:5398: result: yes
configure:5435: checking for err
configure:5435: gcc -o conftest -g -O2  -I/home/os161user/os161/toolbuild/bmake/missing -DNEED_HOST_CDEFS_H  conftest.c  >&5
configure:5435: $? = 0
configure:5435: result: yes
configure:5435: checking for errx
configure:5435: gcc -o conftest -g -O2  -I/home/os161user/os161/toolbuild/bmake/missing -DNEED_HOST_CDEFS_H  conftest.c  >&5
configure:5435: $? = 0
configure:5435: result: yes
configure:5435: checking for getcwd
configure:5435: gcc -o conftest -g -O2  -I/home/os161user/os161/toolbuild/bmake/missing -DNEED_HOST_CDEFS_H  conftest.c  >&5
configure:5435: $? = 0
configure:5435: result: yes
configure:5435: checking for getenv
configure:5435: gcc -o conftest -g -O2  -I/home/os161user/os161/toolbuild/bmake/missing -DNEED_HOST_CDEFS_H  conftest.c  >&5
configure:5435: $? = 0
configure:5435: result: yes
configure:5435: checking for getopt
configure:5435: gcc -o conftest -g -O2  -I/home/os161user/os161/toolbuild/bmake/missing -DNEED_HOST_CDEFS_H  conftest.c  >&5
configure:5435: $? = 0
configure:5435: result: yes
configure:5435: checking for getwd
configure:5435: gcc -o conftest -g -O2  -I/home/os161user/os161/toolbuild/bmake/missing -DNEED_HOST_CDEFS_H  conftest.c  >&5
/usr/bin/ld: /tmp/ccLo2y4s.o: in function `main':
/home/os161user/os161/toolbuild/bmake/conftest.c:87: warning: the `getwd' function is dangerous and should not be used.
configure:5435: $? = 0
configure:5435: result: yes
configure:5435: checking for killpg
configure:5435: gcc -o conftest -g -O2  -I/home/os161user/os161/toolbuild/bmake/missing -DNEED_HOST_CDEFS_H  conftest.c  >&5
configure:5435: $? = 0
configure:5435: result: yes
configure:5435: checking for putenv
configure:5435: gcc -o conftest -g -O2  -I/home/os161user/os161/toolbuild/bmake/missing -DNEED_HOST_CDEFS_H  conftest.c  >&5
configure:5435: $? = 0
configure:5435: result: yes
configure:5435: checking for select
configure:5435: gcc -o conftest -g -O2  -I/home/os161user/os161/toolbuild/bmake/missing -DNEED_HOST_CDEFS_H  conftest.c  >&5
configure:5435: $? = 0
configure:5435: result: yes
configure:5435: checking for setenv
configure:5435: gcc -o conftest -g -O2  -I/home/os161user/os161/toolbuild/bmake/missing -DNEED_HOST_CDEFS_H  conftest.c  >&5
configure:5435: $? = 0
configure:5435: result: yes
configure:5435: checking for sigaction
configure:5435: gcc -o conftest -g -O2  -I/home/os161user/os161/toolbuild/bmake/missing -DNEED_HOST_CDEFS_H  conftest.c  >&5
configure:5435: $? = 0
configure:5435: result: yes
configure:5435: checking for sigvec
configure:5435: gcc -o conftest -g -O2  -I/home/os161user/os161/toolbuild/bmake/missing -DNEED_HOST_CDEFS_H  conftest.c  >&5
/usr/bin/ld: /tmp/cc9wRE1j.o: in function `main':
/home/os161user/os161/toolbuild/bmake/conftest.c:93: undefined reference to `sigvec'
collect2: error: ld returned 1 exit status
configure:5435: $? = 1
configure: failed program was:
| /* confdefs.h */
| #define PACKAGE_NAME "bmake"
| #define PACKAGE_TARNAME "bmake"
| #define PACKAGE_VERSION "20100911"
| #define PACKAGE_STRING "bmake 20100911"
| #define PACKAGE_BUGREPORT "sjg@NetBSD.org"
| #define PACKAGE_URL ""
| #define STDC_HEADERS 1
| #define HAVE_SYS_TYPES_H 1
| #define HAVE_SYS_STAT_H 1
| #define HAVE_STDLIB_H 1
| #define HAVE_STRING_H 1
| #define HAVE_MEMORY_H 1
| #define HAVE_STRINGS_H 1
| #define HAVE_INTTYPES_H 1
| #define HAVE_STDINT_H 1
| #define HAVE_UNISTD_H 1
| #define __EXTENSIONS__ 1
| #define _ALL_SOURCE 1
| #define _GNU_SOURCE 1
| #define _POSIX_PTHREAD_SEMANTICS 1
| #define _TANDEM_SOURCE 1
| #define STDC_HEADERS 1
| #define HAVE_SYS_WAIT_H 1
| #define HAVE_DIRENT_H 1
| #define HAVE_AR_H 1
| #define HAVE_ERR_H 1
| #define HAVE_FCNTL_H 1
| #define HAVE_PATHS_H 1
| #define HAVE_POLL_H 1
| #define HAVE_STRING_H 1
| #define HAVE_SYS_SELECT_H 1
| #define HAVE_SYS_SOCKET_H 1
| #define HAVE_SYS_TIME_H 1
| #define HAVE_SYS_UIO_H 1
| #define HAVE_UNISTD_H 1
| #define HAVE_UTIME_H 1
| #define HAVE_DECL_SYS_SIGLIST 1
| #define TIME_WITH_SYS_TIME 1
| #define RETSIGTYPE void
| #define HAVE_FORK 1
| #define HAVE_VFORK 1
| #define HAVE_WORKING_VFORK 1
| #define HAVE_WORKING_FORK 1
| #define HAVE_VPRINTF 1
| #define HAVE_WAIT3 1
| #define HAVE_ERR 1
| #define HAVE_ERRX 1
| #define HAVE_GETCWD 1
| #define HAVE_GETENV 1
| #define HAVE_GETOPT 1
| #define HAVE_GETWD 1
| #define HAVE_KILLPG 1
| #define HAVE_PUTENV 1
| #define HAVE_SELECT 1
| #define HAVE_SETENV 1
| #define HAVE_SIGACTION 1
| /* end confdefs.h.  */
| /* Define sigvec to an innocuous variant, in case <limits.h> declares sigvec.
|    For example, HP-UX 11i <limits.h> declares gettimeofday.  */
| #define sigvec innocuous_sigvec
| 
| /* System header to define __stub macros and hopefully few prototypes,
|     which can conflict with char sigvec (); below.
|     Prefer <limits.h> to <assert.h> if __STDC__ is defined, since
|     <limits.h> exists even on freestanding compilers.  */
| 
| #ifdef __STDC__
| # include <limits.h>
| #else
| # include <assert.h>
| #endif
| 
| #undef sigvec
| 
| /* Override any GCC internal prototype to avoid an error.
|    Use char because int might match the return type of a GCC
|    builtin and then its argument prototype would still apply.  */
| #ifdef __cplusplus
| extern "C"
| #endif
| char sigvec ();
| /* The GNU C library defines this for functions which it implements
|     to always fail with ENOSYS.  Some functions are actually named
|     something starting with __ and the normal name is an alias.  */
| #if defined __stub_sigvec || defined __stub___sigvec
| choke me
| #endif
| 
| int
| main ()
| {
| return sigvec ();
|   ;
|   return 0;
| }
configure:5435: result: no
configure:5435: checking for snprintf
configure:5435: gcc -o conftest -g -O2  -I/home/os161user/os161/toolbuild/bmake/missing -DNEED_HOST_CDEFS_H  conftest.c  >&5
conftest.c:82:6: warning: conflicting types for built-in function 'snprintf'; expected 'int(char *, long unsigned int,  const char *, ...)' [-Wbuiltin-declaration-mismatch]
   82 | char snprintf ();
      |      ^~~~~~~~
conftest.c:70:1: note: 'snprintf' is declared in header '<stdio.h>'
   69 | # include <limits.h>
   70 | #else
configure:5435: $? = 0
configure:5435: result: yes
configure:5435: checking for strerror
configure:5435: gcc -o conftest -g -O2  -I/home/os161user/os161/toolbuild/bmake/missing -DNEED_HOST_CDEFS_H  conftest.c  >&5
configure:5435: $? = 0
configure:5435: result: yes
configure:5435: checking for strftime
configure:5435: gcc -o conftest -g -O2  -I/home/os161user/os161/toolbuild/bmake/missing -DNEED_HOST_CDEFS_H  conftest.c  >&5
conftest.c:84:6: warning: conflicting types for built-in function 'strftime'; expected 'long unsigned int(char *, long unsigned int,  const char *, const void *)' [-Wbuiltin-declaration-mismatch]
   84 | char strftime ();
      |      ^~~~~~~~
conftest.c:72:1: note: 'strftime' is declared in header '<time.h>'
   71 | # include <limits.h>
   72 | #else
configure:5435: $? = 0
configure:5435: result: yes
configure:5435: checking for strsep
configure:5435: gcc -o conftest -g -O2  -I/home/os161user/os161/toolbuild/bmake/missing -DNEED_HOST_CDEFS_H  conftest.c  >&5
configure:5435: $? = 0
configure:5435: result: yes
configure:5435: checking for strtod
configure:5435: gcc -o conftest -g -O2  -I/home/os161user/os161/toolbuild/bmake/missing -DNEED_HOST_CDEFS_H  conftest.c  >&5
configure:5435: $? = 0
configure:5435: result: yes
configure:5435: checking for strtol
configure:5435: gcc -o conftest -g -O2  -I/home/os161user/os161/toolbuild/bmake/missing -DNEED_HOST_CDEFS_H  conftest.c  >&5
configure:5435: $? = 0
configure:5435: result: yes
configure:5435: checking for unsetenv
configure:5435: gcc -o conftest -g -O2  -I/home/os161user/os161/toolbuild/bmake/missing -DNEED_HOST_CDEFS_H  conftest.c  >&5
configure:5435: $? = 0
configure:5435: result: yes
configure:5435: checking for vsnprintf
configure:5435: gcc -o conftest -g -O2  -I/home/os161user/os161/toolbuild/bmake/missing -DNEED_HOST_CDEFS_H  conftest.c  >&5
conftest.c:89:6: warning: conflicting types for built-in function 'vsnprintf'; expected 'int(char *, long unsigned int,  const char *, __va_list_tag *)' [-Wbuiltin-declaration-mismatch]
   89 | char vsnprintf ();
      |      ^~~~~~~~~
conftest.c:77:1: note: 'vsnprintf' is declared in header '<stdio.h>'
   76 | # include <limits.h>
   77 | #else
configure:5435: $? = 0
configure:5435: result: yes
configure:5435: checking for wait3
configure:5435: gcc -o conftest -g -O2  -I/home/os161user/os161/toolbuild/bmake/missing -DNEED_HOST_CDEFS_H  conftest.c  >&5
configure:5435: $? = 0
configure:5435: result: yes
configure:5435: checking for wait4
configure:5435: gcc -o conftest -g -O2  -I/home/os161user/os161/toolbuild/bmake/missing -DNEED_HOST_CDEFS_H  conftest.c  >&5
configure:5435: $? = 0
configure:5435: result: yes
configure:5435: checking for waitpid
configure:5435: gcc -o conftest -g -O2  -I/home/os161user/os161/toolbuild/bmake/missing -DNEED_HOST_CDEFS_H  conftest.c  >&5
configure:5435: $? = 0
configure:5435: result: yes
configure:5435: checking for warn
configure:5435: gcc -o conftest -g -O2  -I/home/os161user/os161/toolbuild/bmake/missing -DNEED_HOST_CDEFS_H  conftest.c  >&5
configure:5435: $? = 0
configure:5435: result: yes
configure:5435: checking for warnx
configure:5435: gcc -o conftest -g -O2  -I/home/os161user/os161/toolbuild/bmake/missing -DNEED_HOST_CDEFS_H  conftest.c  >&5
configure:5435: $? = 0
configure:5435: result: yes
configure:5455: checking for getenv
configure:5455: result: yes
configure:5455: checking for realpath
configure:5455: gcc -o conftest -g -O2  -I/home/os161user/os161/toolbuild/bmake/missing -DNEED_HOST_CDEFS_H  conftest.c  >&5
configure:5455: $? = 0
configure:5455: result: yes
configure:5455: checking for dirname
configure:5455: gcc -o conftest -g -O2  -I/home/os161user/os161/toolbuild/bmake/missing -DNEED_HOST_CDEFS_H  conftest.c  >&5
configure:5455: $? = 0
configure:5455: result: yes
configure:5455: checking for stresep
configure:5455: gcc -o conftest -g -O2  -I/home/os161user/os161/toolbuild/bmake/missing -DNEED_HOST_CDEFS_H  conftest.c  >&5
/usr/bin/ld: /tmp/ccERefeA.o: in function `main':
/home/os161user/os161/toolbuild/bmake/conftest.c:109: undefined reference to `stresep'
collect2: error: ld returned 1 exit status
configure:5455: $? = 1
configure: failed program was:
| /* confdefs.h */
| #define PACKAGE_NAME "bmake"
| #define PACKAGE_TARNAME "bmake"
| #define PACKAGE_VERSION "20100911"
| #define PACKAGE_STRING "bmake 20100911"
| #define PACKAGE_BUGREPORT "sjg@NetBSD.org"
| #define PACKAGE_URL ""
| #define STDC_HEADERS 1
| #define HAVE_SYS_TYPES_H 1
| #define HAVE_SYS_STAT_H 1
| #define HAVE_STDLIB_H 1
| #define HAVE_STRING_H 1
| #define HAVE_MEMORY_H 1
| #define HAVE_STRINGS_H 1
| #define HAVE_INTTYPES_H 1
| #define HAVE_STDINT_H 1
| #define HAVE_UNISTD_H 1
| #define __EXTENSIONS__ 1
| #define _ALL_SOURCE 1
| #define _GNU_SOURCE 1
| #define _POSIX_PTHREAD_SEMANTICS 1
| #define _TANDEM_SOURCE 1
| #define STDC_HEADERS 1
| #define HAVE_SYS_WAIT_H 1
| #define HAVE_DIRENT_H 1
| #define HAVE_AR_H 1
| #define HAVE_ERR_H 1
| #define HAVE_FCNTL_H 1
| #define HAVE_PATHS_H 1
| #define HAVE_POLL_H 1
| #define HAVE_STRING_H 1
| #define HAVE_SYS_SELECT_H 1
| #define HAVE_SYS_SOCKET_H 1
| #define HAVE_SYS_TIME_H 1
| #define HAVE_SYS_UIO_H 1
| #define HAVE_UNISTD_H 1
| #define HAVE_UTIME_H 1
| #define HAVE_DECL_SYS_SIGLIST 1
| #define TIME_WITH_SYS_TIME 1
| #define RETSIGTYPE void
| #define HAVE_FORK 1
| #define HAVE_VFORK 1
| #define HAVE_WORKING_VFORK 1
| #define HAVE_WORKING_FORK 1
| #define HAVE_VPRINTF 1
| #define HAVE_WAIT3 1
| #define HAVE_ERR 1
| #define HAVE_ERRX 1
| #define HAVE_GETCWD 1
| #define HAVE_GETENV 1
| #define HAVE_GETOPT 1
| #define HAVE_GETWD 1
| #define HAVE_KILLPG 1
| #define HAVE_PUTENV 1
| #define HAVE_SELECT 1
| #define HAVE_SETENV 1
| #define HAVE_SIGACTION 1
| #define HAVE_SNPRINTF 1
| #define HAVE_STRERROR 1
| #define HAVE_STRFTIME 1
| #define HAVE_STRSEP 1
| #define HAVE_STRTOD 1
| #define HAVE_STRTOL 1
| #define HAVE_UNSETENV 1
| #define HAVE_VSNPRINTF 1
| #define HAVE_WAIT3 1
| #define HAVE_WAIT4 1
| #define HAVE_WAITPID 1
| #define HAVE_WARN 1
| #define HAVE_WARNX 1
| #define HAVE_GETENV 1
| #define HAVE_REALPATH 1
| #define HAVE_DIRNAME 1
| /* end confdefs.h.  */
| /* Define stresep to an innocuous variant, in case <limits.h> declares stresep.
|    For example, HP-UX 11i <limits.h> declares gettimeofday.  */
| #define stresep innocuous_stresep
| 
| /* System header to define __stub macros and hopefully few prototypes,
|     which can conflict with char stresep (); below.
|     Prefer <limits.h> to <assert.h> if __STDC__ is defined, since
|     <limits.h> exists even on freestanding compilers.  */
| 
| #ifdef __STDC__
| # include <limits.h>
| #else
| # include <assert.h>
| #endif
| 
| #undef stresep
| 
| /* Override any GCC internal prototype to avoid an error.
|    Use char because int might match the return type of a GCC
|    builtin and then its argument prototype would still apply.  */
| #ifdef __cplusplus
| extern "C"
| #endif
| char stresep ();
| /* The GNU C library defines this for functions which it implements
|     to always fail with ENOSYS.  Some functions are actually named
|     something starting with __ and the normal name is an alias.  */
| #if defined __stub_stresep || defined __stub___stresep
| choke me
| #endif
| 
| int
| main ()
| {
| return stresep ();
|   ;
|   return 0;
| }
configure:5455: result: no
configure:5455: checking for strlcpy
configure:5455: gcc -o conftest -g -O2  -I/home/os161user/os161/toolbuild/bmake/missing -DNEED_HOST_CDEFS_H  conftest.c  >&5
/usr/bin/ld: /tmp/cc8Mc0ZX.o: in function `main':
/home/os161user/os161/toolbuild/bmake/conftest.c:109: undefined reference to `strlcpy'
collect2: error: ld returned 1 exit status
configure:5455: $? = 1
configure: failed program was:
| /* confdefs.h */
| #define PACKAGE_NAME "bmake"
| #define PACKAGE_TARNAME "bmake"
| #define PACKAGE_VERSION "20100911"
| #define PACKAGE_STRING "bmake 20100911"
| #define PACKAGE_BUGREPORT "sjg@NetBSD.org"
| #define PACKAGE_URL ""
| #define STDC_HEADERS 1
| #define HAVE_SYS_TYPES_H 1
| #define HAVE_SYS_STAT_H 1
| #define HAVE_STDLIB_H 1
| #define HAVE_STRING_H 1
| #define HAVE_MEMORY_H 1
| #define HAVE_STRINGS_H 1
| #define HAVE_INTTYPES_H 1
| #define HAVE_STDINT_H 1
| #define HAVE_UNISTD_H 1
| #define __EXTENSIONS__ 1
| #define _ALL_SOURCE 1
| #define _GNU_SOURCE 1
| #define _POSIX_PTHREAD_SEMANTICS 1
| #define _TANDEM_SOURCE 1
| #define STDC_HEADERS 1
| #define HAVE_SYS_WAIT_H 1
| #define HAVE_DIRENT_H 1
| #define HAVE_AR_H 1
| #define HAVE_ERR_H 1
| #define HAVE_FCNTL_H 1
| #define HAVE_PATHS_H 1
| #define HAVE_POLL_H 1
| #define HAVE_STRING_H 1
| #define HAVE_SYS_SELECT_H 1
| #define HAVE_SYS_SOCKET_H 1
| #define HAVE_SYS_TIME_H 1
| #define HAVE_SYS_UIO_H 1
| #define HAVE_UNISTD_H 1
| #define HAVE_UTIME_H 1
| #define HAVE_DECL_SYS_SIGLIST 1
| #define TIME_WITH_SYS_TIME 1
| #define RETSIGTYPE void
| #define HAVE_FORK 1
| #define HAVE_VFORK 1
| #define HAVE_WORKING_VFORK 1
| #define HAVE_WORKING_FORK 1
| #define HAVE_VPRINTF 1
| #define HAVE_WAIT3 1
| #define HAVE_ERR 1
| #define HAVE_ERRX 1
| #define HAVE_GETCWD 1
| #define HAVE_GETENV 1
| #define HAVE_GETOPT 1
| #define HAVE_GETWD 1
| #define HAVE_KILLPG 1
| #define HAVE_PUTENV 1
| #define HAVE_SELECT 1
| #define HAVE_SETENV 1
| #define HAVE_SIGACTION 1
| #define HAVE_SNPRINTF 1
| #define HAVE_STRERROR 1
| #define HAVE_STRFTIME 1
| #define HAVE_STRSEP 1
| #define HAVE_STRTOD 1
| #define HAVE_STRTOL 1
| #define HAVE_UNSETENV 1
| #define HAVE_VSNPRINTF 1
| #define HAVE_WAIT3 1
| #define HAVE_WAIT4 1
| #define HAVE_WAITPID 1
| #define HAVE_WARN 1
| #define HAVE_WARNX 1
| #define HAVE_GETENV 1
| #define HAVE_REALPATH 1
| #define HAVE_DIRNAME 1
| /* end confdefs.h.  */
| /* Define strlcpy to an innocuous variant, in case <limits.h> declares strlcpy.
|    For example, HP-UX 11i <limits.h> declares gettimeofday.  */
| #define strlcpy innocuous_strlcpy
| 
| /* System header to define __stub macros and hopefully few prototypes,
|     which can conflict with char strlcpy (); below.
|     Prefer <limits.h> to <assert.h> if __STDC__ is defined, since
|     <limits.h> exists even on freestanding compilers.  */
| 
| #ifdef __STDC__
| # include <limits.h>
| #else
| # include <assert.h>
| #endif
| 
| #undef strlcpy
| 
| /* Override any GCC internal prototype to avoid an error.
|    Use char because int might match the return type of a GCC
|    builtin and then its argument prototype would still apply.  */
| #ifdef __cplusplus
| extern "C"
| #endif
| char strlcpy ();
| /* The GNU C library defines this for functions which it implements
|     to always fail with ENOSYS.  Some functions are actually named
|     something starting with __ and the normal name is an alias.  */
| #if defined __stub_strlcpy || defined __stub___strlcpy
| choke me
| #endif
| 
| int
| main ()
| {
| return strlcpy ();
|   ;
|   return 0;
| }
configure:5455: result: no
configure:5474: checking for emalloc in -lutil
configure:5499: gcc -o conftest -g -O2  -I/home/os161user/os161/toolbuild/bmake/missing -DNEED_HOST_CDEFS_H  conftest.c -lutil   >&5
/usr/bin/ld: /tmp/ccO7UkL0.o: in function `main':
/home/os161user/os161/toolbuild/bmake/conftest.c:86: undefined reference to `emalloc'
collect2: error: ld returned 1 exit status
configure:5499: $? = 1
configure: failed program was:
| /* confdefs.h */
| #define PACKAGE_NAME "bmake"
| #define PACKAGE_TARNAME "bmake"
| #define PACKAGE_VERSION "20100911"
| #define PACKAGE_STRING "bmake 20100911"
| #define PACKAGE_BUGREPORT "sjg@NetBSD.org"
| #define PACKAGE_URL ""
| #define STDC_HEADERS 1
| #define HAVE_SYS_TYPES_H 1
| #define HAVE_SYS_STAT_H 1
| #define HAVE_STDLIB_H 1
| #define HAVE_STRING_H 1
| #define HAVE_MEMORY_H 1
| #define HAVE_STRINGS_H 1
| #define HAVE_INTTYPES_H 1
| #define HAVE_STDINT_H 1
| #define HAVE_UNISTD_H 1
| #define __EXTENSIONS__ 1
| #define _ALL_SOURCE 1
| #define _GNU_SOURCE 1
| #define _POSIX_PTHREAD_SEMANTICS 1
| #define _TANDEM_SOURCE 1
| #define STDC_HEADERS 1
| #define HAVE_SYS_WAIT_H 1
| #define HAVE_DIRENT_H 1
| #define HAVE_AR_H 1
| #define HAVE_ERR_H 1
| #define HAVE_FCNTL_H 1
| #define HAVE_PATHS_H 1
| #define HAVE_POLL_H 1
| #define HAVE_STRING_H 1
| #define HAVE_SYS_SELECT_H 1
| #define HAVE_SYS_SOCKET_H 1
| #define HAVE_SYS_TIME_H 1
| #define HAVE_SYS_UIO_H 1
| #define HAVE_UNISTD_H 1
| #define HAVE_UTIME_H 1
| #define HAVE_DECL_SYS_SIGLIST 1
| #define TIME_WITH_SYS_TIME 1
| #define RETSIGTYPE void
| #define HAVE_FORK 1
| #define HAVE_VFORK 1
| #define HAVE_WORKING_VFORK 1
| #define HAVE_WORKING_FORK 1
| #define HAVE_VPRINTF 1
| #define HAVE_WAIT3 1
| #define HAVE_ERR 1
| #define HAVE_ERRX 1
| #define HAVE_GETCWD 1
| #define HAVE_GETENV 1
| #define HAVE_GETOPT 1
| #define HAVE_GETWD 1
| #define HAVE_KILLPG 1
| #define HAVE_PUTENV 1
| #define HAVE_SELECT 1
| #define HAVE_SETENV 1
| #define HAVE_SIGACTION 1
| #define HAVE_SNPRINTF 1
| #define HAVE_STRERROR 1
| #define HAVE_STRFTIME 1
| #define HAVE_STRSEP 1
| #define HAVE_STRTOD 1
| #define HAVE_STRTOL 1
| #define HAVE_UNSETENV 1
| #define HAVE_VSNPRINTF 1
| #define HAVE_WAIT3 1
| #define HAVE_WAIT4 1
| #define HAVE_WAITPID 1
| #define HAVE_WARN 1
| #define HAVE_WARNX 1
| #define HAVE_GETENV 1
| #define HAVE_REALPATH 1
| #define HAVE_DIRNAME 1
| /* end confdefs.h.  */
| 
| /* Override any GCC internal prototype to avoid an error.
|    Use char because int might match the return type of a GCC
|    builtin and then its argument prototype would still apply.  */
| #ifdef __cplusplus
| extern "C"
| #endif
| char emalloc ();
| int
| main ()
| {
| return emalloc ();
|   ;
|   return 0;
| }
configure:5508: result: no
configure:5633: checking whether stat file-mode macros are broken
configure:5660: gcc -c -g -O2  -I/home/os161user/os161/toolbuild/bmake/missing -DNEED_HOST_CDEFS_H conftest.c >&5
configure:5660: $? = 0
configure:5667: result: no
configure:5675: checking for struct stat.st_rdev
configure:5675: gcc -c -g -O2  -I/home/os161user/os161/toolbuild/bmake/missing -DNEED_HOST_CDEFS_H conftest.c >&5
configure:5675: $? = 0
configure:5675: result: yes
configure:5947: creating ./config.status

## ---------------------- ##
## Running config.status. ##
## ---------------------- ##

This file was extended by bmake config.status 20100911, which was
generated by GNU Autoconf 2.64.  Invocation command line was

  CONFIG_FILES    = 
  CONFIG_HEADERS  = 
  CONFIG_LINKS    = 
  CONFIG_COMMANDS = 
  $ ./config.status 

on os161user-VirtualBox

config.status:867: creating Makefile
config.status:867: creating make-bootstrap.sh
config.status:867: creating unit-tests/Makefile
config.status:867: creating config.h

## ---------------- ##
## Cache variables. ##
## ---------------- ##

ac_cv___attribute__=no
ac_cv_c_bigendian=no
ac_cv_c_compiler_gnu=yes
ac_cv_c_const=yes
ac_cv_env_CC_set=
ac_cv_env_CC_value=
ac_cv_env_CFLAGS_set=
ac_cv_env_CFLAGS_value=
ac_cv_env_CPPFLAGS_set=
ac_cv_env_CPPFLAGS_value=
ac_cv_env_CPP_set=
ac_cv_env_CPP_value=
ac_cv_env_LDFLAGS_set=
ac_cv_env_LDFLAGS_value=
ac_cv_env_LIBS_set=
ac_cv_env_LIBS_value=
ac_cv_env_build_alias_set=
ac_cv_env_build_alias_value=
ac_cv_env_host_alias_set=
ac_cv_env_host_alias_value=
ac_cv_env_target_alias_set=
ac_cv_env_target_alias_value=
ac_cv_func__doprnt=no
ac_cv_func_dirname=yes
ac_cv_func_err=yes
ac_cv_func_errx=yes
ac_cv_func_fork=yes
ac_cv_func_fork_works=yes
ac_cv_func_getcwd=yes
ac_cv_func_getenv=yes
ac_cv_func_getopt=yes
ac_cv_func_getwd=yes
ac_cv_func_killpg=yes
ac_cv_func_putenv=yes
ac_cv_func_realpath=yes
ac_cv_func_select=yes
ac_cv_func_setenv=yes
ac_cv_func_sigaction=yes
ac_cv_func_sigvec=no
ac_cv_func_snprintf=yes
ac_cv_func_strerror=yes
ac_cv_func_stresep=no
ac_cv_func_strftime=yes
ac_cv_func_strlcpy=no
ac_cv_func_strsep=yes
ac_cv_func_strtod=yes
ac_cv_func_strtol=yes
ac_cv_func_unsetenv=yes
ac_cv_func_vfork=yes
ac_cv_func_vfork_works=yes
ac_cv_func_vprintf=yes
ac_cv_func_vsnprintf=yes
ac_cv_func_wait3=yes
ac_cv_func_wait3_rusage=yes
ac_cv_func_wait4=yes
ac_cv_func_waitpid=yes
ac_cv_func_warn=yes
ac_cv_func_warnx=yes
ac_cv_have_decl_sys_siglist=yes
ac_cv_header_ar_h=yes
ac_cv_header_dirent_dirent_h=yes
ac_cv_header_err_h=yes
ac_cv_header_fcntl_h=yes
ac_cv_header_inttypes_h=yes
ac_cv_header_memory_h=yes
ac_cv_header_minix_config_h=no
ac_cv_header_paths_h=yes
ac_cv_header_poll_h=yes
ac_cv_header_ranlib_h=no
ac_cv_header_stat_broken=no
ac_cv_header_stdc=yes
ac_cv_header_stdint_h=yes
ac_cv_header_stdlib_h=yes
ac_cv_header_string_h=yes
ac_cv_header_strings_h=yes
ac_cv_header_sys_cdefs_h=yes
ac_cv_header_sys_select_h=yes
ac_cv_header_sys_socket_h=yes
ac_cv_header_sys_stat_h=yes
ac_cv_header_sys_time_h=yes
ac_cv_header_sys_types_h=yes
ac_cv_header_sys_uio_h=yes
ac_cv_header_sys_wait_h=yes
ac_cv_header_time=yes
ac_cv_header_unistd_h=yes
ac_cv_header_utime_h=yes
ac_cv_header_vfork_h=no
ac_cv_lib_util_emalloc=no
ac_cv_member_struct_stat_st_rdev=yes
ac_cv_objext=o
ac_cv_path_EGREP='/usr/bin/grep -E'
ac_cv_path_GREP=/usr/bin/grep
ac_cv_path_install='/usr/bin/install -c'
ac_cv_prog_CPP='gcc -E'
ac_cv_prog_ac_ct_CC=gcc
ac_cv_prog_cc_c89=
ac_cv_prog_cc_g=yes
ac_cv_prog_gcc_traditional=no
ac_cv_safe_to_define___extensions__=yes
ac_cv_search_opendir='none required'
ac_cv_struct_tm=time.h
ac_cv_type_off_t=yes
ac_cv_type_pid_t=yes
ac_cv_type_signal=void
ac_cv_type_size_t=yes

## ----------------- ##
## Output variables. ##
## ----------------- ##

CC='gcc'
CFLAGS='-g -O2'
CPP='gcc -E'
CPPFLAGS=' -I/home/os161user/os161/toolbuild/bmake/missing -DNEED_HOST_CDEFS_H'
DEFS='-DHAVE_CONFIG_H'
ECHO_C=''
ECHO_N='-n'
ECHO_T=''
EGREP='/usr/bin/grep -E'
EXEEXT=''
GCC='yes'
GREP='/usr/bin/grep'
INSTALL='/usr/bin/install -c'
INSTALL_DATA='${INSTALL} -m 644'
INSTALL_PROGRAM='${INSTALL}'
INSTALL_SCRIPT='${INSTALL}'
LDFLAGS=''
LIBOBJS=' ${LIBOBJDIR}stresep$U.o ${LIBOBJDIR}strlcpy$U.o'
LIBS=''
LTLIBOBJS=' ${LIBOBJDIR}stresep$U.lo ${LIBOBJDIR}strlcpy$U.lo'
OBJEXT='o'
PACKAGE_BUGREPORT='sjg@NetBSD.org'
PACKAGE_NAME='bmake'
PACKAGE_STRING='bmake 20100911'
PACKAGE_TARNAME='bmake'
PACKAGE_URL=''
PACKAGE_VERSION='20100911'
PATH_SEPARATOR=':'
SHELL='/bin/bash'
ac_ct_CC='gcc'
ac_exe_suffix=''
bindir='${exec_prefix}/bin'
build_alias=''
datadir='${datarootdir}'
datarootdir='${prefix}/share'
default_sys_path='/home/os161user/os161/tools/share/mk'
diff_u='-u'
docdir='${datarootdir}/doc/${PACKAGE_TARNAME}'
dvidir='${docdir}'
exec_prefix='${prefix}'
filemon_h='no'
force_machine=''
host_alias=''
htmldir='${docdir}'
includedir='${prefix}/include'
infodir='${datarootdir}/info'
libdir='${exec_prefix}/lib'
libexecdir='${exec_prefix}/libexec'
localedir='${datarootdir}/locale'
localstatedir='${prefix}/var'
machine='linux5'
machine_arch='x86_64'
mandir='${datarootdir}/man'
mksrc='${srcdir}/mk'
oldincludedir='/usr/include'
pdfdir='${docdir}'
prefix='/home/os161user/os161/tools'
program_transform_name='s,x,x,'
psdir='${docdir}'
sbindir='${exec_prefix}/sbin'
sharedstatedir='${prefix}/com'
sysconfdir='${prefix}/etc'
target_alias=''
use_meta='yes'

## ----------- ##
## confdefs.h. ##
## ----------- ##

/* confdefs.h */
#define PACKAGE_NAME "bmake"
#define PACKAGE_TARNAME "bmake"
#define PACKAGE_VERSION "20100911"
#define PACKAGE_STRING "bmake 20100911"
#define PACKAGE_BUGREPORT "sjg@NetBSD.org"
#define PACKAGE_URL ""
#define STDC_HEADERS 1
#define HAVE_SYS_TYPES_H 1
#define HAVE_SYS_STAT_H 1
#define HAVE_STDLIB_H 1
#define HAVE_STRING_H 1
#define HAVE_MEMORY_H 1
#define HAVE_STRINGS_H 1
#define HAVE_INTTYPES_H 1
#define HAVE_STDINT_H 1
#define HAVE_UNISTD_H 1
#define __EXTENSIONS__ 1
#define _ALL_SOURCE 1
#define _GNU_SOURCE 1
#define _POSIX_PTHREAD_SEMANTICS 1
#define _TANDEM_SOURCE 1
#define STDC_HEADERS 1
#define HAVE_SYS_WAIT_H 1
#define HAVE_DIRENT_H 1
#define HAVE_AR_H 1
#define HAVE_ERR_H 1
#define HAVE_FCNTL_H 1
#define HAVE_PATHS_H 1
#define HAVE_POLL_H 1
#define HAVE_STRING_H 1
#define HAVE_SYS_SELECT_H 1
#define HAVE_SYS_SOCKET_H 1
#define HAVE_SYS_TIME_H 1
#define HAVE_SYS_UIO_H 1
#define HAVE_UNISTD_H 1
#define HAVE_UTIME_H 1
#define HAVE_DECL_SYS_SIGLIST 1
#define TIME_WITH_SYS_TIME 1
#define RETSIGTYPE void
#define HAVE_FORK 1
#define HAVE_VFORK 1
#define HAVE_WORKING_VFORK 1
#define HAVE_WORKING_FORK 1
#define HAVE_VPRINTF 1
#define HAVE_WAIT3 1
#define HAVE_ERR 1
#define HAVE_ERRX 1
#define HAVE_GETCWD 1
#define HAVE_GETENV 1
#define HAVE_GETOPT 1
#define HAVE_GETWD 1
#define HAVE_KILLPG 1
#define HAVE_PUTENV 1
#define HAVE_SELECT 1
#define HAVE_SETENV 1
#define HAVE_SIGACTION 1
#define HAVE_SNPRINTF 1
#define HAVE_STRERROR 1
#define HAVE_STRFTIME 1
#define HAVE_STRSEP 1
#define HAVE_STRTOD 1
#define HAVE_STRTOL 1
#define HAVE_UNSETENV 1
#define HAVE_VSNPRINTF 1
#define HAVE_WAIT3 1
#define HAVE_WAIT4 1
#define HAVE_WAITPID 1
#define HAVE_WARN 1
#define HAVE_WARNX 1
#define HAVE_GETENV 1
#define HAVE_REALPATH 1
#define HAVE_DIRNAME 1
#define HAVE_STRUCT_STAT_ST_RDEV 1
#define HAVE_ST_RDEV 1

configure: exit 0
