This file contains any messages produced by compilers while
running configure, to aid debugging if configure makes a mistake.

It was created by configure, which was
generated by GNU Autoconf 2.64.  Invocation command line was

  $ ./configure --disable-option-checking --prefix=/home/os161user/os161/tools --with-system-zlib --program-transform-name=s&^&mips-harvard-os161-& --build=x86_64-unknown-linux-gnu --host=x86_64-unknown-linux-gnu --target=mips-harvard-os161 build_alias=x86_64-unknown-linux-gnu host_alias=x86_64-unknown-linux-gnu target_alias=mips-harvard-os161 CC=gcc CFLAGS=-g -O2 LDFLAGS=-static-libstdc++ -static-libgcc  --cache-file=.././config.cache --srcdir=.

## --------- ##
## Platform. ##
## --------- ##

hostname = os161user-VirtualBox
uname -m = x86_64
uname -r = 5.8.0-45-generic
uname -s = Linux
uname -v = #51~20.04.1-Ubuntu SMP Tue Feb 23 13:46:31 UTC 2021

/usr/bin/uname -p = x86_64
/bin/uname -X     = unknown

/bin/arch              = x86_64
/usr/bin/arch -k       = unknown
/usr/convex/getsysinfo = unknown
/usr/bin/hostinfo      = unknown
/bin/machine           = unknown
/usr/bin/oslevel       = unknown
/bin/universe          = unknown

PATH: /home/os161user/os161/tools/bin
PATH: /usr/local/sbin
PATH: /usr/local/bin
PATH: /usr/sbin
PATH: /usr/bin
PATH: /sbin
PATH: /bin
PATH: /usr/games
PATH: /usr/local/games
PATH: /snap/bin


## ----------- ##
## Core tests. ##
## ----------- ##

configure:2230: loading cache .././config.cache
configure:2323: checking for x86_64-unknown-linux-gnu-gcc
configure:2350: result: gcc
configure:2619: checking for C compiler version
configure:2628: gcc --version >&5
gcc (Ubuntu 9.3.0-17ubuntu1~20.04) 9.3.0
Copyright (C) 2019 Free Software Foundation, Inc.
This is free software; see the source for copying conditions.  There is NO
warranty; not even for MERCHANTABILITY or FITNESS FOR A PARTICULAR PURPOSE.

configure:2639: $? = 0
configure:2628: gcc -v >&5
Using built-in specs.
COLLECT_GCC=gcc
COLLECT_LTO_WRAPPER=/usr/lib/gcc/x86_64-linux-gnu/9/lto-wrapper
OFFLOAD_TARGET_NAMES=nvptx-none:hsa
OFFLOAD_TARGET_DEFAULT=1
Target: x86_64-linux-gnu
Configured with: ../src/configure -v --with-pkgversion='Ubuntu 9.3.0-17ubuntu1~20.04' --with-bugurl=file:///usr/share/doc/gcc-9/README.Bugs --enable-languages=c,ada,c++,go,brig,d,fortran,objc,obj-c++,gm2 --prefix=/usr --with-gcc-major-version-only --program-suffix=-9 --program-prefix=x86_64-linux-gnu- --enable-shared --enable-linker-build-id --libexecdir=/usr/lib --without-included-gettext --enable-threads=posix --libdir=/usr/lib --enable-nls --enable-clocale=gnu --enable-libstdcxx-debug --enable-libstdcxx-time=yes --with-default-libstdcxx-abi=new --enable-gnu-unique-object --disable-vtable-verify --enable-plugin --enable-default-pie --with-system-zlib --with-target-system-zlib=auto --enable-objc-gc=auto --enable-multiarch --disable-werror --with-arch-32=i686 --with-abi=m64 --with-multilib-list=m32,m64,mx32 --enable-multilib --with-tune=generic --enable-offload-targets=nvptx-none=/build/gcc-9-HskZEa/gcc-9-9.3.0/debian/tmp-nvptx/usr,hsa --without-cuda-driver --enable-checking=release --build=x86_64-linux-gnu --host=x86_64-linux-gnu --target=x86_64-linux-gnu
Thread model: posix
gcc version 9.3.0 (Ubuntu 9.3.0-17ubuntu1~20.04) 
configure:2639: $? = 0
configure:2628: gcc -V >&5
gcc: error: unrecognized command line option '-V'
gcc: fatal error: no input files
compilation terminated.
configure:2639: $? = 1
configure:2628: gcc -qversion >&5
gcc: error: unrecognized command line option '-qversion'; did you mean '--version'?
gcc: fatal error: no input files
compilation terminated.
configure:2639: $? = 1
configure:2659: checking for C compiler default output file name
configure:2681: gcc -g -O2  -static-libstdc++ -static-libgcc  conftest.c  >&5
configure:2685: $? = 0
configure:2722: result: a.out
configure:2738: checking whether the C compiler works
configure:2747: ./a.out
configure:2751: $? = 0
configure:2766: result: yes
configure:2773: checking whether we are cross compiling
configure:2775: result: no
configure:2778: checking for suffix of executables
configure:2785: gcc -o conftest -g -O2  -static-libstdc++ -static-libgcc  conftest.c  >&5
configure:2789: $? = 0
configure:2811: result: 
configure:2817: checking for suffix of object files
configure:2864: result: o
configure:2868: checking whether we are using the GNU C compiler
configure:2896: result: yes
configure:2905: checking whether gcc accepts -g
configure:2966: result: yes
configure:2983: checking for gcc option to accept ISO C89
configure:3060: result: none needed
configure:3107: checking build system type
configure:3121: result: x86_64-unknown-linux-gnu
configure:3141: checking host system type
configure:3154: result: x86_64-unknown-linux-gnu
configure:3174: checking target system type
configure:3187: result: mips-harvard-os161
configure:3219: checking how to run the C preprocessor
configure:3289: result: gcc -E
configure:3309: gcc -E  conftest.c
configure:3309: $? = 0
configure:3323: gcc -E  conftest.c
conftest.c:9:10: fatal error: ac_nonexistent.h: No such file or directory
    9 | #include <ac_nonexistent.h>
      |          ^~~~~~~~~~~~~~~~~~
compilation terminated.
configure:3323: $? = 1
configure: failed program was:
| /* confdefs.h */
| #define PACKAGE_NAME ""
| #define PACKAGE_TARNAME ""
| #define PACKAGE_VERSION ""
| #define PACKAGE_STRING ""
| #define PACKAGE_BUGREPORT ""
| #define PACKAGE_URL ""
| /* end confdefs.h.  */
| #include <ac_nonexistent.h>
configure:3352: checking for grep that handles long lines and -e
configure:3410: result: /usr/bin/grep
configure:3415: checking for egrep
configure:3477: result: /usr/bin/grep -E
configure:3482: checking for ANSI C header files
configure:3586: result: yes
configure:3599: checking for sys/types.h
configure:3599: result: yes
configure:3599: checking for sys/stat.h
configure:3599: result: yes
configure:3599: checking for stdlib.h
configure:3599: result: yes
configure:3599: checking for string.h
configure:3599: result: yes
configure:3599: checking for memory.h
configure:3599: result: yes
configure:3599: checking for strings.h
configure:3599: result: yes
configure:3599: checking for inttypes.h
configure:3599: result: yes
configure:3599: checking for stdint.h
configure:3599: result: yes
configure:3599: checking for unistd.h
configure:3599: result: yes
configure:3613: checking for minix/config.h
configure:3613: result: no
configure:3634: checking whether it is safe to define __EXTENSIONS__
configure:3659: result: yes
configure:3697: checking for a BSD-compatible install
configure:3765: result: /usr/bin/install -c
configure:3833: checking how to print strings
configure:3860: result: printf
configure:3881: checking for a sed that does not truncate output
configure:3945: result: /usr/bin/sed
configure:3963: checking for fgrep
configure:4025: result: /usr/bin/grep -F
configure:4060: checking for ld used by gcc
configure:4127: result: ld
configure:4134: checking if the linker (ld) is GNU ld
configure:4149: result: yes
configure:4161: checking for BSD- or MS-compatible name lister (nm)
configure:4210: result: nm
configure:4340: checking the name lister (nm) interface
configure:4360: result: BSD nm
configure:4363: checking whether ln -s works
configure:4367: result: yes
configure:4375: checking the maximum length of command line arguments
configure:4500: result: 1572864
configure:4517: checking whether the shell understands some XSI constructs
configure:4526: result: yes
configure:4530: checking whether the shell understands "+="
configure:4534: result: yes
configure:4569: checking for ld option to reload object files
configure:4576: result: -r
configure:4605: checking for x86_64-unknown-linux-gnu-objdump
configure:4632: result: objdump
configure:4704: checking how to recognize dependent libraries
configure:4905: result: pass_all
configure:4925: checking for x86_64-unknown-linux-gnu-ar
configure:4952: result: ar
configure:5030: checking for x86_64-unknown-linux-gnu-strip
configure:5060: result: no
configure:5070: checking for strip
configure:5097: result: strip
configure:5129: checking for x86_64-unknown-linux-gnu-ranlib
configure:5156: result: ranlib
configure:5273: checking for gawk
configure:5300: result: mawk
configure:5340: checking command to parse nm output from gcc object
configure:5563: result: ok
configure:5658: gcc -c -g -O2  conftest.c >&5
configure:5661: $? = 0
configure:6411: checking for dlfcn.h
configure:6411: result: yes
configure:6447: checking for x86_64-unknown-linux-gnu-ranlib
configure:6474: result: ranlib
configure:6555: checking dependency style of gcc
configure:6640: result: gcc3
configure:6654: checking for make
configure:6681: result: make
configure:6721: checking whether NLS is requested
configure:6727: result: yes
configure:6733: checking for catalogs to be installed
configure:6765: result: 
configure:6785: checking for stdlib.h
configure:6785: result: yes
configure:6785: checking for string.h
configure:6785: result: yes
configure:6785: checking for strings.h
configure:6785: result: yes
configure:6785: checking for unistd.h
configure:6785: result: yes
configure:6785: checking for time.h
configure:6785: result: yes
configure:6799: checking for sys/time.h
configure:6799: result: yes
configure:6799: checking for sys/resource.h
configure:6799: result: yes
configure:6813: checking for fcntl.h
configure:6813: result: yes
configure:6813: checking for fpu_control.h
configure:6813: result: yes
configure:6827: checking for dlfcn.h
configure:6827: result: yes
configure:6827: checking for errno.h
configure:6827: result: yes
configure:6827: checking for sys/stat.h
configure:6827: result: yes
configure:6841: checking for getrusage
configure:6841: result: yes
configure:6841: checking for time
configure:6841: result: yes
configure:6841: checking for sigaction
configure:6841: result: yes
configure:6841: checking for __setfpucw
configure:6841: result: no
configure:6853: checking for bind in -lsocket
configure:6887: result: no
configure:6898: checking for gethostbyname in -lnsl
configure:6932: result: yes
configure:6958: checking for library containing zlibVersion
configure:7006: result: no
configure:7228: checking for objdir
configure:7243: result: .libs
configure:7514: checking if gcc supports -fno-rtti -fno-exceptions
configure:7549: result: no
configure:7569: checking for gcc option to produce PIC
configure:7855: result: -fPIC -DPIC
configure:7867: checking if gcc PIC flag -fPIC -DPIC works
configure:7902: result: yes
configure:7926: checking if gcc static flag -static works
configure:7954: result: yes
configure:7969: checking if gcc supports -c -o file.o
configure:8016: result: yes
configure:8024: checking if gcc supports -c -o file.o
configure:8071: result: yes
configure:8104: checking whether the gcc linker (ld -m elf_x86_64) supports shared libraries
configure:9175: result: yes
configure:9212: checking whether -lc should be explicitly linked in
configure:9255: result: no
configure:9420: checking dynamic linker characteristics
configure:10093: result: GNU/Linux ld.so
configure:10200: checking how to hardcode library paths into programs
configure:10225: result: immediate
configure:10319: checking for shl_load
configure:10319: result: no
configure:10323: checking for shl_load in -ldld
configure:10357: result: no
configure:10362: checking for dlopen
configure:10362: result: no
configure:10366: checking for dlopen in -ldl
configure:10400: result: yes
configure:10519: checking whether a program can dlopen itself
configure:10620: result: yes
configure:10625: checking whether a statically linked program can dlopen itself
configure:10726: result: no
configure:10765: checking whether stripping libraries is possible
configure:10770: result: yes
configure:10805: checking if libtool supports shared libraries
configure:10807: result: yes
configure:10810: checking whether to build shared libraries
configure:10831: result: yes
configure:10834: checking whether to build static libraries
configure:10838: result: yes
configure:10880: checking whether to enable maintainer-specific portions of Makefiles
configure:10889: result: no
configure:11078: checking return type of signal handlers
configure:11103: result: void
configure:11166: checking for stdlib.h
configure:11166: result: yes
configure:11166: checking for string.h
configure:11166: result: yes
configure:11166: checking for strings.h
configure:11166: result: yes
configure:11166: checking for time.h
configure:11166: result: yes
configure:11166: checking sys/times.h usability
configure:11166: gcc -c -g -O2  conftest.c >&5
configure:11166: $? = 0
configure:11166: result: yes
configure:11166: checking sys/times.h presence
configure:11166: gcc -E  conftest.c
configure:11166: $? = 0
configure:11166: result: yes
configure:11166: checking for sys/times.h
configure:11166: result: yes
configure:11166: checking for sys/stat.h
configure:11166: result: yes
configure:11166: checking sys/mman.h usability
configure:11166: gcc -c -g -O2  conftest.c >&5
configure:11166: $? = 0
configure:11166: result: yes
configure:11166: checking sys/mman.h presence
configure:11166: gcc -E  conftest.c
configure:11166: $? = 0
configure:11166: result: yes
configure:11166: checking for sys/mman.h
configure:11166: result: yes
configure:11180: checking for mmap
configure:11180: gcc -o conftest -g -O2  -static-libstdc++ -static-libgcc  conftest.c -lnsl  >&5
configure:11180: $? = 0
configure:11180: result: yes
configure:11180: checking for munmap
configure:11180: gcc -o conftest -g -O2  -static-libstdc++ -static-libgcc  conftest.c -lnsl  >&5
configure:11180: $? = 0
configure:11180: result: yes
configure:11180: checking for lstat
configure:11180: gcc -o conftest -g -O2  -static-libstdc++ -static-libgcc  conftest.c -lnsl  >&5
configure:11180: $? = 0
configure:11180: result: yes
configure:11180: checking for truncate
configure:11180: gcc -o conftest -g -O2  -static-libstdc++ -static-libgcc  conftest.c -lnsl  >&5
configure:11180: $? = 0
configure:11180: result: yes
configure:11180: checking for ftruncate
configure:11180: gcc -o conftest -g -O2  -static-libstdc++ -static-libgcc  conftest.c -lnsl  >&5
configure:11180: $? = 0
configure:11180: result: yes
configure:11180: checking for posix_fallocate
configure:11180: gcc -o conftest -g -O2  -static-libstdc++ -static-libgcc  conftest.c -lnsl  >&5
configure:11180: $? = 0
configure:11180: result: yes
configure:11190: checking for struct stat.st_dev
configure:11190: gcc -c -g -O2  conftest.c >&5
configure:11190: $? = 0
configure:11190: result: yes
configure:11205: checking for struct stat.st_ino
configure:11205: gcc -c -g -O2  conftest.c >&5
configure:11205: $? = 0
configure:11205: result: yes
configure:11220: checking for struct stat.st_mode
configure:11220: gcc -c -g -O2  conftest.c >&5
configure:11220: $? = 0
configure:11220: result: yes
configure:11235: checking for struct stat.st_nlink
configure:11235: gcc -c -g -O2  conftest.c >&5
configure:11235: $? = 0
configure:11235: result: yes
configure:11250: checking for struct stat.st_uid
configure:11250: gcc -c -g -O2  conftest.c >&5
configure:11250: $? = 0
configure:11250: result: yes
configure:11265: checking for struct stat.st_gid
configure:11265: gcc -c -g -O2  conftest.c >&5
configure:11265: $? = 0
configure:11265: result: yes
configure:11280: checking for struct stat.st_rdev
configure:11280: gcc -c -g -O2  conftest.c >&5
configure:11280: $? = 0
configure:11280: result: yes
configure:11295: checking for struct stat.st_size
configure:11295: gcc -c -g -O2  conftest.c >&5
configure:11295: $? = 0
configure:11295: result: yes
configure:11310: checking for struct stat.st_blksize
configure:11310: gcc -c -g -O2  conftest.c >&5
configure:11310: $? = 0
configure:11310: result: yes
configure:11325: checking for struct stat.st_blocks
configure:11325: gcc -c -g -O2  conftest.c >&5
configure:11325: $? = 0
configure:11325: result: yes
configure:11340: checking for struct stat.st_atime
configure:11340: gcc -c -g -O2  conftest.c >&5
configure:11340: $? = 0
configure:11340: result: yes
configure:11355: checking for struct stat.st_mtime
configure:11355: gcc -c -g -O2  conftest.c >&5
configure:11355: $? = 0
configure:11355: result: yes
configure:11370: checking for struct stat.st_ctime
configure:11370: gcc -c -g -O2  conftest.c >&5
configure:11370: $? = 0
configure:11370: result: yes
configure:11386: checking for socklen_t
configure:11386: gcc -c -g -O2  conftest.c >&5
configure:11386: $? = 0
configure:11386: gcc -c -g -O2  conftest.c >&5
conftest.c: In function 'main':
conftest.c:80:24: error: expected expression before ')' token
   80 | if (sizeof ((socklen_t)))
      |                        ^
configure:11386: $? = 1
configure: failed program was:
| /* confdefs.h */
| #define PACKAGE_NAME ""
| #define PACKAGE_TARNAME ""
| #define PACKAGE_VERSION ""
| #define PACKAGE_STRING ""
| #define PACKAGE_BUGREPORT ""
| #define PACKAGE_URL ""
| #define STDC_HEADERS 1
| #define HAVE_SYS_TYPES_H 1
| #define HAVE_SYS_STAT_H 1
| #define HAVE_STDLIB_H 1
| #define HAVE_STRING_H 1
| #define HAVE_MEMORY_H 1
| #define HAVE_STRINGS_H 1
| #define HAVE_INTTYPES_H 1
| #define HAVE_STDINT_H 1
| #define HAVE_UNISTD_H 1
| #define __EXTENSIONS__ 1
| #define _ALL_SOURCE 1
| #define _GNU_SOURCE 1
| #define _POSIX_PTHREAD_SEMANTICS 1
| #define _TANDEM_SOURCE 1
| #define HAVE_DLFCN_H 1
| #define PACKAGE "sim"
| #define ENABLE_NLS 1
| #define HAVE_STDLIB_H 1
| #define HAVE_STRING_H 1
| #define HAVE_STRINGS_H 1
| #define HAVE_UNISTD_H 1
| #define HAVE_TIME_H 1
| #define HAVE_SYS_TIME_H 1
| #define HAVE_SYS_RESOURCE_H 1
| #define HAVE_FCNTL_H 1
| #define HAVE_FPU_CONTROL_H 1
| #define HAVE_DLFCN_H 1
| #define HAVE_ERRNO_H 1
| #define HAVE_SYS_STAT_H 1
| #define HAVE_GETRUSAGE 1
| #define HAVE_TIME 1
| #define HAVE_SIGACTION 1
| #define HAVE_LIBNSL 1
| #define LT_OBJDIR ".libs/"
| #define PKGVERSION "(GDB) "
| #define REPORT_BUGS_TO "<http://www.gnu.org/software/gdb/bugs/>"
| #define RETSIGTYPE void
| #define HAVE_STDLIB_H 1
| #define HAVE_STRING_H 1
| #define HAVE_STRINGS_H 1
| #define HAVE_TIME_H 1
| #define HAVE_SYS_TIMES_H 1
| #define HAVE_SYS_STAT_H 1
| #define HAVE_SYS_MMAN_H 1
| #define HAVE_MMAP 1
| #define HAVE_MUNMAP 1
| #define HAVE_LSTAT 1
| #define HAVE_TRUNCATE 1
| #define HAVE_FTRUNCATE 1
| #define HAVE_POSIX_FALLOCATE 1
| #define HAVE_STRUCT_STAT_ST_DEV 1
| #define HAVE_STRUCT_STAT_ST_INO 1
| #define HAVE_STRUCT_STAT_ST_MODE 1
| #define HAVE_STRUCT_STAT_ST_NLINK 1
| #define HAVE_STRUCT_STAT_ST_UID 1
| #define HAVE_STRUCT_STAT_ST_GID 1
| #define HAVE_STRUCT_STAT_ST_RDEV 1
| #define HAVE_STRUCT_STAT_ST_SIZE 1
| #define HAVE_STRUCT_STAT_ST_BLKSIZE 1
| #define HAVE_STRUCT_STAT_ST_BLOCKS 1
| #define HAVE_STRUCT_STAT_ST_ATIME 1
| #define HAVE_STRUCT_STAT_ST_MTIME 1
| #define HAVE_STRUCT_STAT_ST_CTIME 1
| /* end confdefs.h.  */
| #include <sys/types.h>
| #include <sys/socket.h>
| 
| 
| int
| main ()
| {
| if (sizeof ((socklen_t)))
| 	    return 0;
|   ;
|   return 0;
| }
configure:11386: result: yes
configure:11461: updating cache .././config.cache
configure:11510: creating ./config.status

## ---------------------- ##
## Running config.status. ##
## ---------------------- ##

This file was extended by config.status, which was
generated by GNU Autoconf 2.64.  Invocation command line was

  CONFIG_FILES    = 
  CONFIG_HEADERS  = 
  CONFIG_LINKS    = 
  CONFIG_COMMANDS = 
  $ ./config.status 

on os161user-VirtualBox

config.status:1145: creating Makefile
config.status:1145: creating cconfig.h
config.status:1325: executing depdir commands
config.status:1325: executing libtool commands
config.status:1325: executing default commands

## ---------------- ##
## Cache variables. ##
## ---------------- ##

ac_cv_build=x86_64-unknown-linux-gnu
ac_cv_c_bigendian=no
ac_cv_c_compiler_gnu=yes
ac_cv_env_CC_set=set
ac_cv_env_CC_value=gcc
ac_cv_env_CFLAGS_set=set
ac_cv_env_CFLAGS_value='-g -O2'
ac_cv_env_CPPFLAGS_set=
ac_cv_env_CPPFLAGS_value=
ac_cv_env_CPP_set=
ac_cv_env_CPP_value=
ac_cv_env_LDFLAGS_set=set
ac_cv_env_LDFLAGS_value='-static-libstdc++ -static-libgcc '
ac_cv_env_LIBS_set=
ac_cv_env_LIBS_value=
ac_cv_env_XMKMF_set=
ac_cv_env_XMKMF_value=
ac_cv_env_build_alias_set=set
ac_cv_env_build_alias_value=x86_64-unknown-linux-gnu
ac_cv_env_host_alias_set=set
ac_cv_env_host_alias_value=x86_64-unknown-linux-gnu
ac_cv_env_target_alias_set=set
ac_cv_env_target_alias_value=mips-harvard-os161
ac_cv_func___setfpucw=no
ac_cv_func_aint=no
ac_cv_func_anint=no
ac_cv_func_dlopen=no
ac_cv_func_ftruncate=yes
ac_cv_func_getrusage=yes
ac_cv_func_lstat=yes
ac_cv_func_mmap=yes
ac_cv_func_munmap=yes
ac_cv_func_posix_fallocate=yes
ac_cv_func_shl_load=no
ac_cv_func_sigaction=yes
ac_cv_func_sqrt=yes
ac_cv_func_time=yes
ac_cv_func_truncate=yes
ac_cv_have_x=have_x=no
ac_cv_header_dlfcn_h=yes
ac_cv_header_errno_h=yes
ac_cv_header_fcntl_h=yes
ac_cv_header_fpu_control_h=yes
ac_cv_header_inttypes_h=yes
ac_cv_header_memory_h=yes
ac_cv_header_minix_config_h=no
ac_cv_header_stdc=yes
ac_cv_header_stdint_h=yes
ac_cv_header_stdlib_h=yes
ac_cv_header_string_h=yes
ac_cv_header_strings_h=yes
ac_cv_header_sys_mman_h=yes
ac_cv_header_sys_resource_h=yes
ac_cv_header_sys_stat_h=yes
ac_cv_header_sys_time_h=yes
ac_cv_header_sys_times_h=yes
ac_cv_header_sys_types_h=yes
ac_cv_header_time_h=yes
ac_cv_header_unistd_h=yes
ac_cv_host=x86_64-unknown-linux-gnu
ac_cv_lib_dl_dlopen=yes
ac_cv_lib_dld_shl_load=no
ac_cv_lib_m_fabs=yes
ac_cv_lib_nsl_gethostbyname=yes
ac_cv_lib_socket_bind=no
ac_cv_member_struct_stat_st_atime=yes
ac_cv_member_struct_stat_st_blksize=yes
ac_cv_member_struct_stat_st_blocks=yes
ac_cv_member_struct_stat_st_ctime=yes
ac_cv_member_struct_stat_st_dev=yes
ac_cv_member_struct_stat_st_gid=yes
ac_cv_member_struct_stat_st_ino=yes
ac_cv_member_struct_stat_st_mode=yes
ac_cv_member_struct_stat_st_mtime=yes
ac_cv_member_struct_stat_st_nlink=yes
ac_cv_member_struct_stat_st_rdev=yes
ac_cv_member_struct_stat_st_size=yes
ac_cv_member_struct_stat_st_uid=yes
ac_cv_objext=o
ac_cv_path_EGREP='/usr/bin/grep -E'
ac_cv_path_FGREP='/usr/bin/grep -F'
ac_cv_path_GREP=/usr/bin/grep
ac_cv_path_SED=/usr/bin/sed
ac_cv_prog_AR=ar
ac_cv_prog_AWK=mawk
ac_cv_prog_CC=gcc
ac_cv_prog_CPP='gcc -E'
ac_cv_prog_MAKE=make
ac_cv_prog_OBJDUMP=objdump
ac_cv_prog_RANLIB=ranlib
ac_cv_prog_ac_ct_STRIP=strip
ac_cv_prog_cc_c89=
ac_cv_prog_cc_g=yes
ac_cv_safe_to_define___extensions__=yes
ac_cv_search_zlibVersion=no
ac_cv_target=mips-harvard-os161
ac_cv_type_signal=void
ac_cv_type_socklen_t=yes
am_cv_CC_dependencies_compiler_type=gcc3
lt_cv_archive_cmds_need_lc=no
lt_cv_deplibs_check_method=pass_all
lt_cv_dlopen=dlopen
lt_cv_dlopen_libs=-ldl
lt_cv_dlopen_self=yes
lt_cv_dlopen_self_static=no
lt_cv_file_magic_cmd='$MAGIC_CMD'
lt_cv_file_magic_test_file=
lt_cv_ld_reload_flag=-r
lt_cv_nm_interface='BSD nm'
lt_cv_objdir=.libs
lt_cv_path_LD=ld
lt_cv_path_NM=nm
lt_cv_prog_compiler_c_o=yes
lt_cv_prog_compiler_pic_works=yes
lt_cv_prog_compiler_rtti_exceptions=no
lt_cv_prog_compiler_static_works=yes
lt_cv_prog_gnu_ld=yes
lt_cv_shlibpath_overrides_runpath=yes
lt_cv_sys_global_symbol_pipe='sed -n -e '\''s/^.*[	 ]\([ABCDGIRSTW][ABCDGIRSTW]*\)[	 ][	 ]*\([_A-Za-z][_A-Za-z0-9]*\)$/\1 \2 \2/p'\'''
lt_cv_sys_global_symbol_to_c_name_address='sed -n -e '\''s/^: \([^ ]*\) $/  {\"\1\", (void *) 0},/p'\'' -e '\''s/^[ABCDGIRSTW]* \([^ ]*\) \([^ ]*\)$/  {"\2", (void *) \&\2},/p'\'''
lt_cv_sys_global_symbol_to_c_name_address_lib_prefix='sed -n -e '\''s/^: \([^ ]*\) $/  {\"\1\", (void *) 0},/p'\'' -e '\''s/^[ABCDGIRSTW]* \([^ ]*\) \(lib[^ ]*\)$/  {"\2", (void *) \&\2},/p'\'' -e '\''s/^[ABCDGIRSTW]* \([^ ]*\) \([^ ]*\)$/  {"lib\2", (void *) \&\2},/p'\'''
lt_cv_sys_global_symbol_to_cdecl='sed -n -e '\''s/^T .* \(.*\)$/extern int \1();/p'\'' -e '\''s/^[ABCDGIRSTW]* .* \(.*\)$/extern char \1;/p'\'''
lt_cv_sys_max_cmd_len=1572864

## ----------------- ##
## Output variables. ##
## ----------------- ##

AR='ar'
AWK='mawk'
CATALOGS=''
CATOBJEXT='.gmo'
CC='gcc'
CCDEPMODE='depmode=gcc3'
CC_FOR_BUILD='$(CC)'
CFLAGS='-g -O2'
CPP='gcc -E'
CPPFLAGS=''
CPP_FOR_TARGET='`   if test -f $${rootme}/../../gcc/Makefile ; then     if test -f $${rootme}/../../$(TARGET_SUBDIR)/newlib/Makefile ; then       echo $${rootme}/../../gcc/xgcc -B$${rootme}/../../gcc/ -idirafter $${rootme}/../../$(TARGET_SUBDIR)/newlib/targ-include -idirafter $(srcroot)/newlib/libc/include -nostdinc;     else       echo $${rootme}/../../gcc/xgcc -B$${rootme}/../../gcc/;     fi;   else     if test '\''$(host_canonical)'\'' = '\''$(target_canonical)'\'' ; then       echo $(CC);     else       t='\''$(program_transform_name)'\''; echo gcc | sed -e '\''s/x/x/'\'' $$t;     fi;   fi` -E'
DATADIRNAME='share'
DEFS='-DHAVE_CONFIG_H'
DEPDIR='.deps'
DSYMUTIL=''
DUMPBIN=''
ECHO_C=''
ECHO_N='-n'
ECHO_T=''
EGREP='/usr/bin/grep -E'
EXEEXT=''
FGREP='/usr/bin/grep -F'
GENCAT='gencat'
GMAKE_FALSE='#'
GMAKE_TRUE=''
GMSGFMT=':'
GREP='/usr/bin/grep'
HDEFINES=''
INCINTL=''
INSTALL_DATA='/usr/bin/install -c -m 644'
INSTALL_PROGRAM='/usr/bin/install -c'
INSTALL_SCRIPT='/usr/bin/install -c'
INSTOBJEXT='.mo'
LD='ld -m elf_x86_64'
LDFLAGS='-static-libstdc++ -static-libgcc '
LIBINTL=''
LIBINTL_DEP=''
LIBOBJS=''
LIBS='-lnsl '
LIBTOOL='$(SHELL) $(top_builddir)/libtool'
LIPO=''
LN_S='ln -s'
LTLIBOBJS=''
MAINT='#'
MAINTAINER_MODE_FALSE=''
MAINTAINER_MODE_TRUE='#'
MAKE='make'
NM='nm'
NMEDIT=''
OBJDUMP='objdump'
OBJEXT='o'
OTOOL64=''
OTOOL=''
PACKAGE='sim'
PACKAGE_BUGREPORT=''
PACKAGE_NAME=''
PACKAGE_STRING=''
PACKAGE_TARNAME=''
PACKAGE_URL=''
PACKAGE_VERSION=''
PATH_SEPARATOR=':'
PKGVERSION='(GDB) '
PLUGINS_FALSE=''
PLUGINS_TRUE='#'
POSUB='po'
RANLIB='ranlib'
REPORT_BUGS_TEXI='@uref{http://www.gnu.org/software/gdb/bugs/}'
REPORT_BUGS_TO='<http://www.gnu.org/software/gdb/bugs/>'
SED='/usr/bin/sed'
SHELL='/bin/bash'
STRIP='strip'
TARGET_SUBDIR='mips-harvard-os161'
USE_NLS='yes'
WARN_CFLAGS=''
WERROR_CFLAGS=''
XGETTEXT=':'
ac_ct_CC=''
ac_ct_DUMPBIN=''
am__leading_dot='.'
bindir='${exec_prefix}/bin'
build='x86_64-unknown-linux-gnu'
build_alias='x86_64-unknown-linux-gnu'
build_cpu='x86_64'
build_os='linux-gnu'
build_vendor='unknown'
datadir='${datarootdir}'
datarootdir='${prefix}/share'
docdir='${datarootdir}/doc/${PACKAGE}'
dvidir='${docdir}'
exec_prefix='${prefix}'
host='x86_64-unknown-linux-gnu'
host_alias='x86_64-unknown-linux-gnu'
host_cpu='x86_64'
host_os='linux-gnu'
host_vendor='unknown'
htmldir='${docdir}'
includedir='${prefix}/include'
infodir='${datarootdir}/info'
libdir='${exec_prefix}/lib'
libexecdir='${exec_prefix}/libexec'
localedir='${datarootdir}/locale'
localstatedir='${prefix}/var'
lt_cv_dlopen_libs='-ldl'
mandir='${datarootdir}/man'
oldincludedir='/usr/include'
pdfdir='${docdir}'
prefix='/home/os161user/os161/tools'
program_transform_name='s&^&mips-harvard-os161-&'
psdir='${docdir}'
sbindir='${exec_prefix}/sbin'
sharedstatedir='${prefix}/com'
sim_alignment=''
sim_assert=''
sim_bitsize=''
sim_bswap=''
sim_cflags=''
sim_debug=''
sim_default_model=''
sim_endian=''
sim_environment=''
sim_float=''
sim_hostendian=''
sim_hw=''
sim_hw_cflags=''
sim_hw_objs=''
sim_inline=''
sim_packages=''
sim_profile='-DPROFILE=1 -DWITH_PROFILE=-1'
sim_regparm=''
sim_reserved_bits=''
sim_scache=''
sim_smp=''
sim_stdcall=''
sim_stdio=''
sim_trace=''
sim_xor_endian=''
sysconfdir='${prefix}/etc'
target='mips-harvard-os161'
target_alias='mips-harvard-os161'
target_cpu='mips'
target_os='os161'
target_vendor='harvard'

## ----------- ##
## confdefs.h. ##
## ----------- ##

/* confdefs.h */
#define PACKAGE_NAME ""
#define PACKAGE_TARNAME ""
#define PACKAGE_VERSION ""
#define PACKAGE_STRING ""
#define PACKAGE_BUGREPORT ""
#define PACKAGE_URL ""
#define STDC_HEADERS 1
#define HAVE_SYS_TYPES_H 1
#define HAVE_SYS_STAT_H 1
#define HAVE_STDLIB_H 1
#define HAVE_STRING_H 1
#define HAVE_MEMORY_H 1
#define HAVE_STRINGS_H 1
#define HAVE_INTTYPES_H 1
#define HAVE_STDINT_H 1
#define HAVE_UNISTD_H 1
#define __EXTENSIONS__ 1
#define _ALL_SOURCE 1
#define _GNU_SOURCE 1
#define _POSIX_PTHREAD_SEMANTICS 1
#define _TANDEM_SOURCE 1
#define HAVE_DLFCN_H 1
#define PACKAGE "sim"
#define ENABLE_NLS 1
#define HAVE_STDLIB_H 1
#define HAVE_STRING_H 1
#define HAVE_STRINGS_H 1
#define HAVE_UNISTD_H 1
#define HAVE_TIME_H 1
#define HAVE_SYS_TIME_H 1
#define HAVE_SYS_RESOURCE_H 1
#define HAVE_FCNTL_H 1
#define HAVE_FPU_CONTROL_H 1
#define HAVE_DLFCN_H 1
#define HAVE_ERRNO_H 1
#define HAVE_SYS_STAT_H 1
#define HAVE_GETRUSAGE 1
#define HAVE_TIME 1
#define HAVE_SIGACTION 1
#define HAVE_LIBNSL 1
#define LT_OBJDIR ".libs/"
#define PKGVERSION "(GDB) "
#define REPORT_BUGS_TO "<http://www.gnu.org/software/gdb/bugs/>"
#define RETSIGTYPE void
#define HAVE_STDLIB_H 1
#define HAVE_STRING_H 1
#define HAVE_STRINGS_H 1
#define HAVE_TIME_H 1
#define HAVE_SYS_TIMES_H 1
#define HAVE_SYS_STAT_H 1
#define HAVE_SYS_MMAN_H 1
#define HAVE_MMAP 1
#define HAVE_MUNMAP 1
#define HAVE_LSTAT 1
#define HAVE_TRUNCATE 1
#define HAVE_FTRUNCATE 1
#define HAVE_POSIX_FALLOCATE 1
#define HAVE_STRUCT_STAT_ST_DEV 1
#define HAVE_STRUCT_STAT_ST_INO 1
#define HAVE_STRUCT_STAT_ST_MODE 1
#define HAVE_STRUCT_STAT_ST_NLINK 1
#define HAVE_STRUCT_STAT_ST_UID 1
#define HAVE_STRUCT_STAT_ST_GID 1
#define HAVE_STRUCT_STAT_ST_RDEV 1
#define HAVE_STRUCT_STAT_ST_SIZE 1
#define HAVE_STRUCT_STAT_ST_BLKSIZE 1
#define HAVE_STRUCT_STAT_ST_BLOCKS 1
#define HAVE_STRUCT_STAT_ST_ATIME 1
#define HAVE_STRUCT_STAT_ST_MTIME 1
#define HAVE_STRUCT_STAT_ST_CTIME 1
#define HAVE_SOCKLEN_T 1

configure: exit 0
